2018-11-13 21:37:50 [main:0] - [INFO]  MLog clients using log4j logging.
2018-11-13 21:37:50 [main:200] - [INFO]  Initializing c3p0-0.9.1 [built 16-January-2007 14:46:42; debug? true; trace: 10]
2018-11-13 21:37:50 [main:220] - [DEBUG]  MBean: com.mchange.v2.c3p0:type=PooledDataSource[1hge1fb9z3orwgm9ejq98|5173200b] registered.
2018-11-13 21:37:51 [main:891] - [DEBUG]  Logging Provider: org.jboss.logging.Log4jLoggerProvider
2018-11-13 21:37:51 [main:891] - [INFO]  HV000001: Hibernate Validator 6.0.10.Final
2018-11-13 21:37:51 [main:911] - [DEBUG]  Cannot find javax.persistence.Persistence on classpath. Assuming non JPA 2 environment. All properties will per default be traversable.
2018-11-13 21:37:53 [main:2724] - [INFO]  缓存里面没有
2018-11-13 21:37:53 [main:2781] - [DEBUG]  incremented pending_acquires: 1
2018-11-13 21:37:53 [main:2781] - [DEBUG]  incremented pending_acquires: 2
2018-11-13 21:37:53 [main:2781] - [DEBUG]  incremented pending_acquires: 3
2018-11-13 21:37:53 [main:2781] - [DEBUG]  com.mchange.v2.resourcepool.BasicResourcePool@4745e9c config: [start -> 3; min -> 3; max -> 15; inc -> 3; num_acq_attempts -> 30; acq_attempt_delay -> 1000; check_idle_resources_delay -> 0; mox_resource_age -> 0; max_idle_time -> 0; excess_max_idle_time -> 0; destroy_unreturned_resc_time -> 0; expiration_enforcement_delay -> 0; break_on_acquisition_failure -> false; debug_store_checkout_exceptions -> false]
2018-11-13 21:37:53 [main:2782] - [INFO]  Initializing c3p0 pool... com.mchange.v2.c3p0.ComboPooledDataSource [ acquireIncrement -> 3, acquireRetryAttempts -> 30, acquireRetryDelay -> 1000, autoCommitOnClose -> false, automaticTestTable -> null, breakAfterAcquireFailure -> false, checkoutTimeout -> 0, connectionCustomizerClassName -> null, connectionTesterClassName -> com.mchange.v2.c3p0.impl.DefaultConnectionTester, dataSourceName -> 1hge1fb9z3orwgm9ejq98|5173200b, debugUnreturnedConnectionStackTraces -> false, description -> null, driverClass -> com.mysql.jdbc.Driver, factoryClassLocation -> null, forceIgnoreUnresolvedTransactions -> false, identityToken -> 1hge1fb9z3orwgm9ejq98|5173200b, idleConnectionTestPeriod -> 0, initialPoolSize -> 3, jdbcUrl -> jdbc:mysql://localhost:3306/task4?characterEncoding=utf8, lastAcquisitionFailureDefaultUser -> null, maxAdministrativeTaskTime -> 0, maxConnectionAge -> 0, maxIdleTime -> 0, maxIdleTimeExcessConnections -> 0, maxPoolSize -> 15, maxStatements -> 0, maxStatementsPerConnection -> 0, minPoolSize -> 3, numHelperThreads -> 3, numThreadsAwaitingCheckoutDefaultUser -> 0, preferredTestQuery -> null, properties -> {user=******, password=******}, propertyCycle -> 0, testConnectionOnCheckin -> false, testConnectionOnCheckout -> false, unreturnedConnectionTimeout -> 0, usesTraditionalReflectiveProxies -> false ]
2018-11-13 21:37:53 [main:2782] - [DEBUG]  acquire test -- pool size: 0; target_pool_size: 3; desired target? 1
2018-11-13 21:37:53 [main:2782] - [DEBUG]  awaitAvailable(): [unknown]
2018-11-13 21:37:53 [main:2782] - [DEBUG]  trace com.mchange.v2.resourcepool.BasicResourcePool@4745e9c [managed: 0, unused: 0, excluded: 0]
2018-11-13 21:37:53 [com.mchange.v2.async.ThreadPoolAsynchronousRunner$PoolThread-#2:3024] - [DEBUG]  com.mchange.v2.c3p0.impl.C3P0PooledConnectionPool$1PooledConnectionResourcePoolManager@3f1c10f4.acquireResource() returning. 
2018-11-13 21:37:53 [com.mchange.v2.async.ThreadPoolAsynchronousRunner$PoolThread-#1:3034] - [DEBUG]  com.mchange.v2.c3p0.impl.C3P0PooledConnectionPool$1PooledConnectionResourcePoolManager@3f1c10f4.acquireResource() returning. 
2018-11-13 21:37:53 [com.mchange.v2.async.ThreadPoolAsynchronousRunner$PoolThread-#0:3034] - [DEBUG]  com.mchange.v2.c3p0.impl.C3P0PooledConnectionPool$1PooledConnectionResourcePoolManager@3f1c10f4.acquireResource() returning. 
2018-11-13 21:37:53 [com.mchange.v2.async.ThreadPoolAsynchronousRunner$PoolThread-#2:3034] - [DEBUG]  trace com.mchange.v2.resourcepool.BasicResourcePool@4745e9c [managed: 1, unused: 1, excluded: 0]
2018-11-13 21:37:53 [com.mchange.v2.async.ThreadPoolAsynchronousRunner$PoolThread-#2:3034] - [DEBUG]  decremented pending_acquires: 2
2018-11-13 21:37:53 [com.mchange.v2.async.ThreadPoolAsynchronousRunner$PoolThread-#0:3034] - [DEBUG]  trace com.mchange.v2.resourcepool.BasicResourcePool@4745e9c [managed: 2, unused: 1, excluded: 0] (e.g. com.mchange.v2.c3p0.impl.NewPooledConnection@70afb06d)
2018-11-13 21:37:53 [com.mchange.v2.async.ThreadPoolAsynchronousRunner$PoolThread-#1:3034] - [DEBUG]  trace com.mchange.v2.resourcepool.BasicResourcePool@4745e9c [managed: 3, unused: 2, excluded: 0] (e.g. com.mchange.v2.c3p0.impl.NewPooledConnection@70afb06d)
2018-11-13 21:37:53 [com.mchange.v2.async.ThreadPoolAsynchronousRunner$PoolThread-#1:3034] - [DEBUG]  decremented pending_acquires: 1
2018-11-13 21:37:53 [com.mchange.v2.async.ThreadPoolAsynchronousRunner$PoolThread-#0:3034] - [DEBUG]  decremented pending_acquires: 0
2018-11-13 21:37:53 [main:3034] - [DEBUG]  trace com.mchange.v2.resourcepool.BasicResourcePool@4745e9c [managed: 3, unused: 2, excluded: 0] (e.g. com.mchange.v2.c3p0.impl.NewPooledConnection@70afb06d)
2018-11-13 21:37:53 [main:3064] - [DEBUG]  trace com.mchange.v2.resourcepool.BasicResourcePool@4745e9c [managed: 3, unused: 2, excluded: 0] (e.g. com.mchange.v2.c3p0.impl.NewPooledConnection@70afb06d)
2018-11-13 21:37:53 [main:3064] - [INFO]  数据库里面取出来的为空
2018-11-13 21:38:10 [main:0] - [INFO]  MLog clients using log4j logging.
2018-11-13 21:38:11 [main:228] - [INFO]  Initializing c3p0-0.9.1 [built 16-January-2007 14:46:42; debug? true; trace: 10]
2018-11-13 21:38:11 [main:248] - [DEBUG]  MBean: com.mchange.v2.c3p0:type=PooledDataSource[1hge1fb9z3oscbuvc6j|77128536] registered.
2018-11-13 21:38:11 [main:658] - [DEBUG]  Logging Provider: org.jboss.logging.Log4jLoggerProvider
2018-11-13 21:38:11 [main:658] - [INFO]  HV000001: Hibernate Validator 6.0.10.Final
2018-11-13 21:38:11 [main:658] - [DEBUG]  Cannot find javax.persistence.Persistence on classpath. Assuming non JPA 2 environment. All properties will per default be traversable.
2018-11-13 21:38:11 [main:1019] - [INFO]  缓存里面有
2018-11-13 21:38:11 [Thread-4:1027] - [INFO]  缓存里面有
2018-11-13 21:38:11 [Thread-5:1028] - [INFO]  缓存里面有
2018-11-13 21:38:24 [main:0] - [INFO]  MLog clients using log4j logging.
2018-11-13 21:38:24 [main:209] - [INFO]  Initializing c3p0-0.9.1 [built 16-January-2007 14:46:42; debug? true; trace: 10]
2018-11-13 21:38:24 [main:223] - [DEBUG]  MBean: com.mchange.v2.c3p0:type=PooledDataSource[1hge1fb9z3osmu913vz7zx|77128536] registered.
2018-11-13 21:38:25 [main:650] - [DEBUG]  Logging Provider: org.jboss.logging.Log4jLoggerProvider
2018-11-13 21:38:25 [main:650] - [INFO]  HV000001: Hibernate Validator 6.0.10.Final
2018-11-13 21:38:25 [main:656] - [DEBUG]  Cannot find javax.persistence.Persistence on classpath. Assuming non JPA 2 environment. All properties will per default be traversable.
2018-11-13 21:38:25 [main:1038] - [INFO]  缓存里面有
2018-11-13 21:38:25 [Thread-4:1050] - [INFO]  缓存里面有
2018-11-13 21:38:25 [Thread-5:1051] - [INFO]  缓存里面有
2018-11-13 21:38:55 [main:0] - [INFO]  MLog clients using log4j logging.
2018-11-13 21:38:55 [main:222] - [INFO]  Initializing c3p0-0.9.1 [built 16-January-2007 14:46:42; debug? true; trace: 10]
2018-11-13 21:38:55 [main:250] - [DEBUG]  MBean: com.mchange.v2.c3p0:type=PooledDataSource[1hge1fb9z3otam82a8j5s|77128536] registered.
2018-11-13 21:38:56 [main:738] - [DEBUG]  Logging Provider: org.jboss.logging.Log4jLoggerProvider
2018-11-13 21:38:56 [main:738] - [INFO]  HV000001: Hibernate Validator 6.0.10.Final
2018-11-13 21:38:56 [main:741] - [DEBUG]  Cannot find javax.persistence.Persistence on classpath. Assuming non JPA 2 environment. All properties will per default be traversable.
2018-11-13 21:39:47 [main:0] - [INFO]  MLog clients using log4j logging.
2018-11-13 21:39:47 [main:235] - [INFO]  Initializing c3p0-0.9.1 [built 16-January-2007 14:46:42; debug? true; trace: 10]
2018-11-13 21:39:47 [main:243] - [DEBUG]  MBean: com.mchange.v2.c3p0:type=PooledDataSource[1hge1fb9z3ouemheyrkc9|77128536] registered.
2018-11-13 21:39:47 [main:692] - [DEBUG]  Logging Provider: org.jboss.logging.Log4jLoggerProvider
2018-11-13 21:39:47 [main:692] - [INFO]  HV000001: Hibernate Validator 6.0.10.Final
2018-11-13 21:39:47 [main:698] - [DEBUG]  Cannot find javax.persistence.Persistence on classpath. Assuming non JPA 2 environment. All properties will per default be traversable.
2018-11-13 21:39:48 [main:1041] - [INFO]  缓存里面没有
2018-11-13 21:39:48 [main:1101] - [DEBUG]  incremented pending_acquires: 1
2018-11-13 21:39:48 [main:1101] - [DEBUG]  incremented pending_acquires: 2
2018-11-13 21:39:48 [main:1101] - [DEBUG]  incremented pending_acquires: 3
2018-11-13 21:39:48 [main:1101] - [DEBUG]  com.mchange.v2.resourcepool.BasicResourcePool@2c22a348 config: [start -> 3; min -> 3; max -> 15; inc -> 3; num_acq_attempts -> 30; acq_attempt_delay -> 1000; check_idle_resources_delay -> 0; mox_resource_age -> 0; max_idle_time -> 0; excess_max_idle_time -> 0; destroy_unreturned_resc_time -> 0; expiration_enforcement_delay -> 0; break_on_acquisition_failure -> false; debug_store_checkout_exceptions -> false]
2018-11-13 21:39:48 [main:1101] - [INFO]  Initializing c3p0 pool... com.mchange.v2.c3p0.ComboPooledDataSource [ acquireIncrement -> 3, acquireRetryAttempts -> 30, acquireRetryDelay -> 1000, autoCommitOnClose -> false, automaticTestTable -> null, breakAfterAcquireFailure -> false, checkoutTimeout -> 0, connectionCustomizerClassName -> null, connectionTesterClassName -> com.mchange.v2.c3p0.impl.DefaultConnectionTester, dataSourceName -> 1hge1fb9z3ouemheyrkc9|77128536, debugUnreturnedConnectionStackTraces -> false, description -> null, driverClass -> com.mysql.jdbc.Driver, factoryClassLocation -> null, forceIgnoreUnresolvedTransactions -> false, identityToken -> 1hge1fb9z3ouemheyrkc9|77128536, idleConnectionTestPeriod -> 0, initialPoolSize -> 3, jdbcUrl -> jdbc:mysql://localhost:3306/task4?characterEncoding=utf8, lastAcquisitionFailureDefaultUser -> null, maxAdministrativeTaskTime -> 0, maxConnectionAge -> 0, maxIdleTime -> 0, maxIdleTimeExcessConnections -> 0, maxPoolSize -> 15, maxStatements -> 0, maxStatementsPerConnection -> 0, minPoolSize -> 3, numHelperThreads -> 3, numThreadsAwaitingCheckoutDefaultUser -> 0, preferredTestQuery -> null, properties -> {user=******, password=******}, propertyCycle -> 0, testConnectionOnCheckin -> false, testConnectionOnCheckout -> false, unreturnedConnectionTimeout -> 0, usesTraditionalReflectiveProxies -> false ]
2018-11-13 21:39:48 [main:1101] - [DEBUG]  acquire test -- pool size: 0; target_pool_size: 3; desired target? 1
2018-11-13 21:39:48 [main:1101] - [DEBUG]  awaitAvailable(): [unknown]
2018-11-13 21:39:48 [main:1101] - [DEBUG]  trace com.mchange.v2.resourcepool.BasicResourcePool@2c22a348 [managed: 0, unused: 0, excluded: 0]
2018-11-13 21:39:48 [com.mchange.v2.async.ThreadPoolAsynchronousRunner$PoolThread-#0:1442] - [DEBUG]  com.mchange.v2.c3p0.impl.C3P0PooledConnectionPool$1PooledConnectionResourcePoolManager@51c601c1.acquireResource() returning. 
2018-11-13 21:39:48 [com.mchange.v2.async.ThreadPoolAsynchronousRunner$PoolThread-#0:1443] - [DEBUG]  trace com.mchange.v2.resourcepool.BasicResourcePool@2c22a348 [managed: 1, unused: 1, excluded: 0]
2018-11-13 21:39:48 [com.mchange.v2.async.ThreadPoolAsynchronousRunner$PoolThread-#0:1443] - [DEBUG]  decremented pending_acquires: 2
2018-11-13 21:39:48 [com.mchange.v2.async.ThreadPoolAsynchronousRunner$PoolThread-#1:1444] - [DEBUG]  com.mchange.v2.c3p0.impl.C3P0PooledConnectionPool$1PooledConnectionResourcePoolManager@51c601c1.acquireResource() returning. 
2018-11-13 21:39:48 [com.mchange.v2.async.ThreadPoolAsynchronousRunner$PoolThread-#1:1445] - [DEBUG]  trace com.mchange.v2.resourcepool.BasicResourcePool@2c22a348 [managed: 2, unused: 2, excluded: 0] (e.g. com.mchange.v2.c3p0.impl.NewPooledConnection@56f550f2)
2018-11-13 21:39:48 [com.mchange.v2.async.ThreadPoolAsynchronousRunner$PoolThread-#1:1445] - [DEBUG]  decremented pending_acquires: 1
2018-11-13 21:39:48 [main:1445] - [DEBUG]  trace com.mchange.v2.resourcepool.BasicResourcePool@2c22a348 [managed: 2, unused: 1, excluded: 0] (e.g. com.mchange.v2.c3p0.impl.NewPooledConnection@56f550f2)
2018-11-13 21:39:48 [com.mchange.v2.async.ThreadPoolAsynchronousRunner$PoolThread-#2:1456] - [DEBUG]  com.mchange.v2.c3p0.impl.C3P0PooledConnectionPool$1PooledConnectionResourcePoolManager@51c601c1.acquireResource() returning. 
2018-11-13 21:39:48 [com.mchange.v2.async.ThreadPoolAsynchronousRunner$PoolThread-#2:1456] - [DEBUG]  trace com.mchange.v2.resourcepool.BasicResourcePool@2c22a348 [managed: 3, unused: 2, excluded: 0] (e.g. com.mchange.v2.c3p0.impl.NewPooledConnection@56f550f2)
2018-11-13 21:39:48 [com.mchange.v2.async.ThreadPoolAsynchronousRunner$PoolThread-#2:1456] - [DEBUG]  decremented pending_acquires: 0
2018-11-13 21:39:48 [main:1479] - [DEBUG]  trace com.mchange.v2.resourcepool.BasicResourcePool@2c22a348 [managed: 3, unused: 2, excluded: 0] (e.g. com.mchange.v2.c3p0.impl.NewPooledConnection@56f550f2)
2018-11-13 21:39:48 [main:1480] - [INFO]  数据库里面取出来的为空
2018-11-13 21:40:01 [main:0] - [INFO]  MLog clients using log4j logging.
2018-11-13 21:40:01 [main:200] - [INFO]  Initializing c3p0-0.9.1 [built 16-January-2007 14:46:42; debug? true; trace: 10]
2018-11-13 21:40:01 [main:220] - [DEBUG]  MBean: com.mchange.v2.c3p0:type=PooledDataSource[1hge1fb9z3oupud4vx4dg|77128536] registered.
2018-11-13 21:40:02 [main:650] - [DEBUG]  Logging Provider: org.jboss.logging.Log4jLoggerProvider
2018-11-13 21:40:02 [main:650] - [INFO]  HV000001: Hibernate Validator 6.0.10.Final
2018-11-13 21:40:02 [main:660] - [DEBUG]  Cannot find javax.persistence.Persistence on classpath. Assuming non JPA 2 environment. All properties will per default be traversable.
2018-11-13 21:40:02 [main:1010] - [INFO]  缓存里面有
2018-11-13 21:40:11 [main:0] - [INFO]  MLog clients using log4j logging.
2018-11-13 21:40:11 [main:181] - [INFO]  Initializing c3p0-0.9.1 [built 16-January-2007 14:46:42; debug? true; trace: 10]
2018-11-13 21:40:11 [main:191] - [DEBUG]  MBean: com.mchange.v2.c3p0:type=PooledDataSource[1hge1fb9z3ouxlivr56ep|77128536] registered.
2018-11-13 21:40:12 [main:641] - [DEBUG]  Logging Provider: org.jboss.logging.Log4jLoggerProvider
2018-11-13 21:40:12 [main:641] - [INFO]  HV000001: Hibernate Validator 6.0.10.Final
2018-11-13 21:40:12 [main:641] - [DEBUG]  Cannot find javax.persistence.Persistence on classpath. Assuming non JPA 2 environment. All properties will per default be traversable.
2018-11-13 21:40:12 [main:1001] - [INFO]  缓存里面有
