2018-06-07 15:08:18Â  [ main:0 ] - [ INFO ]Â  Refreshing org.springframework.context.support.ClassPathXmlApplicationContext@2d209079: startup date [Thu Jun 07 15:08:18 CST 2018]; root of context hierarchy
2018-06-07 15:08:18Â  [ main:336 ] - [ INFO ]Â  Loading XML bean definitions from class path resource [ApplicationConfig.xml]
2018-06-07 15:09:06Â  [ main:1 ] - [ INFO ]Â  Refreshing org.springframework.context.support.ClassPathXmlApplicationContext@2d209079: startup date [Thu Jun 07 15:09:06 CST 2018]; root of context hierarchy
2018-06-07 15:09:06Â  [ main:168 ] - [ INFO ]Â  Loading XML bean definitions from class path resource [ApplicationConfig.xml]
2018-06-07 15:09:10Â  [ main:3965 ] - [ ERROR ]Â  Sign{id=1, name='再测试', city='测试'}
2018-06-07 15:24:49Â  [ main:0 ] - [ INFO ]Â  Refreshing org.springframework.context.support.ClassPathXmlApplicationContext@2d209079: startup date [Thu Jun 07 15:24:49 CST 2018]; root of context hierarchy
2018-06-07 15:24:49Â  [ main:121 ] - [ INFO ]Â  Loading XML bean definitions from class path resource [ApplicationConfig.xml]
2018-06-07 15:24:54Â  [ main:5342 ] - [ ERROR ]Â  Sign{id=1, name='再测试', city='测试'}
2018-06-07 15:44:15Â  [ main:0 ] - [ INFO ]Â  Refreshing org.springframework.context.support.ClassPathXmlApplicationContext@2d209079: startup date [Thu Jun 07 15:44:15 CST 2018]; root of context hierarchy
2018-06-07 15:44:15Â  [ main:101 ] - [ INFO ]Â  Loading XML bean definitions from class path resource [ApplicationConfig.xml]
2018-06-07 15:44:20Â  [ main:5672 ] - [ INFO ]Â  Sign{id=1, name='再测试', city='测试'}
2018-06-07 15:49:44Â  [ main:0 ] - [ INFO ]Â  Refreshing org.springframework.context.support.ClassPathXmlApplicationContext@2d209079: startup date [Thu Jun 07 15:49:44 CST 2018]; root of context hierarchy
2018-06-07 15:49:45Â  [ main:133 ] - [ INFO ]Â  Loading XML bean definitions from class path resource [ApplicationConfig.xml]
2018-06-07 15:50:20Â  [ main:0 ] - [ INFO ]Â  Refreshing org.springframework.context.support.ClassPathXmlApplicationContext@2d209079: startup date [Thu Jun 07 15:50:20 CST 2018]; root of context hierarchy
2018-06-07 15:50:20Â  [ main:157 ] - [ INFO ]Â  Loading XML bean definitions from class path resource [ApplicationConfig.xml]
2018-06-07 15:50:23Â  [ main:3599 ] - [ INFO ]Â  
2018-06-07 15:50:36Â  [ main:0 ] - [ INFO ]Â  Refreshing org.springframework.context.support.ClassPathXmlApplicationContext@2d209079: startup date [Thu Jun 07 15:50:36 CST 2018]; root of context hierarchy
2018-06-07 15:50:36Â  [ main:112 ] - [ INFO ]Â  Loading XML bean definitions from class path resource [ApplicationConfig.xml]
2018-06-07 15:50:40Â  [ main:3613 ] - [ INFO ]Â  
2018-06-07 15:51:23Â  [ main:0 ] - [ INFO ]Â  Refreshing org.springframework.context.support.ClassPathXmlApplicationContext@2d209079: startup date [Thu Jun 07 15:51:23 CST 2018]; root of context hierarchy
2018-06-07 15:51:23Â  [ main:120 ] - [ INFO ]Â  Loading XML bean definitions from class path resource [ApplicationConfig.xml]
2018-06-07 15:51:26Â  [ main:3570 ] - [ INFO ]Â  
2018-06-07 15:51:52Â  [ main:0 ] - [ INFO ]Â  Refreshing org.springframework.context.support.ClassPathXmlApplicationContext@56cbfb61: startup date [Thu Jun 07 15:51:52 CST 2018]; root of context hierarchy
2018-06-07 15:51:52Â  [ main:120 ] - [ INFO ]Â  Loading XML bean definitions from class path resource [ApplicationConfig.xml]
2018-06-07 15:51:55Â  [ main:3635 ] - [ INFO ]Â  
2018-06-07 15:51:55Â  [ main:3638 ] - [ INFO ]Â  Refreshing org.springframework.context.support.ClassPathXmlApplicationContext@f4c0e4e: startup date [Thu Jun 07 15:51:55 CST 2018]; root of context hierarchy
2018-06-07 15:51:55Â  [ main:3639 ] - [ INFO ]Â  Loading XML bean definitions from class path resource [ApplicationConfig.xml]
2018-06-07 15:51:57Â  [ main:5235 ] - [ INFO ]Â  Refreshing org.springframework.context.support.ClassPathXmlApplicationContext@265c1a7c: startup date [Thu Jun 07 15:51:57 CST 2018]; root of context hierarchy
2018-06-07 15:51:57Â  [ main:5245 ] - [ INFO ]Â  Loading XML bean definitions from class path resource [ApplicationConfig.xml]
2018-06-07 15:51:58Â  [ main:6551 ] - [ INFO ]Â  Refreshing org.springframework.context.support.ClassPathXmlApplicationContext@1aee6d14: startup date [Thu Jun 07 15:51:58 CST 2018]; root of context hierarchy
2018-06-07 15:51:58Â  [ main:6554 ] - [ INFO ]Â  Loading XML bean definitions from class path resource [ApplicationConfig.xml]
2018-06-07 15:51:59Â  [ main:7402 ] - [ INFO ]Â  Refreshing org.springframework.context.support.ClassPathXmlApplicationContext@37c45154: startup date [Thu Jun 07 15:51:59 CST 2018]; root of context hierarchy
2018-06-07 15:51:59Â  [ main:7417 ] - [ INFO ]Â  Loading XML bean definitions from class path resource [ApplicationConfig.xml]
2018-06-07 15:52:00Â  [ main:8407 ] - [ INFO ]Â  Refreshing org.springframework.context.support.ClassPathXmlApplicationContext@175c4ae5: startup date [Thu Jun 07 15:52:00 CST 2018]; root of context hierarchy
2018-06-07 15:52:00Â  [ main:8411 ] - [ INFO ]Â  Loading XML bean definitions from class path resource [ApplicationConfig.xml]
2018-06-07 15:52:10Â  [ main:0 ] - [ INFO ]Â  Refreshing org.springframework.context.support.ClassPathXmlApplicationContext@2d209079: startup date [Thu Jun 07 15:52:10 CST 2018]; root of context hierarchy
2018-06-07 15:52:10Â  [ main:184 ] - [ INFO ]Â  Loading XML bean definitions from class path resource [ApplicationConfig.xml]
2018-06-07 15:52:14Â  [ main:4071 ] - [ INFO ]Â  
2018-06-07 16:42:46Â  [ main:0 ] - [ INFO ]Â  Refreshing org.springframework.context.support.ClassPathXmlApplicationContext@2d209079: startup date [Thu Jun 07 16:42:46 CST 2018]; root of context hierarchy
2018-06-07 16:42:46Â  [ main:116 ] - [ INFO ]Â  Loading XML bean definitions from class path resource [ApplicationConfig.xml]
2018-06-07 16:42:49Â  [ main:3129 ] - [ INFO ]Â  
2018-06-07 16:43:46Â  [ main:0 ] - [ INFO ]Â  Refreshing org.springframework.context.support.ClassPathXmlApplicationContext@2d209079: startup date [Thu Jun 07 16:43:46 CST 2018]; root of context hierarchy
2018-06-07 16:43:46Â  [ main:109 ] - [ INFO ]Â  Loading XML bean definitions from class path resource [ApplicationConfig.xml]
2018-06-07 16:43:50Â  [ main:4498 ] - [ INFO ]Â  Sign{id=1, name='再测试', city='测试'}
2018-06-07 16:51:02Â  [ main:0 ] - [ INFO ]Â  Refreshing org.springframework.context.support.ClassPathXmlApplicationContext@2d209079: startup date [Thu Jun 07 16:51:02 CST 2018]; root of context hierarchy
2018-06-07 16:51:02Â  [ main:116 ] - [ INFO ]Â  Loading XML bean definitions from class path resource [ApplicationConfig.xml]
2018-06-07 16:51:07Â  [ main:4892 ] - [ INFO ]Â  Sign{id=1, name='再测试', city='测试'}
2018-06-07 16:51:43Â  [ main:0 ] - [ INFO ]Â  Refreshing org.springframework.context.support.ClassPathXmlApplicationContext@2d209079: startup date [Thu Jun 07 16:51:43 CST 2018]; root of context hierarchy
2018-06-07 16:51:43Â  [ main:100 ] - [ INFO ]Â  Loading XML bean definitions from class path resource [ApplicationConfig.xml]
2018-06-07 16:51:48Â  [ main:4930 ] - [ INFO ]Â  Sign{id=1, name='再测试', city='测试'}
2018-06-07 16:58:23Â  [ main:0 ] - [ INFO ]Â  Refreshing org.springframework.context.support.ClassPathXmlApplicationContext@41a4555e: startup date [Thu Jun 07 16:58:23 CST 2018]; root of context hierarchy
2018-06-07 16:58:23Â  [ main:102 ] - [ INFO ]Â  Loading XML bean definitions from class path resource [ApplicationConfig.xml]
2018-06-07 17:00:18Â  [ main:0 ] - [ INFO ]Â  Refreshing org.springframework.context.support.ClassPathXmlApplicationContext@41a4555e: startup date [Thu Jun 07 17:00:18 CST 2018]; root of context hierarchy
2018-06-07 17:00:18Â  [ main:95 ] - [ INFO ]Â  Loading XML bean definitions from class path resource [ApplicationConfig.xml]
2018-06-07 17:00:35Â  [ main:0 ] - [ INFO ]Â  Refreshing org.springframework.context.support.ClassPathXmlApplicationContext@41a4555e: startup date [Thu Jun 07 17:00:35 CST 2018]; root of context hierarchy
2018-06-07 17:00:35Â  [ main:122 ] - [ INFO ]Â  Loading XML bean definitions from class path resource [ApplicationConfig.xml]
2018-06-07 17:00:53Â  [ main:1 ] - [ INFO ]Â  Refreshing org.springframework.context.support.ClassPathXmlApplicationContext@41a4555e: startup date [Thu Jun 07 17:00:53 CST 2018]; root of context hierarchy
2018-06-07 17:00:54Â  [ main:109 ] - [ INFO ]Â  Loading XML bean definitions from class path resource [ApplicationConfig.xml]
2018-06-07 17:02:17Â  [ main:0 ] - [ INFO ]Â  Refreshing org.springframework.context.support.ClassPathXmlApplicationContext@41a4555e: startup date [Thu Jun 07 17:02:17 CST 2018]; root of context hierarchy
2018-06-07 17:02:17Â  [ main:113 ] - [ INFO ]Â  Loading XML bean definitions from class path resource [ApplicationConfig.xml]
2018-06-07 17:03:24Â  [ main:0 ] - [ INFO ]Â  Refreshing org.springframework.context.support.ClassPathXmlApplicationContext@41a4555e: startup date [Thu Jun 07 17:03:24 CST 2018]; root of context hierarchy
2018-06-07 17:03:25Â  [ main:118 ] - [ INFO ]Â  Loading XML bean definitions from class path resource [ApplicationConfig.xml]
2018-06-07 17:04:11Â  [ main:0 ] - [ INFO ]Â  Refreshing org.springframework.context.support.ClassPathXmlApplicationContext@41a4555e: startup date [Thu Jun 07 17:04:11 CST 2018]; root of context hierarchy
2018-06-07 17:04:11Â  [ main:102 ] - [ INFO ]Â  Loading XML bean definitions from class path resource [ApplicationConfig.xml]
2018-06-07 17:06:14Â  [ main:0 ] - [ INFO ]Â  Refreshing org.springframework.context.support.ClassPathXmlApplicationContext@41a4555e: startup date [Thu Jun 07 17:06:14 CST 2018]; root of context hierarchy
2018-06-07 17:06:14Â  [ main:109 ] - [ INFO ]Â  Loading XML bean definitions from class path resource [ApplicationConfig.xml]
2018-06-07 17:08:31Â  [ main:0 ] - [ INFO ]Â  Refreshing org.springframework.context.support.ClassPathXmlApplicationContext@41a4555e: startup date [Thu Jun 07 17:08:31 CST 2018]; root of context hierarchy
2018-06-07 17:08:31Â  [ main:127 ] - [ INFO ]Â  Loading XML bean definitions from class path resource [ApplicationConfig.xml]
2018-06-07 17:18:21Â  [ main:0 ] - [ INFO ]Â  Refreshing org.springframework.context.support.ClassPathXmlApplicationContext@2d209079: startup date [Thu Jun 07 17:18:21 CST 2018]; root of context hierarchy
2018-06-07 17:18:22Â  [ main:94 ] - [ INFO ]Â  Loading XML bean definitions from class path resource [ApplicationConfig.xml]
2018-06-07 17:18:39Â  [ main:0 ] - [ INFO ]Â  Refreshing org.springframework.context.support.ClassPathXmlApplicationContext@2d209079: startup date [Thu Jun 07 17:18:39 CST 2018]; root of context hierarchy
2018-06-07 17:18:39Â  [ main:108 ] - [ INFO ]Â  Loading XML bean definitions from class path resource [ApplicationConfig.xml]
2018-06-07 17:18:47Â  [ main:0 ] - [ INFO ]Â  Refreshing org.springframework.context.support.ClassPathXmlApplicationContext@2d209079: startup date [Thu Jun 07 17:18:47 CST 2018]; root of context hierarchy
2018-06-07 17:18:47Â  [ main:121 ] - [ INFO ]Â  Loading XML bean definitions from class path resource [ApplicationConfig.xml]
2018-06-07 17:18:52Â  [ main:4366 ] - [ INFO ]Â  Sign{id=1, name='再测试', city='测试'}
2018-06-07 17:20:43Â  [ main:0 ] - [ INFO ]Â  Refreshing org.springframework.context.support.ClassPathXmlApplicationContext@41a4555e: startup date [Thu Jun 07 17:20:43 CST 2018]; root of context hierarchy
2018-06-07 17:20:44Â  [ main:99 ] - [ INFO ]Â  Loading XML bean definitions from class path resource [ApplicationConfig.xml]
2018-06-07 17:21:24Â  [ main:0 ] - [ INFO ]Â  Refreshing org.springframework.context.support.ClassPathXmlApplicationContext@2d209079: startup date [Thu Jun 07 17:21:24 CST 2018]; root of context hierarchy
2018-06-07 17:21:24Â  [ main:118 ] - [ INFO ]Â  Loading XML bean definitions from class path resource [ApplicationConfig.xml]
2018-06-07 17:24:30Â  [ main:0 ] - [ INFO ]Â  Refreshing org.springframework.context.support.ClassPathXmlApplicationContext@2d209079: startup date [Thu Jun 07 17:24:30 CST 2018]; root of context hierarchy
2018-06-07 17:24:30Â  [ main:108 ] - [ INFO ]Â  Loading XML bean definitions from class path resource [ApplicationConfig.xml]
2018-06-07 17:25:30Â  [ main:0 ] - [ INFO ]Â  Refreshing org.springframework.context.support.ClassPathXmlApplicationContext@2d209079: startup date [Thu Jun 07 17:25:30 CST 2018]; root of context hierarchy
2018-06-07 17:25:30Â  [ main:95 ] - [ INFO ]Â  Loading XML bean definitions from class path resource [ApplicationConfig.xml]
2018-06-07 17:25:35Â  [ main:4488 ] - [ INFO ]Â  Sign{id=3, name='c', city='city'}
2018-06-07 17:25:46Â  [ main:0 ] - [ INFO ]Â  Refreshing org.springframework.context.support.ClassPathXmlApplicationContext@41a4555e: startup date [Thu Jun 07 17:25:46 CST 2018]; root of context hierarchy
2018-06-07 17:25:46Â  [ main:107 ] - [ INFO ]Â  Loading XML bean definitions from class path resource [ApplicationConfig.xml]
2018-06-07 17:31:24Â  [ main:0 ] - [ INFO ]Â  Refreshing org.springframework.context.support.ClassPathXmlApplicationContext@2d209079: startup date [Thu Jun 07 17:31:24 CST 2018]; root of context hierarchy
2018-06-07 17:31:24Â  [ main:106 ] - [ INFO ]Â  Loading XML bean definitions from class path resource [ApplicationConfig.xml]
2018-06-07 17:33:31Â  [ main:0 ] - [ INFO ]Â  Refreshing org.springframework.context.support.ClassPathXmlApplicationContext@2d209079: startup date [Thu Jun 07 17:33:31 CST 2018]; root of context hierarchy
2018-06-07 17:33:31Â  [ main:113 ] - [ INFO ]Â  Loading XML bean definitions from class path resource [ApplicationConfig.xml]
2018-06-07 17:34:14Â  [ main:0 ] - [ INFO ]Â  Refreshing org.springframework.context.support.ClassPathXmlApplicationContext@2d209079: startup date [Thu Jun 07 17:34:14 CST 2018]; root of context hierarchy
2018-06-07 17:34:14Â  [ main:118 ] - [ INFO ]Â  Loading XML bean definitions from class path resource [ApplicationConfig.xml]
2018-06-07 17:35:13Â  [ main:0 ] - [ INFO ]Â  Refreshing org.springframework.context.support.ClassPathXmlApplicationContext@2d209079: startup date [Thu Jun 07 17:35:13 CST 2018]; root of context hierarchy
2018-06-07 17:35:13Â  [ main:94 ] - [ INFO ]Â  Loading XML bean definitions from class path resource [ApplicationConfig.xml]
2018-06-07 18:34:13Â  [ main:0 ] - [ INFO ]Â  Refreshing org.springframework.context.support.ClassPathXmlApplicationContext@2d209079: startup date [Thu Jun 07 18:34:13 CST 2018]; root of context hierarchy
2018-06-07 18:34:14Â  [ main:118 ] - [ INFO ]Â  Loading XML bean definitions from class path resource [ApplicationConfig.xml]
2018-06-07 18:35:33Â  [ main:0 ] - [ INFO ]Â  Refreshing org.springframework.context.support.ClassPathXmlApplicationContext@2d209079: startup date [Thu Jun 07 18:35:33 CST 2018]; root of context hierarchy
2018-06-07 18:35:33Â  [ main:128 ] - [ INFO ]Â  Loading XML bean definitions from class path resource [ApplicationConfig.xml]
2018-06-07 18:36:33Â  [ main:0 ] - [ INFO ]Â  Refreshing org.springframework.context.support.ClassPathXmlApplicationContext@2d209079: startup date [Thu Jun 07 18:36:33 CST 2018]; root of context hierarchy
2018-06-07 18:36:33Â  [ main:109 ] - [ INFO ]Â  Loading XML bean definitions from class path resource [ApplicationConfig.xml]
2018-06-07 18:40:33Â  [ main:0 ] - [ INFO ]Â  Refreshing org.springframework.context.support.ClassPathXmlApplicationContext@2d209079: startup date [Thu Jun 07 18:40:33 CST 2018]; root of context hierarchy
2018-06-07 18:40:33Â  [ main:115 ] - [ INFO ]Â  Loading XML bean definitions from class path resource [ApplicationConfig.xml]
2018-06-07 18:41:23Â  [ main:0 ] - [ INFO ]Â  Refreshing org.springframework.context.support.ClassPathXmlApplicationContext@2d209079: startup date [Thu Jun 07 18:41:23 CST 2018]; root of context hierarchy
2018-06-07 18:41:24Â  [ main:112 ] - [ INFO ]Â  Loading XML bean definitions from class path resource [ApplicationConfig.xml]
2018-06-07 18:47:02Â  [ main:0 ] - [ INFO ]Â  Refreshing org.springframework.context.support.ClassPathXmlApplicationContext@41a4555e: startup date [Thu Jun 07 18:47:02 CST 2018]; root of context hierarchy
2018-06-07 18:47:02Â  [ main:116 ] - [ INFO ]Â  Loading XML bean definitions from class path resource [ApplicationConfig.xml]
2018-06-07 18:48:04Â  [ main:0 ] - [ INFO ]Â  Refreshing org.springframework.context.support.ClassPathXmlApplicationContext@41a4555e: startup date [Thu Jun 07 18:48:04 CST 2018]; root of context hierarchy
2018-06-07 18:48:05Â  [ main:104 ] - [ INFO ]Â  Loading XML bean definitions from class path resource [ApplicationConfig.xml]
2018-06-07 18:51:30Â  [ main:0 ] - [ INFO ]Â  Refreshing org.springframework.context.support.ClassPathXmlApplicationContext@41a4555e: startup date [Thu Jun 07 18:51:30 CST 2018]; root of context hierarchy
2018-06-07 18:51:30Â  [ main:120 ] - [ INFO ]Â  Loading XML bean definitions from class path resource [ApplicationConfig.xml]
2018-06-07 18:59:51Â  [ main:0 ] - [ INFO ]Â  Refreshing org.springframework.context.support.ClassPathXmlApplicationContext@41a4555e: startup date [Thu Jun 07 18:59:51 CST 2018]; root of context hierarchy
2018-06-07 18:59:51Â  [ main:104 ] - [ INFO ]Â  Loading XML bean definitions from class path resource [ApplicationConfig.xml]
2018-06-07 18:59:55Â  [ main:4456 ] - [ INFO ]Â  Loading XML bean definitions from class path resource [org/springframework/jdbc/support/sql-error-codes.xml]
2018-06-07 18:59:55Â  [ main:4512 ] - [ INFO ]Â  SQLErrorCodes loaded: [DB2, Derby, H2, HDB, HSQL, Informix, MS-SQL, MySQL, Oracle, PostgreSQL, Sybase]
2018-06-07 19:00:16Â  [ main:0 ] - [ INFO ]Â  Refreshing org.springframework.context.support.ClassPathXmlApplicationContext@41a4555e: startup date [Thu Jun 07 19:00:16 CST 2018]; root of context hierarchy
2018-06-07 19:00:16Â  [ main:120 ] - [ INFO ]Â  Loading XML bean definitions from class path resource [ApplicationConfig.xml]
2018-06-07 19:03:16Â  [ main:0 ] - [ INFO ]Â  Refreshing org.springframework.context.support.ClassPathXmlApplicationContext@41a4555e: startup date [Thu Jun 07 19:03:16 CST 2018]; root of context hierarchy
2018-06-07 19:03:16Â  [ main:108 ] - [ INFO ]Â  Loading XML bean definitions from class path resource [ApplicationConfig.xml]
2018-06-07 19:10:32Â  [ main:8 ] - [ INFO ]Â  Refreshing org.springframework.context.support.ClassPathXmlApplicationContext@2d209079: startup date [Thu Jun 07 19:10:32 CST 2018]; root of context hierarchy
2018-06-07 19:10:32Â  [ main:111 ] - [ INFO ]Â  Loading XML bean definitions from class path resource [ApplicationConfig.xml]
2018-06-07 19:11:02Â  [ main:0 ] - [ INFO ]Â  Refreshing org.springframework.context.support.ClassPathXmlApplicationContext@2d209079: startup date [Thu Jun 07 19:11:02 CST 2018]; root of context hierarchy
2018-06-07 19:11:02Â  [ main:113 ] - [ INFO ]Â  Loading XML bean definitions from class path resource [ApplicationConfig.xml]
2018-06-07 19:11:37Â  [ main:0 ] - [ INFO ]Â  Refreshing org.springframework.context.support.ClassPathXmlApplicationContext@2d209079: startup date [Thu Jun 07 19:11:37 CST 2018]; root of context hierarchy
2018-06-07 19:11:37Â  [ main:196 ] - [ INFO ]Â  Loading XML bean definitions from class path resource [ApplicationConfig.xml]
2018-06-07 19:12:44Â  [ main:1 ] - [ INFO ]Â  Refreshing org.springframework.context.support.ClassPathXmlApplicationContext@2d209079: startup date [Thu Jun 07 19:12:44 CST 2018]; root of context hierarchy
2018-06-07 19:12:44Â  [ main:92 ] - [ INFO ]Â  Loading XML bean definitions from class path resource [ApplicationConfig.xml]
