2018-11-16 10:20:55 [main:0] - [DEBUG]  Logging Provider: org.jboss.logging.Log4jLoggerProvider
2018-11-16 10:20:55 [main:4] - [INFO]  HV000001: Hibernate Validator 6.0.10.Final
2018-11-16 10:20:55 [main:14] - [DEBUG]  Cannot find javax.persistence.Persistence on classpath. Assuming non JPA 2 environment. All properties will per default be traversable.
2018-11-16 10:21:56 [main:0] - [DEBUG]  Logging Provider: org.jboss.logging.Log4jLoggerProvider
2018-11-16 10:21:56 [main:2] - [INFO]  HV000001: Hibernate Validator 6.0.10.Final
2018-11-16 10:21:56 [main:60] - [DEBUG]  Cannot find javax.persistence.Persistence on classpath. Assuming non JPA 2 environment. All properties will per default be traversable.
2018-11-16 10:22:06 [main:0] - [DEBUG]  Logging Provider: org.jboss.logging.Log4jLoggerProvider
2018-11-16 10:22:06 [main:2] - [INFO]  HV000001: Hibernate Validator 6.0.10.Final
2018-11-16 10:22:06 [main:11] - [DEBUG]  Cannot find javax.persistence.Persistence on classpath. Assuming non JPA 2 environment. All properties will per default be traversable.
2018-11-16 10:22:24 [main:0] - [DEBUG]  Logging Provider: org.jboss.logging.Log4jLoggerProvider
2018-11-16 10:22:24 [main:2] - [INFO]  HV000001: Hibernate Validator 6.0.10.Final
2018-11-16 10:22:24 [main:17] - [DEBUG]  Cannot find javax.persistence.Persistence on classpath. Assuming non JPA 2 environment. All properties will per default be traversable.
2018-11-16 10:22:36 [main:0] - [DEBUG]  Logging Provider: org.jboss.logging.Log4jLoggerProvider
2018-11-16 10:22:36 [main:2] - [INFO]  HV000001: Hibernate Validator 6.0.10.Final
2018-11-16 10:22:36 [main:17] - [DEBUG]  Cannot find javax.persistence.Persistence on classpath. Assuming non JPA 2 environment. All properties will per default be traversable.
2018-11-16 10:22:51 [main:0] - [DEBUG]  Logging Provider: org.jboss.logging.Log4jLoggerProvider
2018-11-16 10:22:51 [main:1] - [INFO]  HV000001: Hibernate Validator 6.0.10.Final
2018-11-16 10:22:51 [main:11] - [DEBUG]  Cannot find javax.persistence.Persistence on classpath. Assuming non JPA 2 environment. All properties will per default be traversable.
2018-11-16 11:14:41 [main:0] - [INFO]  初始化ApplicationContext
2018-11-16 11:14:42 [main:911] - [DEBUG]  Logging Provider: org.jboss.logging.Log4jLoggerProvider
2018-11-16 11:14:42 [main:911] - [INFO]  HV000001: Hibernate Validator 6.0.10.Final
2018-11-16 11:14:42 [main:930] - [DEBUG]  Cannot find javax.persistence.Persistence on classpath. Assuming non JPA 2 environment. All properties will per default be traversable.
2018-11-16 11:14:42 [main:1357] - [DEBUG]  Cannot find javax.persistence.Persistence on classpath. Assuming non JPA 2 environment. All properties will per default be traversable.
2018-11-16 11:14:42 [main:1427] - [INFO]  进入JobServiceChange.getJobService....
2018-11-16 11:14:42 [main:1427] - [INFO]  加载2号端口的service
2018-11-16 11:15:00 [main:0] - [INFO]  初始化ApplicationContext
2018-11-16 11:15:01 [main:582] - [DEBUG]  Logging Provider: org.jboss.logging.Log4jLoggerProvider
2018-11-16 11:15:01 [main:582] - [INFO]  HV000001: Hibernate Validator 6.0.10.Final
2018-11-16 11:15:01 [main:589] - [DEBUG]  Cannot find javax.persistence.Persistence on classpath. Assuming non JPA 2 environment. All properties will per default be traversable.
2018-11-16 11:15:01 [main:858] - [DEBUG]  Cannot find javax.persistence.Persistence on classpath. Assuming non JPA 2 environment. All properties will per default be traversable.
2018-11-16 11:15:01 [main:946] - [INFO]  进入JobServiceChange.getJobService....
2018-11-16 11:15:01 [main:947] - [INFO]  加载1号端口的service
2018-11-16 11:15:10 [main:0] - [INFO]  初始化ApplicationContext
2018-11-16 11:15:11 [main:751] - [DEBUG]  Logging Provider: org.jboss.logging.Log4jLoggerProvider
2018-11-16 11:15:11 [main:751] - [INFO]  HV000001: Hibernate Validator 6.0.10.Final
2018-11-16 11:15:11 [main:767] - [DEBUG]  Cannot find javax.persistence.Persistence on classpath. Assuming non JPA 2 environment. All properties will per default be traversable.
2018-11-16 11:15:11 [main:1227] - [DEBUG]  Cannot find javax.persistence.Persistence on classpath. Assuming non JPA 2 environment. All properties will per default be traversable.
2018-11-16 11:15:11 [main:1317] - [INFO]  进入JobServiceChange.getJobService....
2018-11-16 11:15:11 [main:1317] - [INFO]  加载1号端口的service
2018-11-16 11:15:19 [main:0] - [INFO]  初始化ApplicationContext
2018-11-16 11:15:20 [main:752] - [DEBUG]  Logging Provider: org.jboss.logging.Log4jLoggerProvider
2018-11-16 11:15:20 [main:752] - [INFO]  HV000001: Hibernate Validator 6.0.10.Final
2018-11-16 11:15:20 [main:764] - [DEBUG]  Cannot find javax.persistence.Persistence on classpath. Assuming non JPA 2 environment. All properties will per default be traversable.
2018-11-16 11:15:20 [main:1196] - [DEBUG]  Cannot find javax.persistence.Persistence on classpath. Assuming non JPA 2 environment. All properties will per default be traversable.
2018-11-16 11:15:20 [main:1272] - [INFO]  进入JobServiceChange.getJobService....
2018-11-16 11:15:20 [main:1273] - [INFO]  加载1号端口的service
2018-11-16 11:15:30 [main:0] - [INFO]  初始化ApplicationContext
2018-11-16 11:15:31 [main:753] - [DEBUG]  Logging Provider: org.jboss.logging.Log4jLoggerProvider
2018-11-16 11:15:31 [main:754] - [INFO]  HV000001: Hibernate Validator 6.0.10.Final
2018-11-16 11:15:31 [main:769] - [DEBUG]  Cannot find javax.persistence.Persistence on classpath. Assuming non JPA 2 environment. All properties will per default be traversable.
2018-11-16 11:15:32 [main:1323] - [DEBUG]  Cannot find javax.persistence.Persistence on classpath. Assuming non JPA 2 environment. All properties will per default be traversable.
2018-11-16 11:15:32 [main:1413] - [INFO]  进入JobServiceChange.getJobService....
2018-11-16 11:15:32 [main:1413] - [INFO]  加载1号端口的service
2018-11-16 11:15:41 [main:0] - [INFO]  初始化ApplicationContext
2018-11-16 11:15:42 [main:820] - [DEBUG]  Logging Provider: org.jboss.logging.Log4jLoggerProvider
2018-11-16 11:15:42 [main:820] - [INFO]  HV000001: Hibernate Validator 6.0.10.Final
2018-11-16 11:15:42 [main:833] - [DEBUG]  Cannot find javax.persistence.Persistence on classpath. Assuming non JPA 2 environment. All properties will per default be traversable.
2018-11-16 11:15:43 [main:1338] - [DEBUG]  Cannot find javax.persistence.Persistence on classpath. Assuming non JPA 2 environment. All properties will per default be traversable.
2018-11-16 11:15:43 [main:1407] - [INFO]  进入JobServiceChange.getJobService....
2018-11-16 11:15:43 [main:1408] - [INFO]  加载2号端口的service
2018-11-16 11:32:44 [main:0] - [INFO]  初始化ApplicationContext
2018-11-16 11:32:44 [main:636] - [DEBUG]  Logging Provider: org.jboss.logging.Log4jLoggerProvider
2018-11-16 11:32:44 [main:637] - [INFO]  HV000001: Hibernate Validator 6.0.10.Final
2018-11-16 11:32:44 [main:646] - [DEBUG]  Cannot find javax.persistence.Persistence on classpath. Assuming non JPA 2 environment. All properties will per default be traversable.
2018-11-16 11:32:45 [main:1288] - [DEBUG]  Cannot find javax.persistence.Persistence on classpath. Assuming non JPA 2 environment. All properties will per default be traversable.
2018-11-16 11:32:46 [Thread-1:1878] - [INFO]  进入JobServiceChange.getJobService....
2018-11-16 11:32:46 [Thread-1:1879] - [INFO]  加载1号端口的service
2018-11-16 11:32:46 [Thread-2:1887] - [INFO]  进入JobServiceChange.getJobService....
2018-11-16 11:32:46 [Thread-2:1888] - [INFO]  加载1号端口的service
2018-11-16 11:32:46 [Thread-2:1904] - [INFO]  进入JobServiceChange.getJobService....
2018-11-16 11:32:46 [Thread-2:1904] - [INFO]  加载1号端口的service
2018-11-16 11:32:46 [Thread-2:1918] - [INFO]  进入JobServiceChange.getJobService....
2018-11-16 11:32:46 [Thread-2:1918] - [INFO]  加载2号端口的service
2018-11-16 11:32:46 [Thread-2:1932] - [INFO]  进入JobServiceChange.getJobService....
2018-11-16 11:32:46 [Thread-2:1932] - [INFO]  加载2号端口的service
2018-11-16 11:32:46 [Thread-2:1943] - [INFO]  进入JobServiceChange.getJobService....
2018-11-16 11:32:46 [Thread-2:1943] - [INFO]  加载2号端口的service
2018-11-16 11:32:46 [Thread-2:1953] - [INFO]  进入JobServiceChange.getJobService....
2018-11-16 11:32:46 [Thread-2:1953] - [INFO]  加载2号端口的service
2018-11-16 11:32:46 [Thread-2:1962] - [INFO]  进入JobServiceChange.getJobService....
2018-11-16 11:32:46 [Thread-2:1962] - [INFO]  加载2号端口的service
2018-11-16 11:32:46 [Thread-2:1973] - [INFO]  进入JobServiceChange.getJobService....
2018-11-16 11:32:46 [Thread-2:1973] - [INFO]  加载1号端口的service
2018-11-16 11:32:46 [Thread-2:1979] - [INFO]  进入JobServiceChange.getJobService....
2018-11-16 11:32:46 [Thread-2:1979] - [INFO]  加载2号端口的service
2018-11-16 11:32:46 [Thread-2:1986] - [INFO]  进入JobServiceChange.getJobService....
2018-11-16 11:32:46 [Thread-2:1986] - [INFO]  加载1号端口的service
2018-11-16 11:32:46 [Thread-1:2005] - [INFO]  进入JobServiceChange.getJobService....
2018-11-16 11:32:46 [Thread-1:2006] - [INFO]  加载2号端口的service
2018-11-16 11:32:46 [Thread-1:2018] - [INFO]  进入JobServiceChange.getJobService....
2018-11-16 11:32:46 [Thread-1:2018] - [INFO]  加载1号端口的service
2018-11-16 11:32:46 [Thread-1:2024] - [INFO]  进入JobServiceChange.getJobService....
2018-11-16 11:32:46 [Thread-1:2024] - [INFO]  加载1号端口的service
2018-11-16 11:32:46 [Thread-1:2032] - [INFO]  进入JobServiceChange.getJobService....
2018-11-16 11:32:46 [Thread-1:2032] - [INFO]  加载2号端口的service
2018-11-16 11:32:46 [Thread-1:2038] - [INFO]  进入JobServiceChange.getJobService....
2018-11-16 11:32:46 [Thread-1:2038] - [INFO]  加载1号端口的service
2018-11-16 11:32:46 [Thread-1:2045] - [INFO]  进入JobServiceChange.getJobService....
2018-11-16 11:32:46 [Thread-1:2045] - [INFO]  加载1号端口的service
2018-11-16 11:32:46 [Thread-1:2051] - [INFO]  进入JobServiceChange.getJobService....
2018-11-16 11:32:46 [Thread-1:2051] - [INFO]  加载1号端口的service
2018-11-16 11:32:46 [Thread-1:2056] - [INFO]  进入JobServiceChange.getJobService....
2018-11-16 11:32:46 [Thread-1:2056] - [INFO]  加载2号端口的service
2018-11-16 11:32:46 [Thread-1:2064] - [INFO]  进入JobServiceChange.getJobService....
2018-11-16 11:32:46 [Thread-1:2064] - [INFO]  加载1号端口的service
2018-11-16 11:33:37 [main:0] - [INFO]  初始化ApplicationContext
2018-11-16 11:33:38 [main:547] - [DEBUG]  Logging Provider: org.jboss.logging.Log4jLoggerProvider
2018-11-16 11:33:38 [main:548] - [INFO]  HV000001: Hibernate Validator 6.0.10.Final
2018-11-16 11:33:38 [main:558] - [DEBUG]  Cannot find javax.persistence.Persistence on classpath. Assuming non JPA 2 environment. All properties will per default be traversable.
2018-11-16 11:33:38 [main:961] - [DEBUG]  Cannot find javax.persistence.Persistence on classpath. Assuming non JPA 2 environment. All properties will per default be traversable.
2018-11-16 11:33:38 [Thread-1:1041] - [INFO]  进入JobServiceChange.getJobService....
2018-11-16 11:33:38 [Thread-1:1041] - [INFO]  加载2号端口的service
2018-11-16 11:33:38 [Thread-2:1050] - [INFO]  进入JobServiceChange.getJobService....
2018-11-16 11:33:38 [Thread-2:1050] - [INFO]  加载1号端口的service
2018-11-16 11:33:38 [Thread-1:1076] - [INFO]  进入JobServiceChange.getJobService....
2018-11-16 11:33:38 [Thread-1:1076] - [INFO]  加载1号端口的service
2018-11-16 11:33:38 [Thread-1:1096] - [INFO]  进入JobServiceChange.getJobService....
2018-11-16 11:33:38 [Thread-1:1096] - [INFO]  加载1号端口的service
2018-11-16 11:33:38 [Thread-1:1129] - [INFO]  进入JobServiceChange.getJobService....
2018-11-16 11:33:38 [Thread-1:1129] - [INFO]  加载2号端口的service
2018-11-16 11:33:38 [Thread-1:1151] - [INFO]  进入JobServiceChange.getJobService....
2018-11-16 11:33:38 [Thread-1:1151] - [INFO]  加载1号端口的service
2018-11-16 11:33:38 [Thread-1:1193] - [INFO]  进入JobServiceChange.getJobService....
2018-11-16 11:33:38 [Thread-1:1193] - [INFO]  加载2号端口的service
2018-11-16 11:33:38 [Thread-1:1212] - [INFO]  进入JobServiceChange.getJobService....
2018-11-16 11:33:38 [Thread-1:1212] - [INFO]  加载2号端口的service
2018-11-16 11:33:38 [Thread-1:1240] - [INFO]  进入JobServiceChange.getJobService....
2018-11-16 11:33:38 [Thread-1:1240] - [INFO]  加载1号端口的service
2018-11-16 11:33:39 [Thread-2:1301] - [INFO]  进入JobServiceChange.getJobService....
2018-11-16 11:33:39 [Thread-2:1301] - [INFO]  加载2号端口的service
2018-11-16 11:33:39 [Thread-1:1337] - [INFO]  进入JobServiceChange.getJobService....
2018-11-16 11:33:39 [Thread-1:1337] - [INFO]  加载1号端口的service
2018-11-16 11:33:39 [Thread-1:1379] - [INFO]  进入JobServiceChange.getJobService....
2018-11-16 11:33:39 [Thread-1:1380] - [INFO]  加载1号端口的service
2018-11-16 11:33:39 [Thread-2:1531] - [INFO]  进入JobServiceChange.getJobService....
2018-11-16 11:33:39 [Thread-2:1531] - [INFO]  加载2号端口的service
2018-11-16 11:33:39 [Thread-2:1547] - [INFO]  进入JobServiceChange.getJobService....
2018-11-16 11:33:39 [Thread-2:1548] - [INFO]  加载2号端口的service
2018-11-16 11:33:39 [Thread-2:1559] - [INFO]  进入JobServiceChange.getJobService....
2018-11-16 11:33:39 [Thread-2:1560] - [INFO]  加载1号端口的service
2018-11-16 11:33:39 [Thread-2:1572] - [INFO]  进入JobServiceChange.getJobService....
2018-11-16 11:33:39 [Thread-2:1572] - [INFO]  加载2号端口的service
2018-11-16 11:33:39 [Thread-2:1584] - [INFO]  进入JobServiceChange.getJobService....
2018-11-16 11:33:39 [Thread-2:1584] - [INFO]  加载2号端口的service
2018-11-16 11:33:39 [Thread-2:1606] - [INFO]  进入JobServiceChange.getJobService....
2018-11-16 11:33:39 [Thread-2:1606] - [INFO]  加载1号端口的service
2018-11-16 11:33:39 [Thread-2:1629] - [INFO]  进入JobServiceChange.getJobService....
2018-11-16 11:33:39 [Thread-2:1629] - [INFO]  加载1号端口的service
2018-11-16 11:33:39 [Thread-2:1638] - [INFO]  进入JobServiceChange.getJobService....
2018-11-16 11:33:39 [Thread-2:1638] - [INFO]  加载2号端口的service
2018-11-16 11:38:50 [main:0] - [INFO]  初始化ApplicationContext
2018-11-16 11:38:51 [main:833] - [DEBUG]  Logging Provider: org.jboss.logging.Log4jLoggerProvider
2018-11-16 11:38:51 [main:833] - [INFO]  HV000001: Hibernate Validator 6.0.10.Final
2018-11-16 11:38:51 [main:848] - [DEBUG]  Cannot find javax.persistence.Persistence on classpath. Assuming non JPA 2 environment. All properties will per default be traversable.
2018-11-16 11:38:51 [main:1524] - [DEBUG]  Cannot find javax.persistence.Persistence on classpath. Assuming non JPA 2 environment. All properties will per default be traversable.
2018-11-16 11:38:51 [main:1631] - [INFO]  进入JobServiceChange.getJobService....
2018-11-16 11:38:51 [main:1631] - [INFO]  加载1号端口的service
2018-11-16 11:39:03 [main:0] - [INFO]  初始化ApplicationContext
2018-11-16 11:39:04 [main:699] - [DEBUG]  Logging Provider: org.jboss.logging.Log4jLoggerProvider
2018-11-16 11:39:04 [main:699] - [INFO]  HV000001: Hibernate Validator 6.0.10.Final
2018-11-16 11:39:04 [main:729] - [DEBUG]  Cannot find javax.persistence.Persistence on classpath. Assuming non JPA 2 environment. All properties will per default be traversable.
2018-11-16 11:39:04 [main:1398] - [DEBUG]  Cannot find javax.persistence.Persistence on classpath. Assuming non JPA 2 environment. All properties will per default be traversable.
2018-11-16 11:39:05 [main:1685] - [INFO]  进入JobServiceChange.getJobService....
2018-11-16 11:39:05 [main:1685] - [INFO]  加载2号端口的service
2018-11-16 11:39:43 [main:0] - [INFO]  初始化ApplicationContext
2018-11-16 11:39:44 [main:745] - [DEBUG]  Logging Provider: org.jboss.logging.Log4jLoggerProvider
2018-11-16 11:39:44 [main:746] - [INFO]  HV000001: Hibernate Validator 6.0.10.Final
2018-11-16 11:39:44 [main:774] - [DEBUG]  Cannot find javax.persistence.Persistence on classpath. Assuming non JPA 2 environment. All properties will per default be traversable.
2018-11-16 11:39:44 [main:1217] - [DEBUG]  Cannot find javax.persistence.Persistence on classpath. Assuming non JPA 2 environment. All properties will per default be traversable.
2018-11-16 11:39:44 [main:1351] - [INFO]  进入JobServiceChange.getJobService....
2018-11-16 11:39:44 [main:1351] - [INFO]  加载2号端口的service
2018-11-16 11:39:44 [main:1383] - [INFO]  进入JobServiceChange.getJobService....
2018-11-16 11:39:44 [main:1383] - [INFO]  加载2号端口的service
2018-11-16 11:39:44 [main:1395] - [INFO]  进入JobServiceChange.getJobService....
2018-11-16 11:39:44 [main:1395] - [INFO]  加载1号端口的service
2018-11-16 11:39:45 [main:1407] - [INFO]  进入JobServiceChange.getJobService....
2018-11-16 11:39:45 [main:1407] - [INFO]  加载2号端口的service
2018-11-16 11:39:45 [main:1457] - [INFO]  进入JobServiceChange.getJobService....
2018-11-16 11:39:45 [main:1457] - [INFO]  加载2号端口的service
2018-11-16 11:39:45 [main:1487] - [INFO]  进入JobServiceChange.getJobService....
2018-11-16 11:39:45 [main:1496] - [INFO]  加载1号端口的service
2018-11-16 11:39:45 [main:1546] - [INFO]  进入JobServiceChange.getJobService....
2018-11-16 11:39:45 [main:1546] - [INFO]  加载2号端口的service
2018-11-16 11:39:45 [main:1572] - [INFO]  进入JobServiceChange.getJobService....
2018-11-16 11:39:45 [main:1572] - [INFO]  加载1号端口的service
2018-11-16 11:39:45 [main:1584] - [INFO]  进入JobServiceChange.getJobService....
2018-11-16 11:39:45 [main:1584] - [INFO]  加载1号端口的service
2018-11-16 11:39:45 [main:1596] - [INFO]  进入JobServiceChange.getJobService....
2018-11-16 11:39:45 [main:1596] - [INFO]  加载2号端口的service
2018-11-16 11:45:16 [main:0] - [INFO]  初始化ApplicationContext
2018-11-16 11:45:17 [main:603] - [DEBUG]  Logging Provider: org.jboss.logging.Log4jLoggerProvider
2018-11-16 11:45:17 [main:604] - [INFO]  HV000001: Hibernate Validator 6.0.10.Final
2018-11-16 11:45:17 [main:613] - [DEBUG]  Cannot find javax.persistence.Persistence on classpath. Assuming non JPA 2 environment. All properties will per default be traversable.
2018-11-16 11:45:17 [main:873] - [DEBUG]  Cannot find javax.persistence.Persistence on classpath. Assuming non JPA 2 environment. All properties will per default be traversable.
2018-11-16 11:45:17 [main:935] - [INFO]  进入JobServiceChange.getJobService....
2018-11-16 11:45:17 [main:936] - [INFO]  加载2号端口的service
2018-11-16 11:45:17 [main:965] - [INFO]  进入JobServiceChange.getJobService....
2018-11-16 11:45:17 [main:965] - [INFO]  加载1号端口的service
2018-11-16 11:45:17 [main:975] - [INFO]  进入JobServiceChange.getJobService....
2018-11-16 11:45:17 [main:975] - [INFO]  加载2号端口的service
2018-11-16 11:45:17 [main:989] - [INFO]  进入JobServiceChange.getJobService....
2018-11-16 11:45:17 [main:989] - [INFO]  加载1号端口的service
2018-11-16 11:45:17 [main:997] - [INFO]  进入JobServiceChange.getJobService....
2018-11-16 11:45:17 [main:997] - [INFO]  加载1号端口的service
2018-11-16 11:45:17 [main:1004] - [INFO]  进入JobServiceChange.getJobService....
2018-11-16 11:45:17 [main:1004] - [INFO]  加载2号端口的service
2018-11-16 11:45:17 [main:1016] - [INFO]  进入JobServiceChange.getJobService....
2018-11-16 11:45:17 [main:1016] - [INFO]  加载1号端口的service
2018-11-16 11:45:17 [main:1028] - [INFO]  进入JobServiceChange.getJobService....
2018-11-16 11:45:17 [main:1028] - [INFO]  加载1号端口的service
2018-11-16 11:45:17 [main:1034] - [INFO]  进入JobServiceChange.getJobService....
2018-11-16 11:45:17 [main:1034] - [INFO]  加载2号端口的service
2018-11-16 11:45:17 [main:1041] - [INFO]  进入JobServiceChange.getJobService....
2018-11-16 11:45:17 [main:1042] - [INFO]  加载2号端口的service
2018-11-16 12:23:08 [main:0] - [INFO]  初始化ApplicationContext
2018-11-16 12:23:08 [main:558] - [DEBUG]  Logging Provider: org.jboss.logging.Log4jLoggerProvider
2018-11-16 12:23:08 [main:558] - [INFO]  HV000001: Hibernate Validator 6.0.10.Final
2018-11-16 12:23:08 [main:565] - [DEBUG]  Cannot find javax.persistence.Persistence on classpath. Assuming non JPA 2 environment. All properties will per default be traversable.
2018-11-16 12:23:09 [main:801] - [DEBUG]  Cannot find javax.persistence.Persistence on classpath. Assuming non JPA 2 environment. All properties will per default be traversable.
2018-11-16 12:23:09 [main:868] - [INFO]  进入JobServiceChange.getJobService....
2018-11-16 12:23:09 [main:868] - [INFO]  加载1号端口的service
2018-11-16 12:23:09 [main:895] - [INFO]  进入JobServiceChange.getJobService....
2018-11-16 12:23:09 [main:896] - [INFO]  加载2号端口的service
2018-11-16 12:23:09 [main:907] - [INFO]  进入JobServiceChange.getJobService....
2018-11-16 12:23:09 [main:907] - [INFO]  加载1号端口的service
2018-11-16 12:23:09 [main:925] - [INFO]  进入JobServiceChange.getJobService....
2018-11-16 12:23:09 [main:926] - [INFO]  加载2号端口的service
2018-11-16 12:23:09 [main:937] - [INFO]  进入JobServiceChange.getJobService....
2018-11-16 12:23:09 [main:938] - [INFO]  加载2号端口的service
2018-11-16 12:23:09 [main:959] - [INFO]  进入JobServiceChange.getJobService....
2018-11-16 12:23:09 [main:960] - [INFO]  加载1号端口的service
2018-11-16 12:23:09 [main:994] - [INFO]  进入JobServiceChange.getJobService....
2018-11-16 12:23:09 [main:994] - [INFO]  加载1号端口的service
2018-11-16 12:23:09 [main:1051] - [INFO]  进入JobServiceChange.getJobService....
2018-11-16 12:23:09 [main:1052] - [INFO]  加载2号端口的service
2018-11-16 12:23:09 [main:1072] - [INFO]  进入JobServiceChange.getJobService....
2018-11-16 12:23:09 [main:1074] - [INFO]  加载2号端口的service
2018-11-16 12:23:09 [main:1135] - [INFO]  进入JobServiceChange.getJobService....
2018-11-16 12:23:09 [main:1135] - [INFO]  加载1号端口的service
2018-11-16 12:24:28 [main:0] - [INFO]  初始化ApplicationContext
2018-11-16 12:24:29 [main:661] - [DEBUG]  Logging Provider: org.jboss.logging.Log4jLoggerProvider
2018-11-16 12:24:29 [main:663] - [INFO]  HV000001: Hibernate Validator 6.0.10.Final
2018-11-16 12:24:29 [main:680] - [DEBUG]  Cannot find javax.persistence.Persistence on classpath. Assuming non JPA 2 environment. All properties will per default be traversable.
2018-11-16 12:24:29 [main:1035] - [DEBUG]  Cannot find javax.persistence.Persistence on classpath. Assuming non JPA 2 environment. All properties will per default be traversable.
2018-11-16 12:24:30 [main:1244] - [INFO]  进入JobServiceChange.getJobService....
2018-11-16 12:24:30 [main:1244] - [INFO]  加载1号端口的service
2018-11-16 12:25:02 [main:0] - [INFO]  初始化ApplicationContext
2018-11-16 12:25:03 [main:696] - [DEBUG]  Logging Provider: org.jboss.logging.Log4jLoggerProvider
2018-11-16 12:25:03 [main:697] - [INFO]  HV000001: Hibernate Validator 6.0.10.Final
2018-11-16 12:25:03 [main:708] - [DEBUG]  Cannot find javax.persistence.Persistence on classpath. Assuming non JPA 2 environment. All properties will per default be traversable.
2018-11-16 12:25:03 [main:1031] - [DEBUG]  Cannot find javax.persistence.Persistence on classpath. Assuming non JPA 2 environment. All properties will per default be traversable.
2018-11-16 12:25:03 [main:1223] - [INFO]  进入JobServiceChange.getJobService....
2018-11-16 12:25:03 [main:1224] - [INFO]  加载1号端口的service
2018-11-16 12:25:03 [main:1284] - [INFO]  进入JobServiceChange.getJobService....
2018-11-16 12:25:03 [main:1284] - [INFO]  加载1号端口的service
2018-11-16 12:25:03 [main:1289] - [INFO]  进入JobServiceChange.getJobService....
2018-11-16 12:25:03 [main:1289] - [INFO]  加载1号端口的service
2018-11-16 12:25:03 [main:1298] - [INFO]  进入JobServiceChange.getJobService....
2018-11-16 12:25:03 [main:1299] - [INFO]  加载2号端口的service
2018-11-16 12:25:03 [main:1305] - [INFO]  进入JobServiceChange.getJobService....
2018-11-16 12:25:03 [main:1306] - [INFO]  加载2号端口的service
2018-11-16 12:25:04 [main:1311] - [INFO]  进入JobServiceChange.getJobService....
2018-11-16 12:25:04 [main:1322] - [INFO]  加载1号端口的service
2018-11-16 12:25:04 [main:1325] - [INFO]  进入JobServiceChange.getJobService....
2018-11-16 12:25:04 [main:1327] - [INFO]  加载1号端口的service
2018-11-16 12:25:04 [main:1330] - [INFO]  进入JobServiceChange.getJobService....
2018-11-16 12:25:04 [main:1330] - [INFO]  加载1号端口的service
2018-11-16 12:25:04 [main:1335] - [INFO]  进入JobServiceChange.getJobService....
2018-11-16 12:25:04 [main:1336] - [INFO]  加载2号端口的service
2018-11-16 12:25:04 [main:1338] - [INFO]  进入JobServiceChange.getJobService....
2018-11-16 12:25:04 [main:1339] - [INFO]  加载1号端口的service
2018-11-16 12:56:23 [main:0] - [INFO]  初始化ApplicationContext
2018-11-16 12:56:25 [main:1909] - [DEBUG]  Logging Provider: org.jboss.logging.Log4jLoggerProvider
2018-11-16 12:56:25 [main:1909] - [INFO]  HV000001: Hibernate Validator 6.0.10.Final
2018-11-16 12:56:25 [main:1935] - [DEBUG]  Cannot find javax.persistence.Persistence on classpath. Assuming non JPA 2 environment. All properties will per default be traversable.
2018-11-16 12:56:26 [main:2359] - [INFO]  进入JobServiceChange.getObjService....
2018-11-16 12:56:26 [main:2359] - [INFO]  加载1号端口的service
2018-11-16 12:57:28 [main:0] - [INFO]  初始化ApplicationContext
2018-11-16 12:57:30 [main:1932] - [DEBUG]  Logging Provider: org.jboss.logging.Log4jLoggerProvider
2018-11-16 12:57:30 [main:1932] - [INFO]  HV000001: Hibernate Validator 6.0.10.Final
2018-11-16 12:57:30 [main:1952] - [DEBUG]  Cannot find javax.persistence.Persistence on classpath. Assuming non JPA 2 environment. All properties will per default be traversable.
2018-11-16 12:57:30 [main:2339] - [INFO]  进入JobServiceChange.getObjService....
2018-11-16 12:57:30 [main:2339] - [INFO]  加载1号端口的service
2018-11-16 12:59:31 [main:0] - [INFO]  初始化ApplicationContext
2018-11-16 12:59:32 [main:1082] - [INFO]  进入JobServiceChange.getObjService....
2018-11-16 12:59:32 [main:1082] - [INFO]  加载1号端口的service
2018-11-16 12:59:32 [main:1082] - [ERROR]  1号端口service出现问题，转到2号端口
2018-11-16 13:00:29 [main:0] - [INFO]  初始化ApplicationContext
2018-11-16 13:00:31 [main:1989] - [DEBUG]  Logging Provider: org.jboss.logging.Log4jLoggerProvider
2018-11-16 13:00:31 [main:1990] - [INFO]  HV000001: Hibernate Validator 6.0.10.Final
2018-11-16 13:00:31 [main:1999] - [DEBUG]  Cannot find javax.persistence.Persistence on classpath. Assuming non JPA 2 environment. All properties will per default be traversable.
2018-11-16 13:00:31 [main:2503] - [INFO]  进入JobServiceChange.getObjService....
2018-11-16 13:00:31 [main:2504] - [INFO]  加载2号端口的service
2018-11-16 13:01:03 [main:0] - [INFO]  初始化ApplicationContext
2018-11-16 13:01:05 [main:1826] - [DEBUG]  Logging Provider: org.jboss.logging.Log4jLoggerProvider
2018-11-16 13:01:05 [main:1826] - [INFO]  HV000001: Hibernate Validator 6.0.10.Final
2018-11-16 13:01:05 [main:1839] - [DEBUG]  Cannot find javax.persistence.Persistence on classpath. Assuming non JPA 2 environment. All properties will per default be traversable.
2018-11-16 13:01:05 [main:2307] - [INFO]  进入JobServiceChange.getObjService....
2018-11-16 13:01:05 [main:2307] - [INFO]  加载2号端口的service
2018-11-16 13:01:10 [main:0] - [INFO]  初始化ApplicationContext
2018-11-16 13:01:12 [main:1885] - [DEBUG]  Logging Provider: org.jboss.logging.Log4jLoggerProvider
2018-11-16 13:01:12 [main:1886] - [INFO]  HV000001: Hibernate Validator 6.0.10.Final
2018-11-16 13:01:12 [main:1895] - [DEBUG]  Cannot find javax.persistence.Persistence on classpath. Assuming non JPA 2 environment. All properties will per default be traversable.
2018-11-16 13:01:12 [main:2147] - [INFO]  进入JobServiceChange.getObjService....
2018-11-16 13:01:12 [main:2148] - [INFO]  加载1号端口的service
2018-11-16 13:04:11 [main:0] - [INFO]  初始化ApplicationContext
2018-11-16 13:04:13 [main:1874] - [DEBUG]  Logging Provider: org.jboss.logging.Log4jLoggerProvider
2018-11-16 13:04:13 [main:1874] - [INFO]  HV000001: Hibernate Validator 6.0.10.Final
2018-11-16 13:04:13 [main:1884] - [DEBUG]  Cannot find javax.persistence.Persistence on classpath. Assuming non JPA 2 environment. All properties will per default be traversable.
2018-11-16 13:04:14 [main:2315] - [INFO]  进入JobServiceChange.getObjService....
2018-11-16 13:04:14 [main:2315] - [INFO]  加载1号端口的service
2018-11-16 13:04:33 [main:0] - [INFO]  初始化ApplicationContext
2018-11-16 13:04:34 [main:1867] - [DEBUG]  Logging Provider: org.jboss.logging.Log4jLoggerProvider
2018-11-16 13:04:34 [main:1868] - [INFO]  HV000001: Hibernate Validator 6.0.10.Final
2018-11-16 13:04:34 [main:1881] - [DEBUG]  Cannot find javax.persistence.Persistence on classpath. Assuming non JPA 2 environment. All properties will per default be traversable.
2018-11-16 13:04:35 [main:2301] - [INFO]  进入JobServiceChange.getObjService....
2018-11-16 13:04:35 [main:2301] - [INFO]  加载2号端口的service
2018-11-16 13:05:00 [main:1] - [INFO]  初始化ApplicationContext
2018-11-16 13:05:02 [main:1945] - [DEBUG]  Logging Provider: org.jboss.logging.Log4jLoggerProvider
2018-11-16 13:05:02 [main:1945] - [INFO]  HV000001: Hibernate Validator 6.0.10.Final
2018-11-16 13:05:02 [main:1958] - [DEBUG]  Cannot find javax.persistence.Persistence on classpath. Assuming non JPA 2 environment. All properties will per default be traversable.
2018-11-16 13:05:02 [main:2397] - [INFO]  进入JobServiceChange.getObjService....
2018-11-16 13:05:02 [main:2397] - [INFO]  加载1号端口的service
2018-11-16 13:05:07 [main:0] - [INFO]  初始化ApplicationContext
2018-11-16 13:05:09 [main:1965] - [DEBUG]  Logging Provider: org.jboss.logging.Log4jLoggerProvider
2018-11-16 13:05:09 [main:1966] - [INFO]  HV000001: Hibernate Validator 6.0.10.Final
2018-11-16 13:05:09 [main:1975] - [DEBUG]  Cannot find javax.persistence.Persistence on classpath. Assuming non JPA 2 environment. All properties will per default be traversable.
2018-11-16 13:05:09 [main:2548] - [INFO]  进入JobServiceChange.getObjService....
2018-11-16 13:05:09 [main:2548] - [INFO]  加载2号端口的service
2018-11-16 13:06:39 [main:0] - [INFO]  初始化ApplicationContext
2018-11-16 13:06:41 [main:2068] - [DEBUG]  Logging Provider: org.jboss.logging.Log4jLoggerProvider
2018-11-16 13:06:41 [main:2069] - [INFO]  HV000001: Hibernate Validator 6.0.10.Final
2018-11-16 13:06:41 [main:2084] - [DEBUG]  Cannot find javax.persistence.Persistence on classpath. Assuming non JPA 2 environment. All properties will per default be traversable.
2018-11-16 13:06:42 [main:2539] - [INFO]  进入JobServiceChange.getObjService....
2018-11-16 13:06:42 [main:2539] - [INFO]  加载1号端口的service
2018-11-16 13:06:42 [main:2539] - [ERROR]  1号端口service出现问题，转到2号端口
2018-11-16 13:07:26 [main:0] - [INFO]  初始化ApplicationContext
2018-11-16 13:07:28 [main:2013] - [DEBUG]  Logging Provider: org.jboss.logging.Log4jLoggerProvider
2018-11-16 13:07:28 [main:2014] - [INFO]  HV000001: Hibernate Validator 6.0.10.Final
2018-11-16 13:07:28 [main:2020] - [DEBUG]  Cannot find javax.persistence.Persistence on classpath. Assuming non JPA 2 environment. All properties will per default be traversable.
2018-11-16 13:07:28 [main:2228] - [INFO]  进入JobServiceChange.getObjService....
2018-11-16 13:07:28 [main:2228] - [INFO]  加载2号端口的service
2018-11-16 13:07:37 [main:0] - [INFO]  初始化ApplicationContext
2018-11-16 13:07:40 [main:2478] - [DEBUG]  Logging Provider: org.jboss.logging.Log4jLoggerProvider
2018-11-16 13:07:40 [main:2479] - [INFO]  HV000001: Hibernate Validator 6.0.10.Final
2018-11-16 13:07:40 [main:2503] - [DEBUG]  Cannot find javax.persistence.Persistence on classpath. Assuming non JPA 2 environment. All properties will per default be traversable.
2018-11-16 13:07:40 [main:3169] - [INFO]  进入JobServiceChange.getObjService....
2018-11-16 13:07:40 [main:3170] - [INFO]  加载2号端口的service
2018-11-16 13:07:50 [main:1] - [INFO]  初始化ApplicationContext
2018-11-16 13:07:52 [main:1888] - [DEBUG]  Logging Provider: org.jboss.logging.Log4jLoggerProvider
2018-11-16 13:07:52 [main:1889] - [INFO]  HV000001: Hibernate Validator 6.0.10.Final
2018-11-16 13:07:52 [main:1903] - [DEBUG]  Cannot find javax.persistence.Persistence on classpath. Assuming non JPA 2 environment. All properties will per default be traversable.
2018-11-16 13:07:53 [main:2372] - [INFO]  进入JobServiceChange.getObjService....
2018-11-16 13:07:53 [main:2372] - [INFO]  加载2号端口的service
2018-11-16 13:08:01 [main:0] - [INFO]  初始化ApplicationContext
2018-11-16 13:08:03 [main:1833] - [DEBUG]  Logging Provider: org.jboss.logging.Log4jLoggerProvider
2018-11-16 13:08:03 [main:1833] - [INFO]  HV000001: Hibernate Validator 6.0.10.Final
2018-11-16 13:08:03 [main:1848] - [DEBUG]  Cannot find javax.persistence.Persistence on classpath. Assuming non JPA 2 environment. All properties will per default be traversable.
2018-11-16 13:08:04 [main:2288] - [INFO]  进入JobServiceChange.getObjService....
2018-11-16 13:08:04 [main:2289] - [INFO]  加载1号端口的service
2018-11-16 13:08:04 [main:2289] - [ERROR]  1号端口service出现问题，转到2号端口
2018-11-16 13:22:48 [main:0] - [INFO]  初始化ApplicationContext
2018-11-16 13:22:50 [main:2003] - [DEBUG]  Logging Provider: org.jboss.logging.Log4jLoggerProvider
2018-11-16 13:22:50 [main:2003] - [INFO]  HV000001: Hibernate Validator 6.0.10.Final
2018-11-16 13:22:50 [main:2017] - [DEBUG]  Cannot find javax.persistence.Persistence on classpath. Assuming non JPA 2 environment. All properties will per default be traversable.
2018-11-16 13:22:51 [Thread-1:2411] - [INFO]  进入JobServiceChange.getObjService....
2018-11-16 13:22:51 [Thread-1:2411] - [INFO]  加载1号端口的service
2018-11-16 13:22:51 [Thread-1:2411] - [ERROR]  1号端口service出现问题，转到2号端口
2018-11-16 13:22:51 [Thread-2:2416] - [INFO]  进入JobServiceChange.getObjService....
2018-11-16 13:22:51 [Thread-2:2416] - [INFO]  加载1号端口的service
2018-11-16 13:22:51 [Thread-2:2416] - [ERROR]  1号端口service出现问题，转到2号端口
2018-11-16 13:23:04 [main:0] - [INFO]  初始化ApplicationContext
2018-11-16 13:23:06 [main:2002] - [DEBUG]  Logging Provider: org.jboss.logging.Log4jLoggerProvider
2018-11-16 13:23:06 [main:2002] - [INFO]  HV000001: Hibernate Validator 6.0.10.Final
2018-11-16 13:23:06 [main:2011] - [DEBUG]  Cannot find javax.persistence.Persistence on classpath. Assuming non JPA 2 environment. All properties will per default be traversable.
2018-11-16 13:23:06 [Thread-1:2397] - [INFO]  进入JobServiceChange.getObjService....
2018-11-16 13:23:06 [Thread-1:2397] - [INFO]  加载1号端口的service
2018-11-16 13:23:06 [Thread-2:2400] - [INFO]  进入JobServiceChange.getObjService....
2018-11-16 13:23:06 [Thread-2:2401] - [INFO]  加载2号端口的service
2018-11-16 13:23:52 [main:0] - [INFO]  初始化ApplicationContext
2018-11-16 13:23:54 [main:2030] - [DEBUG]  Logging Provider: org.jboss.logging.Log4jLoggerProvider
2018-11-16 13:23:54 [main:2031] - [INFO]  HV000001: Hibernate Validator 6.0.10.Final
2018-11-16 13:23:54 [main:2046] - [DEBUG]  Cannot find javax.persistence.Persistence on classpath. Assuming non JPA 2 environment. All properties will per default be traversable.
2018-11-16 13:23:54 [Thread-1:2470] - [INFO]  进入JobServiceChange.getObjService....
2018-11-16 13:23:54 [Thread-2:2470] - [INFO]  进入JobServiceChange.getObjService....
2018-11-16 13:23:54 [Thread-2:2470] - [INFO]  加载2号端口的service
2018-11-16 13:23:54 [Thread-1:2471] - [INFO]  加载1号端口的service
2018-11-16 13:26:59 [main:0] - [INFO]  初始化ApplicationContext
2018-11-16 13:27:00 [main:1086] - [INFO]  进入JobServiceChange.getObjService....
2018-11-16 13:27:00 [main:1086] - [INFO]  加载1号端口的service
2018-11-16 13:27:00 [main:1087] - [ERROR]  1号端口service出现问题，转到2号端口
