2018-01-27 13:16:03  [ main:0 ] - [ DEBUG ]  SpringJUnit4ClassRunner constructor called with [class com.student.service.StudentServiceTest].
2018-01-27 13:16:03  [ main:47 ] - [ DEBUG ]  Delegating to GenericXmlContextLoader to process context configuration [ContextConfigurationAttributes@3c5a99da declaringClass = 'com.student.service.StudentServiceTest', locations = '{classpath:spring-mybatis.xml}', classes = '{}', inheritLocations = true, initializers = '{}', inheritInitializers = true, name = [null], contextLoaderClass = 'org.springframework.test.context.ContextLoader'].
2018-01-27 13:16:03  [ main:47 ] - [ DEBUG ]  Could not find an 'annotation declaring class' for annotation type [org.springframework.test.context.ActiveProfiles] and class [com.student.service.StudentServiceTest]
2018-01-27 13:16:03  [ main:47 ] - [ DEBUG ]  @TestExecutionListeners is not present for class [class com.student.service.StudentServiceTest]: using defaults.
2018-01-27 13:16:03  [ main:63 ] - [ DEBUG ]  Retrieved @ProfileValueSourceConfiguration [null] for test class [com.student.service.StudentServiceTest]
2018-01-27 13:16:03  [ main:63 ] - [ DEBUG ]  Retrieved ProfileValueSource type [class org.springframework.test.annotation.SystemProfileValueSource] for class [com.student.service.StudentServiceTest]
2018-01-27 13:16:03  [ main:78 ] - [ DEBUG ]  Retrieved @ProfileValueSourceConfiguration [null] for test class [com.student.service.StudentServiceTest]
2018-01-27 13:16:03  [ main:78 ] - [ DEBUG ]  Retrieved ProfileValueSource type [class org.springframework.test.annotation.SystemProfileValueSource] for class [com.student.service.StudentServiceTest]
2018-01-27 13:16:03  [ main:78 ] - [ DEBUG ]  Retrieved @ProfileValueSourceConfiguration [null] for test class [com.student.service.StudentServiceTest]
2018-01-27 13:16:03  [ main:78 ] - [ DEBUG ]  Retrieved ProfileValueSource type [class org.springframework.test.annotation.SystemProfileValueSource] for class [com.student.service.StudentServiceTest]
2018-01-27 13:16:03  [ main:78 ] - [ DEBUG ]  Retrieved @ProfileValueSourceConfiguration [null] for test class [com.student.service.StudentServiceTest]
2018-01-27 13:16:03  [ main:78 ] - [ DEBUG ]  Retrieved ProfileValueSource type [class org.springframework.test.annotation.SystemProfileValueSource] for class [com.student.service.StudentServiceTest]
2018-01-27 13:16:03  [ main:78 ] - [ DEBUG ]  Retrieved @ProfileValueSourceConfiguration [null] for test class [com.student.service.StudentServiceTest]
2018-01-27 13:16:03  [ main:78 ] - [ DEBUG ]  Retrieved ProfileValueSource type [class org.springframework.test.annotation.SystemProfileValueSource] for class [com.student.service.StudentServiceTest]
2018-01-27 13:16:03  [ main:78 ] - [ DEBUG ]  Performing dependency injection for test context [[DefaultTestContext@1936f0f5 testClass = StudentServiceTest, testInstance = com.student.service.StudentServiceTest@6615435c, testMethod = [null], testException = [null], mergedContextConfiguration = [MergedContextConfiguration@4909b8da testClass = StudentServiceTest, locations = '{classpath:spring-mybatis.xml}', classes = '{}', contextInitializerClasses = '[]', activeProfiles = '{}', contextLoader = 'org.springframework.test.context.support.DelegatingSmartContextLoader', parent = [null]]]].
2018-01-27 13:16:03  [ main:78 ] - [ DEBUG ]  Delegating to GenericXmlContextLoader to load context from [MergedContextConfiguration@4909b8da testClass = StudentServiceTest, locations = '{classpath:spring-mybatis.xml}', classes = '{}', contextInitializerClasses = '[]', activeProfiles = '{}', contextLoader = 'org.springframework.test.context.support.DelegatingSmartContextLoader', parent = [null]].
2018-01-27 13:16:03  [ main:78 ] - [ DEBUG ]  Loading ApplicationContext for merged context configuration [[MergedContextConfiguration@4909b8da testClass = StudentServiceTest, locations = '{classpath:spring-mybatis.xml}', classes = '{}', contextInitializerClasses = '[]', activeProfiles = '{}', contextLoader = 'org.springframework.test.context.support.DelegatingSmartContextLoader', parent = [null]]].
2018-01-27 13:16:03  [ main:172 ] - [ DEBUG ]  Adding [systemProperties] PropertySource with lowest search precedence
2018-01-27 13:16:03  [ main:188 ] - [ DEBUG ]  Adding [systemEnvironment] PropertySource with lowest search precedence
2018-01-27 13:16:03  [ main:188 ] - [ DEBUG ]  Initialized StandardEnvironment with PropertySources [systemProperties,systemEnvironment]
2018-01-27 13:16:03  [ main:188 ] - [ INFO ]  Loading XML bean definitions from class path resource [spring-mybatis.xml]
2018-01-27 13:16:03  [ main:219 ] - [ DEBUG ]  Using JAXP provider [com.sun.org.apache.xerces.internal.jaxp.DocumentBuilderFactoryImpl]
2018-01-27 13:16:03  [ main:250 ] - [ DEBUG ]  Loading schema mappings from [META-INF/spring.schemas]
2018-01-27 13:16:03  [ main:250 ] - [ DEBUG ]  Loaded schema mappings: {http://www.springframework.org/schema/tx/spring-tx-2.5.xsd=org/springframework/transaction/config/spring-tx-2.5.xsd, http://www.springframework.org/schema/context/spring-context-3.1.xsd=org/springframework/context/config/spring-context-3.1.xsd, http://www.springframework.org/schema/util/spring-util-3.0.xsd=org/springframework/beans/factory/xml/spring-util-3.0.xsd, http://mybatis.org/schema/mybatis-spring-1.2.xsd=org/mybatis/spring/config/mybatis-spring-1.2.xsd, http://www.springframework.org/schema/aop/spring-aop-3.2.xsd=org/springframework/aop/config/spring-aop-3.2.xsd, http://www.springframework.org/schema/tool/spring-tool.xsd=org/springframework/beans/factory/xml/spring-tool-4.0.xsd, http://www.springframework.org/schema/context/spring-context-4.0.xsd=org/springframework/context/config/spring-context-4.0.xsd, http://www.springframework.org/schema/mvc/spring-mvc-3.2.xsd=org/springframework/web/servlet/config/spring-mvc-3.2.xsd, http://www.springframework.org/schema/oxm/spring-oxm-3.0.xsd=org/springframework/oxm/config/spring-oxm-3.0.xsd, http://www.springframework.org/schema/lang/spring-lang-3.2.xsd=org/springframework/scripting/config/spring-lang-3.2.xsd, http://www.springframework.org/schema/cache/spring-cache-3.2.xsd=org/springframework/cache/config/spring-cache-3.2.xsd, http://www.springframework.org/schema/jdbc/spring-jdbc-3.1.xsd=org/springframework/jdbc/config/spring-jdbc-3.1.xsd, http://www.springframework.org/schema/util/spring-util-2.0.xsd=org/springframework/beans/factory/xml/spring-util-2.0.xsd, http://www.springframework.org/schema/tool/spring-tool-3.2.xsd=org/springframework/beans/factory/xml/spring-tool-3.2.xsd, http://www.springframework.org/schema/context/spring-context.xsd=org/springframework/context/config/spring-context-4.0.xsd, http://www.springframework.org/schema/aop/spring-aop-4.0.xsd=org/springframework/aop/config/spring-aop-4.0.xsd, http://www.springframework.org/schema/jee/spring-jee-3.2.xsd=org/springframework/ejb/config/spring-jee-3.2.xsd, http://www.springframework.org/schema/context/spring-context-3.0.xsd=org/springframework/context/config/spring-context-3.0.xsd, http://www.springframework.org/schema/jdbc/spring-jdbc-4.0.xsd=org/springframework/jdbc/config/spring-jdbc-4.0.xsd, http://www.springframework.org/schema/util/spring-util-2.5.xsd=org/springframework/beans/factory/xml/spring-util-2.5.xsd, http://www.springframework.org/schema/mvc/spring-mvc-4.0.xsd=org/springframework/web/servlet/config/spring-mvc-4.0.xsd, http://www.springframework.org/schema/beans/spring-beans-3.2.xsd=org/springframework/beans/factory/xml/spring-beans-3.2.xsd, http://www.springframework.org/schema/aop/spring-aop-3.1.xsd=org/springframework/aop/config/spring-aop-3.1.xsd, http://www.springframework.org/schema/lang/spring-lang-4.0.xsd=org/springframework/scripting/config/spring-lang-4.0.xsd, http://www.springframework.org/schema/mvc/spring-mvc.xsd=org/springframework/web/servlet/config/spring-mvc-4.0.xsd, http://www.springframework.org/schema/mvc/spring-mvc-3.1.xsd=org/springframework/web/servlet/config/spring-mvc-3.1.xsd, http://www.springframework.org/schema/tool/spring-tool-4.0.xsd=org/springframework/beans/factory/xml/spring-tool-4.0.xsd, http://www.springframework.org/schema/lang/spring-lang-3.1.xsd=org/springframework/scripting/config/spring-lang-3.1.xsd, http://www.springframework.org/schema/tx/spring-tx-3.2.xsd=org/springframework/transaction/config/spring-tx-3.2.xsd, http://www.springframework.org/schema/cache/spring-cache-3.1.xsd=org/springframework/cache/config/spring-cache-3.1.xsd, http://www.springframework.org/schema/jee/spring-jee-4.0.xsd=org/springframework/ejb/config/spring-jee-4.0.xsd, http://www.springframework.org/schema/jdbc/spring-jdbc-3.0.xsd=org/springframework/jdbc/config/spring-jdbc-3.0.xsd, http://www.springframework.org/schema/jdbc/spring-jdbc.xsd=org/springframework/jdbc/config/spring-jdbc-4.0.xsd, http://www.springframework.org/schema/tool/spring-tool-3.1.xsd=org/springframework/beans/factory/xml/spring-tool-3.1.xsd, http://www.springframework.org/schema/cache/spring-cache-4.0.xsd=org/springframework/cache/config/spring-cache-4.0.xsd, http://www.springframework.org/schema/jee/spring-jee-3.1.xsd=org/springframework/ejb/config/spring-jee-3.1.xsd, http://www.springframework.org/schema/task/spring-task-3.2.xsd=org/springframework/scheduling/config/spring-task-3.2.xsd, http://www.springframework.org/schema/beans/spring-beans-3.1.xsd=org/springframework/beans/factory/xml/spring-beans-3.1.xsd, http://www.springframework.org/schema/util/spring-util.xsd=org/springframework/beans/factory/xml/spring-util-4.0.xsd, http://www.springframework.org/schema/aop/spring-aop-3.0.xsd=org/springframework/aop/config/spring-aop-3.0.xsd, http://www.springframework.org/schema/mvc/spring-mvc-3.0.xsd=org/springframework/web/servlet/config/spring-mvc-3.0.xsd, http://www.springframework.org/schema/beans/spring-beans-4.0.xsd=org/springframework/beans/factory/xml/spring-beans-4.0.xsd, http://www.springframework.org/schema/beans/spring-beans.xsd=org/springframework/beans/factory/xml/spring-beans-4.0.xsd, http://mybatis.org/schema/mybatis-spring.xsd=org/mybatis/spring/config/mybatis-spring-1.2.xsd, http://www.springframework.org/schema/lang/spring-lang-3.0.xsd=org/springframework/scripting/config/spring-lang-3.0.xsd, http://www.springframework.org/schema/tx/spring-tx-3.1.xsd=org/springframework/transaction/config/spring-tx-3.1.xsd, http://www.springframework.org/schema/context/spring-context-2.5.xsd=org/springframework/context/config/spring-context-2.5.xsd, http://www.springframework.org/schema/task/spring-task-4.0.xsd=org/springframework/scheduling/config/spring-task-4.0.xsd, http://www.springframework.org/schema/tool/spring-tool-3.0.xsd=org/springframework/beans/factory/xml/spring-tool-3.0.xsd, http://www.springframework.org/schema/tx/spring-tx-4.0.xsd=org/springframework/transaction/config/spring-tx-4.0.xsd, http://www.springframework.org/schema/aop/spring-aop-2.0.xsd=org/springframework/aop/config/spring-aop-2.0.xsd, http://www.springframework.org/schema/jee/spring-jee-3.0.xsd=org/springframework/ejb/config/spring-jee-3.0.xsd, http://www.springframework.org/schema/task/spring-task-3.1.xsd=org/springframework/scheduling/config/spring-task-3.1.xsd, http://www.springframework.org/schema/beans/spring-beans-3.0.xsd=org/springframework/beans/factory/xml/spring-beans-3.0.xsd, http://www.springframework.org/schema/jee/spring-jee.xsd=org/springframework/ejb/config/spring-jee-4.0.xsd, http://www.springframework.org/schema/aop/spring-aop-2.5.xsd=org/springframework/aop/config/spring-aop-2.5.xsd, http://www.springframework.org/schema/lang/spring-lang-2.0.xsd=org/springframework/scripting/config/spring-lang-2.0.xsd, http://www.springframework.org/schema/oxm/spring-oxm.xsd=org/springframework/oxm/config/spring-oxm-4.0.xsd, http://www.springframework.org/schema/util/spring-util-3.2.xsd=org/springframework/beans/factory/xml/spring-util-3.2.xsd, http://www.springframework.org/schema/task/spring-task.xsd=org/springframework/scheduling/config/spring-task-4.0.xsd, http://www.springframework.org/schema/tool/spring-tool-2.0.xsd=org/springframework/beans/factory/xml/spring-tool-2.0.xsd, http://www.springframework.org/schema/tx/spring-tx-3.0.xsd=org/springframework/transaction/config/spring-tx-3.0.xsd, http://www.springframework.org/schema/lang/spring-lang-2.5.xsd=org/springframework/scripting/config/spring-lang-2.5.xsd, http://www.springframework.org/schema/jee/spring-jee-2.0.xsd=org/springframework/ejb/config/spring-jee-2.0.xsd, http://www.springframework.org/schema/oxm/spring-oxm-3.2.xsd=org/springframework/oxm/config/spring-oxm-3.2.xsd, http://www.springframework.org/schema/tool/spring-tool-2.5.xsd=org/springframework/beans/factory/xml/spring-tool-2.5.xsd, http://www.springframework.org/schema/jee/spring-jee-2.5.xsd=org/springframework/ejb/config/spring-jee-2.5.xsd, http://www.springframework.org/schema/util/spring-util-4.0.xsd=org/springframework/beans/factory/xml/spring-util-4.0.xsd, http://www.springframework.org/schema/task/spring-task-3.0.xsd=org/springframework/scheduling/config/spring-task-3.0.xsd, http://www.springframework.org/schema/lang/spring-lang.xsd=org/springframework/scripting/config/spring-lang-4.0.xsd, http://www.springframework.org/schema/context/spring-context-3.2.xsd=org/springframework/context/config/spring-context-3.2.xsd, http://www.springframework.org/schema/util/spring-util-3.1.xsd=org/springframework/beans/factory/xml/spring-util-3.1.xsd, http://www.springframework.org/schema/beans/spring-beans-2.0.xsd=org/springframework/beans/factory/xml/spring-beans-2.0.xsd, http://www.springframework.org/schema/oxm/spring-oxm-4.0.xsd=org/springframework/oxm/config/spring-oxm-4.0.xsd, http://www.springframework.org/schema/cache/spring-cache.xsd=org/springframework/cache/config/spring-cache-4.0.xsd, http://www.springframework.org/schema/tx/spring-tx.xsd=org/springframework/transaction/config/spring-tx-4.0.xsd, http://www.springframework.org/schema/beans/spring-beans-2.5.xsd=org/springframework/beans/factory/xml/spring-beans-2.5.xsd, http://www.springframework.org/schema/oxm/spring-oxm-3.1.xsd=org/springframework/oxm/config/spring-oxm-3.1.xsd, http://www.springframework.org/schema/tx/spring-tx-2.0.xsd=org/springframework/transaction/config/spring-tx-2.0.xsd, http://www.springframework.org/schema/jdbc/spring-jdbc-3.2.xsd=org/springframework/jdbc/config/spring-jdbc-3.2.xsd, http://www.springframework.org/schema/aop/spring-aop.xsd=org/springframework/aop/config/spring-aop-4.0.xsd}
2018-01-27 13:16:03  [ main:250 ] - [ DEBUG ]  Found XML schema [http://www.springframework.org/schema/beans/spring-beans.xsd] in classpath: org/springframework/beans/factory/xml/spring-beans-4.0.xsd
2018-01-27 13:16:03  [ main:302 ] - [ DEBUG ]  Found XML schema [http://www.springframework.org/schema/context/spring-context.xsd] in classpath: org/springframework/context/config/spring-context-4.0.xsd
2018-01-27 13:16:03  [ main:304 ] - [ DEBUG ]  Found XML schema [http://www.springframework.org/schema/tool/spring-tool-4.0.xsd] in classpath: org/springframework/beans/factory/xml/spring-tool-4.0.xsd
2018-01-27 13:16:03  [ main:304 ] - [ DEBUG ]  Found XML schema [http://www.springframework.org/schema/aop/spring-aop.xsd] in classpath: org/springframework/aop/config/spring-aop-4.0.xsd
2018-01-27 13:16:03  [ main:320 ] - [ DEBUG ]  Loading bean definitions
2018-01-27 13:16:03  [ main:336 ] - [ DEBUG ]  Loaded NamespaceHandler mappings: {http://www.springframework.org/schema/p=org.springframework.beans.factory.xml.SimplePropertyNamespaceHandler, http://www.springframework.org/schema/mvc=org.springframework.web.servlet.config.MvcNamespaceHandler, http://www.springframework.org/schema/util=org.springframework.beans.factory.xml.UtilNamespaceHandler, http://www.springframework.org/schema/jee=org.springframework.ejb.config.JeeNamespaceHandler, http://www.springframework.org/schema/aop=org.springframework.aop.config.AopNamespaceHandler, http://www.springframework.org/schema/jdbc=org.springframework.jdbc.config.JdbcNamespaceHandler, http://www.springframework.org/schema/oxm=org.springframework.oxm.config.OxmNamespaceHandler, http://www.springframework.org/schema/cache=org.springframework.cache.config.CacheNamespaceHandler, http://mybatis.org/schema/mybatis-spring=org.mybatis.spring.config.NamespaceHandler, http://www.springframework.org/schema/c=org.springframework.beans.factory.xml.SimpleConstructorNamespaceHandler, http://www.springframework.org/schema/tx=org.springframework.transaction.config.TxNamespaceHandler, http://www.springframework.org/schema/task=org.springframework.scheduling.config.TaskNamespaceHandler, http://www.springframework.org/schema/lang=org.springframework.scripting.config.LangNamespaceHandler, http://www.springframework.org/schema/context=org.springframework.context.config.ContextNamespaceHandler}
2018-01-27 13:16:03  [ main:351 ] - [ DEBUG ]  JSR-250 'javax.annotation.ManagedBean' found and supported for component scanning
2018-01-27 13:16:03  [ main:351 ] - [ DEBUG ]  JSR-330 'javax.inject.Named' annotation found and supported for component scanning
2018-01-27 13:16:03  [ main:351 ] - [ DEBUG ]  Looking for matching resources in directory tree [D:\student-副本1\target\classes\com\student\aop]
2018-01-27 13:16:03  [ main:351 ] - [ DEBUG ]  Searching directory [D:\student-副本1\target\classes\com\student\aop] for files matching pattern [D:/student-副本1/target/classes/com/student/aop/**/*.class]
2018-01-27 13:16:03  [ main:367 ] - [ DEBUG ]  Resolved location pattern [classpath*:com/student/aop/**/*.class] to resources [file [D:\student-副本1\target\classes\com\student\aop\StatisticalTime.class]]
2018-01-27 13:16:03  [ main:382 ] - [ DEBUG ]  Identified candidate component class: file [D:\student-副本1\target\classes\com\student\aop\StatisticalTime.class]
2018-01-27 13:16:03  [ main:398 ] - [ DEBUG ]  JSR-250 'javax.annotation.ManagedBean' found and supported for component scanning
2018-01-27 13:16:03  [ main:398 ] - [ DEBUG ]  JSR-330 'javax.inject.Named' annotation found and supported for component scanning
2018-01-27 13:16:03  [ main:398 ] - [ DEBUG ]  Looking for matching resources in directory tree [D:\student-副本1\target\test-classes\com\student\service]
2018-01-27 13:16:03  [ main:398 ] - [ DEBUG ]  Searching directory [D:\student-副本1\target\test-classes\com\student\service] for files matching pattern [D:/student-副本1/target/test-classes/com/student/service/**/*.class]
2018-01-27 13:16:03  [ main:398 ] - [ DEBUG ]  Looking for matching resources in directory tree [D:\student-副本1\target\classes\com\student\service]
2018-01-27 13:16:03  [ main:398 ] - [ DEBUG ]  Searching directory [D:\student-副本1\target\classes\com\student\service] for files matching pattern [D:/student-副本1/target/classes/com/student/service/**/*.class]
2018-01-27 13:16:03  [ main:398 ] - [ DEBUG ]  Resolved location pattern [classpath*:com/student/service/**/*.class] to resources [file [D:\student-副本1\target\test-classes\com\student\service\StudentServiceTest.class], file [D:\student-副本1\target\classes\com\student\service\StudentService.class], file [D:\student-副本1\target\classes\com\student\service\StudentServiceIpl.class]]
2018-01-27 13:16:03  [ main:415 ] - [ DEBUG ]  Identified candidate component class: file [D:\student-副本1\target\classes\com\student\service\StudentServiceIpl.class]
2018-01-27 13:16:03  [ main:416 ] - [ DEBUG ]  JSR-250 'javax.annotation.ManagedBean' found and supported for component scanning
2018-01-27 13:16:03  [ main:416 ] - [ DEBUG ]  JSR-330 'javax.inject.Named' annotation found and supported for component scanning
2018-01-27 13:16:03  [ main:417 ] - [ DEBUG ]  Looking for matching resources in directory tree [D:\student-副本1\target\classes\com\student\controller]
2018-01-27 13:16:03  [ main:417 ] - [ DEBUG ]  Searching directory [D:\student-副本1\target\classes\com\student\controller] for files matching pattern [D:/student-副本1/target/classes/com/student/controller/**/*.class]
2018-01-27 13:16:03  [ main:417 ] - [ DEBUG ]  Resolved location pattern [classpath*:com/student/controller/**/*.class] to resources [file [D:\student-副本1\target\classes\com\student\controller\StudentController.class]]
2018-01-27 13:16:03  [ main:417 ] - [ DEBUG ]  Identified candidate component class: file [D:\student-副本1\target\classes\com\student\controller\StudentController.class]
2018-01-27 13:16:03  [ main:433 ] - [ DEBUG ]  Neither XML 'id' nor 'name' specified - using generated bean name [org.mybatis.spring.mapper.MapperScannerConfigurer#0]
2018-01-27 13:16:03  [ main:433 ] - [ DEBUG ]  Loaded 13 bean definitions from location pattern [classpath:spring-mybatis.xml]
2018-01-27 13:16:03  [ main:433 ] - [ INFO ]  Refreshing org.springframework.context.support.GenericApplicationContext@1efbd816: startup date [Sat Jan 27 13:16:03 GMT+08:00 2018]; root of context hierarchy
2018-01-27 13:16:03  [ main:433 ] - [ DEBUG ]  Bean factory for org.springframework.context.support.GenericApplicationContext@1efbd816: org.springframework.beans.factory.support.DefaultListableBeanFactory@770c2e6b: defining beans [statisticalTime,org.springframework.context.annotation.internalConfigurationAnnotationProcessor,org.springframework.context.annotation.internalAutowiredAnnotationProcessor,org.springframework.context.annotation.internalRequiredAnnotationProcessor,org.springframework.context.annotation.internalCommonAnnotationProcessor,studentServiceIpl,studentController,org.springframework.aop.config.internalAutoProxyCreator,org.springframework.context.support.PropertySourcesPlaceholderConfigurer#0,dataSource,sqlSessionFactory,org.mybatis.spring.mapper.MapperScannerConfigurer#0,transactionManager]; root of factory hierarchy
2018-01-27 13:16:03  [ main:448 ] - [ DEBUG ]  Creating shared instance of singleton bean 'org.springframework.context.annotation.internalConfigurationAnnotationProcessor'
2018-01-27 13:16:03  [ main:448 ] - [ DEBUG ]  Creating instance of bean 'org.springframework.context.annotation.internalConfigurationAnnotationProcessor'
2018-01-27 13:16:03  [ main:464 ] - [ DEBUG ]  Eagerly caching bean 'org.springframework.context.annotation.internalConfigurationAnnotationProcessor' to allow for resolving potential circular references
2018-01-27 13:16:03  [ main:464 ] - [ DEBUG ]  Finished creating instance of bean 'org.springframework.context.annotation.internalConfigurationAnnotationProcessor'
2018-01-27 13:16:03  [ main:495 ] - [ DEBUG ]  Creating shared instance of singleton bean 'org.mybatis.spring.mapper.MapperScannerConfigurer#0'
2018-01-27 13:16:03  [ main:495 ] - [ DEBUG ]  Creating instance of bean 'org.mybatis.spring.mapper.MapperScannerConfigurer#0'
2018-01-27 13:16:03  [ main:495 ] - [ DEBUG ]  Eagerly caching bean 'org.mybatis.spring.mapper.MapperScannerConfigurer#0' to allow for resolving potential circular references
2018-01-27 13:16:03  [ main:542 ] - [ DEBUG ]  Invoking afterPropertiesSet() on bean with name 'org.mybatis.spring.mapper.MapperScannerConfigurer#0'
2018-01-27 13:16:03  [ main:542 ] - [ DEBUG ]  Finished creating instance of bean 'org.mybatis.spring.mapper.MapperScannerConfigurer#0'
2018-01-27 13:16:03  [ main:542 ] - [ DEBUG ]  Adding [systemProperties] PropertySource with lowest search precedence
2018-01-27 13:16:03  [ main:542 ] - [ DEBUG ]  Adding [systemEnvironment] PropertySource with lowest search precedence
2018-01-27 13:16:03  [ main:542 ] - [ DEBUG ]  Initialized StandardEnvironment with PropertySources [systemProperties,systemEnvironment]
2018-01-27 13:16:03  [ main:542 ] - [ DEBUG ]  Looking for matching resources in directory tree [D:\student-副本1\target\classes\com\student\dao]
2018-01-27 13:16:03  [ main:542 ] - [ DEBUG ]  Searching directory [D:\student-副本1\target\classes\com\student\dao] for files matching pattern [D:/student-副本1/target/classes/com/student/dao/**/*.class]
2018-01-27 13:16:03  [ main:542 ] - [ DEBUG ]  Resolved location pattern [classpath*:com/student/dao/**/*.class] to resources [file [D:\student-副本1\target\classes\com\student\dao\StudentDao.class]]
2018-01-27 13:16:03  [ main:542 ] - [ DEBUG ]  Identified candidate component class: file [D:\student-副本1\target\classes\com\student\dao\StudentDao.class]
2018-01-27 13:16:03  [ main:542 ] - [ DEBUG ]  Creating MapperFactoryBean with name 'studentDao' and 'com.student.dao.StudentDao' mapperInterface
2018-01-27 13:16:03  [ main:542 ] - [ DEBUG ]  Creating shared instance of singleton bean 'org.springframework.context.support.PropertySourcesPlaceholderConfigurer#0'
2018-01-27 13:16:03  [ main:542 ] - [ DEBUG ]  Creating instance of bean 'org.springframework.context.support.PropertySourcesPlaceholderConfigurer#0'
2018-01-27 13:16:03  [ main:542 ] - [ DEBUG ]  Eagerly caching bean 'org.springframework.context.support.PropertySourcesPlaceholderConfigurer#0' to allow for resolving potential circular references
2018-01-27 13:16:03  [ main:558 ] - [ DEBUG ]  Finished creating instance of bean 'org.springframework.context.support.PropertySourcesPlaceholderConfigurer#0'
2018-01-27 13:16:03  [ main:558 ] - [ DEBUG ]  Adding [environmentProperties] PropertySource with lowest search precedence
2018-01-27 13:16:03  [ main:558 ] - [ INFO ]  Loading properties file from class path resource [JDBC.properties]
2018-01-27 13:16:03  [ main:558 ] - [ DEBUG ]  Adding [localProperties] PropertySource with lowest search precedence
2018-01-27 13:16:03  [ main:558 ] - [ DEBUG ]  Searching for key 'jdbc.driver' in [environmentProperties]
2018-01-27 13:16:03  [ main:558 ] - [ DEBUG ]  Searching for key 'jdbc.driver' in [systemProperties]
2018-01-27 13:16:03  [ main:558 ] - [ DEBUG ]  Searching for key 'jdbc.driver' in [systemEnvironment]
2018-01-27 13:16:03  [ main:558 ] - [ DEBUG ]  Could not find key 'jdbc.driver' in any property source. Returning [null]
2018-01-27 13:16:03  [ main:558 ] - [ DEBUG ]  Searching for key 'jdbc.driver' in [localProperties]
2018-01-27 13:16:03  [ main:558 ] - [ DEBUG ]  Found key 'jdbc.driver' in [localProperties] with type [String] and value 'com.mysql.jdbc.Driver'
2018-01-27 13:16:03  [ main:558 ] - [ DEBUG ]  Searching for key 'jdbc.url' in [environmentProperties]
2018-01-27 13:16:03  [ main:558 ] - [ DEBUG ]  Searching for key 'jdbc.url' in [systemProperties]
2018-01-27 13:16:03  [ main:558 ] - [ DEBUG ]  Searching for key 'jdbc.url' in [systemEnvironment]
2018-01-27 13:16:03  [ main:558 ] - [ DEBUG ]  Could not find key 'jdbc.url' in any property source. Returning [null]
2018-01-27 13:16:03  [ main:558 ] - [ DEBUG ]  Searching for key 'jdbc.url' in [localProperties]
2018-01-27 13:16:03  [ main:558 ] - [ DEBUG ]  Found key 'jdbc.url' in [localProperties] with type [String] and value 'jdbc:mysql://localhost:3306/mybatis?useUnicode=true&characterEncoding=utf8'
2018-01-27 13:16:03  [ main:558 ] - [ DEBUG ]  Searching for key 'jdbc.username' in [environmentProperties]
2018-01-27 13:16:03  [ main:558 ] - [ DEBUG ]  Searching for key 'jdbc.username' in [systemProperties]
2018-01-27 13:16:03  [ main:558 ] - [ DEBUG ]  Searching for key 'jdbc.username' in [systemEnvironment]
2018-01-27 13:16:03  [ main:558 ] - [ DEBUG ]  Could not find key 'jdbc.username' in any property source. Returning [null]
2018-01-27 13:16:03  [ main:558 ] - [ DEBUG ]  Searching for key 'jdbc.username' in [localProperties]
2018-01-27 13:16:03  [ main:558 ] - [ DEBUG ]  Found key 'jdbc.username' in [localProperties] with type [String] and value 'root'
2018-01-27 13:16:03  [ main:558 ] - [ DEBUG ]  Searching for key 'jdbc.password' in [environmentProperties]
2018-01-27 13:16:03  [ main:558 ] - [ DEBUG ]  Searching for key 'jdbc.password' in [systemProperties]
2018-01-27 13:16:03  [ main:558 ] - [ DEBUG ]  Searching for key 'jdbc.password' in [systemEnvironment]
2018-01-27 13:16:03  [ main:558 ] - [ DEBUG ]  Could not find key 'jdbc.password' in any property source. Returning [null]
2018-01-27 13:16:03  [ main:558 ] - [ DEBUG ]  Searching for key 'jdbc.password' in [localProperties]
2018-01-27 13:16:03  [ main:558 ] - [ DEBUG ]  Found key 'jdbc.password' in [localProperties] with type [String] and value '123456'
2018-01-27 13:16:03  [ main:573 ] - [ DEBUG ]  Creating shared instance of singleton bean 'org.springframework.context.annotation.internalAutowiredAnnotationProcessor'
2018-01-27 13:16:03  [ main:573 ] - [ DEBUG ]  Creating instance of bean 'org.springframework.context.annotation.internalAutowiredAnnotationProcessor'
2018-01-27 13:16:03  [ main:573 ] - [ INFO ]  JSR-330 'javax.inject.Inject' annotation found and supported for autowiring
2018-01-27 13:16:03  [ main:573 ] - [ DEBUG ]  Eagerly caching bean 'org.springframework.context.annotation.internalAutowiredAnnotationProcessor' to allow for resolving potential circular references
2018-01-27 13:16:03  [ main:573 ] - [ DEBUG ]  Finished creating instance of bean 'org.springframework.context.annotation.internalAutowiredAnnotationProcessor'
2018-01-27 13:16:03  [ main:573 ] - [ DEBUG ]  Creating shared instance of singleton bean 'org.springframework.context.annotation.internalRequiredAnnotationProcessor'
2018-01-27 13:16:03  [ main:573 ] - [ DEBUG ]  Creating instance of bean 'org.springframework.context.annotation.internalRequiredAnnotationProcessor'
2018-01-27 13:16:03  [ main:573 ] - [ DEBUG ]  Eagerly caching bean 'org.springframework.context.annotation.internalRequiredAnnotationProcessor' to allow for resolving potential circular references
2018-01-27 13:16:03  [ main:573 ] - [ DEBUG ]  Finished creating instance of bean 'org.springframework.context.annotation.internalRequiredAnnotationProcessor'
2018-01-27 13:16:03  [ main:573 ] - [ DEBUG ]  Creating shared instance of singleton bean 'org.springframework.context.annotation.internalCommonAnnotationProcessor'
2018-01-27 13:16:03  [ main:573 ] - [ DEBUG ]  Creating instance of bean 'org.springframework.context.annotation.internalCommonAnnotationProcessor'
2018-01-27 13:16:03  [ main:573 ] - [ DEBUG ]  Eagerly caching bean 'org.springframework.context.annotation.internalCommonAnnotationProcessor' to allow for resolving potential circular references
2018-01-27 13:16:03  [ main:573 ] - [ DEBUG ]  Finished creating instance of bean 'org.springframework.context.annotation.internalCommonAnnotationProcessor'
2018-01-27 13:16:03  [ main:573 ] - [ DEBUG ]  Creating shared instance of singleton bean 'org.springframework.context.annotation.ConfigurationClassPostProcessor.importAwareProcessor'
2018-01-27 13:16:03  [ main:573 ] - [ DEBUG ]  Creating instance of bean 'org.springframework.context.annotation.ConfigurationClassPostProcessor.importAwareProcessor'
2018-01-27 13:16:03  [ main:573 ] - [ DEBUG ]  Eagerly caching bean 'org.springframework.context.annotation.ConfigurationClassPostProcessor.importAwareProcessor' to allow for resolving potential circular references
2018-01-27 13:16:03  [ main:573 ] - [ DEBUG ]  Finished creating instance of bean 'org.springframework.context.annotation.ConfigurationClassPostProcessor.importAwareProcessor'
2018-01-27 13:16:03  [ main:573 ] - [ DEBUG ]  Creating shared instance of singleton bean 'org.springframework.context.annotation.ConfigurationClassPostProcessor.enhancedConfigurationProcessor'
2018-01-27 13:16:03  [ main:573 ] - [ DEBUG ]  Creating instance of bean 'org.springframework.context.annotation.ConfigurationClassPostProcessor.enhancedConfigurationProcessor'
2018-01-27 13:16:03  [ main:573 ] - [ DEBUG ]  Eagerly caching bean 'org.springframework.context.annotation.ConfigurationClassPostProcessor.enhancedConfigurationProcessor' to allow for resolving potential circular references
2018-01-27 13:16:03  [ main:573 ] - [ DEBUG ]  Finished creating instance of bean 'org.springframework.context.annotation.ConfigurationClassPostProcessor.enhancedConfigurationProcessor'
2018-01-27 13:16:03  [ main:573 ] - [ DEBUG ]  Creating shared instance of singleton bean 'org.springframework.aop.config.internalAutoProxyCreator'
2018-01-27 13:16:03  [ main:573 ] - [ DEBUG ]  Creating instance of bean 'org.springframework.aop.config.internalAutoProxyCreator'
2018-01-27 13:16:03  [ main:605 ] - [ DEBUG ]  Eagerly caching bean 'org.springframework.aop.config.internalAutoProxyCreator' to allow for resolving potential circular references
2018-01-27 13:16:03  [ main:620 ] - [ DEBUG ]  Finished creating instance of bean 'org.springframework.aop.config.internalAutoProxyCreator'
2018-01-27 13:16:03  [ main:620 ] - [ DEBUG ]  Unable to locate MessageSource with name 'messageSource': using default [org.springframework.context.support.DelegatingMessageSource@35cabb2a]
2018-01-27 13:16:03  [ main:620 ] - [ DEBUG ]  Unable to locate ApplicationEventMulticaster with name 'applicationEventMulticaster': using default [org.springframework.context.event.SimpleApplicationEventMulticaster@223d2c72]
2018-01-27 13:16:03  [ main:620 ] - [ DEBUG ]  Pre-instantiating singletons in org.springframework.beans.factory.support.DefaultListableBeanFactory@770c2e6b: defining beans [statisticalTime,org.springframework.context.annotation.internalConfigurationAnnotationProcessor,org.springframework.context.annotation.internalAutowiredAnnotationProcessor,org.springframework.context.annotation.internalRequiredAnnotationProcessor,org.springframework.context.annotation.internalCommonAnnotationProcessor,studentServiceIpl,studentController,org.springframework.aop.config.internalAutoProxyCreator,org.springframework.context.support.PropertySourcesPlaceholderConfigurer#0,dataSource,sqlSessionFactory,org.mybatis.spring.mapper.MapperScannerConfigurer#0,transactionManager,org.springframework.context.annotation.ConfigurationClassPostProcessor.importAwareProcessor,org.springframework.context.annotation.ConfigurationClassPostProcessor.enhancedConfigurationProcessor,studentDao]; root of factory hierarchy
2018-01-27 13:16:03  [ main:620 ] - [ DEBUG ]  Creating shared instance of singleton bean 'statisticalTime'
2018-01-27 13:16:03  [ main:620 ] - [ DEBUG ]  Creating instance of bean 'statisticalTime'
2018-01-27 13:16:03  [ main:636 ] - [ DEBUG ]  Eagerly caching bean 'statisticalTime' to allow for resolving potential circular references
2018-01-27 13:16:03  [ main:651 ] - [ DEBUG ]  Finished creating instance of bean 'statisticalTime'
2018-01-27 13:16:03  [ main:651 ] - [ DEBUG ]  Returning cached instance of singleton bean 'org.springframework.context.annotation.internalConfigurationAnnotationProcessor'
2018-01-27 13:16:03  [ main:651 ] - [ DEBUG ]  Returning cached instance of singleton bean 'org.springframework.context.annotation.internalAutowiredAnnotationProcessor'
2018-01-27 13:16:03  [ main:651 ] - [ DEBUG ]  Returning cached instance of singleton bean 'org.springframework.context.annotation.internalRequiredAnnotationProcessor'
2018-01-27 13:16:03  [ main:651 ] - [ DEBUG ]  Returning cached instance of singleton bean 'org.springframework.context.annotation.internalCommonAnnotationProcessor'
2018-01-27 13:16:03  [ main:651 ] - [ DEBUG ]  Creating shared instance of singleton bean 'studentServiceIpl'
2018-01-27 13:16:03  [ main:651 ] - [ DEBUG ]  Creating instance of bean 'studentServiceIpl'
2018-01-27 13:16:04  [ main:683 ] - [ DEBUG ]  Found AspectJ method: public void com.student.aop.StatisticalTime.controllerStartTime()
2018-01-27 13:16:04  [ main:683 ] - [ DEBUG ]  Found AspectJ method: public void com.student.aop.StatisticalTime.startTime()
2018-01-27 13:16:04  [ main:683 ] - [ DEBUG ]  Found AspectJ method: public void com.student.aop.StatisticalTime.controllerEndTime()
2018-01-27 13:16:04  [ main:683 ] - [ DEBUG ]  Found AspectJ method: public void com.student.aop.StatisticalTime.endTime()
2018-01-27 13:16:04  [ main:683 ] - [ DEBUG ]  Registered injected element on class [com.student.service.StudentServiceIpl]: ResourceElement for private com.student.dao.StudentDao com.student.service.StudentServiceIpl.studentDao
2018-01-27 13:16:04  [ main:683 ] - [ DEBUG ]  Eagerly caching bean 'studentServiceIpl' to allow for resolving potential circular references
2018-01-27 13:16:04  [ main:698 ] - [ DEBUG ]  Processing injected method of bean 'studentServiceIpl': ResourceElement for private com.student.dao.StudentDao com.student.service.StudentServiceIpl.studentDao
2018-01-27 13:16:04  [ main:698 ] - [ DEBUG ]  Creating shared instance of singleton bean 'studentDao'
2018-01-27 13:16:04  [ main:698 ] - [ DEBUG ]  Creating instance of bean 'studentDao'
2018-01-27 13:16:04  [ main:698 ] - [ DEBUG ]  Eagerly caching bean 'studentDao' to allow for resolving potential circular references
2018-01-27 13:16:04  [ main:714 ] - [ DEBUG ]  Creating shared instance of singleton bean 'sqlSessionFactory'
2018-01-27 13:16:04  [ main:714 ] - [ DEBUG ]  Creating instance of bean 'sqlSessionFactory'
2018-01-27 13:16:04  [ main:725 ] - [ DEBUG ]  Logging initialized using 'class org.apache.ibatis.logging.slf4j.Slf4jImpl' adapter.
2018-01-27 13:16:04  [ main:731 ] - [ DEBUG ]  Eagerly caching bean 'sqlSessionFactory' to allow for resolving potential circular references
2018-01-27 13:16:04  [ main:736 ] - [ DEBUG ]  Creating shared instance of singleton bean 'dataSource'
2018-01-27 13:16:04  [ main:736 ] - [ DEBUG ]  Creating instance of bean 'dataSource'
2018-01-27 13:16:04  [ MLog-Init-Reporter:752 ] - [ INFO ]  MLog clients using slf4j logging.
2018-01-27 13:16:04  [ MLog-Init-Reporter:768 ] - [ DEBUG ]  Reading VM config for path list /com/mchange/v2/log/default-mchange-log.properties, /mchange-commons.properties, /c3p0.properties, hocon:/reference,/application,/c3p0,/, /mchange-log.properties, /
2018-01-27 13:16:04  [ MLog-Init-Reporter:768 ] - [ DEBUG ]  The configuration file for resource identifier '/mchange-commons.properties' could not be found. Skipping.
2018-01-27 13:16:04  [ MLog-Init-Reporter:768 ] - [ DEBUG ]  The configuration file for resource identifier '/c3p0.properties' could not be found. Skipping.
2018-01-27 13:16:04  [ MLog-Init-Reporter:768 ] - [ DEBUG ]  The configuration file for resource identifier 'hocon:/reference,/application,/c3p0,/' could not be found. Skipping.
2018-01-27 13:16:04  [ MLog-Init-Reporter:768 ] - [ DEBUG ]  The configuration file for resource identifier '/mchange-log.properties' could not be found. Skipping.
2018-01-27 13:16:04  [ main:768 ] - [ DEBUG ]  The configuration file for resource identifier '/mchange-commons.properties' could not be found. Skipping.
2018-01-27 13:16:04  [ main:768 ] - [ DEBUG ]  The configuration file for resource identifier '/mchange-log.properties' could not be found. Skipping.
2018-01-27 13:16:04  [ main:768 ] - [ DEBUG ]  The configuration file for resource identifier 'hocon:/reference,/application,/c3p0,/' could not be found. Skipping.
2018-01-27 13:16:04  [ main:768 ] - [ DEBUG ]  The configuration file for resource identifier '/c3p0.properties' could not be found. Skipping.
2018-01-27 13:16:04  [ main:985 ] - [ INFO ]  Initializing c3p0-0.9.5.2 [built 08-December-2015 22:06:04 -0800; debug? true; trace: 10]
2018-01-27 13:16:04  [ main:1016 ] - [ DEBUG ]  MBean: com.mchange.v2.c3p0:type=PooledDataSource,identityToken=1hge16j9teztwvg1687ppl|740773a3,name=1hge16j9teztwvg1687ppl|740773a3 registered.
2018-01-27 13:16:04  [ main:1032 ] - [ DEBUG ]  MBean: com.mchange.v2.c3p0:type=PooledDataSource,identityToken=1hge16j9teztwvg1687ppl|740773a3,name=1hge16j9teztwvg1687ppl|740773a3 unregistered, in order to be reregistered after update.
2018-01-27 13:16:04  [ main:1032 ] - [ DEBUG ]  MBean: com.mchange.v2.c3p0:type=PooledDataSource,identityToken=1hge16j9teztwvg1687ppl|740773a3,name=1hge16j9teztwvg1687ppl|740773a3 registered.
2018-01-27 13:16:04  [ main:1047 ] - [ DEBUG ]  Eagerly caching bean 'dataSource' to allow for resolving potential circular references
2018-01-27 13:16:04  [ main:1204 ] - [ DEBUG ]  Finished creating instance of bean 'dataSource'
2018-01-27 13:16:04  [ main:1219 ] - [ DEBUG ]  Invoking afterPropertiesSet() on bean with name 'sqlSessionFactory'
2018-01-27 13:16:04  [ main:1219 ] - [ DEBUG ]  Property 'configLocation' not specified, using default MyBatis Configuration
2018-01-27 13:16:04  [ main:1334 ] - [ DEBUG ]  Parsed mapper file: 'class path resource [mapper/StudentMapper.xml]'
2018-01-27 13:16:04  [ main:1334 ] - [ DEBUG ]  Finished creating instance of bean 'sqlSessionFactory'
2018-01-27 13:16:04  [ main:1350 ] - [ DEBUG ]  Invoking afterPropertiesSet() on bean with name 'studentDao'
2018-01-27 13:16:04  [ main:1350 ] - [ DEBUG ]  Finished creating instance of bean 'studentDao'
2018-01-27 13:16:04  [ main:1366 ] - [ DEBUG ]  Creating implicit proxy for bean 'studentServiceIpl' with 0 common interceptors and 3 specific interceptors
2018-01-27 13:16:04  [ main:1366 ] - [ DEBUG ]  Creating JDK dynamic proxy: target source is SingletonTargetSource for target object [com.student.service.StudentServiceIpl@4167d97b]
2018-01-27 13:16:04  [ main:1366 ] - [ DEBUG ]  Finished creating instance of bean 'studentServiceIpl'
2018-01-27 13:16:04  [ main:1366 ] - [ DEBUG ]  Creating shared instance of singleton bean 'studentController'
2018-01-27 13:16:04  [ main:1366 ] - [ DEBUG ]  Creating instance of bean 'studentController'
2018-01-27 13:16:04  [ main:1366 ] - [ DEBUG ]  Registered injected element on class [com.student.controller.StudentController]: ResourceElement for private com.student.service.StudentService com.student.controller.StudentController.studentService
2018-01-27 13:16:04  [ main:1366 ] - [ DEBUG ]  Eagerly caching bean 'studentController' to allow for resolving potential circular references
2018-01-27 13:16:04  [ main:1366 ] - [ DEBUG ]  Processing injected method of bean 'studentController': ResourceElement for private com.student.service.StudentService com.student.controller.StudentController.studentService
2018-01-27 13:16:04  [ main:1366 ] - [ DEBUG ]  Returning cached instance of singleton bean 'studentServiceIpl'
2018-01-27 13:16:04  [ main:1381 ] - [ DEBUG ]  Creating implicit proxy for bean 'studentController' with 0 common interceptors and 3 specific interceptors
2018-01-27 13:16:04  [ main:1381 ] - [ DEBUG ]  Creating CGLIB proxy: target source is SingletonTargetSource for target object [com.student.controller.StudentController@78aa1f72]
2018-01-27 13:16:04  [ main:1413 ] - [ DEBUG ]  Unable to apply any optimisations to advised method: public java.lang.String com.student.controller.StudentController.getAll(org.springframework.ui.Model)
2018-01-27 13:16:04  [ main:1413 ] - [ DEBUG ]  Unable to apply any optimisations to advised method: public java.lang.String com.student.controller.StudentController.UpdateStudent(java.lang.Long,java.lang.Long,java.lang.Long,java.lang.String,java.lang.String,java.lang.String,java.lang.String,java.lang.Long,java.lang.String)
2018-01-27 13:16:04  [ main:1413 ] - [ DEBUG ]  Unable to apply any optimisations to advised method: public java.lang.String com.student.controller.StudentController.delStudent(java.lang.Long)
2018-01-27 13:16:04  [ main:1413 ] - [ DEBUG ]  Unable to apply any optimisations to advised method: public java.lang.String com.student.controller.StudentController.toUpdateStudent(java.lang.Long,org.springframework.ui.Model)
2018-01-27 13:16:04  [ main:1413 ] - [ DEBUG ]  Unable to apply any optimisations to advised method: public java.lang.String com.student.controller.StudentController.addStudent(com.student.model.Student)
2018-01-27 13:16:04  [ main:1413 ] - [ DEBUG ]  Unable to apply any optimisations to advised method: public java.lang.String com.student.controller.StudentController.getAllByJson(org.springframework.ui.Model)
2018-01-27 13:16:04  [ main:1413 ] - [ DEBUG ]  Unable to apply any optimisations to advised method: public java.lang.String com.student.controller.StudentController.toAddStudent()
2018-01-27 13:16:04  [ main:1413 ] - [ DEBUG ]  Found finalize() method - using NO_OVERRIDE
2018-01-27 13:16:04  [ main:1413 ] - [ DEBUG ]  Found 'equals' method: public boolean java.lang.Object.equals(java.lang.Object)
2018-01-27 13:16:04  [ main:1413 ] - [ DEBUG ]  Unable to apply any optimisations to advised method: public java.lang.String java.lang.Object.toString()
2018-01-27 13:16:04  [ main:1413 ] - [ DEBUG ]  Found 'hashCode' method: public native int java.lang.Object.hashCode()
2018-01-27 13:16:04  [ main:1413 ] - [ DEBUG ]  Unable to apply any optimisations to advised method: protected native java.lang.Object java.lang.Object.clone() throws java.lang.CloneNotSupportedException
2018-01-27 13:16:04  [ main:1413 ] - [ DEBUG ]  Method is declared on Advised interface: public abstract int org.springframework.aop.framework.Advised.indexOf(org.aopalliance.aop.Advice)
2018-01-27 13:16:04  [ main:1413 ] - [ DEBUG ]  Method is declared on Advised interface: public abstract int org.springframework.aop.framework.Advised.indexOf(org.springframework.aop.Advisor)
2018-01-27 13:16:04  [ main:1413 ] - [ DEBUG ]  Method is declared on Advised interface: public abstract boolean org.springframework.aop.framework.Advised.isFrozen()
2018-01-27 13:16:04  [ main:1413 ] - [ DEBUG ]  Method is declared on Advised interface: public abstract boolean org.springframework.aop.framework.Advised.isProxyTargetClass()
2018-01-27 13:16:04  [ main:1413 ] - [ DEBUG ]  Method is declared on Advised interface: public abstract org.springframework.aop.Advisor[] org.springframework.aop.framework.Advised.getAdvisors()
2018-01-27 13:16:04  [ main:1413 ] - [ DEBUG ]  Method is declared on Advised interface: public abstract void org.springframework.aop.framework.Advised.setTargetSource(org.springframework.aop.TargetSource)
2018-01-27 13:16:04  [ main:1413 ] - [ DEBUG ]  Method is declared on Advised interface: public abstract org.springframework.aop.TargetSource org.springframework.aop.framework.Advised.getTargetSource()
2018-01-27 13:16:04  [ main:1413 ] - [ DEBUG ]  Method is declared on Advised interface: public abstract void org.springframework.aop.framework.Advised.addAdvisor(int,org.springframework.aop.Advisor) throws org.springframework.aop.framework.AopConfigException
2018-01-27 13:16:04  [ main:1413 ] - [ DEBUG ]  Method is declared on Advised interface: public abstract void org.springframework.aop.framework.Advised.addAdvisor(org.springframework.aop.Advisor) throws org.springframework.aop.framework.AopConfigException
2018-01-27 13:16:04  [ main:1413 ] - [ DEBUG ]  Method is declared on Advised interface: public abstract void org.springframework.aop.framework.Advised.setPreFiltered(boolean)
2018-01-27 13:16:04  [ main:1413 ] - [ DEBUG ]  Method is declared on Advised interface: public abstract boolean org.springframework.aop.framework.Advised.isExposeProxy()
2018-01-27 13:16:04  [ main:1413 ] - [ DEBUG ]  Method is declared on Advised interface: public abstract void org.springframework.aop.framework.Advised.setExposeProxy(boolean)
2018-01-27 13:16:04  [ main:1413 ] - [ DEBUG ]  Method is declared on Advised interface: public abstract java.lang.Class[] org.springframework.aop.framework.Advised.getProxiedInterfaces()
2018-01-27 13:16:04  [ main:1413 ] - [ DEBUG ]  Method is declared on Advised interface: public abstract java.lang.String org.springframework.aop.framework.Advised.toProxyConfigString()
2018-01-27 13:16:04  [ main:1413 ] - [ DEBUG ]  Method is declared on Advised interface: public abstract boolean org.springframework.aop.framework.Advised.isInterfaceProxied(java.lang.Class)
2018-01-27 13:16:04  [ main:1413 ] - [ DEBUG ]  Method is declared on Advised interface: public abstract void org.springframework.aop.framework.Advised.addAdvice(org.aopalliance.aop.Advice) throws org.springframework.aop.framework.AopConfigException
2018-01-27 13:16:04  [ main:1413 ] - [ DEBUG ]  Method is declared on Advised interface: public abstract void org.springframework.aop.framework.Advised.addAdvice(int,org.aopalliance.aop.Advice) throws org.springframework.aop.framework.AopConfigException
2018-01-27 13:16:04  [ main:1413 ] - [ DEBUG ]  Method is declared on Advised interface: public abstract boolean org.springframework.aop.framework.Advised.removeAdvisor(org.springframework.aop.Advisor)
2018-01-27 13:16:04  [ main:1413 ] - [ DEBUG ]  Method is declared on Advised interface: public abstract void org.springframework.aop.framework.Advised.removeAdvisor(int) throws org.springframework.aop.framework.AopConfigException
2018-01-27 13:16:04  [ main:1413 ] - [ DEBUG ]  Method is declared on Advised interface: public abstract boolean org.springframework.aop.framework.Advised.removeAdvice(org.aopalliance.aop.Advice)
2018-01-27 13:16:04  [ main:1413 ] - [ DEBUG ]  Method is declared on Advised interface: public abstract boolean org.springframework.aop.framework.Advised.replaceAdvisor(org.springframework.aop.Advisor,org.springframework.aop.Advisor) throws org.springframework.aop.framework.AopConfigException
2018-01-27 13:16:04  [ main:1413 ] - [ DEBUG ]  Method is declared on Advised interface: public abstract boolean org.springframework.aop.framework.Advised.isPreFiltered()
2018-01-27 13:16:04  [ main:1413 ] - [ DEBUG ]  Method is declared on Advised interface: public abstract java.lang.Class org.springframework.aop.TargetClassAware.getTargetClass()
2018-01-27 13:16:04  [ main:1428 ] - [ DEBUG ]  Finished creating instance of bean 'studentController'
2018-01-27 13:16:04  [ main:1428 ] - [ DEBUG ]  Returning cached instance of singleton bean 'org.springframework.aop.config.internalAutoProxyCreator'
2018-01-27 13:16:04  [ main:1428 ] - [ DEBUG ]  Returning cached instance of singleton bean 'org.springframework.context.support.PropertySourcesPlaceholderConfigurer#0'
2018-01-27 13:16:04  [ main:1428 ] - [ DEBUG ]  Returning cached instance of singleton bean 'dataSource'
2018-01-27 13:16:04  [ main:1428 ] - [ DEBUG ]  Returning cached instance of singleton bean 'sqlSessionFactory'
2018-01-27 13:16:04  [ main:1428 ] - [ DEBUG ]  Returning cached instance of singleton bean 'org.mybatis.spring.mapper.MapperScannerConfigurer#0'
2018-01-27 13:16:04  [ main:1428 ] - [ DEBUG ]  Creating shared instance of singleton bean 'transactionManager'
2018-01-27 13:16:04  [ main:1428 ] - [ DEBUG ]  Creating instance of bean 'transactionManager'
2018-01-27 13:16:04  [ main:1428 ] - [ DEBUG ]  Eagerly caching bean 'transactionManager' to allow for resolving potential circular references
2018-01-27 13:16:04  [ main:1428 ] - [ DEBUG ]  Returning cached instance of singleton bean 'dataSource'
2018-01-27 13:16:04  [ main:1428 ] - [ DEBUG ]  Invoking afterPropertiesSet() on bean with name 'transactionManager'
2018-01-27 13:16:04  [ main:1428 ] - [ DEBUG ]  Finished creating instance of bean 'transactionManager'
2018-01-27 13:16:04  [ main:1428 ] - [ DEBUG ]  Returning cached instance of singleton bean 'org.springframework.context.annotation.ConfigurationClassPostProcessor.importAwareProcessor'
2018-01-27 13:16:04  [ main:1428 ] - [ DEBUG ]  Returning cached instance of singleton bean 'org.springframework.context.annotation.ConfigurationClassPostProcessor.enhancedConfigurationProcessor'
2018-01-27 13:16:04  [ main:1428 ] - [ DEBUG ]  Returning cached instance of singleton bean 'studentDao'
2018-01-27 13:16:04  [ main:1428 ] - [ DEBUG ]  Unable to locate LifecycleProcessor with name 'lifecycleProcessor': using default [org.springframework.context.support.DefaultLifecycleProcessor@6c2c1385]
2018-01-27 13:16:04  [ main:1428 ] - [ DEBUG ]  Returning cached instance of singleton bean 'lifecycleProcessor'
2018-01-27 13:16:04  [ main:1444 ] - [ DEBUG ]  Returning cached instance of singleton bean 'sqlSessionFactory'
2018-01-27 13:16:04  [ main:1444 ] - [ DEBUG ]  Searching for key 'spring.liveBeansView.mbeanDomain' in [systemProperties]
2018-01-27 13:16:04  [ main:1444 ] - [ DEBUG ]  Searching for key 'spring.liveBeansView.mbeanDomain' in [systemEnvironment]
2018-01-27 13:16:04  [ main:1444 ] - [ DEBUG ]  Could not find key 'spring.liveBeansView.mbeanDomain' in any property source. Returning [null]
2018-01-27 13:16:04  [ main:1444 ] - [ DEBUG ]  Storing ApplicationContext in cache under key [[MergedContextConfiguration@4909b8da testClass = StudentServiceTest, locations = '{classpath:spring-mybatis.xml}', classes = '{}', contextInitializerClasses = '[]', activeProfiles = '{}', contextLoader = 'org.springframework.test.context.support.DelegatingSmartContextLoader', parent = [null]]].
2018-01-27 13:16:04  [ main:1444 ] - [ DEBUG ]  Processing injected method of bean 'com.student.service.StudentServiceTest': ResourceElement for private com.student.service.StudentService com.student.service.StudentServiceTest.studentService
2018-01-27 13:16:04  [ main:1444 ] - [ DEBUG ]  Returning cached instance of singleton bean 'studentServiceIpl'
2018-01-27 13:16:04  [ main:1444 ] - [ DEBUG ]  Returning cached instance of singleton bean 'statisticalTime'
2018-01-27 13:16:04  [ main:1444 ] - [ DEBUG ]  Creating a new SqlSession
2018-01-27 13:16:04  [ main:1459 ] - [ DEBUG ]  SqlSession [org.apache.ibatis.session.defaults.DefaultSqlSession@2c07545f] was not registered for synchronization because synchronization is not active
2018-01-27 13:16:04  [ main:1459 ] - [ DEBUG ]  Fetching JDBC Connection from DataSource
2018-01-27 13:16:04  [ main:1475 ] - [ INFO ]  Initializing c3p0 pool... com.mchange.v2.c3p0.ComboPooledDataSource [ acquireIncrement -> 3, acquireRetryAttempts -> 30, acquireRetryDelay -> 1000, autoCommitOnClose -> false, automaticTestTable -> null, breakAfterAcquireFailure -> false, checkoutTimeout -> 0, connectionCustomizerClassName -> null, connectionTesterClassName -> com.mchange.v2.c3p0.impl.DefaultConnectionTester, contextClassLoaderSource -> caller, dataSourceName -> 1hge16j9teztwvg1687ppl|740773a3, debugUnreturnedConnectionStackTraces -> false, description -> null, driverClass -> com.mysql.jdbc.Driver, extensions -> {}, factoryClassLocation -> null, forceIgnoreUnresolvedTransactions -> false, forceSynchronousCheckins -> false, forceUseNamedDriverClass -> false, identityToken -> 1hge16j9teztwvg1687ppl|740773a3, idleConnectionTestPeriod -> 0, initialPoolSize -> 2, jdbcUrl -> jdbc:mysql://localhost:3306/mybatis?useUnicode=true&characterEncoding=utf8, maxAdministrativeTaskTime -> 0, maxConnectionAge -> 0, maxIdleTime -> 0, maxIdleTimeExcessConnections -> 0, maxPoolSize -> 100, maxStatements -> 100, maxStatementsPerConnection -> 200, minPoolSize -> 1, numHelperThreads -> 3, preferredTestQuery -> null, privilegeSpawnedThreads -> false, properties -> {user=******, password=******}, propertyCycle -> 0, statementCacheNumDeferredCloseThreads -> 0, testConnectionOnCheckin -> false, testConnectionOnCheckout -> false, unreturnedConnectionTimeout -> 0, userOverrides -> {}, usesTraditionalReflectiveProxies -> false ]
2018-01-27 13:16:04  [ main:1522 ] - [ DEBUG ]  The configuration file for resource identifier '/mchange-commons.properties' could not be found. Skipping.
2018-01-27 13:16:04  [ main:1522 ] - [ DEBUG ]  The configuration file for resource identifier '/mchange-log.properties' could not be found. Skipping.
2018-01-27 13:16:04  [ main:1522 ] - [ DEBUG ]  The configuration file for resource identifier '/c3p0.properties' could not be found. Skipping.
2018-01-27 13:16:04  [ main:1522 ] - [ DEBUG ]  The configuration file for resource identifier 'hocon:/reference,/application,/c3p0,/' could not be found. Skipping.
2018-01-27 13:16:04  [ main:1522 ] - [ DEBUG ]  com.mchange.v2.resourcepool.BasicResourcePool@5443d039 config: [start -> 2; min -> 1; max -> 100; inc -> 3; num_acq_attempts -> 30; acq_attempt_delay -> 1000; check_idle_resources_delay -> 0; max_resource_age -> 0; max_idle_time -> 0; excess_max_idle_time -> 0; destroy_unreturned_resc_time -> 0; expiration_enforcement_delay -> 0; break_on_acquisition_failure -> false; debug_store_checkout_exceptions -> false; force_synchronous_checkins -> false]
2018-01-27 13:16:04  [ main:1522 ] - [ DEBUG ]  Created new pool for auth, username (masked): 'ro******'.
2018-01-27 13:16:04  [ main:1522 ] - [ DEBUG ]  acquire test -- pool size: 0; target_pool_size: 2; desired target? 1
2018-01-27 13:16:04  [ main:1522 ] - [ DEBUG ]  awaitAvailable(): [unknown]
2018-01-27 13:16:05  [ main:1710 ] - [ DEBUG ]  JDBC Connection [com.mchange.v2.c3p0.impl.NewProxyConnection@2e1ef60 [wrapping: com.mysql.jdbc.JDBC4Connection@129b442c]] will not be managed by Spring
2018-01-27 13:16:05  [ main:1710 ] - [ DEBUG ]  ==>  Preparing: insert into student_list (id, create_at, update_at, name, sex, qq, major, entry_time, come_from) values (?, ?, ?, ?, ?, ?, ?, ?, ?) 
2018-01-27 13:16:05  [ main:1741 ] - [ DEBUG ]  ==> Parameters: 4(Long), null, null, 雷雷(String), 难(String), 12312321(String), sds(String), 123331(Long), sad(String)
2018-01-27 13:16:05  [ main:1741 ] - [ DEBUG ]  <==    Updates: 1
2018-01-27 13:16:05  [ main:1741 ] - [ DEBUG ]  Closing non transactional SqlSession [org.apache.ibatis.session.defaults.DefaultSqlSession@2c07545f]
2018-01-27 13:16:05  [ main:1741 ] - [ DEBUG ]  Returning JDBC Connection to DataSource
2018-01-27 13:16:05  [ main:1741 ] - [ INFO ]  开始时间=1517030164764结束时间=1517030165061访问DB用时=297ms
2018-01-27 13:16:05  [ main:1741 ] - [ DEBUG ]  After test method: context [DefaultTestContext@1936f0f5 testClass = StudentServiceTest, testInstance = com.student.service.StudentServiceTest@6615435c, testMethod = insert@StudentServiceTest, testException = [null], mergedContextConfiguration = [MergedContextConfiguration@4909b8da testClass = StudentServiceTest, locations = '{classpath:spring-mybatis.xml}', classes = '{}', contextInitializerClasses = '[]', activeProfiles = '{}', contextLoader = 'org.springframework.test.context.support.DelegatingSmartContextLoader', parent = [null]]], class dirties context [false], class mode [null], method dirties context [false].
2018-01-27 13:16:05  [ main:1741 ] - [ DEBUG ]  After test class: context [DefaultTestContext@1936f0f5 testClass = StudentServiceTest, testInstance = [null], testMethod = [null], testException = [null], mergedContextConfiguration = [MergedContextConfiguration@4909b8da testClass = StudentServiceTest, locations = '{classpath:spring-mybatis.xml}', classes = '{}', contextInitializerClasses = '[]', activeProfiles = '{}', contextLoader = 'org.springframework.test.context.support.DelegatingSmartContextLoader', parent = [null]]], dirtiesContext [false].
2018-01-27 13:16:05  [ Thread-1:1757 ] - [ INFO ]  Closing org.springframework.context.support.GenericApplicationContext@1efbd816: startup date [Sat Jan 27 13:16:03 GMT+08:00 2018]; root of context hierarchy
2018-01-27 13:16:05  [ Thread-1:1757 ] - [ DEBUG ]  Returning cached instance of singleton bean 'sqlSessionFactory'
2018-01-27 13:16:05  [ Thread-1:1758 ] - [ DEBUG ]  Returning cached instance of singleton bean 'lifecycleProcessor'
2018-01-27 13:16:05  [ Thread-1:1758 ] - [ DEBUG ]  Destroying singletons in org.springframework.beans.factory.support.DefaultListableBeanFactory@770c2e6b: defining beans [statisticalTime,org.springframework.context.annotation.internalConfigurationAnnotationProcessor,org.springframework.context.annotation.internalAutowiredAnnotationProcessor,org.springframework.context.annotation.internalRequiredAnnotationProcessor,org.springframework.context.annotation.internalCommonAnnotationProcessor,studentServiceIpl,studentController,org.springframework.aop.config.internalAutoProxyCreator,org.springframework.context.support.PropertySourcesPlaceholderConfigurer#0,dataSource,sqlSessionFactory,org.mybatis.spring.mapper.MapperScannerConfigurer#0,transactionManager,org.springframework.context.annotation.ConfigurationClassPostProcessor.importAwareProcessor,org.springframework.context.annotation.ConfigurationClassPostProcessor.enhancedConfigurationProcessor,studentDao]; root of factory hierarchy
2018-01-27 13:16:05  [ Thread-1:1758 ] - [ DEBUG ]  Retrieved dependent beans for bean 'studentServiceIpl': [com.student.service.StudentServiceTest]
