2018-08-19 00:01:05  [ main:0 ] - [ INFO ]  
rmi服务端启动
2018-08-19 00:01:06  [ main:274 ] - [ INFO ]  Refreshing org.springframework.context.support.ClassPathXmlApplicationContext@5479e3f: startup date [Sun Aug 19 00:01:06 CST 2018]; root of context hierarchy
2018-08-19 00:01:06  [ main:429 ] - [ INFO ]  Loading XML bean definitions from class path resource [rmiService.xml]
2018-08-19 00:01:06  [ main:1048 ] - [ WARN ]  Exception encountered during context initialization - cancelling refresh attempt: org.springframework.beans.factory.UnsatisfiedDependencyException: Error creating bean with name 'userServiceImpl': Unsatisfied dependency expressed through field 'userDao'; nested exception is org.springframework.beans.factory.NoSuchBeanDefinitionException: No qualifying bean of type 'com.jnshu.czm.dao.UserDao' available: expected at least 1 bean which qualifies as autowire candidate. Dependency annotations: {@org.springframework.beans.factory.annotation.Autowired(required=true)}
2018-08-19 00:02:44  [ main:0 ] - [ INFO ]  
rmi服务端启动
2018-08-19 00:02:44  [ main:109 ] - [ INFO ]  Refreshing org.springframework.context.support.ClassPathXmlApplicationContext@5479e3f: startup date [Sun Aug 19 00:02:44 CST 2018]; root of context hierarchy
2018-08-19 00:02:45  [ main:246 ] - [ INFO ]  Loading XML bean definitions from class path resource [rmiService.xml]
2018-08-19 00:02:45  [ main:954 ] - [ WARN ]  Exception encountered during context initialization - cancelling refresh attempt: org.springframework.beans.factory.UnsatisfiedDependencyException: Error creating bean with name 'userService': Unsatisfied dependency expressed through field 'userDao'; nested exception is org.springframework.beans.factory.NoSuchBeanDefinitionException: No qualifying bean of type 'com.jnshu.czm.dao.UserDao' available: expected at least 1 bean which qualifies as autowire candidate. Dependency annotations: {@org.springframework.beans.factory.annotation.Autowired(required=true)}
2018-08-19 00:03:20  [ main:0 ] - [ INFO ]  
rmi服务端启动
2018-08-19 00:03:20  [ main:103 ] - [ INFO ]  Refreshing org.springframework.context.support.ClassPathXmlApplicationContext@5479e3f: startup date [Sun Aug 19 00:03:20 CST 2018]; root of context hierarchy
2018-08-19 00:03:20  [ main:236 ] - [ INFO ]  Loading XML bean definitions from class path resource [rmiService.xml]
2018-08-19 00:03:21  [ main:675 ] - [ INFO ]  Overriding bean definition for bean 'userService' with a different definition: replacing [Generic bean: class [com.jnshu.czm.service.impl.UserServiceImpl]; scope=singleton; abstract=false; lazyInit=false; autowireMode=0; dependencyCheck=0; autowireCandidate=true; primary=false; factoryBeanName=null; factoryMethodName=null; initMethodName=null; destroyMethodName=null; defined in file [H:\java\Task8\RMI\Service\target\classes\com\jnshu\czm\service\impl\UserServiceImpl.class]] with [Generic bean: class [com.jnshu.czm.service.impl.UserServiceImpl]; scope=; abstract=false; lazyInit=false; autowireMode=0; dependencyCheck=0; autowireCandidate=true; primary=false; factoryBeanName=null; factoryMethodName=null; initMethodName=null; destroyMethodName=null; defined in class path resource [rmiService.xml]]
2018-08-19 00:03:21  [ main:1023 ] - [ WARN ]  Exception encountered during context initialization - cancelling refresh attempt: org.springframework.beans.factory.UnsatisfiedDependencyException: Error creating bean with name 'userService': Unsatisfied dependency expressed through field 'userDao'; nested exception is org.springframework.beans.factory.NoSuchBeanDefinitionException: No qualifying bean of type 'com.jnshu.czm.dao.UserDao' available: expected at least 1 bean which qualifies as autowire candidate. Dependency annotations: {@org.springframework.beans.factory.annotation.Autowired(required=true)}
2018-08-19 00:03:33  [ main:0 ] - [ INFO ]  
rmi服务端启动
2018-08-19 00:03:33  [ main:122 ] - [ INFO ]  Refreshing org.springframework.context.support.ClassPathXmlApplicationContext@5479e3f: startup date [Sun Aug 19 00:03:33 CST 2018]; root of context hierarchy
2018-08-19 00:03:33  [ main:257 ] - [ INFO ]  Loading XML bean definitions from class path resource [rmiService.xml]
2018-08-19 00:03:33  [ main:686 ] - [ INFO ]  Looking for RMI registry at port '9400'
2018-08-19 00:03:35  [ main:2511 ] - [ INFO ]  Could not detect RMI registry - creating new one
2018-08-19 00:03:35  [ main:2597 ] - [ INFO ]  Binding service 'remoteService' to RMI registry: RegistryImpl[UnicastServerRef [liveRef: [endpoint:[192.168.1.126:9400](local),objID:[0:0:0, 0]]]]
2018-08-19 00:03:35  [ main:2632 ] - [ INFO ]  
rmi服务端启动完成。。。
2018-08-19 00:04:08  [ main:0 ] - [ INFO ]  
rmi服务端启动
2018-08-19 00:04:08  [ main:155 ] - [ INFO ]  Refreshing org.springframework.context.support.ClassPathXmlApplicationContext@5479e3f: startup date [Sun Aug 19 00:04:08 CST 2018]; root of context hierarchy
2018-08-19 00:04:08  [ main:292 ] - [ INFO ]  Loading XML bean definitions from class path resource [rmiService.xml]
2018-08-19 00:04:08  [ main:752 ] - [ INFO ]  Looking for RMI registry at port '9400'
2018-08-19 00:04:10  [ main:2206 ] - [ INFO ]  Could not detect RMI registry - creating new one
2018-08-19 00:04:10  [ main:2294 ] - [ INFO ]  Binding service 'remoteService' to RMI registry: RegistryImpl[UnicastServerRef [liveRef: [endpoint:[192.168.1.126:9400](local),objID:[0:0:0, 0]]]]
2018-08-19 00:04:10  [ main:2329 ] - [ INFO ]  
rmi服务端启动完成。。。
2018-08-19 00:05:06  [ RMI TCP Connection(3)-192.168.1.126:58019 ] - [ WARN ]  Processing of RmiServiceExporter remote call resulted in fatal exception: com.jnshu.czm.service.UserService.findByPage
java.lang.NullPointerException
	at com.jnshu.czm.service.impl.UserServiceImpl.findByPage(UserServiceImpl.java:78)
	at sun.reflect.NativeMethodAccessorImpl.invoke0(Native Method)
	at sun.reflect.NativeMethodAccessorImpl.invoke(NativeMethodAccessorImpl.java:62)
	at sun.reflect.DelegatingMethodAccessorImpl.invoke(DelegatingMethodAccessorImpl.java:43)
	at java.lang.reflect.Method.invoke(Method.java:498)
	at org.springframework.aop.support.AopUtils.invokeJoinpointUsingReflection(AopUtils.java:333)
	at org.springframework.aop.framework.ReflectiveMethodInvocation.invokeJoinpoint(ReflectiveMethodInvocation.java:190)
	at org.springframework.aop.framework.ReflectiveMethodInvocation.proceed(ReflectiveMethodInvocation.java:157)
	at org.springframework.remoting.support.RemoteInvocationTraceInterceptor.invoke(RemoteInvocationTraceInterceptor.java:78)
	at org.springframework.aop.framework.ReflectiveMethodInvocation.proceed(ReflectiveMethodInvocation.java:179)
	at org.springframework.aop.framework.JdkDynamicAopProxy.invoke(JdkDynamicAopProxy.java:213)
	at com.sun.proxy.$Proxy1.findByPage(Unknown Source)
	at sun.reflect.NativeMethodAccessorImpl.invoke0(Native Method)
	at sun.reflect.NativeMethodAccessorImpl.invoke(NativeMethodAccessorImpl.java:62)
	at sun.reflect.DelegatingMethodAccessorImpl.invoke(DelegatingMethodAccessorImpl.java:43)
	at java.lang.reflect.Method.invoke(Method.java:498)
	at org.springframework.remoting.support.RemoteInvocation.invoke(RemoteInvocation.java:212)
	at org.springframework.remoting.support.DefaultRemoteInvocationExecutor.invoke(DefaultRemoteInvocationExecutor.java:39)
	at org.springframework.remoting.support.RemoteInvocationBasedExporter.invoke(RemoteInvocationBasedExporter.java:78)
	at org.springframework.remoting.rmi.RmiBasedExporter.invoke(RmiBasedExporter.java:73)
	at org.springframework.remoting.rmi.RmiInvocationWrapper.invoke(RmiInvocationWrapper.java:74)
	at sun.reflect.NativeMethodAccessorImpl.invoke0(Native Method)
	at sun.reflect.NativeMethodAccessorImpl.invoke(NativeMethodAccessorImpl.java:62)
	at sun.reflect.DelegatingMethodAccessorImpl.invoke(DelegatingMethodAccessorImpl.java:43)
	at java.lang.reflect.Method.invoke(Method.java:498)
	at sun.rmi.server.UnicastServerRef.dispatch(UnicastServerRef.java:357)
	at sun.rmi.transport.Transport$1.run(Transport.java:200)
	at sun.rmi.transport.Transport$1.run(Transport.java:197)
	at java.security.AccessController.doPrivileged(Native Method)
	at sun.rmi.transport.Transport.serviceCall(Transport.java:196)
	at sun.rmi.transport.tcp.TCPTransport.handleMessages(TCPTransport.java:573)
	at sun.rmi.transport.tcp.TCPTransport$ConnectionHandler.run0(TCPTransport.java:834)
	at sun.rmi.transport.tcp.TCPTransport$ConnectionHandler.lambda$run$0(TCPTransport.java:688)
	at java.security.AccessController.doPrivileged(Native Method)
	at sun.rmi.transport.tcp.TCPTransport$ConnectionHandler.run(TCPTransport.java:687)
	at java.util.concurrent.ThreadPoolExecutor.runWorker(ThreadPoolExecutor.java:1149)
	at java.util.concurrent.ThreadPoolExecutor$Worker.run(ThreadPoolExecutor.java:624)
	at java.lang.Thread.run(Thread.java:748)
2018-08-19 00:05:59  [ main:0 ] - [ INFO ]  
rmi服务端启动
2018-08-19 00:05:59  [ main:106 ] - [ INFO ]  Refreshing org.springframework.context.support.ClassPathXmlApplicationContext@5479e3f: startup date [Sun Aug 19 00:05:59 CST 2018]; root of context hierarchy
2018-08-19 00:05:59  [ main:244 ] - [ INFO ]  Loading XML bean definitions from class path resource [rmiService.xml]
2018-08-19 00:06:00  [ main:705 ] - [ INFO ]  Looking for RMI registry at port '9400'
2018-08-19 00:06:01  [ main:2176 ] - [ INFO ]  Could not detect RMI registry - creating new one
2018-08-19 00:06:02  [ main:2300 ] - [ INFO ]  Binding service 'remoteService' to RMI registry: RegistryImpl[UnicastServerRef [liveRef: [endpoint:[192.168.1.126:9400](local),objID:[0:0:0, 0]]]]
2018-08-19 00:06:02  [ main:2315 ] - [ INFO ]  
rmi服务端启动完成。。。
2018-08-19 00:06:37  [ RMI TCP Connection(2)-192.168.1.126:37592 ] - [ WARN ]  Processing of RmiServiceExporter remote call resulted in fatal exception: com.jnshu.czm.service.UserService.findByPage
java.lang.NullPointerException
	at com.jnshu.czm.service.impl.UserServiceImpl.findByPage(UserServiceImpl.java:78)
	at sun.reflect.NativeMethodAccessorImpl.invoke0(Native Method)
	at sun.reflect.NativeMethodAccessorImpl.invoke(NativeMethodAccessorImpl.java:62)
	at sun.reflect.DelegatingMethodAccessorImpl.invoke(DelegatingMethodAccessorImpl.java:43)
	at java.lang.reflect.Method.invoke(Method.java:498)
	at org.springframework.aop.support.AopUtils.invokeJoinpointUsingReflection(AopUtils.java:333)
	at org.springframework.aop.framework.ReflectiveMethodInvocation.invokeJoinpoint(ReflectiveMethodInvocation.java:190)
	at org.springframework.aop.framework.ReflectiveMethodInvocation.proceed(ReflectiveMethodInvocation.java:157)
	at org.springframework.remoting.support.RemoteInvocationTraceInterceptor.invoke(RemoteInvocationTraceInterceptor.java:78)
	at org.springframework.aop.framework.ReflectiveMethodInvocation.proceed(ReflectiveMethodInvocation.java:179)
	at org.springframework.aop.framework.JdkDynamicAopProxy.invoke(JdkDynamicAopProxy.java:213)
	at com.sun.proxy.$Proxy1.findByPage(Unknown Source)
	at sun.reflect.NativeMethodAccessorImpl.invoke0(Native Method)
	at sun.reflect.NativeMethodAccessorImpl.invoke(NativeMethodAccessorImpl.java:62)
	at sun.reflect.DelegatingMethodAccessorImpl.invoke(DelegatingMethodAccessorImpl.java:43)
	at java.lang.reflect.Method.invoke(Method.java:498)
	at org.springframework.remoting.support.RemoteInvocation.invoke(RemoteInvocation.java:212)
	at org.springframework.remoting.support.DefaultRemoteInvocationExecutor.invoke(DefaultRemoteInvocationExecutor.java:39)
	at org.springframework.remoting.support.RemoteInvocationBasedExporter.invoke(RemoteInvocationBasedExporter.java:78)
	at org.springframework.remoting.rmi.RmiBasedExporter.invoke(RmiBasedExporter.java:73)
	at org.springframework.remoting.rmi.RmiInvocationWrapper.invoke(RmiInvocationWrapper.java:74)
	at sun.reflect.NativeMethodAccessorImpl.invoke0(Native Method)
	at sun.reflect.NativeMethodAccessorImpl.invoke(NativeMethodAccessorImpl.java:62)
	at sun.reflect.DelegatingMethodAccessorImpl.invoke(DelegatingMethodAccessorImpl.java:43)
	at java.lang.reflect.Method.invoke(Method.java:498)
	at sun.rmi.server.UnicastServerRef.dispatch(UnicastServerRef.java:357)
	at sun.rmi.transport.Transport$1.run(Transport.java:200)
	at sun.rmi.transport.Transport$1.run(Transport.java:197)
	at java.security.AccessController.doPrivileged(Native Method)
	at sun.rmi.transport.Transport.serviceCall(Transport.java:196)
	at sun.rmi.transport.tcp.TCPTransport.handleMessages(TCPTransport.java:573)
	at sun.rmi.transport.tcp.TCPTransport$ConnectionHandler.run0(TCPTransport.java:834)
	at sun.rmi.transport.tcp.TCPTransport$ConnectionHandler.lambda$run$0(TCPTransport.java:688)
	at java.security.AccessController.doPrivileged(Native Method)
	at sun.rmi.transport.tcp.TCPTransport$ConnectionHandler.run(TCPTransport.java:687)
	at java.util.concurrent.ThreadPoolExecutor.runWorker(ThreadPoolExecutor.java:1149)
	at java.util.concurrent.ThreadPoolExecutor$Worker.run(ThreadPoolExecutor.java:624)
	at java.lang.Thread.run(Thread.java:748)
2018-08-19 00:09:07  [ main:0 ] - [ INFO ]  
rmi服务端启动
2018-08-19 00:09:07  [ main:116 ] - [ INFO ]  Refreshing org.springframework.context.support.ClassPathXmlApplicationContext@5479e3f: startup date [Sun Aug 19 00:09:07 CST 2018]; root of context hierarchy
2018-08-19 00:09:07  [ main:285 ] - [ INFO ]  Loading XML bean definitions from class path resource [rmiService.xml]
2018-08-19 00:09:08  [ main:909 ] - [ WARN ]  Exception encountered during context initialization - cancelling refresh attempt: org.springframework.beans.factory.UnsatisfiedDependencyException: Error creating bean with name 'userServiceImpl': Unsatisfied dependency expressed through field 'userDao'; nested exception is org.springframework.beans.factory.NoSuchBeanDefinitionException: No qualifying bean of type 'com.jnshu.czm.dao.UserDao' available: expected at least 1 bean which qualifies as autowire candidate. Dependency annotations: {@org.springframework.beans.factory.annotation.Autowired(required=true)}
2018-08-19 00:10:09  [ main:0 ] - [ INFO ]  
rmi服务端启动
2018-08-19 00:10:09  [ main:136 ] - [ INFO ]  Refreshing org.springframework.context.support.ClassPathXmlApplicationContext@5479e3f: startup date [Sun Aug 19 00:10:09 CST 2018]; root of context hierarchy
2018-08-19 00:10:09  [ main:266 ] - [ INFO ]  Loading XML bean definitions from class path resource [rmiService.xml]
2018-08-19 00:10:10  [ main:916 ] - [ WARN ]  Exception encountered during context initialization - cancelling refresh attempt: org.springframework.beans.factory.BeanCreationException: Error creating bean with name 'userServiceImpl': Injection of resource dependencies failed; nested exception is org.springframework.beans.factory.NoSuchBeanDefinitionException: No qualifying bean of type 'com.jnshu.czm.dao.UserDao' available: expected at least 1 bean which qualifies as autowire candidate. Dependency annotations: {@javax.annotation.Resource(shareable=true, lookup=, name=, description=, authenticationType=CONTAINER, type=class java.lang.Object, mappedName=)}
2018-08-19 00:13:50  [ main:0 ] - [ INFO ]  
rmi服务端启动
2018-08-19 00:13:50  [ main:112 ] - [ INFO ]  Refreshing org.springframework.context.support.ClassPathXmlApplicationContext@5479e3f: startup date [Sun Aug 19 00:13:50 CST 2018]; root of context hierarchy
2018-08-19 00:13:50  [ main:297 ] - [ INFO ]  Loading XML bean definitions from class path resource [rmiService.xml]
2018-08-19 00:13:50  [ main:946 ] - [ WARN ]  Exception encountered during context initialization - cancelling refresh attempt: org.springframework.beans.factory.UnsatisfiedDependencyException: Error creating bean with name 'userServiceImpl': Unsatisfied dependency expressed through field 'userDao'; nested exception is org.springframework.beans.factory.NoSuchBeanDefinitionException: No qualifying bean of type 'com.jnshu.czm.dao.UserDao' available: expected at least 1 bean which qualifies as autowire candidate. Dependency annotations: {@org.springframework.beans.factory.annotation.Autowired(required=true)}
2018-08-19 00:18:35  [ main:0 ] - [ INFO ]  
rmi服务端启动
2018-08-19 00:18:35  [ main:141 ] - [ INFO ]  Refreshing org.springframework.context.support.ClassPathXmlApplicationContext@5479e3f: startup date [Sun Aug 19 00:18:35 CST 2018]; root of context hierarchy
2018-08-19 00:18:35  [ main:305 ] - [ INFO ]  Loading XML bean definitions from class path resource [rmiService.xml]
2018-08-19 00:18:35  [ main:738 ] - [ INFO ]  Looking for RMI registry at port '9400'
2018-08-19 00:18:38  [ main:2891 ] - [ INFO ]  Could not detect RMI registry - creating new one
2018-08-19 00:18:38  [ main:2976 ] - [ INFO ]  Binding service 'remoteService' to RMI registry: RegistryImpl[UnicastServerRef [liveRef: [endpoint:[192.168.1.126:9400](local),objID:[0:0:0, 0]]]]
2018-08-19 00:18:38  [ main:3018 ] - [ INFO ]  
rmi服务端启动完成。。。
2018-08-19 00:19:13  [ RMI TCP Connection(2)-192.168.1.126:38027 ] - [ WARN ]  Processing of RmiServiceExporter remote call resulted in fatal exception: com.jnshu.czm.service.UserService.findByPage
java.lang.NullPointerException
	at com.jnshu.czm.service.impl.UserServiceImpl.findByPage(UserServiceImpl.java:78)
	at sun.reflect.NativeMethodAccessorImpl.invoke0(Native Method)
	at sun.reflect.NativeMethodAccessorImpl.invoke(NativeMethodAccessorImpl.java:62)
	at sun.reflect.DelegatingMethodAccessorImpl.invoke(DelegatingMethodAccessorImpl.java:43)
	at java.lang.reflect.Method.invoke(Method.java:498)
	at org.springframework.aop.support.AopUtils.invokeJoinpointUsingReflection(AopUtils.java:333)
	at org.springframework.aop.framework.ReflectiveMethodInvocation.invokeJoinpoint(ReflectiveMethodInvocation.java:190)
	at org.springframework.aop.framework.ReflectiveMethodInvocation.proceed(ReflectiveMethodInvocation.java:157)
	at org.springframework.remoting.support.RemoteInvocationTraceInterceptor.invoke(RemoteInvocationTraceInterceptor.java:78)
	at org.springframework.aop.framework.ReflectiveMethodInvocation.proceed(ReflectiveMethodInvocation.java:179)
	at org.springframework.aop.framework.JdkDynamicAopProxy.invoke(JdkDynamicAopProxy.java:213)
	at com.sun.proxy.$Proxy1.findByPage(Unknown Source)
	at sun.reflect.NativeMethodAccessorImpl.invoke0(Native Method)
	at sun.reflect.NativeMethodAccessorImpl.invoke(NativeMethodAccessorImpl.java:62)
	at sun.reflect.DelegatingMethodAccessorImpl.invoke(DelegatingMethodAccessorImpl.java:43)
	at java.lang.reflect.Method.invoke(Method.java:498)
	at org.springframework.remoting.support.RemoteInvocation.invoke(RemoteInvocation.java:212)
	at org.springframework.remoting.support.DefaultRemoteInvocationExecutor.invoke(DefaultRemoteInvocationExecutor.java:39)
	at org.springframework.remoting.support.RemoteInvocationBasedExporter.invoke(RemoteInvocationBasedExporter.java:78)
	at org.springframework.remoting.rmi.RmiBasedExporter.invoke(RmiBasedExporter.java:73)
	at org.springframework.remoting.rmi.RmiInvocationWrapper.invoke(RmiInvocationWrapper.java:74)
	at sun.reflect.NativeMethodAccessorImpl.invoke0(Native Method)
	at sun.reflect.NativeMethodAccessorImpl.invoke(NativeMethodAccessorImpl.java:62)
	at sun.reflect.DelegatingMethodAccessorImpl.invoke(DelegatingMethodAccessorImpl.java:43)
	at java.lang.reflect.Method.invoke(Method.java:498)
	at sun.rmi.server.UnicastServerRef.dispatch(UnicastServerRef.java:357)
	at sun.rmi.transport.Transport$1.run(Transport.java:200)
	at sun.rmi.transport.Transport$1.run(Transport.java:197)
	at java.security.AccessController.doPrivileged(Native Method)
	at sun.rmi.transport.Transport.serviceCall(Transport.java:196)
	at sun.rmi.transport.tcp.TCPTransport.handleMessages(TCPTransport.java:573)
	at sun.rmi.transport.tcp.TCPTransport$ConnectionHandler.run0(TCPTransport.java:834)
	at sun.rmi.transport.tcp.TCPTransport$ConnectionHandler.lambda$run$0(TCPTransport.java:688)
	at java.security.AccessController.doPrivileged(Native Method)
	at sun.rmi.transport.tcp.TCPTransport$ConnectionHandler.run(TCPTransport.java:687)
	at java.util.concurrent.ThreadPoolExecutor.runWorker(ThreadPoolExecutor.java:1149)
	at java.util.concurrent.ThreadPoolExecutor$Worker.run(ThreadPoolExecutor.java:624)
	at java.lang.Thread.run(Thread.java:748)
2018-08-19 00:19:56  [ main:0 ] - [ INFO ]  
rmi服务端启动
2018-08-19 00:19:56  [ main:135 ] - [ INFO ]  Refreshing org.springframework.context.support.ClassPathXmlApplicationContext@5479e3f: startup date [Sun Aug 19 00:19:56 CST 2018]; root of context hierarchy
2018-08-19 00:19:56  [ main:308 ] - [ INFO ]  Loading XML bean definitions from class path resource [rmiService.xml]
2018-08-19 00:19:57  [ main:1036 ] - [ WARN ]  Exception encountered during context initialization - cancelling refresh attempt: org.springframework.beans.factory.UnsatisfiedDependencyException: Error creating bean with name 'userServiceImpl': Unsatisfied dependency expressed through field 'userDao'; nested exception is org.springframework.beans.factory.NoSuchBeanDefinitionException: No qualifying bean of type 'com.jnshu.czm.dao.UserDao' available: expected at least 1 bean which qualifies as autowire candidate. Dependency annotations: {@org.springframework.beans.factory.annotation.Autowired(required=true)}
2018-08-19 00:20:12  [ main:0 ] - [ INFO ]  
rmi服务端启动
2018-08-19 00:20:12  [ main:121 ] - [ INFO ]  Refreshing org.springframework.context.support.ClassPathXmlApplicationContext@5479e3f: startup date [Sun Aug 19 00:20:12 CST 2018]; root of context hierarchy
2018-08-19 00:20:12  [ main:235 ] - [ INFO ]  Loading XML bean definitions from class path resource [rmiService.xml]
2018-08-19 00:20:13  [ main:893 ] - [ WARN ]  Exception encountered during context initialization - cancelling refresh attempt: org.springframework.beans.factory.UnsatisfiedDependencyException: Error creating bean with name 'userServiceImpl': Unsatisfied dependency expressed through field 'userDao'; nested exception is org.springframework.beans.factory.NoSuchBeanDefinitionException: No qualifying bean of type 'com.jnshu.czm.dao.UserDao' available: expected at least 1 bean which qualifies as autowire candidate. Dependency annotations: {@org.springframework.beans.factory.annotation.Autowired(required=true)}
2018-08-19 00:20:38  [ main:0 ] - [ INFO ]  
rmi服务端启动
2018-08-19 00:20:38  [ main:129 ] - [ INFO ]  Refreshing org.springframework.context.support.ClassPathXmlApplicationContext@5479e3f: startup date [Sun Aug 19 00:20:38 CST 2018]; root of context hierarchy
2018-08-19 00:20:38  [ main:286 ] - [ INFO ]  Loading XML bean definitions from class path resource [rmiService.xml]
2018-08-19 00:20:39  [ main:972 ] - [ WARN ]  Exception encountered during context initialization - cancelling refresh attempt: org.springframework.beans.factory.UnsatisfiedDependencyException: Error creating bean with name 'userServiceImpl': Unsatisfied dependency expressed through field 'userDao'; nested exception is org.springframework.beans.factory.NoSuchBeanDefinitionException: No qualifying bean of type 'com.jnshu.czm.dao.UserDao' available: expected at least 1 bean which qualifies as autowire candidate. Dependency annotations: {@org.springframework.beans.factory.annotation.Autowired(required=true)}
2018-08-19 00:21:12  [ main:0 ] - [ INFO ]  
rmi服务端启动
2018-08-19 00:21:12  [ main:142 ] - [ INFO ]  Refreshing org.springframework.context.support.ClassPathXmlApplicationContext@5479e3f: startup date [Sun Aug 19 00:21:12 CST 2018]; root of context hierarchy
2018-08-19 00:21:12  [ main:323 ] - [ INFO ]  Loading XML bean definitions from class path resource [rmiService.xml]
2018-08-19 00:21:13  [ main:1143 ] - [ WARN ]  Exception encountered during context initialization - cancelling refresh attempt: org.springframework.beans.factory.UnsatisfiedDependencyException: Error creating bean with name 'userServiceImpl': Unsatisfied dependency expressed through field 'userDao'; nested exception is org.springframework.beans.factory.NoSuchBeanDefinitionException: No qualifying bean of type 'com.jnshu.czm.dao.UserDao' available: expected at least 1 bean which qualifies as autowire candidate. Dependency annotations: {@org.springframework.beans.factory.annotation.Autowired(required=true)}
2018-08-19 00:21:40  [ main:0 ] - [ INFO ]  
rmi服务端启动
2018-08-19 00:21:40  [ main:125 ] - [ INFO ]  Refreshing org.springframework.context.support.ClassPathXmlApplicationContext@5479e3f: startup date [Sun Aug 19 00:21:40 CST 2018]; root of context hierarchy
2018-08-19 00:21:40  [ main:259 ] - [ INFO ]  Loading XML bean definitions from class path resource [rmiService.xml]
2018-08-19 00:21:40  [ main:713 ] - [ INFO ]  Looking for RMI registry at port '9400'
2018-08-19 00:21:42  [ main:2523 ] - [ INFO ]  Could not detect RMI registry - creating new one
2018-08-19 00:21:42  [ main:2605 ] - [ INFO ]  Binding service 'remoteService' to RMI registry: RegistryImpl[UnicastServerRef [liveRef: [endpoint:[192.168.1.126:9400](local),objID:[0:0:0, 0]]]]
2018-08-19 00:21:42  [ main:2640 ] - [ INFO ]  
rmi服务端启动完成。。。
2018-08-19 00:22:37  [ RMI TCP Connection(3)-192.168.1.126:57214 ] - [ WARN ]  Processing of RmiServiceExporter remote call resulted in fatal exception: com.jnshu.czm.service.UserService.findByPage
java.lang.NullPointerException
	at com.jnshu.czm.service.impl.UserServiceImpl.findByPage(UserServiceImpl.java:78)
	at sun.reflect.NativeMethodAccessorImpl.invoke0(Native Method)
	at sun.reflect.NativeMethodAccessorImpl.invoke(NativeMethodAccessorImpl.java:62)
	at sun.reflect.DelegatingMethodAccessorImpl.invoke(DelegatingMethodAccessorImpl.java:43)
	at java.lang.reflect.Method.invoke(Method.java:498)
	at org.springframework.aop.support.AopUtils.invokeJoinpointUsingReflection(AopUtils.java:333)
	at org.springframework.aop.framework.ReflectiveMethodInvocation.invokeJoinpoint(ReflectiveMethodInvocation.java:190)
	at org.springframework.aop.framework.ReflectiveMethodInvocation.proceed(ReflectiveMethodInvocation.java:157)
	at org.springframework.remoting.support.RemoteInvocationTraceInterceptor.invoke(RemoteInvocationTraceInterceptor.java:78)
	at org.springframework.aop.framework.ReflectiveMethodInvocation.proceed(ReflectiveMethodInvocation.java:179)
	at org.springframework.aop.framework.JdkDynamicAopProxy.invoke(JdkDynamicAopProxy.java:213)
	at com.sun.proxy.$Proxy1.findByPage(Unknown Source)
	at sun.reflect.NativeMethodAccessorImpl.invoke0(Native Method)
	at sun.reflect.NativeMethodAccessorImpl.invoke(NativeMethodAccessorImpl.java:62)
	at sun.reflect.DelegatingMethodAccessorImpl.invoke(DelegatingMethodAccessorImpl.java:43)
	at java.lang.reflect.Method.invoke(Method.java:498)
	at org.springframework.remoting.support.RemoteInvocation.invoke(RemoteInvocation.java:212)
	at org.springframework.remoting.support.DefaultRemoteInvocationExecutor.invoke(DefaultRemoteInvocationExecutor.java:39)
	at org.springframework.remoting.support.RemoteInvocationBasedExporter.invoke(RemoteInvocationBasedExporter.java:78)
	at org.springframework.remoting.rmi.RmiBasedExporter.invoke(RmiBasedExporter.java:73)
	at org.springframework.remoting.rmi.RmiInvocationWrapper.invoke(RmiInvocationWrapper.java:74)
	at sun.reflect.NativeMethodAccessorImpl.invoke0(Native Method)
	at sun.reflect.NativeMethodAccessorImpl.invoke(NativeMethodAccessorImpl.java:62)
	at sun.reflect.DelegatingMethodAccessorImpl.invoke(DelegatingMethodAccessorImpl.java:43)
	at java.lang.reflect.Method.invoke(Method.java:498)
	at sun.rmi.server.UnicastServerRef.dispatch(UnicastServerRef.java:357)
	at sun.rmi.transport.Transport$1.run(Transport.java:200)
	at sun.rmi.transport.Transport$1.run(Transport.java:197)
	at java.security.AccessController.doPrivileged(Native Method)
	at sun.rmi.transport.Transport.serviceCall(Transport.java:196)
	at sun.rmi.transport.tcp.TCPTransport.handleMessages(TCPTransport.java:573)
	at sun.rmi.transport.tcp.TCPTransport$ConnectionHandler.run0(TCPTransport.java:834)
	at sun.rmi.transport.tcp.TCPTransport$ConnectionHandler.lambda$run$0(TCPTransport.java:688)
	at java.security.AccessController.doPrivileged(Native Method)
	at sun.rmi.transport.tcp.TCPTransport$ConnectionHandler.run(TCPTransport.java:687)
	at java.util.concurrent.ThreadPoolExecutor.runWorker(ThreadPoolExecutor.java:1149)
	at java.util.concurrent.ThreadPoolExecutor$Worker.run(ThreadPoolExecutor.java:624)
	at java.lang.Thread.run(Thread.java:748)
2018-08-19 09:19:54  [ main:0 ] - [ INFO ]  
rmi服务端启动
2018-08-19 09:19:54  [ main:223 ] - [ INFO ]  Refreshing org.springframework.context.support.ClassPathXmlApplicationContext@5479e3f: startup date [Sun Aug 19 09:19:54 CST 2018]; root of context hierarchy
2018-08-19 09:19:55  [ main:410 ] - [ INFO ]  Loading XML bean definitions from class path resource [rmiService.xml]
2018-08-19 09:19:55  [ main:1052 ] - [ INFO ]  Looking for RMI registry at port '9400'
2018-08-19 09:19:57  [ main:2846 ] - [ INFO ]  Could not detect RMI registry - creating new one
2018-08-19 09:19:57  [ main:2976 ] - [ INFO ]  Binding service 'remoteService' to RMI registry: RegistryImpl[UnicastServerRef [liveRef: [endpoint:[192.168.1.126:9400](local),objID:[0:0:0, 0]]]]
2018-08-19 09:19:57  [ main:3014 ] - [ INFO ]  
rmi服务端启动完成。。。
2018-08-19 09:21:38  [ RMI TCP Connection(3)-192.168.1.126:103801 ] - [ WARN ]  Processing of RmiServiceExporter remote call resulted in fatal exception: com.jnshu.czm.service.UserService.findByPage
java.lang.NullPointerException
	at com.jnshu.czm.service.impl.UserServiceImpl.findByPage(UserServiceImpl.java:78)
	at sun.reflect.NativeMethodAccessorImpl.invoke0(Native Method)
	at sun.reflect.NativeMethodAccessorImpl.invoke(NativeMethodAccessorImpl.java:62)
	at sun.reflect.DelegatingMethodAccessorImpl.invoke(DelegatingMethodAccessorImpl.java:43)
	at java.lang.reflect.Method.invoke(Method.java:498)
	at org.springframework.aop.support.AopUtils.invokeJoinpointUsingReflection(AopUtils.java:333)
	at org.springframework.aop.framework.ReflectiveMethodInvocation.invokeJoinpoint(ReflectiveMethodInvocation.java:190)
	at org.springframework.aop.framework.ReflectiveMethodInvocation.proceed(ReflectiveMethodInvocation.java:157)
	at org.springframework.remoting.support.RemoteInvocationTraceInterceptor.invoke(RemoteInvocationTraceInterceptor.java:78)
	at org.springframework.aop.framework.ReflectiveMethodInvocation.proceed(ReflectiveMethodInvocation.java:179)
	at org.springframework.aop.framework.JdkDynamicAopProxy.invoke(JdkDynamicAopProxy.java:213)
	at com.sun.proxy.$Proxy1.findByPage(Unknown Source)
	at sun.reflect.NativeMethodAccessorImpl.invoke0(Native Method)
	at sun.reflect.NativeMethodAccessorImpl.invoke(NativeMethodAccessorImpl.java:62)
	at sun.reflect.DelegatingMethodAccessorImpl.invoke(DelegatingMethodAccessorImpl.java:43)
	at java.lang.reflect.Method.invoke(Method.java:498)
	at org.springframework.remoting.support.RemoteInvocation.invoke(RemoteInvocation.java:212)
	at org.springframework.remoting.support.DefaultRemoteInvocationExecutor.invoke(DefaultRemoteInvocationExecutor.java:39)
	at org.springframework.remoting.support.RemoteInvocationBasedExporter.invoke(RemoteInvocationBasedExporter.java:78)
	at org.springframework.remoting.rmi.RmiBasedExporter.invoke(RmiBasedExporter.java:73)
	at org.springframework.remoting.rmi.RmiInvocationWrapper.invoke(RmiInvocationWrapper.java:74)
	at sun.reflect.NativeMethodAccessorImpl.invoke0(Native Method)
	at sun.reflect.NativeMethodAccessorImpl.invoke(NativeMethodAccessorImpl.java:62)
	at sun.reflect.DelegatingMethodAccessorImpl.invoke(DelegatingMethodAccessorImpl.java:43)
	at java.lang.reflect.Method.invoke(Method.java:498)
	at sun.rmi.server.UnicastServerRef.dispatch(UnicastServerRef.java:357)
	at sun.rmi.transport.Transport$1.run(Transport.java:200)
	at sun.rmi.transport.Transport$1.run(Transport.java:197)
	at java.security.AccessController.doPrivileged(Native Method)
	at sun.rmi.transport.Transport.serviceCall(Transport.java:196)
	at sun.rmi.transport.tcp.TCPTransport.handleMessages(TCPTransport.java:573)
	at sun.rmi.transport.tcp.TCPTransport$ConnectionHandler.run0(TCPTransport.java:834)
	at sun.rmi.transport.tcp.TCPTransport$ConnectionHandler.lambda$run$0(TCPTransport.java:688)
	at java.security.AccessController.doPrivileged(Native Method)
	at sun.rmi.transport.tcp.TCPTransport$ConnectionHandler.run(TCPTransport.java:687)
	at java.util.concurrent.ThreadPoolExecutor.runWorker(ThreadPoolExecutor.java:1149)
	at java.util.concurrent.ThreadPoolExecutor$Worker.run(ThreadPoolExecutor.java:624)
	at java.lang.Thread.run(Thread.java:748)
2018-08-19 09:41:46  [ main:0 ] - [ INFO ]  
rmi服务端启动
2018-08-19 09:41:46  [ main:144 ] - [ INFO ]  Refreshing org.springframework.context.support.ClassPathXmlApplicationContext@5479e3f: startup date [Sun Aug 19 09:41:46 CST 2018]; root of context hierarchy
2018-08-19 09:41:46  [ main:317 ] - [ INFO ]  Loading XML bean definitions from class path resource [rmiService.xml]
2018-08-19 09:41:47  [ main:758 ] - [ INFO ]  Looking for RMI registry at port '9400'
2018-08-19 09:41:49  [ main:2674 ] - [ INFO ]  Could not detect RMI registry - creating new one
2018-08-19 09:41:49  [ main:2765 ] - [ INFO ]  Binding service 'remoteService' to RMI registry: RegistryImpl[UnicastServerRef [liveRef: [endpoint:[192.168.1.126:9400](local),objID:[0:0:0, 0]]]]
2018-08-19 09:41:49  [ main:2800 ] - [ INFO ]  
rmi服务端启动完成。。。
2018-08-19 09:44:08  [ RMI TCP Connection(3)-192.168.1.126:142088 ] - [ WARN ]  Processing of RmiServiceExporter remote call resulted in fatal exception: com.jnshu.czm.service.UserService.findByPage
java.lang.NullPointerException
	at com.jnshu.czm.service.impl.UserServiceImpl.findByPage(UserServiceImpl.java:79)
	at sun.reflect.NativeMethodAccessorImpl.invoke0(Native Method)
	at sun.reflect.NativeMethodAccessorImpl.invoke(NativeMethodAccessorImpl.java:62)
	at sun.reflect.DelegatingMethodAccessorImpl.invoke(DelegatingMethodAccessorImpl.java:43)
	at java.lang.reflect.Method.invoke(Method.java:498)
	at org.springframework.aop.support.AopUtils.invokeJoinpointUsingReflection(AopUtils.java:333)
	at org.springframework.aop.framework.ReflectiveMethodInvocation.invokeJoinpoint(ReflectiveMethodInvocation.java:190)
	at org.springframework.aop.framework.ReflectiveMethodInvocation.proceed(ReflectiveMethodInvocation.java:157)
	at org.springframework.remoting.support.RemoteInvocationTraceInterceptor.invoke(RemoteInvocationTraceInterceptor.java:78)
	at org.springframework.aop.framework.ReflectiveMethodInvocation.proceed(ReflectiveMethodInvocation.java:179)
	at org.springframework.aop.framework.JdkDynamicAopProxy.invoke(JdkDynamicAopProxy.java:213)
	at com.sun.proxy.$Proxy1.findByPage(Unknown Source)
	at sun.reflect.NativeMethodAccessorImpl.invoke0(Native Method)
	at sun.reflect.NativeMethodAccessorImpl.invoke(NativeMethodAccessorImpl.java:62)
	at sun.reflect.DelegatingMethodAccessorImpl.invoke(DelegatingMethodAccessorImpl.java:43)
	at java.lang.reflect.Method.invoke(Method.java:498)
	at org.springframework.remoting.support.RemoteInvocation.invoke(RemoteInvocation.java:212)
	at org.springframework.remoting.support.DefaultRemoteInvocationExecutor.invoke(DefaultRemoteInvocationExecutor.java:39)
	at org.springframework.remoting.support.RemoteInvocationBasedExporter.invoke(RemoteInvocationBasedExporter.java:78)
	at org.springframework.remoting.rmi.RmiBasedExporter.invoke(RmiBasedExporter.java:73)
	at org.springframework.remoting.rmi.RmiInvocationWrapper.invoke(RmiInvocationWrapper.java:74)
	at sun.reflect.NativeMethodAccessorImpl.invoke0(Native Method)
	at sun.reflect.NativeMethodAccessorImpl.invoke(NativeMethodAccessorImpl.java:62)
	at sun.reflect.DelegatingMethodAccessorImpl.invoke(DelegatingMethodAccessorImpl.java:43)
	at java.lang.reflect.Method.invoke(Method.java:498)
	at sun.rmi.server.UnicastServerRef.dispatch(UnicastServerRef.java:357)
	at sun.rmi.transport.Transport$1.run(Transport.java:200)
	at sun.rmi.transport.Transport$1.run(Transport.java:197)
	at java.security.AccessController.doPrivileged(Native Method)
	at sun.rmi.transport.Transport.serviceCall(Transport.java:196)
	at sun.rmi.transport.tcp.TCPTransport.handleMessages(TCPTransport.java:573)
	at sun.rmi.transport.tcp.TCPTransport$ConnectionHandler.run0(TCPTransport.java:834)
	at sun.rmi.transport.tcp.TCPTransport$ConnectionHandler.lambda$run$0(TCPTransport.java:688)
	at java.security.AccessController.doPrivileged(Native Method)
	at sun.rmi.transport.tcp.TCPTransport$ConnectionHandler.run(TCPTransport.java:687)
	at java.util.concurrent.ThreadPoolExecutor.runWorker(ThreadPoolExecutor.java:1149)
	at java.util.concurrent.ThreadPoolExecutor$Worker.run(ThreadPoolExecutor.java:624)
	at java.lang.Thread.run(Thread.java:748)
2018-08-19 10:03:30  [ main:0 ] - [ INFO ]  
rmi服务端启动
2018-08-19 10:03:30  [ main:193 ] - [ INFO ]  Refreshing org.springframework.context.support.ClassPathXmlApplicationContext@5479e3f: startup date [Sun Aug 19 10:03:30 CST 2018]; root of context hierarchy
2018-08-19 10:03:30  [ main:337 ] - [ INFO ]  Loading XML bean definitions from class path resource [rmiService.xml]
2018-08-19 10:03:31  [ main:916 ] - [ INFO ]  Looking for RMI registry at port '9400'
2018-08-19 10:03:33  [ main:3092 ] - [ INFO ]  Could not detect RMI registry - creating new one
2018-08-19 10:03:33  [ main:3344 ] - [ INFO ]  Binding service 'remoteService' to RMI registry: RegistryImpl[UnicastServerRef [liveRef: [endpoint:[192.168.1.126:9400](local),objID:[0:0:0, 0]]]]
2018-08-19 10:03:33  [ main:3367 ] - [ INFO ]  
rmi服务端启动完成。。。
2018-08-19 10:03:55  [ RMI TCP Connection(2)-192.168.1.126:24924 ] - [ INFO ]  
调用服务器的方法了。。。。。。。。。。。。。。。。。。。
2018-08-19 10:03:55  [ RMI TCP Connection(2)-192.168.1.126:25780 ] - [ INFO ]  
调用服务器的方法了。。。。。。。。。。。。。。。。。。。
2018-08-19 10:03:57  [ RMI TCP Connection(2)-192.168.1.126:27250 ] - [ INFO ]  
调用服务器的方法了。。。。。。。。。。。。。。。。。。。
2018-08-19 10:03:59  [ RMI TCP Connection(2)-192.168.1.126:29740 ] - [ WARN ]  Processing of RmiServiceExporter remote call resulted in fatal exception: com.jnshu.czm.service.UserService.findByPage
java.lang.NullPointerException
	at com.jnshu.czm.service.impl.UserServiceImpl.findByPage(UserServiceImpl.java:80)
	at sun.reflect.NativeMethodAccessorImpl.invoke0(Native Method)
	at sun.reflect.NativeMethodAccessorImpl.invoke(NativeMethodAccessorImpl.java:62)
	at sun.reflect.DelegatingMethodAccessorImpl.invoke(DelegatingMethodAccessorImpl.java:43)
	at java.lang.reflect.Method.invoke(Method.java:498)
	at org.springframework.aop.support.AopUtils.invokeJoinpointUsingReflection(AopUtils.java:333)
	at org.springframework.aop.framework.ReflectiveMethodInvocation.invokeJoinpoint(ReflectiveMethodInvocation.java:190)
	at org.springframework.aop.framework.ReflectiveMethodInvocation.proceed(ReflectiveMethodInvocation.java:157)
	at org.springframework.remoting.support.RemoteInvocationTraceInterceptor.invoke(RemoteInvocationTraceInterceptor.java:78)
	at org.springframework.aop.framework.ReflectiveMethodInvocation.proceed(ReflectiveMethodInvocation.java:179)
	at org.springframework.aop.framework.JdkDynamicAopProxy.invoke(JdkDynamicAopProxy.java:213)
	at com.sun.proxy.$Proxy1.findByPage(Unknown Source)
	at sun.reflect.NativeMethodAccessorImpl.invoke0(Native Method)
	at sun.reflect.NativeMethodAccessorImpl.invoke(NativeMethodAccessorImpl.java:62)
	at sun.reflect.DelegatingMethodAccessorImpl.invoke(DelegatingMethodAccessorImpl.java:43)
	at java.lang.reflect.Method.invoke(Method.java:498)
	at org.springframework.remoting.support.RemoteInvocation.invoke(RemoteInvocation.java:212)
	at org.springframework.remoting.support.DefaultRemoteInvocationExecutor.invoke(DefaultRemoteInvocationExecutor.java:39)
	at org.springframework.remoting.support.RemoteInvocationBasedExporter.invoke(RemoteInvocationBasedExporter.java:78)
	at org.springframework.remoting.rmi.RmiBasedExporter.invoke(RmiBasedExporter.java:73)
	at org.springframework.remoting.rmi.RmiInvocationWrapper.invoke(RmiInvocationWrapper.java:74)
	at sun.reflect.NativeMethodAccessorImpl.invoke0(Native Method)
	at sun.reflect.NativeMethodAccessorImpl.invoke(NativeMethodAccessorImpl.java:62)
	at sun.reflect.DelegatingMethodAccessorImpl.invoke(DelegatingMethodAccessorImpl.java:43)
	at java.lang.reflect.Method.invoke(Method.java:498)
	at sun.rmi.server.UnicastServerRef.dispatch(UnicastServerRef.java:357)
	at sun.rmi.transport.Transport$1.run(Transport.java:200)
	at sun.rmi.transport.Transport$1.run(Transport.java:197)
	at java.security.AccessController.doPrivileged(Native Method)
	at sun.rmi.transport.Transport.serviceCall(Transport.java:196)
	at sun.rmi.transport.tcp.TCPTransport.handleMessages(TCPTransport.java:573)
	at sun.rmi.transport.tcp.TCPTransport$ConnectionHandler.run0(TCPTransport.java:834)
	at sun.rmi.transport.tcp.TCPTransport$ConnectionHandler.lambda$run$0(TCPTransport.java:688)
	at java.security.AccessController.doPrivileged(Native Method)
	at sun.rmi.transport.tcp.TCPTransport$ConnectionHandler.run(TCPTransport.java:687)
	at java.util.concurrent.ThreadPoolExecutor.runWorker(ThreadPoolExecutor.java:1149)
	at java.util.concurrent.ThreadPoolExecutor$Worker.run(ThreadPoolExecutor.java:624)
	at java.lang.Thread.run(Thread.java:748)
2018-08-19 10:18:14  [ main:0 ] - [ INFO ]  
rmi服务端启动
2018-08-19 10:18:14  [ main:119 ] - [ INFO ]  Refreshing org.springframework.context.support.ClassPathXmlApplicationContext@5479e3f: startup date [Sun Aug 19 10:18:14 CST 2018]; root of context hierarchy
2018-08-19 10:18:14  [ main:270 ] - [ INFO ]  Loading XML bean definitions from class path resource [spring-mybatis.xml]
2018-08-19 10:18:15  [ main:790 ] - [ INFO ]  Loading XML bean definitions from class path resource [rmiService.xml]
2018-08-19 10:18:16  [ main:1932 ] - [ INFO ]  Looking for RMI registry at port '9400'
2018-08-19 10:18:18  [ main:3965 ] - [ INFO ]  Could not detect RMI registry - creating new one
2018-08-19 10:18:18  [ main:4056 ] - [ INFO ]  Binding service 'remoteService' to RMI registry: RegistryImpl[UnicastServerRef [liveRef: [endpoint:[192.168.1.126:9400](local),objID:[0:0:0, 0]]]]
2018-08-19 10:18:18  [ main:4131 ] - [ INFO ]  
rmi服务端启动完成。。。
2018-08-19 10:18:46  [ RMI TCP Connection(2)-192.168.1.126:32145 ] - [ INFO ]  
调用服务器的方法了。。。。。。。。。。。。。。。。。。。
2018-08-19 10:18:47  [ RMI TCP Connection(2)-192.168.1.126:33168 ] - [ INFO ]  
调用服务器的方法了。。。。。。。。。。。。。。。。。。。
2018-08-19 10:18:49  [ RMI TCP Connection(2)-192.168.1.126:34736 ] - [ INFO ]  
调用服务器的方法了。。。。。。。。。。。。。。。。。。。
2018-08-19 10:22:24  [ RMI TCP Connection(4)-192.168.1.126:249385 ] - [ INFO ]  
调用服务器的方法了。。。。。。。。。。。。。。。。。。。
2018-08-19 10:22:24  [ RMI TCP Connection(4)-192.168.1.126:250193 ] - [ INFO ]  
调用服务器的方法了。。。。。。。。。。。。。。。。。。。
2018-08-19 10:22:26  [ RMI TCP Connection(4)-192.168.1.126:251606 ] - [ INFO ]  
调用服务器的方法了。。。。。。。。。。。。。。。。。。。
2018-08-19 10:24:17  [ main:0 ] - [ INFO ]  
rmi服务端启动
2018-08-19 10:24:17  [ main:181 ] - [ INFO ]  Refreshing org.springframework.context.support.ClassPathXmlApplicationContext@5479e3f: startup date [Sun Aug 19 10:24:17 CST 2018]; root of context hierarchy
2018-08-19 10:24:18  [ main:323 ] - [ INFO ]  Loading XML bean definitions from class path resource [spring-mybatis.xml]
2018-08-19 10:24:18  [ main:749 ] - [ INFO ]  Loading XML bean definitions from class path resource [rmiService.xml]
2018-08-19 10:24:19  [ main:2025 ] - [ INFO ]  Looking for RMI registry at port '9400'
2018-08-19 10:24:20  [ main:3252 ] - [ INFO ]  Binding service 'remoteService' to RMI registry: RegistryImpl_Stub[UnicastRef [liveRef: [endpoint:[192.168.1.126:9400](remote),objID:[0:0:0, 0]]]]
2018-08-19 10:24:21  [ main:3406 ] - [ INFO ]  
rmi服务端启动完成。。。
2018-08-19 10:24:50  [ RMI TCP Connection(2)-192.168.1.126:32615 ] - [ INFO ]  
调用服务器的方法了。。。。。。。。。。。。。。。。。。。
2018-08-19 10:24:51  [ RMI TCP Connection(2)-192.168.1.126:33605 ] - [ INFO ]  
调用服务器的方法了。。。。。。。。。。。。。。。。。。。
2018-08-19 10:24:52  [ RMI TCP Connection(2)-192.168.1.126:35079 ] - [ INFO ]  
调用服务器的方法了。。。。。。。。。。。。。。。。。。。
2018-08-19 10:27:02  [ main:0 ] - [ INFO ]  
rmi服务端启动
2018-08-19 10:27:03  [ main:104 ] - [ INFO ]  Refreshing org.springframework.context.support.ClassPathXmlApplicationContext@5479e3f: startup date [Sun Aug 19 10:27:02 CST 2018]; root of context hierarchy
2018-08-19 10:27:03  [ main:251 ] - [ INFO ]  Loading XML bean definitions from class path resource [spring-mybatis.xml]
2018-08-19 10:27:03  [ main:1041 ] - [ INFO ]  Loading XML bean definitions from class path resource [rmiService.xml]
2018-08-19 10:27:05  [ main:2528 ] - [ INFO ]  Looking for RMI registry at port '9400'
2018-08-19 10:27:07  [ main:4255 ] - [ INFO ]  Could not detect RMI registry - creating new one
2018-08-19 10:27:07  [ main:4350 ] - [ INFO ]  Binding service 'remoteService' to RMI registry: RegistryImpl[UnicastServerRef [liveRef: [endpoint:[192.168.1.126:9400](local),objID:[0:0:0, 0]]]]
2018-08-19 10:27:07  [ main:4403 ] - [ INFO ]  
rmi服务端启动完成。。。
2018-08-19 10:28:46  [ RMI TCP Connection(2)-192.168.1.126:103183 ] - [ INFO ]  
调用服务器的方法了。。。。。。。。。。。。。。。。。。。
2018-08-19 10:28:46  [ RMI TCP Connection(2)-192.168.1.126:103983 ] - [ INFO ]  
调用服务器的方法了。。。。。。。。。。。。。。。。。。。
2018-08-19 10:28:48  [ RMI TCP Connection(2)-192.168.1.126:105421 ] - [ INFO ]  
调用服务器的方法了。。。。。。。。。。。。。。。。。。。
2018-08-19 10:30:43  [ main:1 ] - [ INFO ]  
rmi服务端启动
2018-08-19 10:30:43  [ main:161 ] - [ INFO ]  Refreshing org.springframework.context.support.ClassPathXmlApplicationContext@5479e3f: startup date [Sun Aug 19 10:30:43 CST 2018]; root of context hierarchy
2018-08-19 10:30:44  [ main:322 ] - [ INFO ]  Loading XML bean definitions from class path resource [spring-mybatis.xml]
2018-08-19 10:30:44  [ main:869 ] - [ INFO ]  Loading XML bean definitions from class path resource [rmiService.xml]
2018-08-19 10:30:46  [ main:2626 ] - [ INFO ]  Looking for RMI registry at port '9400'
2018-08-19 10:30:47  [ main:4234 ] - [ INFO ]  Could not detect RMI registry - creating new one
2018-08-19 10:30:48  [ main:4297 ] - [ INFO ]  Binding service 'remoteService' to RMI registry: RegistryImpl[UnicastServerRef [liveRef: [endpoint:[192.168.1.126:9400](local),objID:[0:0:0, 0]]]]
2018-08-19 10:30:48  [ main:4385 ] - [ INFO ]  
rmi服务端启动完成。。。
2018-08-19 10:31:12  [ RMI TCP Connection(2)-192.168.1.126:29241 ] - [ INFO ]  
调用服务器的方法了。。。。。。。。。。。。。。。。。。。
2018-08-19 10:31:12  [ RMI TCP Connection(2)-192.168.1.126:29244 ] - [ INFO ]  -----------com.jnshu.czm.service.UserService.test访问耗时 1 ms
2018-08-19 10:31:13  [ RMI TCP Connection(2)-192.168.1.126:30025 ] - [ INFO ]  
调用服务器的方法了。。。。。。。。。。。。。。。。。。。
2018-08-19 10:31:13  [ RMI TCP Connection(2)-192.168.1.126:30026 ] - [ INFO ]  -----------com.jnshu.czm.service.UserService.test访问耗时 1 ms
2018-08-19 10:31:15  [ RMI TCP Connection(2)-192.168.1.126:31432 ] - [ INFO ]  
调用服务器的方法了。。。。。。。。。。。。。。。。。。。
2018-08-19 10:31:15  [ RMI TCP Connection(2)-192.168.1.126:31433 ] - [ INFO ]  -----------com.jnshu.czm.service.UserService.test访问耗时 1 ms
2018-08-19 10:32:14  [ RMI TCP Connection(3)-192.168.1.126:91063 ] - [ INFO ]  -----------com.jnshu.czm.service.UserService.findByPage访问耗时 380 ms
2018-08-19 10:46:13  [ main:0 ] - [ INFO ]  
rmi服务端启动
2018-08-19 10:46:14  [ main:130 ] - [ INFO ]  Refreshing org.springframework.context.support.ClassPathXmlApplicationContext@5479e3f: startup date [Sun Aug 19 10:46:14 CST 2018]; root of context hierarchy
2018-08-19 10:46:14  [ main:307 ] - [ INFO ]  Loading XML bean definitions from class path resource [spring-mybatis.xml]
2018-08-19 10:46:14  [ main:817 ] - [ INFO ]  Loading XML bean definitions from class path resource [rmiService.xml]
2018-08-19 10:46:17  [ main:3134 ] - [ WARN ]  Exception encountered during context initialization - cancelling refresh attempt: org.springframework.beans.factory.BeanCreationException: Error creating bean with name 'remoteRmiService' defined in class path resource [rmiService.xml]: Initialization of bean failed; nested exception is org.springframework.beans.TypeMismatchException: Failed to convert property value of type 'java.lang.String' to required type 'java.lang.Class' for property 'serviceInterface'; nested exception is java.lang.IllegalArgumentException: Could not find class [com.jnshu.czm.service.UserService]
2018-08-19 10:47:30  [ main:1 ] - [ INFO ]  
rmi服务端启动
2018-08-19 10:47:30  [ main:152 ] - [ INFO ]  Refreshing org.springframework.context.support.ClassPathXmlApplicationContext@5479e3f: startup date [Sun Aug 19 10:47:30 CST 2018]; root of context hierarchy
2018-08-19 10:47:30  [ main:277 ] - [ INFO ]  Loading XML bean definitions from class path resource [spring-mybatis.xml]
2018-08-19 10:47:31  [ main:755 ] - [ INFO ]  Loading XML bean definitions from class path resource [rmiService.xml]
2018-08-19 10:47:32  [ main:2518 ] - [ WARN ]  Exception encountered during context initialization - cancelling refresh attempt: org.springframework.beans.factory.BeanCreationException: Error creating bean with name 'remoteRmiService' defined in class path resource [rmiService.xml]: Initialization of bean failed; nested exception is org.springframework.beans.TypeMismatchException: Failed to convert property value of type 'java.lang.String' to required type 'java.lang.Class' for property 'serviceInterface'; nested exception is java.lang.IllegalArgumentException: Could not find class [com.jnshu.czm.service.UserService]
2018-08-19 10:49:32  [ main:0 ] - [ INFO ]  
rmi服务端启动
2018-08-19 10:49:33  [ main:138 ] - [ INFO ]  Refreshing org.springframework.context.support.ClassPathXmlApplicationContext@5479e3f: startup date [Sun Aug 19 10:49:33 CST 2018]; root of context hierarchy
2018-08-19 10:49:33  [ main:283 ] - [ INFO ]  Loading XML bean definitions from class path resource [spring-mybatis.xml]
2018-08-19 10:49:33  [ main:771 ] - [ INFO ]  Loading XML bean definitions from class path resource [rmiService.xml]
2018-08-19 10:49:35  [ main:2439 ] - [ INFO ]  Looking for RMI registry at port '9400'
2018-08-19 10:49:36  [ main:3793 ] - [ INFO ]  Could not detect RMI registry - creating new one
2018-08-19 10:49:36  [ main:3866 ] - [ INFO ]  Binding service 'remoteService' to RMI registry: RegistryImpl[UnicastServerRef [liveRef: [endpoint:[192.168.1.126:9400](local),objID:[0:0:0, 0]]]]
2018-08-19 10:49:36  [ main:3955 ] - [ INFO ]  
rmi服务端启动完成。。。
2018-08-19 10:50:06  [ RMI TCP Connection(2)-192.168.1.126:33758 ] - [ INFO ]  
调用服务器的方法了。。。。。。。。。。。。。。。。。。。
2018-08-19 10:50:06  [ RMI TCP Connection(2)-192.168.1.126:33761 ] - [ INFO ]  
-----------com.jnshu.czm.service.UserService.test访问耗时 3 ms
2018-08-19 10:50:07  [ RMI TCP Connection(2)-192.168.1.126:34614 ] - [ INFO ]  
调用服务器的方法了。。。。。。。。。。。。。。。。。。。
2018-08-19 10:50:07  [ RMI TCP Connection(2)-192.168.1.126:34614 ] - [ INFO ]  
-----------com.jnshu.czm.service.UserService.test访问耗时 0 ms
2018-08-19 10:50:09  [ RMI TCP Connection(2)-192.168.1.126:36105 ] - [ INFO ]  
调用服务器的方法了。。。。。。。。。。。。。。。。。。。
2018-08-19 10:50:09  [ RMI TCP Connection(2)-192.168.1.126:36106 ] - [ INFO ]  
-----------com.jnshu.czm.service.UserService.test访问耗时 2 ms
2018-08-19 10:50:11  [ RMI TCP Connection(2)-192.168.1.126:38762 ] - [ INFO ]  
-----------com.jnshu.czm.service.UserService.findByPage访问耗时 324 ms
2018-08-19 14:45:23  [ main:0 ] - [ INFO ]  
rmi服务端启动
2018-08-19 14:45:23  [ main:246 ] - [ INFO ]  Refreshing org.springframework.context.support.ClassPathXmlApplicationContext@5479e3f: startup date [Sun Aug 19 14:45:23 CST 2018]; root of context hierarchy
2018-08-19 14:45:24  [ main:407 ] - [ INFO ]  Loading XML bean definitions from class path resource [spring-mybatis.xml]
2018-08-19 14:45:25  [ main:1514 ] - [ INFO ]  Loading XML bean definitions from class path resource [rmiService.xml]
2018-08-19 14:45:26  [ main:3076 ] - [ INFO ]  Looking for RMI registry at port '9400'
2018-08-19 14:45:28  [ main:4619 ] - [ INFO ]  Could not detect RMI registry - creating new one
2018-08-19 14:45:28  [ main:4748 ] - [ INFO ]  Binding service 'remoteService' to RMI registry: RegistryImpl[UnicastServerRef [liveRef: [endpoint:[192.168.1.126:9400](local),objID:[0:0:0, 0]]]]
2018-08-19 14:45:28  [ main:4941 ] - [ INFO ]  
rmi服务端启动完成。。。
2018-08-19 14:46:12  [ RMI TCP Connection(2)-192.168.1.126:49096 ] - [ INFO ]  
调用服务器的方法了。。。。。。。。。。。。。。。。。。。
2018-08-19 14:46:12  [ RMI TCP Connection(2)-192.168.1.126:49099 ] - [ INFO ]  
-----------com.jnshu.czm.service.UserService.test访问耗时 4 ms
2018-08-19 14:46:18  [ RMI TCP Connection(2)-192.168.1.126:55078 ] - [ INFO ]  
调用服务器的方法了。。。。。。。。。。。。。。。。。。。
2018-08-19 14:46:18  [ RMI TCP Connection(2)-192.168.1.126:55079 ] - [ INFO ]  
-----------com.jnshu.czm.service.UserService.test访问耗时 1 ms
2018-08-19 14:46:22  [ RMI TCP Connection(2)-192.168.1.126:58469 ] - [ INFO ]  
调用服务器的方法了。。。。。。。。。。。。。。。。。。。
2018-08-19 14:46:22  [ RMI TCP Connection(2)-192.168.1.126:58470 ] - [ INFO ]  
-----------com.jnshu.czm.service.UserService.test访问耗时 1 ms
2018-08-19 14:46:28  [ RMI TCP Connection(2)-192.168.1.126:64529 ] - [ INFO ]  
-----------com.jnshu.czm.service.UserService.findByPage访问耗时 1408 ms
2018-08-19 14:46:36  [ RMI TCP Connection(2)-192.168.1.126:72776 ] - [ INFO ]  
-----------com.jnshu.czm.service.UserService.findUserById访问耗时 92 ms
2018-08-19 15:05:35  [ main:0 ] - [ INFO ]  
rmi服务端启动
2018-08-19 15:05:35  [ main:153 ] - [ INFO ]  Refreshing org.springframework.context.support.ClassPathXmlApplicationContext@5479e3f: startup date [Sun Aug 19 15:05:35 CST 2018]; root of context hierarchy
2018-08-19 15:05:35  [ main:347 ] - [ INFO ]  Loading XML bean definitions from class path resource [spring-mybatis.xml]
2018-08-19 15:05:36  [ main:817 ] - [ INFO ]  Loading XML bean definitions from class path resource [rmiService.xml]
2018-08-19 15:05:38  [ main:2868 ] - [ INFO ]  Looking for RMI registry at port '9400'
2018-08-19 15:05:39  [ main:4153 ] - [ INFO ]  Could not detect RMI registry - creating new one
2018-08-19 15:05:39  [ main:4231 ] - [ INFO ]  Binding service 'remoteService' to RMI registry: RegistryImpl[UnicastServerRef [liveRef: [endpoint:[192.168.1.126:9400](local),objID:[0:0:0, 0]]]]
2018-08-19 15:05:39  [ main:4335 ] - [ INFO ]  
rmi服务端启动完成。。。
