2018-09-21 21:15:53 [main:0] - [INFO]  MLog clients using log4j logging.
2018-09-21 21:15:53 [main:193] - [INFO]  Initializing c3p0-0.9.1 [built 16-January-2007 14:46:42; debug? true; trace: 10]
2018-09-21 21:15:53 [main:219] - [DEBUG]  MBean: com.mchange.v2.c3p0:type=PooledDataSource[1hge1879x1xzvmy8156a79v|3ee37e5a] registered.
2018-09-21 21:15:54 [main:917] - [INFO]  delAdmins():开始测试
2018-09-21 21:15:54 [main:965] - [DEBUG]  incremented pending_acquires: 1
2018-09-21 21:15:54 [main:966] - [DEBUG]  incremented pending_acquires: 2
2018-09-21 21:15:54 [main:966] - [DEBUG]  incremented pending_acquires: 3
2018-09-21 21:15:54 [main:966] - [DEBUG]  com.mchange.v2.resourcepool.BasicResourcePool@b968a76 config: [start -> 3; min -> 3; max -> 15; inc -> 3; num_acq_attempts -> 30; acq_attempt_delay -> 1000; check_idle_resources_delay -> 0; mox_resource_age -> 0; max_idle_time -> 0; excess_max_idle_time -> 0; destroy_unreturned_resc_time -> 0; expiration_enforcement_delay -> 0; break_on_acquisition_failure -> false; debug_store_checkout_exceptions -> false]
2018-09-21 21:15:54 [main:968] - [INFO]  Initializing c3p0 pool... com.mchange.v2.c3p0.ComboPooledDataSource [ acquireIncrement -> 3, acquireRetryAttempts -> 30, acquireRetryDelay -> 1000, autoCommitOnClose -> false, automaticTestTable -> null, breakAfterAcquireFailure -> false, checkoutTimeout -> 0, connectionCustomizerClassName -> null, connectionTesterClassName -> com.mchange.v2.c3p0.impl.DefaultConnectionTester, dataSourceName -> 1hge1879x1xzvmy8156a79v|3ee37e5a, debugUnreturnedConnectionStackTraces -> false, description -> null, driverClass -> com.mysql.jdbc.Driver, factoryClassLocation -> null, forceIgnoreUnresolvedTransactions -> false, identityToken -> 1hge1879x1xzvmy8156a79v|3ee37e5a, idleConnectionTestPeriod -> 0, initialPoolSize -> 3, jdbcUrl -> jdbc:mysql://localhost:3306/task2?characterEncoding=utf8, lastAcquisitionFailureDefaultUser -> null, maxAdministrativeTaskTime -> 0, maxConnectionAge -> 0, maxIdleTime -> 0, maxIdleTimeExcessConnections -> 0, maxPoolSize -> 15, maxStatements -> 0, maxStatementsPerConnection -> 0, minPoolSize -> 3, numHelperThreads -> 3, numThreadsAwaitingCheckoutDefaultUser -> 0, preferredTestQuery -> null, properties -> {user=******, password=******}, propertyCycle -> 0, testConnectionOnCheckin -> false, testConnectionOnCheckout -> false, unreturnedConnectionTimeout -> 0, usesTraditionalReflectiveProxies -> false ]
2018-09-21 21:15:54 [main:968] - [DEBUG]  acquire test -- pool size: 0; target_pool_size: 3; desired target? 1
2018-09-21 21:15:54 [main:968] - [DEBUG]  awaitAvailable(): [unknown]
2018-09-21 21:15:54 [main:968] - [DEBUG]  trace com.mchange.v2.resourcepool.BasicResourcePool@b968a76 [managed: 0, unused: 0, excluded: 0]
2018-09-21 21:15:54 [com.mchange.v2.async.ThreadPoolAsynchronousRunner$PoolThread-#2:1238] - [DEBUG]  com.mchange.v2.c3p0.impl.C3P0PooledConnectionPool$1PooledConnectionResourcePoolManager@48fd984d.acquireResource() returning. 
2018-09-21 21:15:54 [com.mchange.v2.async.ThreadPoolAsynchronousRunner$PoolThread-#1:1238] - [DEBUG]  com.mchange.v2.c3p0.impl.C3P0PooledConnectionPool$1PooledConnectionResourcePoolManager@48fd984d.acquireResource() returning. 
2018-09-21 21:15:54 [com.mchange.v2.async.ThreadPoolAsynchronousRunner$PoolThread-#0:1238] - [DEBUG]  com.mchange.v2.c3p0.impl.C3P0PooledConnectionPool$1PooledConnectionResourcePoolManager@48fd984d.acquireResource() returning. 
2018-09-21 21:15:54 [com.mchange.v2.async.ThreadPoolAsynchronousRunner$PoolThread-#2:1239] - [DEBUG]  trace com.mchange.v2.resourcepool.BasicResourcePool@b968a76 [managed: 1, unused: 1, excluded: 0]
2018-09-21 21:15:54 [com.mchange.v2.async.ThreadPoolAsynchronousRunner$PoolThread-#2:1239] - [DEBUG]  decremented pending_acquires: 2
2018-09-21 21:15:54 [com.mchange.v2.async.ThreadPoolAsynchronousRunner$PoolThread-#0:1239] - [DEBUG]  trace com.mchange.v2.resourcepool.BasicResourcePool@b968a76 [managed: 2, unused: 2, excluded: 0] (e.g. com.mchange.v2.c3p0.impl.NewPooledConnection@336bf4e6)
2018-09-21 21:15:54 [com.mchange.v2.async.ThreadPoolAsynchronousRunner$PoolThread-#0:1240] - [DEBUG]  decremented pending_acquires: 1
2018-09-21 21:15:54 [com.mchange.v2.async.ThreadPoolAsynchronousRunner$PoolThread-#1:1240] - [DEBUG]  trace com.mchange.v2.resourcepool.BasicResourcePool@b968a76 [managed: 3, unused: 2, excluded: 0] (e.g. com.mchange.v2.c3p0.impl.NewPooledConnection@336bf4e6)
2018-09-21 21:15:54 [com.mchange.v2.async.ThreadPoolAsynchronousRunner$PoolThread-#1:1240] - [DEBUG]  decremented pending_acquires: 0
2018-09-21 21:15:54 [main:1242] - [DEBUG]  trace com.mchange.v2.resourcepool.BasicResourcePool@b968a76 [managed: 3, unused: 2, excluded: 0] (e.g. com.mchange.v2.c3p0.impl.NewPooledConnection@336bf4e6)
2018-09-21 21:15:54 [main:1337] - [DEBUG]  trace com.mchange.v2.resourcepool.BasicResourcePool@b968a76 [managed: 3, unused: 2, excluded: 0] (e.g. com.mchange.v2.c3p0.impl.NewPooledConnection@336bf4e6)
2018-09-21 21:15:54 [main:1338] - [INFO]  测试完成！
2018-09-21 21:15:54 [main:1340] - [DEBUG]  trace com.mchange.v2.resourcepool.BasicResourcePool@b968a76 [managed: 3, unused: 2, excluded: 0] (e.g. com.mchange.v2.c3p0.impl.NewPooledConnection@336bf4e6)
2018-09-21 21:15:54 [main:1343] - [DEBUG]  trace com.mchange.v2.resourcepool.BasicResourcePool@b968a76 [managed: 3, unused: 2, excluded: 0] (e.g. com.mchange.v2.c3p0.impl.NewPooledConnection@336bf4e6)
2018-09-21 21:15:54 [main:1344] - [INFO]  findAdmins()：正在测试
2018-09-21 21:15:54 [main:1346] - [DEBUG]  trace com.mchange.v2.resourcepool.BasicResourcePool@b968a76 [managed: 3, unused: 2, excluded: 0] (e.g. com.mchange.v2.c3p0.impl.NewPooledConnection@336bf4e6)
2018-09-21 21:15:54 [main:1360] - [DEBUG]  trace com.mchange.v2.resourcepool.BasicResourcePool@b968a76 [managed: 3, unused: 2, excluded: 0] (e.g. com.mchange.v2.c3p0.impl.NewPooledConnection@336bf4e6)
2018-09-21 21:15:54 [main:1360] - [INFO]  测试完成
2018-09-21 21:15:54 [main:1362] - [INFO]  saveAdmin():正在测试
2018-09-21 21:15:54 [main:1362] - [INFO]  Admin{adminId=null, adminCode='1015320765', password='123456', name='tanghaiqing', telephone='17688432366', email='1015320765@qq.com', enrolldate=20180919}
2018-09-21 21:15:54 [main:1362] - [DEBUG]  trace com.mchange.v2.resourcepool.BasicResourcePool@b968a76 [managed: 3, unused: 2, excluded: 0] (e.g. com.mchange.v2.c3p0.impl.NewPooledConnection@336bf4e6)
2018-09-21 21:15:54 [main:1439] - [DEBUG]  trace com.mchange.v2.resourcepool.BasicResourcePool@b968a76 [managed: 3, unused: 2, excluded: 0] (e.g. com.mchange.v2.c3p0.impl.NewPooledConnection@336bf4e6)
2018-09-21 21:15:54 [main:1441] - [DEBUG]  trace com.mchange.v2.resourcepool.BasicResourcePool@b968a76 [managed: 3, unused: 2, excluded: 0] (e.g. com.mchange.v2.c3p0.impl.NewPooledConnection@336bf4e6)
2018-09-21 21:15:54 [main:1442] - [DEBUG]  trace com.mchange.v2.resourcepool.BasicResourcePool@b968a76 [managed: 3, unused: 2, excluded: 0] (e.g. com.mchange.v2.c3p0.impl.NewPooledConnection@336bf4e6)
2018-09-21 21:15:54 [main:1444] - [INFO]  delAdmin()
2018-09-21 21:15:54 [main:1444] - [DEBUG]  trace com.mchange.v2.resourcepool.BasicResourcePool@b968a76 [managed: 3, unused: 1, excluded: 0] (e.g. com.mchange.v2.c3p0.impl.NewPooledConnection@336bf4e6)
2018-09-21 21:15:54 [main:1447] - [DEBUG]  trace com.mchange.v2.resourcepool.BasicResourcePool@b968a76 [managed: 3, unused: 1, excluded: 0] (e.g. com.mchange.v2.c3p0.impl.NewPooledConnection@336bf4e6)
2018-09-21 21:15:54 [main:1447] - [INFO]  执行完毕
2018-09-21 21:15:54 [main:1455] - [INFO]  queryAdminService()
2018-09-21 21:15:54 [main:1455] - [DEBUG]  trace com.mchange.v2.resourcepool.BasicResourcePool@b968a76 [managed: 3, unused: 0, excluded: 0] (e.g. com.mchange.v2.c3p0.impl.NewPooledConnection@336bf4e6)
2018-09-21 21:15:54 [main:1457] - [DEBUG]  trace com.mchange.v2.resourcepool.BasicResourcePool@b968a76 [managed: 3, unused: 2, excluded: 0] (e.g. com.mchange.v2.c3p0.impl.NewPooledConnection@336bf4e6)
2018-09-21 21:15:54 [main:1458] - [INFO]  queryAdminService():没有该行数据
2018-09-21 21:15:54 [main:1465] - [INFO]  saveAdminService()
2018-09-21 21:15:54 [main:1465] - [DEBUG]  trace com.mchange.v2.resourcepool.BasicResourcePool@b968a76 [managed: 3, unused: 2, excluded: 0] (e.g. com.mchange.v2.c3p0.impl.NewPooledConnection@336bf4e6)
2018-09-21 21:15:54 [main:1496] - [DEBUG]  trace com.mchange.v2.resourcepool.BasicResourcePool@b968a76 [managed: 3, unused: 2, excluded: 0] (e.g. com.mchange.v2.c3p0.impl.NewPooledConnection@336bf4e6)
2018-09-21 21:15:54 [main:1496] - [INFO]  saveAdminService():执行完了
2018-09-21 21:15:54 [main:1497] - [INFO]  queryAllService()
2018-09-21 21:15:54 [main:1497] - [DEBUG]  trace com.mchange.v2.resourcepool.BasicResourcePool@b968a76 [managed: 3, unused: 2, excluded: 0] (e.g. com.mchange.v2.c3p0.impl.NewPooledConnection@336bf4e6)
2018-09-21 21:15:54 [main:1499] - [DEBUG]  trace com.mchange.v2.resourcepool.BasicResourcePool@b968a76 [managed: 3, unused: 2, excluded: 0] (e.g. com.mchange.v2.c3p0.impl.NewPooledConnection@336bf4e6)
2018-09-21 21:15:54 [main:1500] - [INFO]  updateAdminService();
2018-09-21 21:15:54 [main:1500] - [DEBUG]  trace com.mchange.v2.resourcepool.BasicResourcePool@b968a76 [managed: 3, unused: 2, excluded: 0] (e.g. com.mchange.v2.c3p0.impl.NewPooledConnection@336bf4e6)
2018-09-21 21:15:54 [main:1502] - [DEBUG]  trace com.mchange.v2.resourcepool.BasicResourcePool@b968a76 [managed: 3, unused: 2, excluded: 0] (e.g. com.mchange.v2.c3p0.impl.NewPooledConnection@336bf4e6)
2018-09-21 21:15:54 [main:1502] - [INFO]  执行完了
2018-09-21 21:15:54 [main:1503] - [INFO]  delAdminsService()
2018-09-21 21:15:54 [main:1503] - [DEBUG]  trace com.mchange.v2.resourcepool.BasicResourcePool@b968a76 [managed: 3, unused: 2, excluded: 0] (e.g. com.mchange.v2.c3p0.impl.NewPooledConnection@336bf4e6)
2018-09-21 21:15:54 [main:1559] - [DEBUG]  trace com.mchange.v2.resourcepool.BasicResourcePool@b968a76 [managed: 3, unused: 2, excluded: 0] (e.g. com.mchange.v2.c3p0.impl.NewPooledConnection@336bf4e6)
2018-09-21 21:15:54 [main:1560] - [INFO]  执行完了
2018-09-21 21:15:54 [main:1560] - [INFO]  delAdminService()
2018-09-21 21:15:54 [main:1560] - [DEBUG]  trace com.mchange.v2.resourcepool.BasicResourcePool@b968a76 [managed: 3, unused: 2, excluded: 0] (e.g. com.mchange.v2.c3p0.impl.NewPooledConnection@336bf4e6)
2018-09-21 21:15:54 [main:1561] - [DEBUG]  trace com.mchange.v2.resourcepool.BasicResourcePool@b968a76 [managed: 3, unused: 2, excluded: 0] (e.g. com.mchange.v2.c3p0.impl.NewPooledConnection@336bf4e6)
2018-09-21 21:15:54 [main:1562] - [INFO]  执行完了
2018-09-21 21:16:29 [main:0] - [INFO]  MLog clients using log4j logging.
2018-09-21 21:16:29 [main:185] - [INFO]  Initializing c3p0-0.9.1 [built 16-January-2007 14:46:42; debug? true; trace: 10]
2018-09-21 21:16:29 [main:211] - [DEBUG]  MBean: com.mchange.v2.c3p0:type=PooledDataSource[1hge1879x1xzwel12qrbwa|2805d709] registered.
2018-09-21 21:16:30 [main:882] - [INFO]  delAdmins():开始测试
2018-09-21 21:16:30 [main:928] - [DEBUG]  incremented pending_acquires: 1
2018-09-21 21:16:30 [main:928] - [DEBUG]  incremented pending_acquires: 2
2018-09-21 21:16:30 [main:929] - [DEBUG]  incremented pending_acquires: 3
2018-09-21 21:16:30 [main:929] - [DEBUG]  com.mchange.v2.resourcepool.BasicResourcePool@21aa6d6c config: [start -> 3; min -> 3; max -> 15; inc -> 3; num_acq_attempts -> 30; acq_attempt_delay -> 1000; check_idle_resources_delay -> 0; mox_resource_age -> 0; max_idle_time -> 0; excess_max_idle_time -> 0; destroy_unreturned_resc_time -> 0; expiration_enforcement_delay -> 0; break_on_acquisition_failure -> false; debug_store_checkout_exceptions -> false]
2018-09-21 21:16:30 [main:934] - [INFO]  Initializing c3p0 pool... com.mchange.v2.c3p0.ComboPooledDataSource [ acquireIncrement -> 3, acquireRetryAttempts -> 30, acquireRetryDelay -> 1000, autoCommitOnClose -> false, automaticTestTable -> null, breakAfterAcquireFailure -> false, checkoutTimeout -> 0, connectionCustomizerClassName -> null, connectionTesterClassName -> com.mchange.v2.c3p0.impl.DefaultConnectionTester, dataSourceName -> 1hge1879x1xzwel12qrbwa|2805d709, debugUnreturnedConnectionStackTraces -> false, description -> null, driverClass -> com.mysql.jdbc.Driver, factoryClassLocation -> null, forceIgnoreUnresolvedTransactions -> false, identityToken -> 1hge1879x1xzwel12qrbwa|2805d709, idleConnectionTestPeriod -> 0, initialPoolSize -> 3, jdbcUrl -> jdbc:mysql://localhost:3306/task2?characterEncoding=utf8, lastAcquisitionFailureDefaultUser -> null, maxAdministrativeTaskTime -> 0, maxConnectionAge -> 0, maxIdleTime -> 0, maxIdleTimeExcessConnections -> 0, maxPoolSize -> 15, maxStatements -> 0, maxStatementsPerConnection -> 0, minPoolSize -> 3, numHelperThreads -> 3, numThreadsAwaitingCheckoutDefaultUser -> 0, preferredTestQuery -> null, properties -> {user=******, password=******}, propertyCycle -> 0, testConnectionOnCheckin -> false, testConnectionOnCheckout -> false, unreturnedConnectionTimeout -> 0, usesTraditionalReflectiveProxies -> false ]
2018-09-21 21:16:30 [main:939] - [DEBUG]  acquire test -- pool size: 0; target_pool_size: 3; desired target? 1
2018-09-21 21:16:30 [main:939] - [DEBUG]  awaitAvailable(): [unknown]
2018-09-21 21:16:30 [main:939] - [DEBUG]  trace com.mchange.v2.resourcepool.BasicResourcePool@21aa6d6c [managed: 0, unused: 0, excluded: 0]
2018-09-21 21:16:30 [com.mchange.v2.async.ThreadPoolAsynchronousRunner$PoolThread-#0:1180] - [DEBUG]  com.mchange.v2.c3p0.impl.C3P0PooledConnectionPool$1PooledConnectionResourcePoolManager@263b3a35.acquireResource() returning. 
2018-09-21 21:16:30 [com.mchange.v2.async.ThreadPoolAsynchronousRunner$PoolThread-#2:1181] - [DEBUG]  com.mchange.v2.c3p0.impl.C3P0PooledConnectionPool$1PooledConnectionResourcePoolManager@263b3a35.acquireResource() returning. 
2018-09-21 21:16:30 [com.mchange.v2.async.ThreadPoolAsynchronousRunner$PoolThread-#0:1181] - [DEBUG]  trace com.mchange.v2.resourcepool.BasicResourcePool@21aa6d6c [managed: 1, unused: 1, excluded: 0]
2018-09-21 21:16:30 [com.mchange.v2.async.ThreadPoolAsynchronousRunner$PoolThread-#0:1181] - [DEBUG]  decremented pending_acquires: 2
2018-09-21 21:16:30 [com.mchange.v2.async.ThreadPoolAsynchronousRunner$PoolThread-#2:1182] - [DEBUG]  trace com.mchange.v2.resourcepool.BasicResourcePool@21aa6d6c [managed: 2, unused: 2, excluded: 0] (e.g. com.mchange.v2.c3p0.impl.NewPooledConnection@747a5f19)
2018-09-21 21:16:30 [com.mchange.v2.async.ThreadPoolAsynchronousRunner$PoolThread-#2:1182] - [DEBUG]  decremented pending_acquires: 1
2018-09-21 21:16:30 [main:1184] - [DEBUG]  trace com.mchange.v2.resourcepool.BasicResourcePool@21aa6d6c [managed: 2, unused: 1, excluded: 0] (e.g. com.mchange.v2.c3p0.impl.NewPooledConnection@747a5f19)
2018-09-21 21:16:30 [com.mchange.v2.async.ThreadPoolAsynchronousRunner$PoolThread-#1:1195] - [DEBUG]  com.mchange.v2.c3p0.impl.C3P0PooledConnectionPool$1PooledConnectionResourcePoolManager@263b3a35.acquireResource() returning. 
2018-09-21 21:16:30 [com.mchange.v2.async.ThreadPoolAsynchronousRunner$PoolThread-#1:1195] - [DEBUG]  trace com.mchange.v2.resourcepool.BasicResourcePool@21aa6d6c [managed: 3, unused: 2, excluded: 0] (e.g. com.mchange.v2.c3p0.impl.NewPooledConnection@747a5f19)
2018-09-21 21:16:30 [com.mchange.v2.async.ThreadPoolAsynchronousRunner$PoolThread-#1:1195] - [DEBUG]  decremented pending_acquires: 0
2018-09-21 21:16:30 [main:1207] - [DEBUG]  trace com.mchange.v2.resourcepool.BasicResourcePool@21aa6d6c [managed: 3, unused: 2, excluded: 0] (e.g. com.mchange.v2.c3p0.impl.NewPooledConnection@747a5f19)
2018-09-21 21:16:30 [main:1207] - [INFO]  测试完成！
2018-09-21 21:16:30 [main:1210] - [DEBUG]  trace com.mchange.v2.resourcepool.BasicResourcePool@21aa6d6c [managed: 3, unused: 2, excluded: 0] (e.g. com.mchange.v2.c3p0.impl.NewPooledConnection@747a5f19)
2018-09-21 21:16:30 [main:1212] - [DEBUG]  trace com.mchange.v2.resourcepool.BasicResourcePool@21aa6d6c [managed: 3, unused: 2, excluded: 0] (e.g. com.mchange.v2.c3p0.impl.NewPooledConnection@747a5f19)
2018-09-21 21:16:30 [main:1213] - [INFO]  findAdmins()：正在测试
2018-09-21 21:16:30 [main:1215] - [DEBUG]  trace com.mchange.v2.resourcepool.BasicResourcePool@21aa6d6c [managed: 3, unused: 1, excluded: 0] (e.g. com.mchange.v2.c3p0.impl.NewPooledConnection@747a5f19)
2018-09-21 21:16:30 [main:1233] - [DEBUG]  trace com.mchange.v2.resourcepool.BasicResourcePool@21aa6d6c [managed: 3, unused: 2, excluded: 0] (e.g. com.mchange.v2.c3p0.impl.NewPooledConnection@747a5f19)
2018-09-21 21:16:30 [main:1234] - [INFO]  测试完成
2018-09-21 21:16:30 [main:1235] - [INFO]  saveAdmin():正在测试
2018-09-21 21:16:30 [main:1235] - [INFO]  Admin{adminId=null, adminCode='1015320765', password='123456', name='tanghaiqing', telephone='17688432366', email='1015320765@qq.com', enrolldate=20180919}
2018-09-21 21:16:30 [main:1236] - [DEBUG]  trace com.mchange.v2.resourcepool.BasicResourcePool@21aa6d6c [managed: 3, unused: 2, excluded: 0] (e.g. com.mchange.v2.c3p0.impl.NewPooledConnection@747a5f19)
2018-09-21 21:16:30 [main:1304] - [DEBUG]  trace com.mchange.v2.resourcepool.BasicResourcePool@21aa6d6c [managed: 3, unused: 2, excluded: 0] (e.g. com.mchange.v2.c3p0.impl.NewPooledConnection@747a5f19)
2018-09-21 21:16:30 [main:1305] - [DEBUG]  trace com.mchange.v2.resourcepool.BasicResourcePool@21aa6d6c [managed: 3, unused: 2, excluded: 0] (e.g. com.mchange.v2.c3p0.impl.NewPooledConnection@747a5f19)
2018-09-21 21:16:30 [main:1306] - [DEBUG]  trace com.mchange.v2.resourcepool.BasicResourcePool@21aa6d6c [managed: 3, unused: 2, excluded: 0] (e.g. com.mchange.v2.c3p0.impl.NewPooledConnection@747a5f19)
2018-09-21 21:16:30 [main:1308] - [INFO]  delAdmin()
2018-09-21 21:16:30 [main:1308] - [DEBUG]  trace com.mchange.v2.resourcepool.BasicResourcePool@21aa6d6c [managed: 3, unused: 2, excluded: 0] (e.g. com.mchange.v2.c3p0.impl.NewPooledConnection@747a5f19)
2018-09-21 21:16:30 [main:1309] - [DEBUG]  trace com.mchange.v2.resourcepool.BasicResourcePool@21aa6d6c [managed: 3, unused: 2, excluded: 0] (e.g. com.mchange.v2.c3p0.impl.NewPooledConnection@747a5f19)
2018-09-21 21:16:30 [main:1309] - [INFO]  执行完毕
2018-09-21 21:16:30 [main:1316] - [INFO]  queryAdminService()
2018-09-21 21:16:30 [main:1316] - [DEBUG]  trace com.mchange.v2.resourcepool.BasicResourcePool@21aa6d6c [managed: 3, unused: 2, excluded: 0] (e.g. com.mchange.v2.c3p0.impl.NewPooledConnection@747a5f19)
2018-09-21 21:16:30 [main:1318] - [DEBUG]  trace com.mchange.v2.resourcepool.BasicResourcePool@21aa6d6c [managed: 3, unused: 2, excluded: 0] (e.g. com.mchange.v2.c3p0.impl.NewPooledConnection@747a5f19)
2018-09-21 21:16:30 [main:1318] - [INFO]  queryAdminService():没有该行数据
2018-09-21 21:16:30 [main:1323] - [INFO]  saveAdminService()
2018-09-21 21:16:30 [main:1324] - [DEBUG]  trace com.mchange.v2.resourcepool.BasicResourcePool@21aa6d6c [managed: 3, unused: 2, excluded: 0] (e.g. com.mchange.v2.c3p0.impl.NewPooledConnection@747a5f19)
2018-09-21 21:16:30 [main:1360] - [DEBUG]  trace com.mchange.v2.resourcepool.BasicResourcePool@21aa6d6c [managed: 3, unused: 2, excluded: 0] (e.g. com.mchange.v2.c3p0.impl.NewPooledConnection@747a5f19)
2018-09-21 21:16:30 [main:1360] - [INFO]  saveAdminService():执行完了
2018-09-21 21:16:30 [main:1361] - [INFO]  queryAllService()
2018-09-21 21:16:30 [main:1361] - [DEBUG]  trace com.mchange.v2.resourcepool.BasicResourcePool@21aa6d6c [managed: 3, unused: 2, excluded: 0] (e.g. com.mchange.v2.c3p0.impl.NewPooledConnection@747a5f19)
2018-09-21 21:16:30 [main:1364] - [DEBUG]  trace com.mchange.v2.resourcepool.BasicResourcePool@21aa6d6c [managed: 3, unused: 2, excluded: 0] (e.g. com.mchange.v2.c3p0.impl.NewPooledConnection@747a5f19)
2018-09-21 21:16:30 [main:1365] - [INFO]  updateAdminService();
2018-09-21 21:16:30 [main:1366] - [DEBUG]  trace com.mchange.v2.resourcepool.BasicResourcePool@21aa6d6c [managed: 3, unused: 1, excluded: 0] (e.g. com.mchange.v2.c3p0.impl.NewPooledConnection@747a5f19)
2018-09-21 21:16:30 [main:1368] - [DEBUG]  trace com.mchange.v2.resourcepool.BasicResourcePool@21aa6d6c [managed: 3, unused: 1, excluded: 0] (e.g. com.mchange.v2.c3p0.impl.NewPooledConnection@747a5f19)
2018-09-21 21:16:30 [main:1368] - [INFO]  执行完了
2018-09-21 21:16:30 [main:1369] - [INFO]  delAdminsService()
2018-09-21 21:16:30 [main:1370] - [DEBUG]  trace com.mchange.v2.resourcepool.BasicResourcePool@21aa6d6c [managed: 3, unused: 0, excluded: 0] (e.g. com.mchange.v2.c3p0.impl.NewPooledConnection@747a5f19)
2018-09-21 21:16:30 [main:1460] - [DEBUG]  trace com.mchange.v2.resourcepool.BasicResourcePool@21aa6d6c [managed: 3, unused: 2, excluded: 0] (e.g. com.mchange.v2.c3p0.impl.NewPooledConnection@747a5f19)
2018-09-21 21:16:30 [main:1460] - [INFO]  执行完了
2018-09-21 21:16:30 [main:1461] - [INFO]  delAdminService()
2018-09-21 21:16:30 [main:1461] - [DEBUG]  trace com.mchange.v2.resourcepool.BasicResourcePool@21aa6d6c [managed: 3, unused: 2, excluded: 0] (e.g. com.mchange.v2.c3p0.impl.NewPooledConnection@747a5f19)
2018-09-21 21:16:30 [main:1462] - [DEBUG]  trace com.mchange.v2.resourcepool.BasicResourcePool@21aa6d6c [managed: 3, unused: 2, excluded: 0] (e.g. com.mchange.v2.c3p0.impl.NewPooledConnection@747a5f19)
2018-09-21 21:16:30 [main:1462] - [INFO]  执行完了
2018-09-21 21:20:42 [main:0] - [INFO]  MLog clients using log4j logging.
2018-09-21 21:20:42 [main:186] - [INFO]  Initializing c3p0-0.9.1 [built 16-January-2007 14:46:42; debug? true; trace: 10]
2018-09-21 21:20:42 [main:211] - [DEBUG]  MBean: com.mchange.v2.c3p0:type=PooledDataSource[1hge1879x1y01u0y1p538mv|2805d709] registered.
2018-09-21 21:20:43 [main:861] - [INFO]  delAdmins():开始测试
2018-09-21 21:20:43 [main:911] - [DEBUG]  incremented pending_acquires: 1
2018-09-21 21:20:43 [main:912] - [DEBUG]  incremented pending_acquires: 2
2018-09-21 21:20:43 [main:912] - [DEBUG]  incremented pending_acquires: 3
2018-09-21 21:20:43 [main:912] - [DEBUG]  com.mchange.v2.resourcepool.BasicResourcePool@21aa6d6c config: [start -> 3; min -> 3; max -> 15; inc -> 3; num_acq_attempts -> 30; acq_attempt_delay -> 1000; check_idle_resources_delay -> 0; mox_resource_age -> 0; max_idle_time -> 0; excess_max_idle_time -> 0; destroy_unreturned_resc_time -> 0; expiration_enforcement_delay -> 0; break_on_acquisition_failure -> false; debug_store_checkout_exceptions -> false]
2018-09-21 21:20:43 [main:913] - [INFO]  Initializing c3p0 pool... com.mchange.v2.c3p0.ComboPooledDataSource [ acquireIncrement -> 3, acquireRetryAttempts -> 30, acquireRetryDelay -> 1000, autoCommitOnClose -> false, automaticTestTable -> null, breakAfterAcquireFailure -> false, checkoutTimeout -> 0, connectionCustomizerClassName -> null, connectionTesterClassName -> com.mchange.v2.c3p0.impl.DefaultConnectionTester, dataSourceName -> 1hge1879x1y01u0y1p538mv|2805d709, debugUnreturnedConnectionStackTraces -> false, description -> null, driverClass -> com.mysql.jdbc.Driver, factoryClassLocation -> null, forceIgnoreUnresolvedTransactions -> false, identityToken -> 1hge1879x1y01u0y1p538mv|2805d709, idleConnectionTestPeriod -> 0, initialPoolSize -> 3, jdbcUrl -> jdbc:mysql://localhost:3306/task2?characterEncoding=utf8, lastAcquisitionFailureDefaultUser -> null, maxAdministrativeTaskTime -> 0, maxConnectionAge -> 0, maxIdleTime -> 0, maxIdleTimeExcessConnections -> 0, maxPoolSize -> 15, maxStatements -> 0, maxStatementsPerConnection -> 0, minPoolSize -> 3, numHelperThreads -> 3, numThreadsAwaitingCheckoutDefaultUser -> 0, preferredTestQuery -> null, properties -> {user=******, password=******}, propertyCycle -> 0, testConnectionOnCheckin -> false, testConnectionOnCheckout -> false, unreturnedConnectionTimeout -> 0, usesTraditionalReflectiveProxies -> false ]
2018-09-21 21:20:43 [main:913] - [DEBUG]  acquire test -- pool size: 0; target_pool_size: 3; desired target? 1
2018-09-21 21:20:43 [main:916] - [DEBUG]  awaitAvailable(): [unknown]
2018-09-21 21:20:43 [main:917] - [DEBUG]  trace com.mchange.v2.resourcepool.BasicResourcePool@21aa6d6c [managed: 0, unused: 0, excluded: 0]
2018-09-21 21:20:43 [com.mchange.v2.async.ThreadPoolAsynchronousRunner$PoolThread-#1:1176] - [DEBUG]  com.mchange.v2.c3p0.impl.C3P0PooledConnectionPool$1PooledConnectionResourcePoolManager@d930cda.acquireResource() returning. 
2018-09-21 21:20:43 [com.mchange.v2.async.ThreadPoolAsynchronousRunner$PoolThread-#2:1176] - [DEBUG]  com.mchange.v2.c3p0.impl.C3P0PooledConnectionPool$1PooledConnectionResourcePoolManager@d930cda.acquireResource() returning. 
2018-09-21 21:20:43 [com.mchange.v2.async.ThreadPoolAsynchronousRunner$PoolThread-#1:1177] - [DEBUG]  trace com.mchange.v2.resourcepool.BasicResourcePool@21aa6d6c [managed: 1, unused: 1, excluded: 0]
2018-09-21 21:20:43 [com.mchange.v2.async.ThreadPoolAsynchronousRunner$PoolThread-#1:1177] - [DEBUG]  decremented pending_acquires: 2
2018-09-21 21:20:43 [com.mchange.v2.async.ThreadPoolAsynchronousRunner$PoolThread-#2:1178] - [DEBUG]  trace com.mchange.v2.resourcepool.BasicResourcePool@21aa6d6c [managed: 2, unused: 2, excluded: 0] (e.g. com.mchange.v2.c3p0.impl.NewPooledConnection@5c8204c0)
2018-09-21 21:20:43 [com.mchange.v2.async.ThreadPoolAsynchronousRunner$PoolThread-#2:1178] - [DEBUG]  decremented pending_acquires: 1
2018-09-21 21:20:43 [com.mchange.v2.async.ThreadPoolAsynchronousRunner$PoolThread-#0:1179] - [DEBUG]  com.mchange.v2.c3p0.impl.C3P0PooledConnectionPool$1PooledConnectionResourcePoolManager@d930cda.acquireResource() returning. 
2018-09-21 21:20:43 [main:1179] - [DEBUG]  trace com.mchange.v2.resourcepool.BasicResourcePool@21aa6d6c [managed: 2, unused: 1, excluded: 0] (e.g. com.mchange.v2.c3p0.impl.NewPooledConnection@5c8204c0)
2018-09-21 21:20:43 [com.mchange.v2.async.ThreadPoolAsynchronousRunner$PoolThread-#0:1180] - [DEBUG]  trace com.mchange.v2.resourcepool.BasicResourcePool@21aa6d6c [managed: 3, unused: 2, excluded: 0] (e.g. com.mchange.v2.c3p0.impl.NewPooledConnection@5c8204c0)
2018-09-21 21:20:43 [com.mchange.v2.async.ThreadPoolAsynchronousRunner$PoolThread-#0:1180] - [DEBUG]  decremented pending_acquires: 0
2018-09-21 21:20:43 [main:1261] - [DEBUG]  trace com.mchange.v2.resourcepool.BasicResourcePool@21aa6d6c [managed: 3, unused: 2, excluded: 0] (e.g. com.mchange.v2.c3p0.impl.NewPooledConnection@5c8204c0)
2018-09-21 21:20:43 [main:1261] - [INFO]  测试完成！
2018-09-21 21:20:43 [main:1264] - [DEBUG]  trace com.mchange.v2.resourcepool.BasicResourcePool@21aa6d6c [managed: 3, unused: 2, excluded: 0] (e.g. com.mchange.v2.c3p0.impl.NewPooledConnection@5c8204c0)
2018-09-21 21:20:43 [main:1267] - [DEBUG]  trace com.mchange.v2.resourcepool.BasicResourcePool@21aa6d6c [managed: 3, unused: 2, excluded: 0] (e.g. com.mchange.v2.c3p0.impl.NewPooledConnection@5c8204c0)
2018-09-21 21:20:43 [main:1268] - [INFO]  findAdmins()：正在测试
2018-09-21 21:20:43 [main:1269] - [DEBUG]  trace com.mchange.v2.resourcepool.BasicResourcePool@21aa6d6c [managed: 3, unused: 1, excluded: 0] (e.g. com.mchange.v2.c3p0.impl.NewPooledConnection@5c8204c0)
2018-09-21 21:20:43 [main:1338] - [DEBUG]  trace com.mchange.v2.resourcepool.BasicResourcePool@21aa6d6c [managed: 3, unused: 2, excluded: 0] (e.g. com.mchange.v2.c3p0.impl.NewPooledConnection@5c8204c0)
2018-09-21 21:20:43 [main:1339] - [INFO]  测试完成
2018-09-21 21:20:43 [main:1340] - [INFO]  saveAdmin():正在测试
2018-09-21 21:20:43 [main:1340] - [INFO]  Admin{adminId=null, adminCode='1015320765', password='123456', name='tanghaiqing', telephone='17688432366', email='1015320765@qq.com', enrolldate=20180919}
2018-09-21 21:20:43 [main:1340] - [DEBUG]  trace com.mchange.v2.resourcepool.BasicResourcePool@21aa6d6c [managed: 3, unused: 2, excluded: 0] (e.g. com.mchange.v2.c3p0.impl.NewPooledConnection@5c8204c0)
2018-09-21 21:20:43 [main:1370] - [DEBUG]  trace com.mchange.v2.resourcepool.BasicResourcePool@21aa6d6c [managed: 3, unused: 2, excluded: 0] (e.g. com.mchange.v2.c3p0.impl.NewPooledConnection@5c8204c0)
2018-09-21 21:20:43 [main:1372] - [DEBUG]  trace com.mchange.v2.resourcepool.BasicResourcePool@21aa6d6c [managed: 3, unused: 2, excluded: 0] (e.g. com.mchange.v2.c3p0.impl.NewPooledConnection@5c8204c0)
2018-09-21 21:20:43 [main:1374] - [DEBUG]  trace com.mchange.v2.resourcepool.BasicResourcePool@21aa6d6c [managed: 3, unused: 2, excluded: 0] (e.g. com.mchange.v2.c3p0.impl.NewPooledConnection@5c8204c0)
2018-09-21 21:20:43 [main:1374] - [INFO]  delAdmin()
2018-09-21 21:20:43 [main:1375] - [DEBUG]  trace com.mchange.v2.resourcepool.BasicResourcePool@21aa6d6c [managed: 3, unused: 1, excluded: 0] (e.g. com.mchange.v2.c3p0.impl.NewPooledConnection@5c8204c0)
2018-09-21 21:20:43 [main:1376] - [DEBUG]  trace com.mchange.v2.resourcepool.BasicResourcePool@21aa6d6c [managed: 3, unused: 1, excluded: 0] (e.g. com.mchange.v2.c3p0.impl.NewPooledConnection@5c8204c0)
2018-09-21 21:20:43 [main:1377] - [INFO]  执行完毕
2018-09-21 21:20:43 [main:1383] - [INFO]  queryAdminService()
2018-09-21 21:20:43 [main:1384] - [DEBUG]  trace com.mchange.v2.resourcepool.BasicResourcePool@21aa6d6c [managed: 3, unused: 2, excluded: 0] (e.g. com.mchange.v2.c3p0.impl.NewPooledConnection@5c8204c0)
2018-09-21 21:20:43 [main:1386] - [DEBUG]  trace com.mchange.v2.resourcepool.BasicResourcePool@21aa6d6c [managed: 3, unused: 2, excluded: 0] (e.g. com.mchange.v2.c3p0.impl.NewPooledConnection@5c8204c0)
2018-09-21 21:20:43 [main:1387] - [INFO]  queryAdminService():没有该行数据
2018-09-21 21:20:43 [main:1393] - [INFO]  saveAdminService()
2018-09-21 21:20:43 [main:1393] - [DEBUG]  trace com.mchange.v2.resourcepool.BasicResourcePool@21aa6d6c [managed: 3, unused: 2, excluded: 0] (e.g. com.mchange.v2.c3p0.impl.NewPooledConnection@5c8204c0)
2018-09-21 21:20:43 [main:1428] - [DEBUG]  trace com.mchange.v2.resourcepool.BasicResourcePool@21aa6d6c [managed: 3, unused: 2, excluded: 0] (e.g. com.mchange.v2.c3p0.impl.NewPooledConnection@5c8204c0)
2018-09-21 21:20:43 [main:1428] - [INFO]  saveAdminService():执行完了
2018-09-21 21:20:43 [main:1431] - [INFO]  queryAllService()
2018-09-21 21:20:43 [main:1432] - [DEBUG]  trace com.mchange.v2.resourcepool.BasicResourcePool@21aa6d6c [managed: 3, unused: 1, excluded: 0] (e.g. com.mchange.v2.c3p0.impl.NewPooledConnection@5c8204c0)
2018-09-21 21:20:43 [main:1435] - [DEBUG]  trace com.mchange.v2.resourcepool.BasicResourcePool@21aa6d6c [managed: 3, unused: 2, excluded: 0] (e.g. com.mchange.v2.c3p0.impl.NewPooledConnection@5c8204c0)
2018-09-21 21:20:43 [main:1436] - [INFO]  updateAdminService();
2018-09-21 21:20:43 [main:1436] - [DEBUG]  trace com.mchange.v2.resourcepool.BasicResourcePool@21aa6d6c [managed: 3, unused: 2, excluded: 0] (e.g. com.mchange.v2.c3p0.impl.NewPooledConnection@5c8204c0)
2018-09-21 21:20:43 [main:1442] - [DEBUG]  trace com.mchange.v2.resourcepool.BasicResourcePool@21aa6d6c [managed: 3, unused: 2, excluded: 0] (e.g. com.mchange.v2.c3p0.impl.NewPooledConnection@5c8204c0)
2018-09-21 21:20:43 [main:1442] - [INFO]  执行完了
2018-09-21 21:20:43 [main:1444] - [INFO]  delAdminsService()
2018-09-21 21:20:43 [main:1444] - [DEBUG]  trace com.mchange.v2.resourcepool.BasicResourcePool@21aa6d6c [managed: 3, unused: 1, excluded: 0] (e.g. com.mchange.v2.c3p0.impl.NewPooledConnection@5c8204c0)
2018-09-21 21:20:44 [main:1482] - [DEBUG]  trace com.mchange.v2.resourcepool.BasicResourcePool@21aa6d6c [managed: 3, unused: 2, excluded: 0] (e.g. com.mchange.v2.c3p0.impl.NewPooledConnection@5c8204c0)
2018-09-21 21:20:44 [main:1483] - [INFO]  执行完了
2018-09-21 21:20:44 [main:1483] - [INFO]  delAdminService()
2018-09-21 21:20:44 [main:1484] - [DEBUG]  trace com.mchange.v2.resourcepool.BasicResourcePool@21aa6d6c [managed: 3, unused: 2, excluded: 0] (e.g. com.mchange.v2.c3p0.impl.NewPooledConnection@5c8204c0)
2018-09-21 21:20:44 [main:1485] - [DEBUG]  trace com.mchange.v2.resourcepool.BasicResourcePool@21aa6d6c [managed: 3, unused: 2, excluded: 0] (e.g. com.mchange.v2.c3p0.impl.NewPooledConnection@5c8204c0)
2018-09-21 21:20:44 [main:1485] - [INFO]  执行完了
2018-09-21 22:36:13 [main:0] - [INFO]  MLog clients using log4j logging.
2018-09-21 22:36:13 [main:186] - [INFO]  Initializing c3p0-0.9.1 [built 16-January-2007 14:46:42; debug? true; trace: 10]
2018-09-21 22:36:13 [main:210] - [DEBUG]  MBean: com.mchange.v2.c3p0:type=PooledDataSource[1hge1879x1y2qxu51fmqhqm|2805d709] registered.
2018-09-21 22:36:13 [main:856] - [INFO]  delAdmins():开始测试
2018-09-21 22:36:14 [main:916] - [DEBUG]  incremented pending_acquires: 1
2018-09-21 22:36:14 [main:917] - [DEBUG]  incremented pending_acquires: 2
2018-09-21 22:36:14 [main:920] - [DEBUG]  incremented pending_acquires: 3
2018-09-21 22:36:14 [main:921] - [DEBUG]  com.mchange.v2.resourcepool.BasicResourcePool@21aa6d6c config: [start -> 3; min -> 3; max -> 15; inc -> 3; num_acq_attempts -> 30; acq_attempt_delay -> 1000; check_idle_resources_delay -> 0; mox_resource_age -> 0; max_idle_time -> 0; excess_max_idle_time -> 0; destroy_unreturned_resc_time -> 0; expiration_enforcement_delay -> 0; break_on_acquisition_failure -> false; debug_store_checkout_exceptions -> false]
2018-09-21 22:36:14 [main:921] - [INFO]  Initializing c3p0 pool... com.mchange.v2.c3p0.ComboPooledDataSource [ acquireIncrement -> 3, acquireRetryAttempts -> 30, acquireRetryDelay -> 1000, autoCommitOnClose -> false, automaticTestTable -> null, breakAfterAcquireFailure -> false, checkoutTimeout -> 0, connectionCustomizerClassName -> null, connectionTesterClassName -> com.mchange.v2.c3p0.impl.DefaultConnectionTester, dataSourceName -> 1hge1879x1y2qxu51fmqhqm|2805d709, debugUnreturnedConnectionStackTraces -> false, description -> null, driverClass -> com.mysql.jdbc.Driver, factoryClassLocation -> null, forceIgnoreUnresolvedTransactions -> false, identityToken -> 1hge1879x1y2qxu51fmqhqm|2805d709, idleConnectionTestPeriod -> 0, initialPoolSize -> 3, jdbcUrl -> jdbc:mysql://localhost:3306/task2?characterEncoding=utf8, lastAcquisitionFailureDefaultUser -> null, maxAdministrativeTaskTime -> 0, maxConnectionAge -> 0, maxIdleTime -> 0, maxIdleTimeExcessConnections -> 0, maxPoolSize -> 15, maxStatements -> 0, maxStatementsPerConnection -> 0, minPoolSize -> 3, numHelperThreads -> 3, numThreadsAwaitingCheckoutDefaultUser -> 0, preferredTestQuery -> null, properties -> {user=******, password=******}, propertyCycle -> 0, testConnectionOnCheckin -> false, testConnectionOnCheckout -> false, unreturnedConnectionTimeout -> 0, usesTraditionalReflectiveProxies -> false ]
2018-09-21 22:36:14 [main:922] - [DEBUG]  acquire test -- pool size: 0; target_pool_size: 3; desired target? 1
2018-09-21 22:36:14 [main:922] - [DEBUG]  awaitAvailable(): [unknown]
2018-09-21 22:36:14 [main:922] - [DEBUG]  trace com.mchange.v2.resourcepool.BasicResourcePool@21aa6d6c [managed: 0, unused: 0, excluded: 0]
2018-09-21 22:36:14 [com.mchange.v2.async.ThreadPoolAsynchronousRunner$PoolThread-#1:1179] - [DEBUG]  com.mchange.v2.c3p0.impl.C3P0PooledConnectionPool$1PooledConnectionResourcePoolManager@2a909c6c.acquireResource() returning. 
2018-09-21 22:36:14 [com.mchange.v2.async.ThreadPoolAsynchronousRunner$PoolThread-#2:1179] - [DEBUG]  com.mchange.v2.c3p0.impl.C3P0PooledConnectionPool$1PooledConnectionResourcePoolManager@2a909c6c.acquireResource() returning. 
2018-09-21 22:36:14 [com.mchange.v2.async.ThreadPoolAsynchronousRunner$PoolThread-#1:1180] - [DEBUG]  trace com.mchange.v2.resourcepool.BasicResourcePool@21aa6d6c [managed: 1, unused: 1, excluded: 0]
2018-09-21 22:36:14 [com.mchange.v2.async.ThreadPoolAsynchronousRunner$PoolThread-#2:1180] - [DEBUG]  trace com.mchange.v2.resourcepool.BasicResourcePool@21aa6d6c [managed: 2, unused: 2, excluded: 0] (e.g. com.mchange.v2.c3p0.impl.NewPooledConnection@16c2f4a1)
2018-09-21 22:36:14 [com.mchange.v2.async.ThreadPoolAsynchronousRunner$PoolThread-#2:1180] - [DEBUG]  decremented pending_acquires: 2
2018-09-21 22:36:14 [com.mchange.v2.async.ThreadPoolAsynchronousRunner$PoolThread-#1:1182] - [DEBUG]  decremented pending_acquires: 1
2018-09-21 22:36:14 [main:1182] - [DEBUG]  trace com.mchange.v2.resourcepool.BasicResourcePool@21aa6d6c [managed: 2, unused: 1, excluded: 0] (e.g. com.mchange.v2.c3p0.impl.NewPooledConnection@16c2f4a1)
2018-09-21 22:36:14 [com.mchange.v2.async.ThreadPoolAsynchronousRunner$PoolThread-#0:1202] - [DEBUG]  com.mchange.v2.c3p0.impl.C3P0PooledConnectionPool$1PooledConnectionResourcePoolManager@2a909c6c.acquireResource() returning. 
2018-09-21 22:36:14 [com.mchange.v2.async.ThreadPoolAsynchronousRunner$PoolThread-#0:1203] - [DEBUG]  trace com.mchange.v2.resourcepool.BasicResourcePool@21aa6d6c [managed: 3, unused: 2, excluded: 0] (e.g. com.mchange.v2.c3p0.impl.NewPooledConnection@16c2f4a1)
2018-09-21 22:36:14 [com.mchange.v2.async.ThreadPoolAsynchronousRunner$PoolThread-#0:1203] - [DEBUG]  decremented pending_acquires: 0
2018-09-21 22:36:14 [main:1286] - [DEBUG]  trace com.mchange.v2.resourcepool.BasicResourcePool@21aa6d6c [managed: 3, unused: 2, excluded: 0] (e.g. com.mchange.v2.c3p0.impl.NewPooledConnection@16c2f4a1)
2018-09-21 22:36:14 [main:1286] - [INFO]  测试完成！
2018-09-21 22:36:14 [main:1289] - [DEBUG]  trace com.mchange.v2.resourcepool.BasicResourcePool@21aa6d6c [managed: 3, unused: 1, excluded: 0] (e.g. com.mchange.v2.c3p0.impl.NewPooledConnection@16c2f4a1)
2018-09-21 22:36:14 [main:1292] - [DEBUG]  trace com.mchange.v2.resourcepool.BasicResourcePool@21aa6d6c [managed: 3, unused: 1, excluded: 0] (e.g. com.mchange.v2.c3p0.impl.NewPooledConnection@16c2f4a1)
2018-09-21 22:36:14 [main:1293] - [INFO]  findAdmins()：正在测试
2018-09-21 22:36:14 [main:1295] - [DEBUG]  trace com.mchange.v2.resourcepool.BasicResourcePool@21aa6d6c [managed: 3, unused: 0, excluded: 0] (e.g. com.mchange.v2.c3p0.impl.NewPooledConnection@16c2f4a1)
2018-09-21 22:36:14 [main:1311] - [DEBUG]  trace com.mchange.v2.resourcepool.BasicResourcePool@21aa6d6c [managed: 3, unused: 0, excluded: 0] (e.g. com.mchange.v2.c3p0.impl.NewPooledConnection@16c2f4a1)
2018-09-21 22:36:14 [main:1312] - [INFO]  测试完成
2018-09-21 22:36:14 [main:1313] - [INFO]  saveAdmin():正在测试
2018-09-21 22:36:14 [main:1313] - [INFO]  Admin{adminId=null, adminCode='1015320765', password='123456', name='tanghaiqing', telephone='17688432366', email='1015320765@qq.com', enrolldate=20180919}
2018-09-21 22:36:14 [main:1314] - [DEBUG]  acquire test -- pool size: 3; target_pool_size: 3; desired target? 4
2018-09-21 22:36:14 [main:1314] - [DEBUG]  incremented pending_acquires: 1
2018-09-21 22:36:14 [main:1314] - [DEBUG]  incremented pending_acquires: 2
2018-09-21 22:36:14 [main:1314] - [DEBUG]  incremented pending_acquires: 3
2018-09-21 22:36:14 [main:1314] - [DEBUG]  awaitAvailable(): com.mchange.v2.c3p0.impl.NewPooledConnection@16c2f4a1
2018-09-21 22:36:14 [main:1315] - [DEBUG]  trace com.mchange.v2.resourcepool.BasicResourcePool@21aa6d6c [managed: 3, unused: 0, excluded: 0] (e.g. com.mchange.v2.c3p0.impl.NewPooledConnection@16c2f4a1)
2018-09-21 22:36:14 [main:1315] - [DEBUG]  trace com.mchange.v2.resourcepool.BasicResourcePool@21aa6d6c [managed: 3, unused: 0, excluded: 0] (e.g. com.mchange.v2.c3p0.impl.NewPooledConnection@16c2f4a1)
2018-09-21 22:36:14 [com.mchange.v2.async.ThreadPoolAsynchronousRunner$PoolThread-#2:1331] - [DEBUG]  com.mchange.v2.c3p0.impl.C3P0PooledConnectionPool$1PooledConnectionResourcePoolManager@2a909c6c.acquireResource() returning. 
2018-09-21 22:36:14 [com.mchange.v2.async.ThreadPoolAsynchronousRunner$PoolThread-#2:1332] - [DEBUG]  trace com.mchange.v2.resourcepool.BasicResourcePool@21aa6d6c [managed: 4, unused: 3, excluded: 0] (e.g. com.mchange.v2.c3p0.impl.NewPooledConnection@16c2f4a1)
2018-09-21 22:36:14 [com.mchange.v2.async.ThreadPoolAsynchronousRunner$PoolThread-#2:1332] - [DEBUG]  decremented pending_acquires: 2
2018-09-21 22:36:14 [com.mchange.v2.async.ThreadPoolAsynchronousRunner$PoolThread-#0:1340] - [DEBUG]  com.mchange.v2.c3p0.impl.C3P0PooledConnectionPool$1PooledConnectionResourcePoolManager@2a909c6c.acquireResource() returning. 
2018-09-21 22:36:14 [com.mchange.v2.async.ThreadPoolAsynchronousRunner$PoolThread-#0:1340] - [DEBUG]  trace com.mchange.v2.resourcepool.BasicResourcePool@21aa6d6c [managed: 5, unused: 4, excluded: 0] (e.g. com.mchange.v2.c3p0.impl.NewPooledConnection@16c2f4a1)
2018-09-21 22:36:14 [com.mchange.v2.async.ThreadPoolAsynchronousRunner$PoolThread-#0:1341] - [DEBUG]  decremented pending_acquires: 1
2018-09-21 22:36:14 [com.mchange.v2.async.ThreadPoolAsynchronousRunner$PoolThread-#1:1352] - [DEBUG]  com.mchange.v2.c3p0.impl.C3P0PooledConnectionPool$1PooledConnectionResourcePoolManager@2a909c6c.acquireResource() returning. 
2018-09-21 22:36:14 [com.mchange.v2.async.ThreadPoolAsynchronousRunner$PoolThread-#1:1352] - [DEBUG]  trace com.mchange.v2.resourcepool.BasicResourcePool@21aa6d6c [managed: 6, unused: 5, excluded: 0] (e.g. com.mchange.v2.c3p0.impl.NewPooledConnection@16c2f4a1)
2018-09-21 22:36:14 [com.mchange.v2.async.ThreadPoolAsynchronousRunner$PoolThread-#1:1352] - [DEBUG]  decremented pending_acquires: 0
2018-09-21 22:36:14 [main:1377] - [DEBUG]  trace com.mchange.v2.resourcepool.BasicResourcePool@21aa6d6c [managed: 6, unused: 5, excluded: 0] (e.g. com.mchange.v2.c3p0.impl.NewPooledConnection@16c2f4a1)
2018-09-21 22:36:14 [main:1378] - [DEBUG]  trace com.mchange.v2.resourcepool.BasicResourcePool@21aa6d6c [managed: 6, unused: 5, excluded: 0] (e.g. com.mchange.v2.c3p0.impl.NewPooledConnection@16c2f4a1)
2018-09-21 22:36:14 [main:1379] - [DEBUG]  trace com.mchange.v2.resourcepool.BasicResourcePool@21aa6d6c [managed: 6, unused: 5, excluded: 0] (e.g. com.mchange.v2.c3p0.impl.NewPooledConnection@16c2f4a1)
2018-09-21 22:36:14 [main:1380] - [INFO]  delAdmin()
2018-09-21 22:36:14 [main:1380] - [DEBUG]  trace com.mchange.v2.resourcepool.BasicResourcePool@21aa6d6c [managed: 6, unused: 5, excluded: 0] (e.g. com.mchange.v2.c3p0.impl.NewPooledConnection@16c2f4a1)
2018-09-21 22:36:14 [main:1381] - [DEBUG]  trace com.mchange.v2.resourcepool.BasicResourcePool@21aa6d6c [managed: 6, unused: 5, excluded: 0] (e.g. com.mchange.v2.c3p0.impl.NewPooledConnection@16c2f4a1)
2018-09-21 22:36:14 [main:1381] - [INFO]  执行完毕
2018-09-21 22:36:14 [main:1387] - [INFO]  queryAdminService()
2018-09-21 22:36:14 [main:1387] - [DEBUG]  trace com.mchange.v2.resourcepool.BasicResourcePool@21aa6d6c [managed: 6, unused: 5, excluded: 0] (e.g. com.mchange.v2.c3p0.impl.NewPooledConnection@16c2f4a1)
2018-09-21 22:36:14 [main:1389] - [DEBUG]  trace com.mchange.v2.resourcepool.BasicResourcePool@21aa6d6c [managed: 6, unused: 5, excluded: 0] (e.g. com.mchange.v2.c3p0.impl.NewPooledConnection@16c2f4a1)
2018-09-21 22:36:14 [main:1390] - [INFO]  queryAdminService():没有该行数据
2018-09-21 22:36:14 [main:1396] - [INFO]  saveAdminService()
2018-09-21 22:36:14 [main:1397] - [DEBUG]  trace com.mchange.v2.resourcepool.BasicResourcePool@21aa6d6c [managed: 6, unused: 4, excluded: 0] (e.g. com.mchange.v2.c3p0.impl.NewPooledConnection@16c2f4a1)
2018-09-21 22:36:14 [main:1443] - [DEBUG]  trace com.mchange.v2.resourcepool.BasicResourcePool@21aa6d6c [managed: 6, unused: 5, excluded: 0] (e.g. com.mchange.v2.c3p0.impl.NewPooledConnection@16c2f4a1)
2018-09-21 22:36:14 [main:1443] - [INFO]  saveAdminService():执行完了
2018-09-21 22:36:14 [main:1445] - [INFO]  queryAllService()
2018-09-21 22:36:14 [main:1445] - [DEBUG]  trace com.mchange.v2.resourcepool.BasicResourcePool@21aa6d6c [managed: 6, unused: 5, excluded: 0] (e.g. com.mchange.v2.c3p0.impl.NewPooledConnection@16c2f4a1)
2018-09-21 22:36:14 [main:1447] - [DEBUG]  trace com.mchange.v2.resourcepool.BasicResourcePool@21aa6d6c [managed: 6, unused: 5, excluded: 0] (e.g. com.mchange.v2.c3p0.impl.NewPooledConnection@16c2f4a1)
2018-09-21 22:36:14 [main:1448] - [INFO]  updateAdminService();
2018-09-21 22:36:14 [main:1448] - [DEBUG]  trace com.mchange.v2.resourcepool.BasicResourcePool@21aa6d6c [managed: 6, unused: 5, excluded: 0] (e.g. com.mchange.v2.c3p0.impl.NewPooledConnection@16c2f4a1)
2018-09-21 22:36:14 [main:1449] - [DEBUG]  trace com.mchange.v2.resourcepool.BasicResourcePool@21aa6d6c [managed: 6, unused: 5, excluded: 0] (e.g. com.mchange.v2.c3p0.impl.NewPooledConnection@16c2f4a1)
2018-09-21 22:36:14 [main:1449] - [INFO]  执行完了
2018-09-21 22:36:14 [main:1450] - [INFO]  delAdminsService()
2018-09-21 22:36:14 [main:1451] - [DEBUG]  trace com.mchange.v2.resourcepool.BasicResourcePool@21aa6d6c [managed: 6, unused: 5, excluded: 0] (e.g. com.mchange.v2.c3p0.impl.NewPooledConnection@16c2f4a1)
2018-09-21 22:36:14 [main:1475] - [DEBUG]  trace com.mchange.v2.resourcepool.BasicResourcePool@21aa6d6c [managed: 6, unused: 5, excluded: 0] (e.g. com.mchange.v2.c3p0.impl.NewPooledConnection@16c2f4a1)
2018-09-21 22:36:14 [main:1476] - [INFO]  执行完了
2018-09-21 22:36:14 [main:1477] - [INFO]  delAdminService()
2018-09-21 22:36:14 [main:1477] - [DEBUG]  trace com.mchange.v2.resourcepool.BasicResourcePool@21aa6d6c [managed: 6, unused: 5, excluded: 0] (e.g. com.mchange.v2.c3p0.impl.NewPooledConnection@16c2f4a1)
2018-09-21 22:36:14 [main:1478] - [DEBUG]  trace com.mchange.v2.resourcepool.BasicResourcePool@21aa6d6c [managed: 6, unused: 5, excluded: 0] (e.g. com.mchange.v2.c3p0.impl.NewPooledConnection@16c2f4a1)
2018-09-21 22:36:14 [main:1478] - [INFO]  执行完了
