2018-08-16 at 16:50:34 CST INFO  com.alibaba.druid.support.logging.Log4j2Impl 106 info - {dataSource-1} inited
2018-08-16 at 16:55:50 CST INFO  com.zyq.controller.StudentController 34 selectAllByPage - 进入首页了。。。。
2018-08-16 at 16:55:50 CST INFO  com.zyq.controller.StudentController 40 selectAllByPage - 输入参数：当前页为1,一个页面显示数目为10。
2018-08-16 at 16:55:50 CST DEBUG com.alibaba.druid.support.logging.Log4j2Impl 63 debug - stmt enter cache
2018-08-16 at 16:55:51 CST DEBUG com.alibaba.druid.support.logging.Log4j2Impl 63 debug - stmt enter cache
2018-08-16 at 16:55:51 CST DEBUG com.zyq.AOP.LogInterceptor 42 printExecTime - com.zyq.service.StudentService.selectAllByPage 方法执行耗时：60 ms
2018-08-16 at 16:55:51 CST INFO  com.zyq.controller.StudentController 43 selectAllByPage - 共查询到10条记录
2018-08-16 at 16:55:51 CST INFO  com.zyq.controller.StudentController 48 selectAllByPage - ***********************分割线***************************
2018-08-16 at 16:55:51 CST DEBUG com.zyq.AOP.LogInterceptor 42 printExecTime - com.zyq.controller.StudentController.selectAllByPage 方法执行耗时：131 ms
2018-08-16 at 16:56:28 CST DEBUG com.zyq.AOP.LogInterceptor 42 printExecTime - com.zyq.service.StudentService.selectAllByPage 方法执行耗时：7 ms
2018-08-16 at 16:56:28 CST DEBUG com.zyq.AOP.LogInterceptor 42 printExecTime - com.zyq.controller.StudentController.post 方法执行耗时：8 ms
2018-08-19 at 14:47:33 CST INFO  com.alibaba.druid.support.logging.Log4j2Impl 106 info - {dataSource-1} inited
2018-08-19 at 14:47:40 CST INFO  com.zyq.controller.StudentController 56 selectAllByPage - 输入参数：当前页为2。
2018-08-19 at 14:47:40 CST DEBUG com.alibaba.druid.support.logging.Log4j2Impl 63 debug - stmt enter cache
2018-08-19 at 14:47:40 CST ERROR com.zyq.AOP.LogInterceptor 33 logPrint - com.zyq.service.StudentService.selectAllByPage统计某方法执行耗时环绕通知出错 java.lang.NullPointerException
	at com.zyq.service.impl.StudentServiceImpl.selectAllByPage(StudentServiceImpl.java:41) ~[classes/:?]
	at sun.reflect.NativeMethodAccessorImpl.invoke0(Native Method) ~[?:1.8.0_161]
	at sun.reflect.NativeMethodAccessorImpl.invoke(NativeMethodAccessorImpl.java:62) ~[?:1.8.0_161]
	at sun.reflect.DelegatingMethodAccessorImpl.invoke(DelegatingMethodAccessorImpl.java:43) ~[?:1.8.0_161]
	at java.lang.reflect.Method.invoke(Method.java:498) ~[?:1.8.0_161]
	at org.springframework.aop.support.AopUtils.invokeJoinpointUsingReflection(AopUtils.java:317) ~[spring-aop-4.0.0.RELEASE.jar:4.0.0.RELEASE]
	at org.springframework.aop.framework.ReflectiveMethodInvocation.invokeJoinpoint(ReflectiveMethodInvocation.java:190) ~[spring-aop-4.0.0.RELEASE.jar:4.0.0.RELEASE]
	at org.springframework.aop.framework.ReflectiveMethodInvocation.proceed(ReflectiveMethodInvocation.java:157) ~[spring-aop-4.0.0.RELEASE.jar:4.0.0.RELEASE]
	at org.springframework.aop.aspectj.MethodInvocationProceedingJoinPoint.proceed(MethodInvocationProceedingJoinPoint.java:97) ~[spring-aop-4.0.0.RELEASE.jar:4.0.0.RELEASE]
	at com.zyq.AOP.LogInterceptor.logPrint(LogInterceptor.java:31) [classes/:?]
	at com.zyq.AOP.LogInterceptor.processLogService(LogInterceptor.java:23) [classes/:?]
	at sun.reflect.NativeMethodAccessorImpl.invoke0(Native Method) ~[?:1.8.0_161]
	at sun.reflect.NativeMethodAccessorImpl.invoke(NativeMethodAccessorImpl.java:62) ~[?:1.8.0_161]
	at sun.reflect.DelegatingMethodAccessorImpl.invoke(DelegatingMethodAccessorImpl.java:43) ~[?:1.8.0_161]
	at java.lang.reflect.Method.invoke(Method.java:498) ~[?:1.8.0_161]
	at org.springframework.aop.aspectj.AbstractAspectJAdvice.invokeAdviceMethodWithGivenArgs(AbstractAspectJAdvice.java:621) [spring-aop-4.0.0.RELEASE.jar:4.0.0.RELEASE]
	at org.springframework.aop.aspectj.AbstractAspectJAdvice.invokeAdviceMethod(AbstractAspectJAdvice.java:610) [spring-aop-4.0.0.RELEASE.jar:4.0.0.RELEASE]
	at org.springframework.aop.aspectj.AspectJAroundAdvice.invoke(AspectJAroundAdvice.java:68) [spring-aop-4.0.0.RELEASE.jar:4.0.0.RELEASE]
	at org.springframework.aop.framework.ReflectiveMethodInvocation.proceed(ReflectiveMethodInvocation.java:179) [spring-aop-4.0.0.RELEASE.jar:4.0.0.RELEASE]
	at org.springframework.aop.interceptor.ExposeInvocationInterceptor.invoke(ExposeInvocationInterceptor.java:92) [spring-aop-4.0.0.RELEASE.jar:4.0.0.RELEASE]
	at org.springframework.aop.framework.ReflectiveMethodInvocation.proceed(ReflectiveMethodInvocation.java:179) [spring-aop-4.0.0.RELEASE.jar:4.0.0.RELEASE]
	at org.springframework.aop.framework.JdkDynamicAopProxy.invoke(JdkDynamicAopProxy.java:207) [spring-aop-4.0.0.RELEASE.jar:4.0.0.RELEASE]
	at com.sun.proxy.$Proxy61.selectAllByPage(Unknown Source) [?:?]
	at com.zyq.controller.StudentController.selectAllByPage(StudentController.java:58) [classes/:?]
	at com.zyq.controller.StudentController$$FastClassByCGLIB$$4333ac6e.invoke(<generated>) [spring-core-4.0.0.RELEASE.jar:?]
	at org.springframework.cglib.proxy.MethodProxy.invoke(MethodProxy.java:204) [spring-core-4.0.0.RELEASE.jar:4.0.0.RELEASE]
	at org.springframework.aop.framework.CglibAopProxy$CglibMethodInvocation.invokeJoinpoint(CglibAopProxy.java:713) [spring-aop-4.0.0.RELEASE.jar:4.0.0.RELEASE]
	at org.springframework.aop.framework.ReflectiveMethodInvocation.proceed(ReflectiveMethodInvocation.java:157) [spring-aop-4.0.0.RELEASE.jar:4.0.0.RELEASE]
	at org.springframework.aop.aspectj.MethodInvocationProceedingJoinPoint.proceed(MethodInvocationProceedingJoinPoint.java:97) [spring-aop-4.0.0.RELEASE.jar:4.0.0.RELEASE]
	at com.zyq.AOP.LogInterceptor.logPrint(LogInterceptor.java:31) [classes/:?]
	at com.zyq.AOP.LogInterceptor.processLog(LogInterceptor.java:18) [classes/:?]
	at sun.reflect.NativeMethodAccessorImpl.invoke0(Native Method) ~[?:1.8.0_161]
	at sun.reflect.NativeMethodAccessorImpl.invoke(NativeMethodAccessorImpl.java:62) ~[?:1.8.0_161]
	at sun.reflect.DelegatingMethodAccessorImpl.invoke(DelegatingMethodAccessorImpl.java:43) ~[?:1.8.0_161]
	at java.lang.reflect.Method.invoke(Method.java:498) ~[?:1.8.0_161]
	at org.springframework.aop.aspectj.AbstractAspectJAdvice.invokeAdviceMethodWithGivenArgs(AbstractAspectJAdvice.java:621) [spring-aop-4.0.0.RELEASE.jar:4.0.0.RELEASE]
	at org.springframework.aop.aspectj.AbstractAspectJAdvice.invokeAdviceMethod(AbstractAspectJAdvice.java:610) [spring-aop-4.0.0.RELEASE.jar:4.0.0.RELEASE]
	at org.springframework.aop.aspectj.AspectJAroundAdvice.invoke(AspectJAroundAdvice.java:68) [spring-aop-4.0.0.RELEASE.jar:4.0.0.RELEASE]
	at org.springframework.aop.framework.ReflectiveMethodInvocation.proceed(ReflectiveMethodInvocation.java:179) [spring-aop-4.0.0.RELEASE.jar:4.0.0.RELEASE]
	at org.springframework.aop.interceptor.ExposeInvocationInterceptor.invoke(ExposeInvocationInterceptor.java:92) [spring-aop-4.0.0.RELEASE.jar:4.0.0.RELEASE]
	at org.springframework.aop.framework.ReflectiveMethodInvocation.proceed(ReflectiveMethodInvocation.java:179) [spring-aop-4.0.0.RELEASE.jar:4.0.0.RELEASE]
	at org.springframework.aop.framework.CglibAopProxy$DynamicAdvisedInterceptor.intercept(CglibAopProxy.java:646) [spring-aop-4.0.0.RELEASE.jar:4.0.0.RELEASE]
	at com.zyq.controller.StudentController$$EnhancerByCGLIB$$406d229e.selectAllByPage(<generated>) [spring-core-4.0.0.RELEASE.jar:?]
	at sun.reflect.NativeMethodAccessorImpl.invoke0(Native Method) ~[?:1.8.0_161]
	at sun.reflect.NativeMethodAccessorImpl.invoke(NativeMethodAccessorImpl.java:62) ~[?:1.8.0_161]
	at sun.reflect.DelegatingMethodAccessorImpl.invoke(DelegatingMethodAccessorImpl.java:43) ~[?:1.8.0_161]
	at java.lang.reflect.Method.invoke(Method.java:498) ~[?:1.8.0_161]
	at org.springframework.web.method.support.InvocableHandlerMethod.invoke(InvocableHandlerMethod.java:214) [spring-web-4.0.0.RELEASE.jar:4.0.0.RELEASE]
	at org.springframework.web.method.support.InvocableHandlerMethod.invokeForRequest(InvocableHandlerMethod.java:132) [spring-web-4.0.0.RELEASE.jar:4.0.0.RELEASE]
	at org.springframework.web.servlet.mvc.method.annotation.ServletInvocableHandlerMethod.invokeAndHandle(ServletInvocableHandlerMethod.java:104) [spring-webmvc-4.0.0.RELEASE.jar:4.0.0.RELEASE]
	at org.springframework.web.servlet.mvc.method.annotation.RequestMappingHandlerAdapter.invokeHandleMethod(RequestMappingHandlerAdapter.java:748) [spring-webmvc-4.0.0.RELEASE.jar:4.0.0.RELEASE]
	at org.springframework.web.servlet.mvc.method.annotation.RequestMappingHandlerAdapter.handleInternal(RequestMappingHandlerAdapter.java:689) [spring-webmvc-4.0.0.RELEASE.jar:4.0.0.RELEASE]
	at org.springframework.web.servlet.mvc.method.AbstractHandlerMethodAdapter.handle(AbstractHandlerMethodAdapter.java:83) [spring-webmvc-4.0.0.RELEASE.jar:4.0.0.RELEASE]
	at org.springframework.web.servlet.DispatcherServlet.doDispatch(DispatcherServlet.java:945) [spring-webmvc-4.0.0.RELEASE.jar:4.0.0.RELEASE]
	at org.springframework.web.servlet.DispatcherServlet.doService(DispatcherServlet.java:876) [spring-webmvc-4.0.0.RELEASE.jar:4.0.0.RELEASE]
	at org.springframework.web.servlet.FrameworkServlet.processRequest(FrameworkServlet.java:931) [spring-webmvc-4.0.0.RELEASE.jar:4.0.0.RELEASE]
	at org.springframework.web.servlet.FrameworkServlet.doGet(FrameworkServlet.java:822) [spring-webmvc-4.0.0.RELEASE.jar:4.0.0.RELEASE]
	at javax.servlet.http.HttpServlet.service(HttpServlet.java:707) [javax.servlet-2.5.0.v201103041518.jar:?]
	at org.springframework.web.servlet.FrameworkServlet.service(FrameworkServlet.java:807) [spring-webmvc-4.0.0.RELEASE.jar:4.0.0.RELEASE]
	at javax.servlet.http.HttpServlet.service(HttpServlet.java:820) [javax.servlet-2.5.0.v201103041518.jar:?]
	at org.eclipse.jetty.servlet.ServletHolder.handle(ServletHolder.java:652) [jetty-servlet-7.6.14.v20131031.jar:7.6.14.v20131031]
	at org.eclipse.jetty.servlet.ServletHandler$CachedChain.doFilter(ServletHandler.java:1317) [jetty-servlet-7.6.14.v20131031.jar:7.6.14.v20131031]
	at org.springframework.web.filter.HiddenHttpMethodFilter.doFilterInternal(HiddenHttpMethodFilter.java:77) [spring-web-4.0.0.RELEASE.jar:4.0.0.RELEASE]
	at org.springframework.web.filter.OncePerRequestFilter.doFilter(OncePerRequestFilter.java:108) [spring-web-4.0.0.RELEASE.jar:4.0.0.RELEASE]
	at org.eclipse.jetty.servlet.ServletHandler$CachedChain.doFilter(ServletHandler.java:1288) [jetty-servlet-7.6.14.v20131031.jar:7.6.14.v20131031]
	at org.springframework.web.filter.CharacterEncodingFilter.doFilterInternal(CharacterEncodingFilter.java:88) [spring-web-4.0.0.RELEASE.jar:4.0.0.RELEASE]
	at org.springframework.web.filter.OncePerRequestFilter.doFilter(OncePerRequestFilter.java:108) [spring-web-4.0.0.RELEASE.jar:4.0.0.RELEASE]
	at org.eclipse.jetty.servlet.ServletHandler$CachedChain.doFilter(ServletHandler.java:1288) [jetty-servlet-7.6.14.v20131031.jar:7.6.14.v20131031]
	at org.eclipse.jetty.servlet.ServletHandler.doHandle(ServletHandler.java:443) [jetty-servlet-7.6.14.v20131031.jar:7.6.14.v20131031]
	at org.eclipse.jetty.server.handler.ScopedHandler.handle(ScopedHandler.java:137) [jetty-server-7.6.14.v20131031.jar:7.6.14.v20131031]
	at org.eclipse.jetty.security.SecurityHandler.handle(SecurityHandler.java:556) [jetty-security-7.6.14.v20131031.jar:7.6.14.v20131031]
	at org.eclipse.jetty.server.session.SessionHandler.doHandle(SessionHandler.java:227) [jetty-server-7.6.14.v20131031.jar:7.6.14.v20131031]
	at org.eclipse.jetty.server.handler.ContextHandler.doHandle(ContextHandler.java:1044) [jetty-server-7.6.14.v20131031.jar:7.6.14.v20131031]
	at org.eclipse.jetty.servlet.ServletHandler.doScope(ServletHandler.java:372) [jetty-servlet-7.6.14.v20131031.jar:7.6.14.v20131031]
	at org.eclipse.jetty.server.session.SessionHandler.doScope(SessionHandler.java:189) [jetty-server-7.6.14.v20131031.jar:7.6.14.v20131031]
	at org.eclipse.jetty.server.handler.ContextHandler.doScope(ContextHandler.java:978) [jetty-server-7.6.14.v20131031.jar:7.6.14.v20131031]
	at org.eclipse.jetty.server.handler.ScopedHandler.handle(ScopedHandler.java:135) [jetty-server-7.6.14.v20131031.jar:7.6.14.v20131031]
	at org.eclipse.jetty.server.handler.ContextHandlerCollection.handle(ContextHandlerCollection.java:255) [jetty-server-7.6.14.v20131031.jar:7.6.14.v20131031]
	at org.eclipse.jetty.server.handler.HandlerCollection.handle(HandlerCollection.java:154) [jetty-server-7.6.14.v20131031.jar:7.6.14.v20131031]
	at org.eclipse.jetty.server.handler.HandlerWrapper.handle(HandlerWrapper.java:116) [jetty-server-7.6.14.v20131031.jar:7.6.14.v20131031]
	at org.eclipse.jetty.server.Server.handle(Server.java:369) [jetty-server-7.6.14.v20131031.jar:7.6.14.v20131031]
	at org.eclipse.jetty.server.AbstractHttpConnection.handleRequest(AbstractHttpConnection.java:486) [jetty-server-7.6.14.v20131031.jar:7.6.14.v20131031]
	at org.eclipse.jetty.server.AbstractHttpConnection.headerComplete(AbstractHttpConnection.java:933) [jetty-server-7.6.14.v20131031.jar:7.6.14.v20131031]
	at org.eclipse.jetty.server.AbstractHttpConnection$RequestHandler.headerComplete(AbstractHttpConnection.java:995) [jetty-server-7.6.14.v20131031.jar:7.6.14.v20131031]
	at org.eclipse.jetty.http.HttpParser.parseNext(HttpParser.java:644) [jetty-http-7.6.14.v20131031.jar:7.6.14.v20131031]
	at org.eclipse.jetty.http.HttpParser.parseAvailable(HttpParser.java:235) [jetty-http-7.6.14.v20131031.jar:7.6.14.v20131031]
	at org.eclipse.jetty.server.AsyncHttpConnection.handle(AsyncHttpConnection.java:82) [jetty-server-7.6.14.v20131031.jar:7.6.14.v20131031]
	at org.eclipse.jetty.io.nio.SelectChannelEndPoint.handle(SelectChannelEndPoint.java:667) [jetty-io-7.6.14.v20131031.jar:7.6.14.v20131031]
	at org.eclipse.jetty.io.nio.SelectChannelEndPoint$1.run(SelectChannelEndPoint.java:52) [jetty-io-7.6.14.v20131031.jar:7.6.14.v20131031]
	at org.eclipse.jetty.util.thread.QueuedThreadPool.runJob(QueuedThreadPool.java:608) [jetty-util-7.6.14.v20131031.jar:7.6.14.v20131031]
	at org.eclipse.jetty.util.thread.QueuedThreadPool$3.run(QueuedThreadPool.java:543) [jetty-util-7.6.14.v20131031.jar:7.6.14.v20131031]
	at java.lang.Thread.run(Thread.java:748) [?:1.8.0_161]

2018-08-19 at 14:47:40 CST DEBUG com.zyq.AOP.LogInterceptor 42 printExecTime - com.zyq.service.StudentService.selectAllByPage 方法执行耗时： 82 ms
2018-08-19 at 14:47:40 CST ERROR com.zyq.AOP.LogInterceptor 33 logPrint - com.zyq.controller.StudentController.selectAllByPage统计某方法执行耗时环绕通知出错 java.lang.NullPointerException
	at com.zyq.controller.StudentController.selectAllByPage(StudentController.java:59) ~[classes/:?]
	at com.zyq.controller.StudentController$$FastClassByCGLIB$$4333ac6e.invoke(<generated>) ~[spring-core-4.0.0.RELEASE.jar:?]
	at org.springframework.cglib.proxy.MethodProxy.invoke(MethodProxy.java:204) ~[spring-core-4.0.0.RELEASE.jar:4.0.0.RELEASE]
	at org.springframework.aop.framework.CglibAopProxy$CglibMethodInvocation.invokeJoinpoint(CglibAopProxy.java:713) ~[spring-aop-4.0.0.RELEASE.jar:4.0.0.RELEASE]
	at org.springframework.aop.framework.ReflectiveMethodInvocation.proceed(ReflectiveMethodInvocation.java:157) ~[spring-aop-4.0.0.RELEASE.jar:4.0.0.RELEASE]
	at org.springframework.aop.aspectj.MethodInvocationProceedingJoinPoint.proceed(MethodInvocationProceedingJoinPoint.java:97) ~[spring-aop-4.0.0.RELEASE.jar:4.0.0.RELEASE]
	at com.zyq.AOP.LogInterceptor.logPrint(LogInterceptor.java:31) [classes/:?]
	at com.zyq.AOP.LogInterceptor.processLog(LogInterceptor.java:18) [classes/:?]
	at sun.reflect.NativeMethodAccessorImpl.invoke0(Native Method) ~[?:1.8.0_161]
	at sun.reflect.NativeMethodAccessorImpl.invoke(NativeMethodAccessorImpl.java:62) ~[?:1.8.0_161]
	at sun.reflect.DelegatingMethodAccessorImpl.invoke(DelegatingMethodAccessorImpl.java:43) ~[?:1.8.0_161]
	at java.lang.reflect.Method.invoke(Method.java:498) ~[?:1.8.0_161]
	at org.springframework.aop.aspectj.AbstractAspectJAdvice.invokeAdviceMethodWithGivenArgs(AbstractAspectJAdvice.java:621) [spring-aop-4.0.0.RELEASE.jar:4.0.0.RELEASE]
	at org.springframework.aop.aspectj.AbstractAspectJAdvice.invokeAdviceMethod(AbstractAspectJAdvice.java:610) [spring-aop-4.0.0.RELEASE.jar:4.0.0.RELEASE]
	at org.springframework.aop.aspectj.AspectJAroundAdvice.invoke(AspectJAroundAdvice.java:68) [spring-aop-4.0.0.RELEASE.jar:4.0.0.RELEASE]
	at org.springframework.aop.framework.ReflectiveMethodInvocation.proceed(ReflectiveMethodInvocation.java:179) [spring-aop-4.0.0.RELEASE.jar:4.0.0.RELEASE]
	at org.springframework.aop.interceptor.ExposeInvocationInterceptor.invoke(ExposeInvocationInterceptor.java:92) [spring-aop-4.0.0.RELEASE.jar:4.0.0.RELEASE]
	at org.springframework.aop.framework.ReflectiveMethodInvocation.proceed(ReflectiveMethodInvocation.java:179) [spring-aop-4.0.0.RELEASE.jar:4.0.0.RELEASE]
	at org.springframework.aop.framework.CglibAopProxy$DynamicAdvisedInterceptor.intercept(CglibAopProxy.java:646) [spring-aop-4.0.0.RELEASE.jar:4.0.0.RELEASE]
	at com.zyq.controller.StudentController$$EnhancerByCGLIB$$406d229e.selectAllByPage(<generated>) [spring-core-4.0.0.RELEASE.jar:?]
	at sun.reflect.NativeMethodAccessorImpl.invoke0(Native Method) ~[?:1.8.0_161]
	at sun.reflect.NativeMethodAccessorImpl.invoke(NativeMethodAccessorImpl.java:62) ~[?:1.8.0_161]
	at sun.reflect.DelegatingMethodAccessorImpl.invoke(DelegatingMethodAccessorImpl.java:43) ~[?:1.8.0_161]
	at java.lang.reflect.Method.invoke(Method.java:498) ~[?:1.8.0_161]
	at org.springframework.web.method.support.InvocableHandlerMethod.invoke(InvocableHandlerMethod.java:214) [spring-web-4.0.0.RELEASE.jar:4.0.0.RELEASE]
	at org.springframework.web.method.support.InvocableHandlerMethod.invokeForRequest(InvocableHandlerMethod.java:132) [spring-web-4.0.0.RELEASE.jar:4.0.0.RELEASE]
	at org.springframework.web.servlet.mvc.method.annotation.ServletInvocableHandlerMethod.invokeAndHandle(ServletInvocableHandlerMethod.java:104) [spring-webmvc-4.0.0.RELEASE.jar:4.0.0.RELEASE]
	at org.springframework.web.servlet.mvc.method.annotation.RequestMappingHandlerAdapter.invokeHandleMethod(RequestMappingHandlerAdapter.java:748) [spring-webmvc-4.0.0.RELEASE.jar:4.0.0.RELEASE]
	at org.springframework.web.servlet.mvc.method.annotation.RequestMappingHandlerAdapter.handleInternal(RequestMappingHandlerAdapter.java:689) [spring-webmvc-4.0.0.RELEASE.jar:4.0.0.RELEASE]
	at org.springframework.web.servlet.mvc.method.AbstractHandlerMethodAdapter.handle(AbstractHandlerMethodAdapter.java:83) [spring-webmvc-4.0.0.RELEASE.jar:4.0.0.RELEASE]
	at org.springframework.web.servlet.DispatcherServlet.doDispatch(DispatcherServlet.java:945) [spring-webmvc-4.0.0.RELEASE.jar:4.0.0.RELEASE]
	at org.springframework.web.servlet.DispatcherServlet.doService(DispatcherServlet.java:876) [spring-webmvc-4.0.0.RELEASE.jar:4.0.0.RELEASE]
	at org.springframework.web.servlet.FrameworkServlet.processRequest(FrameworkServlet.java:931) [spring-webmvc-4.0.0.RELEASE.jar:4.0.0.RELEASE]
	at org.springframework.web.servlet.FrameworkServlet.doGet(FrameworkServlet.java:822) [spring-webmvc-4.0.0.RELEASE.jar:4.0.0.RELEASE]
	at javax.servlet.http.HttpServlet.service(HttpServlet.java:707) [javax.servlet-2.5.0.v201103041518.jar:?]
	at org.springframework.web.servlet.FrameworkServlet.service(FrameworkServlet.java:807) [spring-webmvc-4.0.0.RELEASE.jar:4.0.0.RELEASE]
	at javax.servlet.http.HttpServlet.service(HttpServlet.java:820) [javax.servlet-2.5.0.v201103041518.jar:?]
	at org.eclipse.jetty.servlet.ServletHolder.handle(ServletHolder.java:652) [jetty-servlet-7.6.14.v20131031.jar:7.6.14.v20131031]
	at org.eclipse.jetty.servlet.ServletHandler$CachedChain.doFilter(ServletHandler.java:1317) [jetty-servlet-7.6.14.v20131031.jar:7.6.14.v20131031]
	at org.springframework.web.filter.HiddenHttpMethodFilter.doFilterInternal(HiddenHttpMethodFilter.java:77) [spring-web-4.0.0.RELEASE.jar:4.0.0.RELEASE]
	at org.springframework.web.filter.OncePerRequestFilter.doFilter(OncePerRequestFilter.java:108) [spring-web-4.0.0.RELEASE.jar:4.0.0.RELEASE]
	at org.eclipse.jetty.servlet.ServletHandler$CachedChain.doFilter(ServletHandler.java:1288) [jetty-servlet-7.6.14.v20131031.jar:7.6.14.v20131031]
	at org.springframework.web.filter.CharacterEncodingFilter.doFilterInternal(CharacterEncodingFilter.java:88) [spring-web-4.0.0.RELEASE.jar:4.0.0.RELEASE]
	at org.springframework.web.filter.OncePerRequestFilter.doFilter(OncePerRequestFilter.java:108) [spring-web-4.0.0.RELEASE.jar:4.0.0.RELEASE]
	at org.eclipse.jetty.servlet.ServletHandler$CachedChain.doFilter(ServletHandler.java:1288) [jetty-servlet-7.6.14.v20131031.jar:7.6.14.v20131031]
	at org.eclipse.jetty.servlet.ServletHandler.doHandle(ServletHandler.java:443) [jetty-servlet-7.6.14.v20131031.jar:7.6.14.v20131031]
	at org.eclipse.jetty.server.handler.ScopedHandler.handle(ScopedHandler.java:137) [jetty-server-7.6.14.v20131031.jar:7.6.14.v20131031]
	at org.eclipse.jetty.security.SecurityHandler.handle(SecurityHandler.java:556) [jetty-security-7.6.14.v20131031.jar:7.6.14.v20131031]
	at org.eclipse.jetty.server.session.SessionHandler.doHandle(SessionHandler.java:227) [jetty-server-7.6.14.v20131031.jar:7.6.14.v20131031]
	at org.eclipse.jetty.server.handler.ContextHandler.doHandle(ContextHandler.java:1044) [jetty-server-7.6.14.v20131031.jar:7.6.14.v20131031]
	at org.eclipse.jetty.servlet.ServletHandler.doScope(ServletHandler.java:372) [jetty-servlet-7.6.14.v20131031.jar:7.6.14.v20131031]
	at org.eclipse.jetty.server.session.SessionHandler.doScope(SessionHandler.java:189) [jetty-server-7.6.14.v20131031.jar:7.6.14.v20131031]
	at org.eclipse.jetty.server.handler.ContextHandler.doScope(ContextHandler.java:978) [jetty-server-7.6.14.v20131031.jar:7.6.14.v20131031]
	at org.eclipse.jetty.server.handler.ScopedHandler.handle(ScopedHandler.java:135) [jetty-server-7.6.14.v20131031.jar:7.6.14.v20131031]
	at org.eclipse.jetty.server.handler.ContextHandlerCollection.handle(ContextHandlerCollection.java:255) [jetty-server-7.6.14.v20131031.jar:7.6.14.v20131031]
	at org.eclipse.jetty.server.handler.HandlerCollection.handle(HandlerCollection.java:154) [jetty-server-7.6.14.v20131031.jar:7.6.14.v20131031]
	at org.eclipse.jetty.server.handler.HandlerWrapper.handle(HandlerWrapper.java:116) [jetty-server-7.6.14.v20131031.jar:7.6.14.v20131031]
	at org.eclipse.jetty.server.Server.handle(Server.java:369) [jetty-server-7.6.14.v20131031.jar:7.6.14.v20131031]
	at org.eclipse.jetty.server.AbstractHttpConnection.handleRequest(AbstractHttpConnection.java:486) [jetty-server-7.6.14.v20131031.jar:7.6.14.v20131031]
	at org.eclipse.jetty.server.AbstractHttpConnection.headerComplete(AbstractHttpConnection.java:933) [jetty-server-7.6.14.v20131031.jar:7.6.14.v20131031]
	at org.eclipse.jetty.server.AbstractHttpConnection$RequestHandler.headerComplete(AbstractHttpConnection.java:995) [jetty-server-7.6.14.v20131031.jar:7.6.14.v20131031]
	at org.eclipse.jetty.http.HttpParser.parseNext(HttpParser.java:644) [jetty-http-7.6.14.v20131031.jar:7.6.14.v20131031]
	at org.eclipse.jetty.http.HttpParser.parseAvailable(HttpParser.java:235) [jetty-http-7.6.14.v20131031.jar:7.6.14.v20131031]
	at org.eclipse.jetty.server.AsyncHttpConnection.handle(AsyncHttpConnection.java:82) [jetty-server-7.6.14.v20131031.jar:7.6.14.v20131031]
	at org.eclipse.jetty.io.nio.SelectChannelEndPoint.handle(SelectChannelEndPoint.java:667) [jetty-io-7.6.14.v20131031.jar:7.6.14.v20131031]
	at org.eclipse.jetty.io.nio.SelectChannelEndPoint$1.run(SelectChannelEndPoint.java:52) [jetty-io-7.6.14.v20131031.jar:7.6.14.v20131031]
	at org.eclipse.jetty.util.thread.QueuedThreadPool.runJob(QueuedThreadPool.java:608) [jetty-util-7.6.14.v20131031.jar:7.6.14.v20131031]
	at org.eclipse.jetty.util.thread.QueuedThreadPool$3.run(QueuedThreadPool.java:543) [jetty-util-7.6.14.v20131031.jar:7.6.14.v20131031]
	at java.lang.Thread.run(Thread.java:748) [?:1.8.0_161]

2018-08-19 at 14:47:40 CST DEBUG com.zyq.AOP.LogInterceptor 42 printExecTime - com.zyq.controller.StudentController.selectAllByPage 方法执行耗时： 129 ms
2018-08-19 at 14:47:51 CST INFO  com.zyq.controller.StudentController 34 selectAllByPage - 进入首页了。。。。
2018-08-19 at 14:47:51 CST INFO  com.zyq.controller.StudentController 40 selectAllByPage - 输入参数：当前页为1,一个页面显示数目为10。
2018-08-19 at 14:47:51 CST DEBUG com.alibaba.druid.support.logging.Log4j2Impl 63 debug - stmt enter cache
2018-08-19 at 14:47:51 CST DEBUG com.zyq.AOP.LogInterceptor 42 printExecTime - com.zyq.service.StudentService.selectAllByPage 方法执行耗时： 6 ms
2018-08-19 at 14:47:51 CST INFO  com.zyq.controller.StudentController 43 selectAllByPage - 共查询到10条记录
2018-08-19 at 14:47:51 CST INFO  com.zyq.controller.StudentController 48 selectAllByPage - ***********************分割线***************************
2018-08-19 at 14:47:51 CST DEBUG com.zyq.AOP.LogInterceptor 42 printExecTime - com.zyq.controller.StudentController.selectAllByPage 方法执行耗时： 10 ms
2018-08-19 at 14:47:53 CST INFO  com.zyq.controller.StudentController 56 selectAllByPage - 输入参数：当前页为2。
2018-08-19 at 14:47:53 CST DEBUG com.zyq.AOP.LogInterceptor 42 printExecTime - com.zyq.service.StudentService.selectAllByPage 方法执行耗时： 8 ms
2018-08-19 at 14:47:53 CST INFO  com.zyq.controller.StudentController 59 selectAllByPage - 共查询到10条记录
2018-08-19 at 14:47:53 CST INFO  com.zyq.controller.StudentController 64 selectAllByPage - ***********************分割线***************************
2018-08-19 at 14:47:53 CST DEBUG com.zyq.AOP.LogInterceptor 42 printExecTime - com.zyq.controller.StudentController.selectAllByPage 方法执行耗时： 10 ms
2018-08-19 at 14:47:55 CST INFO  com.zyq.controller.StudentController 56 selectAllByPage - 输入参数：当前页为3。
2018-08-19 at 14:47:55 CST DEBUG com.zyq.AOP.LogInterceptor 42 printExecTime - com.zyq.service.StudentService.selectAllByPage 方法执行耗时： 5 ms
2018-08-19 at 14:47:55 CST INFO  com.zyq.controller.StudentController 59 selectAllByPage - 共查询到10条记录
2018-08-19 at 14:47:55 CST INFO  com.zyq.controller.StudentController 64 selectAllByPage - ***********************分割线***************************
2018-08-19 at 14:47:55 CST DEBUG com.zyq.AOP.LogInterceptor 42 printExecTime - com.zyq.controller.StudentController.selectAllByPage 方法执行耗时： 9 ms
2018-08-19 at 14:54:09 CST INFO  com.zyq.controller.StudentController 56 selectAllByPage - 输入参数：当前页为3。
2018-08-19 at 14:54:09 CST DEBUG com.zyq.AOP.LogInterceptor 42 printExecTime - com.zyq.service.StudentService.selectAllByPage 方法执行耗时： 10 ms
2018-08-19 at 14:54:09 CST INFO  com.zyq.controller.StudentController 59 selectAllByPage - 共查询到10条记录
2018-08-19 at 14:54:09 CST INFO  com.zyq.controller.StudentController 64 selectAllByPage - ***********************分割线***************************
2018-08-19 at 14:54:09 CST DEBUG com.zyq.AOP.LogInterceptor 42 printExecTime - com.zyq.controller.StudentController.selectAllByPage 方法执行耗时： 12 ms
