[INFO] 2018-03-18 11:08:37,196(0) --> [main] org.springframework.web.context.ContextLoader.initWebApplicationContext(ContextLoader.java:307): 
 Root WebApplicationContext: initialization started 
[INFO] 2018-03-18 11:08:37,344(148) --> [main] org.springframework.context.support.AbstractApplicationContext.prepareRefresh(AbstractApplicationContext.java:578): 
 Refreshing Root WebApplicationContext: startup date [Sun Mar 18 11:08:37 CST 2018]; root of context hierarchy 
[INFO] 2018-03-18 11:08:37,381(185) --> [main] org.springframework.beans.factory.xml.XmlBeanDefinitionReader.loadBeanDefinitions(XmlBeanDefinitionReader.java:317): 
 Loading XML bean definitions from class path resource [applicationContext.xml] 
[INFO] 2018-03-18 11:08:37,955(759) --> [main] org.springframework.core.io.support.PropertiesLoaderSupport.loadProperties(PropertiesLoaderSupport.java:172): 
 Loading properties file from class path resource [jdbc.properties] 
[INFO] 2018-03-18 11:08:37,973(777) --> [main] org.springframework.beans.factory.annotation.AutowiredAnnotationBeanPostProcessor.<init>(AutowiredAnnotationBeanPostProcessor.java:153): 
 JSR-330 'javax.inject.Inject' annotation found and supported for autowiring 
[INFO] 2018-03-18 11:08:38,984(1788) --> [main] com.alibaba.druid.pool.DruidDataSource.init(DruidDataSource.java:922): 
 {dataSource-1} inited 
[INFO] 2018-03-18 11:08:39,474(2278) --> [main] org.springframework.web.context.ContextLoader.initWebApplicationContext(ContextLoader.java:347): 
 Root WebApplicationContext: initialization completed in 2259 ms 
[INFO] 2018-03-18 11:08:39,671(2475) --> [main] org.springframework.web.servlet.FrameworkServlet.initServletBean(FrameworkServlet.java:489): 
 FrameworkServlet 'springMvc': initialization started 
[INFO] 2018-03-18 11:08:39,676(2480) --> [main] org.springframework.context.support.AbstractApplicationContext.prepareRefresh(AbstractApplicationContext.java:578): 
 Refreshing WebApplicationContext for namespace 'springMvc-servlet': startup date [Sun Mar 18 11:08:39 CST 2018]; parent: Root WebApplicationContext 
[INFO] 2018-03-18 11:08:39,679(2483) --> [main] org.springframework.beans.factory.xml.XmlBeanDefinitionReader.loadBeanDefinitions(XmlBeanDefinitionReader.java:317): 
 Loading XML bean definitions from class path resource [spring-mvc.xml] 
[INFO] 2018-03-18 11:08:40,097(2901) --> [main] org.springframework.beans.factory.annotation.AutowiredAnnotationBeanPostProcessor.<init>(AutowiredAnnotationBeanPostProcessor.java:153): 
 JSR-330 'javax.inject.Inject' annotation found and supported for autowiring 
[INFO] 2018-03-18 11:08:40,356(3160) --> [main] org.springframework.web.servlet.handler.AbstractHandlerMethodMapping$MappingRegistry.register(AbstractHandlerMethodMapping.java:527): 
 Mapped "{[/s/students],methods=[POST]}" onto public java.lang.String com.fml.controller.StudentController.add(com.fml.pojo.Student) 
[INFO] 2018-03-18 11:08:40,357(3161) --> [main] org.springframework.web.servlet.handler.AbstractHandlerMethodMapping$MappingRegistry.register(AbstractHandlerMethodMapping.java:527): 
 Mapped "{[/s/register]}" onto public java.lang.String com.fml.controller.StudentController.register() 
[INFO] 2018-03-18 11:08:40,357(3161) --> [main] org.springframework.web.servlet.handler.AbstractHandlerMethodMapping$MappingRegistry.register(AbstractHandlerMethodMapping.java:527): 
 Mapped "{[/s/students/{id}],methods=[PUT]}" onto public java.lang.String com.fml.controller.StudentController.update(int,com.fml.pojo.Student) 
[INFO] 2018-03-18 11:08:40,358(3162) --> [main] org.springframework.web.servlet.handler.AbstractHandlerMethodMapping$MappingRegistry.register(AbstractHandlerMethodMapping.java:527): 
 Mapped "{[/s/students/name],methods=[GET],produces=[text/html;charset=UTF-8]}" onto public java.lang.String com.fml.controller.StudentController.findByName(java.lang.String,org.springframework.ui.Model) 
[INFO] 2018-03-18 11:08:40,359(3163) --> [main] org.springframework.web.servlet.handler.AbstractHandlerMethodMapping$MappingRegistry.register(AbstractHandlerMethodMapping.java:527): 
 Mapped "{[/s/json],methods=[GET]}" onto public java.lang.String com.fml.controller.StudentController.json(org.springframework.ui.ModelMap) 
[INFO] 2018-03-18 11:08:40,361(3165) --> [main] org.springframework.web.servlet.handler.AbstractHandlerMethodMapping$MappingRegistry.register(AbstractHandlerMethodMapping.java:527): 
 Mapped "{[/s/students]}" onto public java.lang.String com.fml.controller.StudentController.studentList(int,org.springframework.ui.Model) 
[INFO] 2018-03-18 11:08:40,362(3166) --> [main] org.springframework.web.servlet.handler.AbstractHandlerMethodMapping$MappingRegistry.register(AbstractHandlerMethodMapping.java:527): 
 Mapped "{[/s/students/{id}],methods=[DELETE]}" onto public java.lang.String com.fml.controller.StudentController.studentDelete(int) 
[INFO] 2018-03-18 11:08:40,363(3167) --> [main] org.springframework.web.servlet.handler.AbstractHandlerMethodMapping$MappingRegistry.register(AbstractHandlerMethodMapping.java:527): 
 Mapped "{[/s/students/{id}],methods=[GET]}" onto public java.lang.String com.fml.controller.StudentController.findById(int,org.springframework.ui.Model) 
[INFO] 2018-03-18 11:08:40,363(3167) --> [main] org.springframework.web.servlet.handler.AbstractHandlerMethodMapping$MappingRegistry.register(AbstractHandlerMethodMapping.java:527): 
 Mapped "{[/s/update/{id}],methods=[GET]}" onto public java.lang.String com.fml.controller.StudentController.studentUpdate(int,org.springframework.ui.Model) 
[INFO] 2018-03-18 11:08:40,564(3368) --> [main] org.springframework.web.servlet.mvc.method.annotation.RequestMappingHandlerAdapter.initControllerAdviceCache(RequestMappingHandlerAdapter.java:532): 
 Looking for @ControllerAdvice: WebApplicationContext for namespace 'springMvc-servlet': startup date [Sun Mar 18 11:08:39 CST 2018]; parent: Root WebApplicationContext 
[INFO] 2018-03-18 11:08:40,622(3426) --> [main] org.springframework.web.servlet.mvc.method.annotation.RequestMappingHandlerAdapter.initControllerAdviceCache(RequestMappingHandlerAdapter.java:532): 
 Looking for @ControllerAdvice: WebApplicationContext for namespace 'springMvc-servlet': startup date [Sun Mar 18 11:08:39 CST 2018]; parent: Root WebApplicationContext 
[INFO] 2018-03-18 11:08:40,712(3516) --> [main] org.springframework.web.servlet.handler.AbstractUrlHandlerMapping.registerHandler(AbstractUrlHandlerMapping.java:341): 
 Mapped URL path [/**] onto handler 'org.springframework.web.servlet.resource.DefaultServletHttpRequestHandler#0' 
[INFO] 2018-03-18 11:08:40,769(3573) --> [main] org.springframework.web.servlet.FrameworkServlet.initServletBean(FrameworkServlet.java:508): 
 FrameworkServlet 'springMvc': initialization completed in 1098 ms 
[INFO] 2018-03-18 11:30:17,969(0) --> [main] org.springframework.web.context.ContextLoader.initWebApplicationContext(ContextLoader.java:307): 
 Root WebApplicationContext: initialization started 
[INFO] 2018-03-18 11:30:18,074(105) --> [main] org.springframework.context.support.AbstractApplicationContext.prepareRefresh(AbstractApplicationContext.java:578): 
 Refreshing Root WebApplicationContext: startup date [Sun Mar 18 11:30:18 CST 2018]; root of context hierarchy 
[INFO] 2018-03-18 11:30:18,105(136) --> [main] org.springframework.beans.factory.xml.XmlBeanDefinitionReader.loadBeanDefinitions(XmlBeanDefinitionReader.java:317): 
 Loading XML bean definitions from class path resource [applicationContext.xml] 
[INFO] 2018-03-18 11:30:18,621(652) --> [main] org.springframework.core.io.support.PropertiesLoaderSupport.loadProperties(PropertiesLoaderSupport.java:172): 
 Loading properties file from class path resource [jdbc.properties] 
[INFO] 2018-03-18 11:30:18,636(667) --> [main] org.springframework.beans.factory.annotation.AutowiredAnnotationBeanPostProcessor.<init>(AutowiredAnnotationBeanPostProcessor.java:153): 
 JSR-330 'javax.inject.Inject' annotation found and supported for autowiring 
[INFO] 2018-03-18 11:30:19,416(1447) --> [main] com.alibaba.druid.pool.DruidDataSource.init(DruidDataSource.java:922): 
 {dataSource-1} inited 
[INFO] 2018-03-18 11:30:19,802(1833) --> [main] org.springframework.web.context.ContextLoader.initWebApplicationContext(ContextLoader.java:347): 
 Root WebApplicationContext: initialization completed in 1814 ms 
[INFO] 2018-03-18 11:30:19,912(1943) --> [main] org.springframework.web.servlet.FrameworkServlet.initServletBean(FrameworkServlet.java:489): 
 FrameworkServlet 'springMvc': initialization started 
[INFO] 2018-03-18 11:30:19,912(1943) --> [main] org.springframework.context.support.AbstractApplicationContext.prepareRefresh(AbstractApplicationContext.java:578): 
 Refreshing WebApplicationContext for namespace 'springMvc-servlet': startup date [Sun Mar 18 11:30:19 CST 2018]; parent: Root WebApplicationContext 
[INFO] 2018-03-18 11:30:19,912(1943) --> [main] org.springframework.beans.factory.xml.XmlBeanDefinitionReader.loadBeanDefinitions(XmlBeanDefinitionReader.java:317): 
 Loading XML bean definitions from class path resource [spring-mvc.xml] 
[INFO] 2018-03-18 11:30:20,037(2068) --> [main] org.springframework.beans.factory.annotation.AutowiredAnnotationBeanPostProcessor.<init>(AutowiredAnnotationBeanPostProcessor.java:153): 
 JSR-330 'javax.inject.Inject' annotation found and supported for autowiring 
[INFO] 2018-03-18 11:30:20,224(2255) --> [main] org.springframework.web.servlet.handler.AbstractHandlerMethodMapping$MappingRegistry.register(AbstractHandlerMethodMapping.java:527): 
 Mapped "{[/s/students],methods=[POST]}" onto public java.lang.String com.fml.controller.StudentController.add(com.fml.pojo.Student) 
[INFO] 2018-03-18 11:30:20,224(2255) --> [main] org.springframework.web.servlet.handler.AbstractHandlerMethodMapping$MappingRegistry.register(AbstractHandlerMethodMapping.java:527): 
 Mapped "{[/s/register]}" onto public java.lang.String com.fml.controller.StudentController.register() 
[INFO] 2018-03-18 11:30:20,224(2255) --> [main] org.springframework.web.servlet.handler.AbstractHandlerMethodMapping$MappingRegistry.register(AbstractHandlerMethodMapping.java:527): 
 Mapped "{[/s/students/{id}],methods=[PUT]}" onto public java.lang.String com.fml.controller.StudentController.update(int,com.fml.pojo.Student) 
[INFO] 2018-03-18 11:30:20,224(2255) --> [main] org.springframework.web.servlet.handler.AbstractHandlerMethodMapping$MappingRegistry.register(AbstractHandlerMethodMapping.java:527): 
 Mapped "{[/s/students/name],methods=[GET],produces=[text/html;charset=UTF-8]}" onto public java.lang.String com.fml.controller.StudentController.findByName(java.lang.String,org.springframework.ui.Model) 
[INFO] 2018-03-18 11:30:20,224(2255) --> [main] org.springframework.web.servlet.handler.AbstractHandlerMethodMapping$MappingRegistry.register(AbstractHandlerMethodMapping.java:527): 
 Mapped "{[/s/students/{id}],methods=[DELETE]}" onto public java.lang.String com.fml.controller.StudentController.studentDelete(int) 
[INFO] 2018-03-18 11:30:20,240(2271) --> [main] org.springframework.web.servlet.handler.AbstractHandlerMethodMapping$MappingRegistry.register(AbstractHandlerMethodMapping.java:527): 
 Mapped "{[/s/students/{id}],methods=[GET]}" onto public java.lang.String com.fml.controller.StudentController.findById(int,org.springframework.ui.Model) 
[INFO] 2018-03-18 11:30:20,240(2271) --> [main] org.springframework.web.servlet.handler.AbstractHandlerMethodMapping$MappingRegistry.register(AbstractHandlerMethodMapping.java:527): 
 Mapped "{[/s/students]}" onto public java.lang.String com.fml.controller.StudentController.studentList(int,org.springframework.ui.Model) 
[INFO] 2018-03-18 11:30:20,240(2271) --> [main] org.springframework.web.servlet.handler.AbstractHandlerMethodMapping$MappingRegistry.register(AbstractHandlerMethodMapping.java:527): 
 Mapped "{[/s/update/{id}],methods=[GET]}" onto public java.lang.String com.fml.controller.StudentController.studentUpdate(int,org.springframework.ui.Model) 
[INFO] 2018-03-18 11:30:20,240(2271) --> [main] org.springframework.web.servlet.handler.AbstractHandlerMethodMapping$MappingRegistry.register(AbstractHandlerMethodMapping.java:527): 
 Mapped "{[/s/json],methods=[GET]}" onto public java.lang.String com.fml.controller.StudentController.json(org.springframework.ui.ModelMap) 
[INFO] 2018-03-18 11:30:20,443(2474) --> [main] org.springframework.web.servlet.mvc.method.annotation.RequestMappingHandlerAdapter.initControllerAdviceCache(RequestMappingHandlerAdapter.java:532): 
 Looking for @ControllerAdvice: WebApplicationContext for namespace 'springMvc-servlet': startup date [Sun Mar 18 11:30:19 CST 2018]; parent: Root WebApplicationContext 
[INFO] 2018-03-18 11:30:20,474(2505) --> [main] org.springframework.web.servlet.mvc.method.annotation.RequestMappingHandlerAdapter.initControllerAdviceCache(RequestMappingHandlerAdapter.java:532): 
 Looking for @ControllerAdvice: WebApplicationContext for namespace 'springMvc-servlet': startup date [Sun Mar 18 11:30:19 CST 2018]; parent: Root WebApplicationContext 
[INFO] 2018-03-18 11:30:20,537(2568) --> [main] org.springframework.web.servlet.handler.AbstractUrlHandlerMapping.registerHandler(AbstractUrlHandlerMapping.java:341): 
 Mapped URL path [/**] onto handler 'org.springframework.web.servlet.resource.DefaultServletHttpRequestHandler#0' 
[INFO] 2018-03-18 11:30:20,583(2614) --> [main] org.springframework.web.servlet.FrameworkServlet.initServletBean(FrameworkServlet.java:508): 
 FrameworkServlet 'springMvc': initialization completed in 671 ms 
[INFO] 2018-03-18 11:31:25,691(67722) --> [PathWatcher-Thread[G:\MyWorkspace\Jnshu\Task2 (+11)]] org.springframework.context.support.AbstractApplicationContext.doClose(AbstractApplicationContext.java:960): 
 Closing WebApplicationContext for namespace 'springMvc-servlet': startup date [Sun Mar 18 11:30:19 CST 2018]; parent: Root WebApplicationContext 
[INFO] 2018-03-18 11:31:25,716(67747) --> [PathWatcher-Thread[G:\MyWorkspace\Jnshu\Task2 (+11)]] org.springframework.context.support.AbstractApplicationContext.doClose(AbstractApplicationContext.java:960): 
 Closing Root WebApplicationContext: startup date [Sun Mar 18 11:30:18 CST 2018]; root of context hierarchy 
[INFO] 2018-03-18 11:31:25,722(67753) --> [PathWatcher-Thread[G:\MyWorkspace\Jnshu\Task2 (+11)]] com.alibaba.druid.pool.DruidDataSource.close(DruidDataSource.java:1817): 
 {dataSource-1} closed 
[INFO] 2018-03-18 11:31:27,421(0) --> [PathWatcher-Thread[G:\MyWorkspace\Jnshu\Task2 (+11)]] org.springframework.web.context.ContextLoader.initWebApplicationContext(ContextLoader.java:307): 
 Root WebApplicationContext: initialization started 
[INFO] 2018-03-18 11:31:27,513(92) --> [PathWatcher-Thread[G:\MyWorkspace\Jnshu\Task2 (+11)]] org.springframework.context.support.AbstractApplicationContext.prepareRefresh(AbstractApplicationContext.java:578): 
 Refreshing Root WebApplicationContext: startup date [Sun Mar 18 11:31:27 CST 2018]; root of context hierarchy 
[INFO] 2018-03-18 11:31:27,533(112) --> [PathWatcher-Thread[G:\MyWorkspace\Jnshu\Task2 (+11)]] org.springframework.beans.factory.xml.XmlBeanDefinitionReader.loadBeanDefinitions(XmlBeanDefinitionReader.java:317): 
 Loading XML bean definitions from class path resource [applicationContext.xml] 
[INFO] 2018-03-18 11:31:27,806(385) --> [PathWatcher-Thread[G:\MyWorkspace\Jnshu\Task2 (+11)]] org.springframework.core.io.support.PropertiesLoaderSupport.loadProperties(PropertiesLoaderSupport.java:172): 
 Loading properties file from class path resource [jdbc.properties] 
[INFO] 2018-03-18 11:31:27,822(401) --> [PathWatcher-Thread[G:\MyWorkspace\Jnshu\Task2 (+11)]] org.springframework.beans.factory.annotation.AutowiredAnnotationBeanPostProcessor.<init>(AutowiredAnnotationBeanPostProcessor.java:153): 
 JSR-330 'javax.inject.Inject' annotation found and supported for autowiring 
[INFO] 2018-03-18 11:31:28,346(925) --> [PathWatcher-Thread[G:\MyWorkspace\Jnshu\Task2 (+11)]] com.alibaba.druid.pool.DruidDataSource.init(DruidDataSource.java:922): 
 {dataSource-1} inited 
[INFO] 2018-03-18 11:31:28,562(1141) --> [PathWatcher-Thread[G:\MyWorkspace\Jnshu\Task2 (+11)]] org.springframework.web.context.ContextLoader.initWebApplicationContext(ContextLoader.java:347): 
 Root WebApplicationContext: initialization completed in 1137 ms 
[INFO] 2018-03-18 11:31:28,640(1219) --> [PathWatcher-Thread[G:\MyWorkspace\Jnshu\Task2 (+11)]] org.springframework.web.servlet.FrameworkServlet.initServletBean(FrameworkServlet.java:489): 
 FrameworkServlet 'springMvc': initialization started 
[INFO] 2018-03-18 11:31:28,659(1238) --> [PathWatcher-Thread[G:\MyWorkspace\Jnshu\Task2 (+11)]] org.springframework.context.support.AbstractApplicationContext.prepareRefresh(AbstractApplicationContext.java:578): 
 Refreshing WebApplicationContext for namespace 'springMvc-servlet': startup date [Sun Mar 18 11:31:28 CST 2018]; parent: Root WebApplicationContext 
[INFO] 2018-03-18 11:31:28,661(1240) --> [PathWatcher-Thread[G:\MyWorkspace\Jnshu\Task2 (+11)]] org.springframework.beans.factory.xml.XmlBeanDefinitionReader.loadBeanDefinitions(XmlBeanDefinitionReader.java:317): 
 Loading XML bean definitions from class path resource [spring-mvc.xml] 
[INFO] 2018-03-18 11:31:28,813(1392) --> [PathWatcher-Thread[G:\MyWorkspace\Jnshu\Task2 (+11)]] org.springframework.beans.factory.annotation.AutowiredAnnotationBeanPostProcessor.<init>(AutowiredAnnotationBeanPostProcessor.java:153): 
 JSR-330 'javax.inject.Inject' annotation found and supported for autowiring 
[INFO] 2018-03-18 11:31:28,948(1527) --> [PathWatcher-Thread[G:\MyWorkspace\Jnshu\Task2 (+11)]] org.springframework.web.servlet.handler.AbstractHandlerMethodMapping$MappingRegistry.register(AbstractHandlerMethodMapping.java:527): 
 Mapped "{[/s/students],methods=[POST]}" onto public java.lang.String com.fml.controller.StudentController.add(com.fml.pojo.Student) 
[INFO] 2018-03-18 11:31:28,950(1529) --> [PathWatcher-Thread[G:\MyWorkspace\Jnshu\Task2 (+11)]] org.springframework.web.servlet.handler.AbstractHandlerMethodMapping$MappingRegistry.register(AbstractHandlerMethodMapping.java:527): 
 Mapped "{[/s/register]}" onto public java.lang.String com.fml.controller.StudentController.register() 
[INFO] 2018-03-18 11:31:28,951(1530) --> [PathWatcher-Thread[G:\MyWorkspace\Jnshu\Task2 (+11)]] org.springframework.web.servlet.handler.AbstractHandlerMethodMapping$MappingRegistry.register(AbstractHandlerMethodMapping.java:527): 
 Mapped "{[/s/students/{id}],methods=[PUT]}" onto public java.lang.String com.fml.controller.StudentController.update(int,com.fml.pojo.Student) 
[INFO] 2018-03-18 11:31:28,951(1530) --> [PathWatcher-Thread[G:\MyWorkspace\Jnshu\Task2 (+11)]] org.springframework.web.servlet.handler.AbstractHandlerMethodMapping$MappingRegistry.register(AbstractHandlerMethodMapping.java:527): 
 Mapped "{[/s/students/name],methods=[GET],produces=[text/html;charset=UTF-8]}" onto public java.lang.String com.fml.controller.StudentController.findByName(java.lang.String,org.springframework.ui.Model) 
[INFO] 2018-03-18 11:31:28,952(1531) --> [PathWatcher-Thread[G:\MyWorkspace\Jnshu\Task2 (+11)]] org.springframework.web.servlet.handler.AbstractHandlerMethodMapping$MappingRegistry.register(AbstractHandlerMethodMapping.java:527): 
 Mapped "{[/s/students/{id}],methods=[DELETE]}" onto public java.lang.String com.fml.controller.StudentController.studentDelete(int) 
[INFO] 2018-03-18 11:31:28,952(1531) --> [PathWatcher-Thread[G:\MyWorkspace\Jnshu\Task2 (+11)]] org.springframework.web.servlet.handler.AbstractHandlerMethodMapping$MappingRegistry.register(AbstractHandlerMethodMapping.java:527): 
 Mapped "{[/s/students/{id}],methods=[GET]}" onto public java.lang.String com.fml.controller.StudentController.findById(int,org.springframework.ui.Model) 
[INFO] 2018-03-18 11:31:28,953(1532) --> [PathWatcher-Thread[G:\MyWorkspace\Jnshu\Task2 (+11)]] org.springframework.web.servlet.handler.AbstractHandlerMethodMapping$MappingRegistry.register(AbstractHandlerMethodMapping.java:527): 
 Mapped "{[/s/students]}" onto public java.lang.String com.fml.controller.StudentController.studentList(int,org.springframework.ui.Model) 
[INFO] 2018-03-18 11:31:28,953(1532) --> [PathWatcher-Thread[G:\MyWorkspace\Jnshu\Task2 (+11)]] org.springframework.web.servlet.handler.AbstractHandlerMethodMapping$MappingRegistry.register(AbstractHandlerMethodMapping.java:527): 
 Mapped "{[/s/update/{id}],methods=[GET]}" onto public java.lang.String com.fml.controller.StudentController.studentUpdate(int,org.springframework.ui.Model) 
[INFO] 2018-03-18 11:31:28,954(1533) --> [PathWatcher-Thread[G:\MyWorkspace\Jnshu\Task2 (+11)]] org.springframework.web.servlet.handler.AbstractHandlerMethodMapping$MappingRegistry.register(AbstractHandlerMethodMapping.java:527): 
 Mapped "{[/s/json],methods=[GET]}" onto public java.lang.String com.fml.controller.StudentController.json(org.springframework.ui.ModelMap) 
[INFO] 2018-03-18 11:31:29,039(1618) --> [PathWatcher-Thread[G:\MyWorkspace\Jnshu\Task2 (+11)]] org.springframework.web.servlet.mvc.method.annotation.RequestMappingHandlerAdapter.initControllerAdviceCache(RequestMappingHandlerAdapter.java:532): 
 Looking for @ControllerAdvice: WebApplicationContext for namespace 'springMvc-servlet': startup date [Sun Mar 18 11:31:28 CST 2018]; parent: Root WebApplicationContext 
[INFO] 2018-03-18 11:31:29,178(1757) --> [PathWatcher-Thread[G:\MyWorkspace\Jnshu\Task2 (+11)]] org.springframework.web.servlet.mvc.method.annotation.RequestMappingHandlerAdapter.initControllerAdviceCache(RequestMappingHandlerAdapter.java:532): 
 Looking for @ControllerAdvice: WebApplicationContext for namespace 'springMvc-servlet': startup date [Sun Mar 18 11:31:28 CST 2018]; parent: Root WebApplicationContext 
[INFO] 2018-03-18 11:31:29,256(1835) --> [PathWatcher-Thread[G:\MyWorkspace\Jnshu\Task2 (+11)]] org.springframework.web.servlet.handler.AbstractUrlHandlerMapping.registerHandler(AbstractUrlHandlerMapping.java:341): 
 Mapped URL path [/**] onto handler 'org.springframework.web.servlet.resource.DefaultServletHttpRequestHandler#0' 
[INFO] 2018-03-18 11:31:29,366(1945) --> [PathWatcher-Thread[G:\MyWorkspace\Jnshu\Task2 (+11)]] org.springframework.web.servlet.FrameworkServlet.initServletBean(FrameworkServlet.java:508): 
 FrameworkServlet 'springMvc': initialization completed in 725 ms 
[INFO] 2018-03-18 11:33:26,331(0) --> [main] org.springframework.web.context.ContextLoader.initWebApplicationContext(ContextLoader.java:307): 
 Root WebApplicationContext: initialization started 
[INFO] 2018-03-18 11:33:26,440(109) --> [main] org.springframework.context.support.AbstractApplicationContext.prepareRefresh(AbstractApplicationContext.java:578): 
 Refreshing Root WebApplicationContext: startup date [Sun Mar 18 11:33:26 CST 2018]; root of context hierarchy 
[INFO] 2018-03-18 11:33:26,456(125) --> [main] org.springframework.beans.factory.xml.XmlBeanDefinitionReader.loadBeanDefinitions(XmlBeanDefinitionReader.java:317): 
 Loading XML bean definitions from class path resource [applicationContext.xml] 
[INFO] 2018-03-18 11:33:26,831(500) --> [main] org.springframework.core.io.support.PropertiesLoaderSupport.loadProperties(PropertiesLoaderSupport.java:172): 
 Loading properties file from class path resource [jdbc.properties] 
[INFO] 2018-03-18 11:33:26,847(516) --> [main] org.springframework.beans.factory.annotation.AutowiredAnnotationBeanPostProcessor.<init>(AutowiredAnnotationBeanPostProcessor.java:153): 
 JSR-330 'javax.inject.Inject' annotation found and supported for autowiring 
[INFO] 2018-03-18 11:33:27,553(1222) --> [main] com.alibaba.druid.pool.DruidDataSource.init(DruidDataSource.java:922): 
 {dataSource-1} inited 
[INFO] 2018-03-18 11:33:27,838(1507) --> [main] org.springframework.web.context.ContextLoader.initWebApplicationContext(ContextLoader.java:347): 
 Root WebApplicationContext: initialization completed in 1507 ms 
[INFO] 2018-03-18 11:33:27,947(1616) --> [main] org.springframework.web.servlet.FrameworkServlet.initServletBean(FrameworkServlet.java:489): 
 FrameworkServlet 'springMvc': initialization started 
[INFO] 2018-03-18 11:33:27,947(1616) --> [main] org.springframework.context.support.AbstractApplicationContext.prepareRefresh(AbstractApplicationContext.java:578): 
 Refreshing WebApplicationContext for namespace 'springMvc-servlet': startup date [Sun Mar 18 11:33:27 CST 2018]; parent: Root WebApplicationContext 
[INFO] 2018-03-18 11:33:27,947(1616) --> [main] org.springframework.beans.factory.xml.XmlBeanDefinitionReader.loadBeanDefinitions(XmlBeanDefinitionReader.java:317): 
 Loading XML bean definitions from class path resource [spring-mvc.xml] 
[INFO] 2018-03-18 11:33:28,064(1733) --> [main] org.springframework.beans.factory.annotation.AutowiredAnnotationBeanPostProcessor.<init>(AutowiredAnnotationBeanPostProcessor.java:153): 
 JSR-330 'javax.inject.Inject' annotation found and supported for autowiring 
[INFO] 2018-03-18 11:33:28,360(2029) --> [main] org.springframework.web.servlet.handler.AbstractHandlerMethodMapping$MappingRegistry.register(AbstractHandlerMethodMapping.java:527): 
 Mapped "{[/s/students],methods=[POST]}" onto public java.lang.String com.fml.controller.StudentController.add(com.fml.pojo.Student) 
[INFO] 2018-03-18 11:33:28,360(2029) --> [main] org.springframework.web.servlet.handler.AbstractHandlerMethodMapping$MappingRegistry.register(AbstractHandlerMethodMapping.java:527): 
 Mapped "{[/s/register]}" onto public java.lang.String com.fml.controller.StudentController.register() 
[INFO] 2018-03-18 11:33:28,360(2029) --> [main] org.springframework.web.servlet.handler.AbstractHandlerMethodMapping$MappingRegistry.register(AbstractHandlerMethodMapping.java:527): 
 Mapped "{[/s/students/{id}],methods=[PUT]}" onto public java.lang.String com.fml.controller.StudentController.update(int,com.fml.pojo.Student) 
[INFO] 2018-03-18 11:33:28,360(2029) --> [main] org.springframework.web.servlet.handler.AbstractHandlerMethodMapping$MappingRegistry.register(AbstractHandlerMethodMapping.java:527): 
 Mapped "{[/s/students/{id}],methods=[GET]}" onto public java.lang.String com.fml.controller.StudentController.findById(int,org.springframework.ui.Model) 
[INFO] 2018-03-18 11:33:28,360(2029) --> [main] org.springframework.web.servlet.handler.AbstractHandlerMethodMapping$MappingRegistry.register(AbstractHandlerMethodMapping.java:527): 
 Mapped "{[/s/students]}" onto public java.lang.String com.fml.controller.StudentController.studentList(int,org.springframework.ui.Model) 
[INFO] 2018-03-18 11:33:28,360(2029) --> [main] org.springframework.web.servlet.handler.AbstractHandlerMethodMapping$MappingRegistry.register(AbstractHandlerMethodMapping.java:527): 
 Mapped "{[/s/students/{id}],methods=[DELETE]}" onto public java.lang.String com.fml.controller.StudentController.studentDelete(int) 
[INFO] 2018-03-18 11:33:28,376(2045) --> [main] org.springframework.web.servlet.handler.AbstractHandlerMethodMapping$MappingRegistry.register(AbstractHandlerMethodMapping.java:527): 
 Mapped "{[/s/update/{id}],methods=[GET]}" onto public java.lang.String com.fml.controller.StudentController.studentUpdate(int,org.springframework.ui.Model) 
[INFO] 2018-03-18 11:33:28,376(2045) --> [main] org.springframework.web.servlet.handler.AbstractHandlerMethodMapping$MappingRegistry.register(AbstractHandlerMethodMapping.java:527): 
 Mapped "{[/s/json],methods=[GET]}" onto public java.lang.String com.fml.controller.StudentController.json(org.springframework.ui.ModelMap) 
[INFO] 2018-03-18 11:33:28,376(2045) --> [main] org.springframework.web.servlet.handler.AbstractHandlerMethodMapping$MappingRegistry.register(AbstractHandlerMethodMapping.java:527): 
 Mapped "{[/s/students/name],methods=[GET],produces=[text/html;charset=UTF-8]}" onto public java.lang.String com.fml.controller.StudentController.findByName(java.lang.String,org.springframework.ui.Model) 
[INFO] 2018-03-18 11:33:28,532(2201) --> [main] org.springframework.web.servlet.mvc.method.annotation.RequestMappingHandlerAdapter.initControllerAdviceCache(RequestMappingHandlerAdapter.java:532): 
 Looking for @ControllerAdvice: WebApplicationContext for namespace 'springMvc-servlet': startup date [Sun Mar 18 11:33:27 CST 2018]; parent: Root WebApplicationContext 
[INFO] 2018-03-18 11:33:28,564(2233) --> [main] org.springframework.web.servlet.mvc.method.annotation.RequestMappingHandlerAdapter.initControllerAdviceCache(RequestMappingHandlerAdapter.java:532): 
 Looking for @ControllerAdvice: WebApplicationContext for namespace 'springMvc-servlet': startup date [Sun Mar 18 11:33:27 CST 2018]; parent: Root WebApplicationContext 
[INFO] 2018-03-18 11:33:28,642(2311) --> [main] org.springframework.web.servlet.handler.AbstractUrlHandlerMapping.registerHandler(AbstractUrlHandlerMapping.java:341): 
 Mapped URL path [/**] onto handler 'org.springframework.web.servlet.resource.DefaultServletHttpRequestHandler#0' 
[INFO] 2018-03-18 11:33:28,735(2404) --> [main] org.springframework.web.servlet.FrameworkServlet.initServletBean(FrameworkServlet.java:508): 
 FrameworkServlet 'springMvc': initialization completed in 788 ms 
[INFO] 2018-03-18 11:34:35,158(0) --> [main] org.springframework.web.context.ContextLoader.initWebApplicationContext(ContextLoader.java:307): 
 Root WebApplicationContext: initialization started 
[INFO] 2018-03-18 11:34:35,268(110) --> [main] org.springframework.context.support.AbstractApplicationContext.prepareRefresh(AbstractApplicationContext.java:578): 
 Refreshing Root WebApplicationContext: startup date [Sun Mar 18 11:34:35 CST 2018]; root of context hierarchy 
[INFO] 2018-03-18 11:34:35,299(141) --> [main] org.springframework.beans.factory.xml.XmlBeanDefinitionReader.loadBeanDefinitions(XmlBeanDefinitionReader.java:317): 
 Loading XML bean definitions from class path resource [applicationContext.xml] 
[INFO] 2018-03-18 11:34:35,721(563) --> [main] org.springframework.core.io.support.PropertiesLoaderSupport.loadProperties(PropertiesLoaderSupport.java:172): 
 Loading properties file from class path resource [jdbc.properties] 
[INFO] 2018-03-18 11:34:35,736(578) --> [main] org.springframework.beans.factory.annotation.AutowiredAnnotationBeanPostProcessor.<init>(AutowiredAnnotationBeanPostProcessor.java:153): 
 JSR-330 'javax.inject.Inject' annotation found and supported for autowiring 
[INFO] 2018-03-18 11:34:36,459(1301) --> [main] com.alibaba.druid.pool.DruidDataSource.init(DruidDataSource.java:922): 
 {dataSource-1} inited 
[INFO] 2018-03-18 11:34:36,782(1624) --> [main] org.springframework.web.context.ContextLoader.initWebApplicationContext(ContextLoader.java:347): 
 Root WebApplicationContext: initialization completed in 1608 ms 
[INFO] 2018-03-18 11:34:36,852(1694) --> [main] org.springframework.web.servlet.FrameworkServlet.initServletBean(FrameworkServlet.java:489): 
 FrameworkServlet 'springMvc': initialization started 
[INFO] 2018-03-18 11:34:36,867(1709) --> [main] org.springframework.context.support.AbstractApplicationContext.prepareRefresh(AbstractApplicationContext.java:578): 
 Refreshing WebApplicationContext for namespace 'springMvc-servlet': startup date [Sun Mar 18 11:34:36 CST 2018]; parent: Root WebApplicationContext 
[INFO] 2018-03-18 11:34:36,867(1709) --> [main] org.springframework.beans.factory.xml.XmlBeanDefinitionReader.loadBeanDefinitions(XmlBeanDefinitionReader.java:317): 
 Loading XML bean definitions from class path resource [spring-mvc.xml] 
[INFO] 2018-03-18 11:34:36,977(1819) --> [main] org.springframework.beans.factory.annotation.AutowiredAnnotationBeanPostProcessor.<init>(AutowiredAnnotationBeanPostProcessor.java:153): 
 JSR-330 'javax.inject.Inject' annotation found and supported for autowiring 
[INFO] 2018-03-18 11:34:37,414(2256) --> [main] org.springframework.web.servlet.handler.AbstractHandlerMethodMapping$MappingRegistry.register(AbstractHandlerMethodMapping.java:527): 
 Mapped "{[/s/students],methods=[POST]}" onto public java.lang.String com.fml.controller.StudentController.add(com.fml.pojo.Student) 
[INFO] 2018-03-18 11:34:37,414(2256) --> [main] org.springframework.web.servlet.handler.AbstractHandlerMethodMapping$MappingRegistry.register(AbstractHandlerMethodMapping.java:527): 
 Mapped "{[/s/register]}" onto public java.lang.String com.fml.controller.StudentController.register() 
[INFO] 2018-03-18 11:34:37,430(2272) --> [main] org.springframework.web.servlet.handler.AbstractHandlerMethodMapping$MappingRegistry.register(AbstractHandlerMethodMapping.java:527): 
 Mapped "{[/s/students/{id}],methods=[PUT]}" onto public java.lang.String com.fml.controller.StudentController.update(int,com.fml.pojo.Student) 
[INFO] 2018-03-18 11:34:37,430(2272) --> [main] org.springframework.web.servlet.handler.AbstractHandlerMethodMapping$MappingRegistry.register(AbstractHandlerMethodMapping.java:527): 
 Mapped "{[/s/students/name],methods=[GET],produces=[text/html;charset=UTF-8]}" onto public java.lang.String com.fml.controller.StudentController.findByName(java.lang.String,org.springframework.ui.Model) 
[INFO] 2018-03-18 11:34:37,430(2272) --> [main] org.springframework.web.servlet.handler.AbstractHandlerMethodMapping$MappingRegistry.register(AbstractHandlerMethodMapping.java:527): 
 Mapped "{[/s/students/{id}],methods=[DELETE]}" onto public java.lang.String com.fml.controller.StudentController.studentDelete(int) 
[INFO] 2018-03-18 11:34:37,430(2272) --> [main] org.springframework.web.servlet.handler.AbstractHandlerMethodMapping$MappingRegistry.register(AbstractHandlerMethodMapping.java:527): 
 Mapped "{[/s/students]}" onto public java.lang.String com.fml.controller.StudentController.studentList(int,org.springframework.ui.Model) 
[INFO] 2018-03-18 11:34:37,430(2272) --> [main] org.springframework.web.servlet.handler.AbstractHandlerMethodMapping$MappingRegistry.register(AbstractHandlerMethodMapping.java:527): 
 Mapped "{[/s/update/{id}],methods=[GET]}" onto public java.lang.String com.fml.controller.StudentController.studentUpdate(int,org.springframework.ui.Model) 
[INFO] 2018-03-18 11:34:37,430(2272) --> [main] org.springframework.web.servlet.handler.AbstractHandlerMethodMapping$MappingRegistry.register(AbstractHandlerMethodMapping.java:527): 
 Mapped "{[/s/students/{id}],methods=[GET]}" onto public java.lang.String com.fml.controller.StudentController.findById(int,org.springframework.ui.Model) 
[INFO] 2018-03-18 11:34:37,430(2272) --> [main] org.springframework.web.servlet.handler.AbstractHandlerMethodMapping$MappingRegistry.register(AbstractHandlerMethodMapping.java:527): 
 Mapped "{[/s/json],methods=[GET]}" onto public java.lang.String com.fml.controller.StudentController.json(org.springframework.ui.ModelMap) 
[INFO] 2018-03-18 11:34:37,602(2444) --> [main] org.springframework.web.servlet.mvc.method.annotation.RequestMappingHandlerAdapter.initControllerAdviceCache(RequestMappingHandlerAdapter.java:532): 
 Looking for @ControllerAdvice: WebApplicationContext for namespace 'springMvc-servlet': startup date [Sun Mar 18 11:34:36 CST 2018]; parent: Root WebApplicationContext 
[INFO] 2018-03-18 11:34:37,664(2506) --> [main] org.springframework.web.servlet.mvc.method.annotation.RequestMappingHandlerAdapter.initControllerAdviceCache(RequestMappingHandlerAdapter.java:532): 
 Looking for @ControllerAdvice: WebApplicationContext for namespace 'springMvc-servlet': startup date [Sun Mar 18 11:34:36 CST 2018]; parent: Root WebApplicationContext 
[INFO] 2018-03-18 11:34:37,758(2600) --> [main] org.springframework.web.servlet.handler.AbstractUrlHandlerMapping.registerHandler(AbstractUrlHandlerMapping.java:341): 
 Mapped URL path [/**] onto handler 'org.springframework.web.servlet.resource.DefaultServletHttpRequestHandler#0' 
[INFO] 2018-03-18 11:34:37,812(2654) --> [main] org.springframework.web.servlet.FrameworkServlet.initServletBean(FrameworkServlet.java:508): 
 FrameworkServlet 'springMvc': initialization completed in 945 ms 
[INFO] 2018-03-18 11:35:33,612(58454) --> [PathWatcher-Thread[G:\MyWorkspace\Jnshu\Task2 (+11)]] org.springframework.context.support.AbstractApplicationContext.doClose(AbstractApplicationContext.java:960): 
 Closing WebApplicationContext for namespace 'springMvc-servlet': startup date [Sun Mar 18 11:34:36 CST 2018]; parent: Root WebApplicationContext 
[INFO] 2018-03-18 11:35:33,628(58470) --> [PathWatcher-Thread[G:\MyWorkspace\Jnshu\Task2 (+11)]] org.springframework.context.support.AbstractApplicationContext.doClose(AbstractApplicationContext.java:960): 
 Closing Root WebApplicationContext: startup date [Sun Mar 18 11:34:35 CST 2018]; root of context hierarchy 
[INFO] 2018-03-18 11:35:33,643(58485) --> [PathWatcher-Thread[G:\MyWorkspace\Jnshu\Task2 (+11)]] com.alibaba.druid.pool.DruidDataSource.close(DruidDataSource.java:1817): 
 {dataSource-1} closed 
[INFO] 2018-03-18 11:35:36,419(0) --> [PathWatcher-Thread[G:\MyWorkspace\Jnshu\Task2 (+11)]] org.springframework.web.context.ContextLoader.initWebApplicationContext(ContextLoader.java:307): 
 Root WebApplicationContext: initialization started 
[INFO] 2018-03-18 11:35:36,484(65) --> [PathWatcher-Thread[G:\MyWorkspace\Jnshu\Task2 (+11)]] org.springframework.context.support.AbstractApplicationContext.prepareRefresh(AbstractApplicationContext.java:578): 
 Refreshing Root WebApplicationContext: startup date [Sun Mar 18 11:35:36 CST 2018]; root of context hierarchy 
[INFO] 2018-03-18 11:35:36,500(81) --> [PathWatcher-Thread[G:\MyWorkspace\Jnshu\Task2 (+11)]] org.springframework.beans.factory.xml.XmlBeanDefinitionReader.loadBeanDefinitions(XmlBeanDefinitionReader.java:317): 
 Loading XML bean definitions from class path resource [applicationContext.xml] 
[INFO] 2018-03-18 11:35:36,734(315) --> [PathWatcher-Thread[G:\MyWorkspace\Jnshu\Task2 (+11)]] org.springframework.core.io.support.PropertiesLoaderSupport.loadProperties(PropertiesLoaderSupport.java:172): 
 Loading properties file from class path resource [jdbc.properties] 
[INFO] 2018-03-18 11:35:36,750(331) --> [PathWatcher-Thread[G:\MyWorkspace\Jnshu\Task2 (+11)]] org.springframework.beans.factory.annotation.AutowiredAnnotationBeanPostProcessor.<init>(AutowiredAnnotationBeanPostProcessor.java:153): 
 JSR-330 'javax.inject.Inject' annotation found and supported for autowiring 
[INFO] 2018-03-18 11:35:37,236(817) --> [PathWatcher-Thread[G:\MyWorkspace\Jnshu\Task2 (+11)]] com.alibaba.druid.pool.DruidDataSource.init(DruidDataSource.java:922): 
 {dataSource-1} inited 
[INFO] 2018-03-18 11:35:37,658(1239) --> [PathWatcher-Thread[G:\MyWorkspace\Jnshu\Task2 (+11)]] org.springframework.web.context.ContextLoader.initWebApplicationContext(ContextLoader.java:347): 
 Root WebApplicationContext: initialization completed in 1236 ms 
[INFO] 2018-03-18 11:35:37,736(1317) --> [PathWatcher-Thread[G:\MyWorkspace\Jnshu\Task2 (+11)]] org.springframework.web.servlet.FrameworkServlet.initServletBean(FrameworkServlet.java:489): 
 FrameworkServlet 'springMvc': initialization started 
[INFO] 2018-03-18 11:35:37,752(1333) --> [PathWatcher-Thread[G:\MyWorkspace\Jnshu\Task2 (+11)]] org.springframework.context.support.AbstractApplicationContext.prepareRefresh(AbstractApplicationContext.java:578): 
 Refreshing WebApplicationContext for namespace 'springMvc-servlet': startup date [Sun Mar 18 11:35:37 CST 2018]; parent: Root WebApplicationContext 
[INFO] 2018-03-18 11:35:37,752(1333) --> [PathWatcher-Thread[G:\MyWorkspace\Jnshu\Task2 (+11)]] org.springframework.beans.factory.xml.XmlBeanDefinitionReader.loadBeanDefinitions(XmlBeanDefinitionReader.java:317): 
 Loading XML bean definitions from class path resource [spring-mvc.xml] 
[INFO] 2018-03-18 11:35:37,879(1460) --> [PathWatcher-Thread[G:\MyWorkspace\Jnshu\Task2 (+11)]] org.springframework.beans.factory.annotation.AutowiredAnnotationBeanPostProcessor.<init>(AutowiredAnnotationBeanPostProcessor.java:153): 
 JSR-330 'javax.inject.Inject' annotation found and supported for autowiring 
[INFO] 2018-03-18 11:35:38,113(1694) --> [PathWatcher-Thread[G:\MyWorkspace\Jnshu\Task2 (+11)]] org.springframework.web.servlet.handler.AbstractHandlerMethodMapping$MappingRegistry.register(AbstractHandlerMethodMapping.java:527): 
 Mapped "{[/s/students],methods=[POST]}" onto public java.lang.String com.fml.controller.StudentController.add(com.fml.pojo.Student) 
[INFO] 2018-03-18 11:35:38,113(1694) --> [PathWatcher-Thread[G:\MyWorkspace\Jnshu\Task2 (+11)]] org.springframework.web.servlet.handler.AbstractHandlerMethodMapping$MappingRegistry.register(AbstractHandlerMethodMapping.java:527): 
 Mapped "{[/s/register]}" onto public java.lang.String com.fml.controller.StudentController.register() 
[INFO] 2018-03-18 11:35:38,113(1694) --> [PathWatcher-Thread[G:\MyWorkspace\Jnshu\Task2 (+11)]] org.springframework.web.servlet.handler.AbstractHandlerMethodMapping$MappingRegistry.register(AbstractHandlerMethodMapping.java:527): 
 Mapped "{[/s/students/{id}],methods=[PUT]}" onto public java.lang.String com.fml.controller.StudentController.update(int,com.fml.pojo.Student) 
[INFO] 2018-03-18 11:35:38,113(1694) --> [PathWatcher-Thread[G:\MyWorkspace\Jnshu\Task2 (+11)]] org.springframework.web.servlet.handler.AbstractHandlerMethodMapping$MappingRegistry.register(AbstractHandlerMethodMapping.java:527): 
 Mapped "{[/s/students/name],methods=[GET],produces=[text/html;charset=UTF-8]}" onto public java.lang.String com.fml.controller.StudentController.findByName(java.lang.String,org.springframework.ui.Model) 
[INFO] 2018-03-18 11:35:38,113(1694) --> [PathWatcher-Thread[G:\MyWorkspace\Jnshu\Task2 (+11)]] org.springframework.web.servlet.handler.AbstractHandlerMethodMapping$MappingRegistry.register(AbstractHandlerMethodMapping.java:527): 
 Mapped "{[/s/students/{id}],methods=[DELETE]}" onto public java.lang.String com.fml.controller.StudentController.studentDelete(int) 
[INFO] 2018-03-18 11:35:38,113(1694) --> [PathWatcher-Thread[G:\MyWorkspace\Jnshu\Task2 (+11)]] org.springframework.web.servlet.handler.AbstractHandlerMethodMapping$MappingRegistry.register(AbstractHandlerMethodMapping.java:527): 
 Mapped "{[/s/students]}" onto public java.lang.String com.fml.controller.StudentController.studentList(int,org.springframework.ui.Model) 
[INFO] 2018-03-18 11:35:38,129(1710) --> [PathWatcher-Thread[G:\MyWorkspace\Jnshu\Task2 (+11)]] org.springframework.web.servlet.handler.AbstractHandlerMethodMapping$MappingRegistry.register(AbstractHandlerMethodMapping.java:527): 
 Mapped "{[/s/update/{id}],methods=[GET]}" onto public java.lang.String com.fml.controller.StudentController.studentUpdate(int,org.springframework.ui.Model) 
[INFO] 2018-03-18 11:35:38,129(1710) --> [PathWatcher-Thread[G:\MyWorkspace\Jnshu\Task2 (+11)]] org.springframework.web.servlet.handler.AbstractHandlerMethodMapping$MappingRegistry.register(AbstractHandlerMethodMapping.java:527): 
 Mapped "{[/s/students/{id}],methods=[GET]}" onto public java.lang.String com.fml.controller.StudentController.findById(int,org.springframework.ui.Model) 
[INFO] 2018-03-18 11:35:38,129(1710) --> [PathWatcher-Thread[G:\MyWorkspace\Jnshu\Task2 (+11)]] org.springframework.web.servlet.handler.AbstractHandlerMethodMapping$MappingRegistry.register(AbstractHandlerMethodMapping.java:527): 
 Mapped "{[/s/json],methods=[GET]}" onto public java.lang.String com.fml.controller.StudentController.json(org.springframework.ui.ModelMap) 
[INFO] 2018-03-18 11:35:38,222(1803) --> [PathWatcher-Thread[G:\MyWorkspace\Jnshu\Task2 (+11)]] org.springframework.web.servlet.mvc.method.annotation.RequestMappingHandlerAdapter.initControllerAdviceCache(RequestMappingHandlerAdapter.java:532): 
 Looking for @ControllerAdvice: WebApplicationContext for namespace 'springMvc-servlet': startup date [Sun Mar 18 11:35:37 CST 2018]; parent: Root WebApplicationContext 
[INFO] 2018-03-18 11:35:38,269(1850) --> [PathWatcher-Thread[G:\MyWorkspace\Jnshu\Task2 (+11)]] org.springframework.web.servlet.mvc.method.annotation.RequestMappingHandlerAdapter.initControllerAdviceCache(RequestMappingHandlerAdapter.java:532): 
 Looking for @ControllerAdvice: WebApplicationContext for namespace 'springMvc-servlet': startup date [Sun Mar 18 11:35:37 CST 2018]; parent: Root WebApplicationContext 
[INFO] 2018-03-18 11:35:38,316(1897) --> [PathWatcher-Thread[G:\MyWorkspace\Jnshu\Task2 (+11)]] org.springframework.web.servlet.handler.AbstractUrlHandlerMapping.registerHandler(AbstractUrlHandlerMapping.java:341): 
 Mapped URL path [/**] onto handler 'org.springframework.web.servlet.resource.DefaultServletHttpRequestHandler#0' 
[INFO] 2018-03-18 11:35:38,394(1975) --> [PathWatcher-Thread[G:\MyWorkspace\Jnshu\Task2 (+11)]] org.springframework.web.servlet.FrameworkServlet.initServletBean(FrameworkServlet.java:508): 
 FrameworkServlet 'springMvc': initialization completed in 658 ms 
[INFO] 2018-03-18 12:12:17,025(0) --> [main] org.springframework.web.context.ContextLoader.initWebApplicationContext(ContextLoader.java:307): 
 Root WebApplicationContext: initialization started 
[INFO] 2018-03-18 12:12:17,134(109) --> [main] org.springframework.context.support.AbstractApplicationContext.prepareRefresh(AbstractApplicationContext.java:578): 
 Refreshing Root WebApplicationContext: startup date [Sun Mar 18 12:12:17 CST 2018]; root of context hierarchy 
[INFO] 2018-03-18 12:12:17,166(141) --> [main] org.springframework.beans.factory.xml.XmlBeanDefinitionReader.loadBeanDefinitions(XmlBeanDefinitionReader.java:317): 
 Loading XML bean definitions from class path resource [applicationContext.xml] 
[INFO] 2018-03-18 12:12:17,810(785) --> [main] org.springframework.core.io.support.PropertiesLoaderSupport.loadProperties(PropertiesLoaderSupport.java:172): 
 Loading properties file from class path resource [jdbc.properties] 
[INFO] 2018-03-18 12:12:17,826(801) --> [main] org.springframework.beans.factory.annotation.AutowiredAnnotationBeanPostProcessor.<init>(AutowiredAnnotationBeanPostProcessor.java:153): 
 JSR-330 'javax.inject.Inject' annotation found and supported for autowiring 
[INFO] 2018-03-18 12:12:18,854(1829) --> [main] com.alibaba.druid.pool.DruidDataSource.init(DruidDataSource.java:922): 
 {dataSource-1} inited 
[INFO] 2018-03-18 12:12:19,282(2257) --> [main] org.springframework.web.context.ContextLoader.initWebApplicationContext(ContextLoader.java:347): 
 Root WebApplicationContext: initialization completed in 2241 ms 
[INFO] 2018-03-18 12:12:19,366(2341) --> [main] org.springframework.web.servlet.FrameworkServlet.initServletBean(FrameworkServlet.java:489): 
 FrameworkServlet 'springMvc': initialization started 
[INFO] 2018-03-18 12:12:19,381(2356) --> [main] org.springframework.context.support.AbstractApplicationContext.prepareRefresh(AbstractApplicationContext.java:578): 
 Refreshing WebApplicationContext for namespace 'springMvc-servlet': startup date [Sun Mar 18 12:12:19 CST 2018]; parent: Root WebApplicationContext 
[INFO] 2018-03-18 12:12:19,381(2356) --> [main] org.springframework.beans.factory.xml.XmlBeanDefinitionReader.loadBeanDefinitions(XmlBeanDefinitionReader.java:317): 
 Loading XML bean definitions from class path resource [spring-mvc.xml] 
[INFO] 2018-03-18 12:12:19,484(2459) --> [main] org.springframework.beans.factory.annotation.AutowiredAnnotationBeanPostProcessor.<init>(AutowiredAnnotationBeanPostProcessor.java:153): 
 JSR-330 'javax.inject.Inject' annotation found and supported for autowiring 
[INFO] 2018-03-18 12:12:19,773(2748) --> [main] org.springframework.web.servlet.handler.AbstractHandlerMethodMapping$MappingRegistry.register(AbstractHandlerMethodMapping.java:527): 
 Mapped "{[/s/students],methods=[POST]}" onto public java.lang.String com.fml.controller.StudentController.add(com.fml.pojo.Student) 
[INFO] 2018-03-18 12:12:19,773(2748) --> [main] org.springframework.web.servlet.handler.AbstractHandlerMethodMapping$MappingRegistry.register(AbstractHandlerMethodMapping.java:527): 
 Mapped "{[/s/register]}" onto public java.lang.String com.fml.controller.StudentController.register() 
[INFO] 2018-03-18 12:12:19,773(2748) --> [main] org.springframework.web.servlet.handler.AbstractHandlerMethodMapping$MappingRegistry.register(AbstractHandlerMethodMapping.java:527): 
 Mapped "{[/s/students/{id}],methods=[PUT]}" onto public java.lang.String com.fml.controller.StudentController.update(int,com.fml.pojo.Student) 
[INFO] 2018-03-18 12:12:19,773(2748) --> [main] org.springframework.web.servlet.handler.AbstractHandlerMethodMapping$MappingRegistry.register(AbstractHandlerMethodMapping.java:527): 
 Mapped "{[/s/students/name],methods=[GET],produces=[text/html;charset=UTF-8]}" onto public java.lang.String com.fml.controller.StudentController.findByName(java.lang.String,org.springframework.ui.Model) 
[INFO] 2018-03-18 12:12:19,773(2748) --> [main] org.springframework.web.servlet.handler.AbstractHandlerMethodMapping$MappingRegistry.register(AbstractHandlerMethodMapping.java:527): 
 Mapped "{[/s/json],methods=[GET]}" onto public java.lang.String com.fml.controller.StudentController.json(org.springframework.ui.ModelMap) 
[INFO] 2018-03-18 12:12:19,773(2748) --> [main] org.springframework.web.servlet.handler.AbstractHandlerMethodMapping$MappingRegistry.register(AbstractHandlerMethodMapping.java:527): 
 Mapped "{[/s/students/{id}],methods=[DELETE]}" onto public java.lang.String com.fml.controller.StudentController.studentDelete(int) 
[INFO] 2018-03-18 12:12:19,773(2748) --> [main] org.springframework.web.servlet.handler.AbstractHandlerMethodMapping$MappingRegistry.register(AbstractHandlerMethodMapping.java:527): 
 Mapped "{[/s/students]}" onto public java.lang.String com.fml.controller.StudentController.studentList(int,org.springframework.ui.Model) 
[INFO] 2018-03-18 12:12:19,773(2748) --> [main] org.springframework.web.servlet.handler.AbstractHandlerMethodMapping$MappingRegistry.register(AbstractHandlerMethodMapping.java:527): 
 Mapped "{[/s/students/{id}],methods=[GET]}" onto public java.lang.String com.fml.controller.StudentController.findById(int,org.springframework.ui.Model) 
[INFO] 2018-03-18 12:12:19,773(2748) --> [main] org.springframework.web.servlet.handler.AbstractHandlerMethodMapping$MappingRegistry.register(AbstractHandlerMethodMapping.java:527): 
 Mapped "{[/s/update/{id}],methods=[GET]}" onto public java.lang.String com.fml.controller.StudentController.studentUpdate(int,org.springframework.ui.Model) 
[INFO] 2018-03-18 12:12:20,008(2983) --> [main] org.springframework.web.servlet.mvc.method.annotation.RequestMappingHandlerAdapter.initControllerAdviceCache(RequestMappingHandlerAdapter.java:532): 
 Looking for @ControllerAdvice: WebApplicationContext for namespace 'springMvc-servlet': startup date [Sun Mar 18 12:12:19 CST 2018]; parent: Root WebApplicationContext 
[INFO] 2018-03-18 12:12:20,102(3077) --> [main] org.springframework.web.servlet.mvc.method.annotation.RequestMappingHandlerAdapter.initControllerAdviceCache(RequestMappingHandlerAdapter.java:532): 
 Looking for @ControllerAdvice: WebApplicationContext for namespace 'springMvc-servlet': startup date [Sun Mar 18 12:12:19 CST 2018]; parent: Root WebApplicationContext 
[INFO] 2018-03-18 12:12:20,165(3140) --> [main] org.springframework.web.servlet.handler.AbstractUrlHandlerMapping.registerHandler(AbstractUrlHandlerMapping.java:341): 
 Mapped URL path [/**] onto handler 'org.springframework.web.servlet.resource.DefaultServletHttpRequestHandler#0' 
[INFO] 2018-03-18 12:12:20,247(3222) --> [main] org.springframework.web.servlet.FrameworkServlet.initServletBean(FrameworkServlet.java:508): 
 FrameworkServlet 'springMvc': initialization completed in 881 ms 
