2018-05-24 21:39:48,014 耗时：0 日志来自：web.context.ContextLoader                日志类型: INFO  日志内容：Root WebApplicationContext: initialization started 
2018-05-24 21:39:48,268 耗时：254 日志来自：context.support.XmlWebApplicationContext 日志类型: INFO  日志内容：Refreshing Root WebApplicationContext: startup date [Thu May 24 21:39:48 CST 2018]; root of context hierarchy 
2018-05-24 21:39:48,403 耗时：389 日志来自：factory.xml.XmlBeanDefinitionReader      日志类型: INFO  日志内容：Loading XML bean definitions from class path resource [spring-servlet.xml] 
2018-05-24 21:39:49,437 耗时：1423 日志来自：.config.PreferencesPlaceholderConfigurer 日志类型: INFO  日志内容：Loading properties file from class path resource [jdbc.properties] 
2018-05-24 21:39:49,480 耗时：1466 日志来自：ion.AutowiredAnnotationBeanPostProcessor 日志类型: INFO  日志内容：JSR-330 'javax.inject.Inject' annotation found and supported for autowiring 
2018-05-24 21:39:49,646 耗时：1632 日志来自：jdbc.datasource.DriverManagerDataSource  日志类型: INFO  日志内容：Loaded JDBC driver: com.mysql.jdbc.Driver 
2018-05-24 21:39:50,291 耗时：2277 日志来自：.annotation.RequestMappingHandlerMapping 日志类型: INFO  日志内容：Mapped "{[/]}" onto public java.lang.String controller.ControllerIndex.index(org.springframework.ui.Model) 
2018-05-24 21:39:50,293 耗时：2279 日志来自：.annotation.RequestMappingHandlerMapping 日志类型: INFO  日志内容：Mapped "{[/joblist]}" onto public java.lang.String controller.ControllerIndex.list(org.springframework.ui.Model) 
2018-05-24 21:39:50,294 耗时：2280 日志来自：.annotation.RequestMappingHandlerMapping 日志类型: INFO  日志内容：Mapped "{[/cooperate]}" onto public java.lang.String controller.ControllerIndex.cooperate(org.springframework.ui.Model) 
2018-05-24 21:39:50,452 耗时：2438 日志来自：.annotation.RequestMappingHandlerAdapter 日志类型: INFO  日志内容：Looking for @ControllerAdvice: Root WebApplicationContext: startup date [Thu May 24 21:39:48 CST 2018]; root of context hierarchy 
2018-05-24 21:39:50,661 耗时：2647 日志来自：.annotation.RequestMappingHandlerAdapter 日志类型: INFO  日志内容：Looking for @ControllerAdvice: Root WebApplicationContext: startup date [Thu May 24 21:39:48 CST 2018]; root of context hierarchy 
2018-05-24 21:39:50,752 耗时：2738 日志来自：servlet.handler.SimpleUrlHandlerMapping  日志类型: INFO  日志内容：Mapped URL path [/**] onto handler 'org.springframework.web.servlet.resource.ResourceHttpRequestHandler#0' 
2018-05-24 21:39:50,825 耗时：2811 日志来自：web.context.ContextLoader                日志类型: INFO  日志内容：Root WebApplicationContext: initialization completed in 2803 ms 
2018-05-24 21:39:51,000 耗时：2986 日志来自：web.servlet.DispatcherServlet            日志类型: INFO  日志内容：FrameworkServlet 'tile': initialization started 
2018-05-24 21:39:51,007 耗时：2993 日志来自：context.support.XmlWebApplicationContext 日志类型: INFO  日志内容：Refreshing WebApplicationContext for namespace 'tile-servlet': startup date [Thu May 24 21:39:51 CST 2018]; parent: Root WebApplicationContext 
2018-05-24 21:39:51,008 耗时：2994 日志来自：factory.xml.XmlBeanDefinitionReader      日志类型: INFO  日志内容：Loading XML bean definitions from class path resource [controller.xml] 
2018-05-24 21:39:51,104 耗时：3090 日志来自：ion.AutowiredAnnotationBeanPostProcessor 日志类型: INFO  日志内容：JSR-330 'javax.inject.Inject' annotation found and supported for autowiring 
2018-05-24 21:39:51,147 耗时：3133 日志来自：.annotation.RequestMappingHandlerMapping 日志类型: INFO  日志内容：Mapped "{[/]}" onto public java.lang.String controller.ControllerIndex.index(org.springframework.ui.Model) 
2018-05-24 21:39:51,147 耗时：3133 日志来自：.annotation.RequestMappingHandlerMapping 日志类型: INFO  日志内容：Mapped "{[/joblist]}" onto public java.lang.String controller.ControllerIndex.list(org.springframework.ui.Model) 
2018-05-24 21:39:51,149 耗时：3135 日志来自：.annotation.RequestMappingHandlerMapping 日志类型: INFO  日志内容：Mapped "{[/cooperate]}" onto public java.lang.String controller.ControllerIndex.cooperate(org.springframework.ui.Model) 
2018-05-24 21:39:51,180 耗时：3166 日志来自：.annotation.RequestMappingHandlerAdapter 日志类型: INFO  日志内容：Looking for @ControllerAdvice: WebApplicationContext for namespace 'tile-servlet': startup date [Thu May 24 21:39:51 CST 2018]; parent: Root WebApplicationContext 
2018-05-24 21:39:51,206 耗时：3192 日志来自：.annotation.RequestMappingHandlerAdapter 日志类型: INFO  日志内容：Looking for @ControllerAdvice: WebApplicationContext for namespace 'tile-servlet': startup date [Thu May 24 21:39:51 CST 2018]; parent: Root WebApplicationContext 
2018-05-24 21:39:51,371 耗时：3357 日志来自：servlet.handler.SimpleUrlHandlerMapping  日志类型: INFO  日志内容：Mapped URL path [/js/**] onto handler 'org.springframework.web.servlet.resource.ResourceHttpRequestHandler#0' 
2018-05-24 21:39:51,380 耗时：3366 日志来自：servlet.handler.SimpleUrlHandlerMapping  日志类型: INFO  日志内容：Mapped URL path [/css/**] onto handler 'org.springframework.web.servlet.resource.ResourceHttpRequestHandler#1' 
2018-05-24 21:39:51,386 耗时：3372 日志来自：servlet.handler.SimpleUrlHandlerMapping  日志类型: INFO  日志内容：Mapped URL path [/fonts/**] onto handler 'org.springframework.web.servlet.resource.ResourceHttpRequestHandler#2' 
2018-05-24 21:39:51,398 耗时：3384 日志来自：servlet.handler.SimpleUrlHandlerMapping  日志类型: INFO  日志内容：Mapped URL path [/images/**] onto handler 'org.springframework.web.servlet.resource.ResourceHttpRequestHandler#3' 
2018-05-24 21:39:51,411 耗时：3397 日志来自：servlet.handler.SimpleUrlHandlerMapping  日志类型: INFO  日志内容：Mapped URL path [/imges/**] onto handler 'org.springframework.web.servlet.resource.ResourceHttpRequestHandler#4' 
2018-05-24 21:39:51,421 耗时：3407 日志来自：servlet.handler.SimpleUrlHandlerMapping  日志类型: INFO  日志内容：Mapped URL path [/js/**] onto handler 'org.springframework.web.servlet.resource.ResourceHttpRequestHandler#5' 
2018-05-24 21:39:51,430 耗时：3416 日志来自：servlet.handler.SimpleUrlHandlerMapping  日志类型: INFO  日志内容：Mapped URL path [/tiles/**] onto handler 'org.springframework.web.servlet.resource.ResourceHttpRequestHandler#6' 
2018-05-24 21:39:51,450 耗时：3436 日志来自：servlet.handler.SimpleUrlHandlerMapping  日志类型: INFO  日志内容：Mapped URL path [/**] onto handler 'org.springframework.web.servlet.resource.DefaultServletHttpRequestHandler#0' 
2018-05-24 21:39:51,694 耗时：3680 日志来自：tiles.access.TilesAccess                 日志类型: INFO  日志内容：Publishing TilesContext for context: org.springframework.web.servlet.view.tiles3.SpringWildcardServletTilesApplicationContext 
2018-05-24 21:39:51,788 耗时：3774 日志来自：web.servlet.DispatcherServlet            日志类型: INFO  日志内容：FrameworkServlet 'tile': initialization completed in 788 ms 
2018-05-24 21:50:38,711 耗时：0 日志来自：web.context.ContextLoader                日志类型: INFO  日志内容：Root WebApplicationContext: initialization started 
2018-05-24 21:50:38,926 耗时：215 日志来自：context.support.XmlWebApplicationContext 日志类型: INFO  日志内容：Refreshing Root WebApplicationContext: startup date [Thu May 24 21:50:38 CST 2018]; root of context hierarchy 
2018-05-24 21:50:39,005 耗时：294 日志来自：factory.xml.XmlBeanDefinitionReader      日志类型: INFO  日志内容：Loading XML bean definitions from class path resource [spring-servlet.xml] 
2018-05-24 21:50:39,673 耗时：962 日志来自：.config.PreferencesPlaceholderConfigurer 日志类型: INFO  日志内容：Loading properties file from class path resource [jdbc.properties] 
2018-05-24 21:50:39,686 耗时：975 日志来自：ion.AutowiredAnnotationBeanPostProcessor 日志类型: INFO  日志内容：JSR-330 'javax.inject.Inject' annotation found and supported for autowiring 
2018-05-24 21:50:39,790 耗时：1079 日志来自：jdbc.datasource.DriverManagerDataSource  日志类型: INFO  日志内容：Loaded JDBC driver: com.mysql.jdbc.Driver 
2018-05-24 21:50:40,316 耗时：1605 日志来自：.annotation.RequestMappingHandlerMapping 日志类型: INFO  日志内容：Mapped "{[/]}" onto public java.lang.String controller.ControllerIndex.index(org.springframework.ui.Model) 
2018-05-24 21:50:40,317 耗时：1606 日志来自：.annotation.RequestMappingHandlerMapping 日志类型: INFO  日志内容：Mapped "{[/joblist]}" onto public java.lang.String controller.ControllerIndex.list(org.springframework.ui.Model) 
2018-05-24 21:50:40,318 耗时：1607 日志来自：.annotation.RequestMappingHandlerMapping 日志类型: INFO  日志内容：Mapped "{[/cooperate]}" onto public java.lang.String controller.ControllerIndex.cooperate(org.springframework.ui.Model) 
2018-05-24 21:50:40,474 耗时：1763 日志来自：.annotation.RequestMappingHandlerAdapter 日志类型: INFO  日志内容：Looking for @ControllerAdvice: Root WebApplicationContext: startup date [Thu May 24 21:50:38 CST 2018]; root of context hierarchy 
2018-05-24 21:50:40,681 耗时：1970 日志来自：.annotation.RequestMappingHandlerAdapter 日志类型: INFO  日志内容：Looking for @ControllerAdvice: Root WebApplicationContext: startup date [Thu May 24 21:50:38 CST 2018]; root of context hierarchy 
2018-05-24 21:50:40,785 耗时：2074 日志来自：servlet.handler.SimpleUrlHandlerMapping  日志类型: INFO  日志内容：Mapped URL path [/**] onto handler 'org.springframework.web.servlet.resource.ResourceHttpRequestHandler#0' 
2018-05-24 21:50:40,858 耗时：2147 日志来自：web.context.ContextLoader                日志类型: INFO  日志内容：Root WebApplicationContext: initialization completed in 2142 ms 
2018-05-24 21:50:41,066 耗时：2355 日志来自：web.servlet.DispatcherServlet            日志类型: INFO  日志内容：FrameworkServlet 'tile': initialization started 
2018-05-24 21:50:41,083 耗时：2372 日志来自：context.support.XmlWebApplicationContext 日志类型: INFO  日志内容：Refreshing WebApplicationContext for namespace 'tile-servlet': startup date [Thu May 24 21:50:41 CST 2018]; parent: Root WebApplicationContext 
2018-05-24 21:50:41,085 耗时：2374 日志来自：factory.xml.XmlBeanDefinitionReader      日志类型: INFO  日志内容：Loading XML bean definitions from class path resource [controller.xml] 
2018-05-24 21:50:41,227 耗时：2516 日志来自：ion.AutowiredAnnotationBeanPostProcessor 日志类型: INFO  日志内容：JSR-330 'javax.inject.Inject' annotation found and supported for autowiring 
2018-05-24 21:50:41,271 耗时：2560 日志来自：.annotation.RequestMappingHandlerMapping 日志类型: INFO  日志内容：Mapped "{[/]}" onto public java.lang.String controller.ControllerIndex.index(org.springframework.ui.Model) 
2018-05-24 21:50:41,271 耗时：2560 日志来自：.annotation.RequestMappingHandlerMapping 日志类型: INFO  日志内容：Mapped "{[/joblist]}" onto public java.lang.String controller.ControllerIndex.list(org.springframework.ui.Model) 
2018-05-24 21:50:41,273 耗时：2562 日志来自：.annotation.RequestMappingHandlerMapping 日志类型: INFO  日志内容：Mapped "{[/cooperate]}" onto public java.lang.String controller.ControllerIndex.cooperate(org.springframework.ui.Model) 
2018-05-24 21:50:41,320 耗时：2609 日志来自：.annotation.RequestMappingHandlerAdapter 日志类型: INFO  日志内容：Looking for @ControllerAdvice: WebApplicationContext for namespace 'tile-servlet': startup date [Thu May 24 21:50:41 CST 2018]; parent: Root WebApplicationContext 
2018-05-24 21:50:41,359 耗时：2648 日志来自：.annotation.RequestMappingHandlerAdapter 日志类型: INFO  日志内容：Looking for @ControllerAdvice: WebApplicationContext for namespace 'tile-servlet': startup date [Thu May 24 21:50:41 CST 2018]; parent: Root WebApplicationContext 
2018-05-24 21:50:41,441 耗时：2730 日志来自：servlet.handler.SimpleUrlHandlerMapping  日志类型: INFO  日志内容：Mapped URL path [/static/**] onto handler 'org.springframework.web.servlet.resource.ResourceHttpRequestHandler#0' 
2018-05-24 21:50:41,450 耗时：2739 日志来自：servlet.handler.SimpleUrlHandlerMapping  日志类型: INFO  日志内容：Mapped URL path [/**] onto handler 'org.springframework.web.servlet.resource.DefaultServletHttpRequestHandler#0' 
2018-05-24 21:50:41,666 耗时：2955 日志来自：tiles.access.TilesAccess                 日志类型: INFO  日志内容：Publishing TilesContext for context: org.springframework.web.servlet.view.tiles3.SpringWildcardServletTilesApplicationContext 
2018-05-24 21:50:41,740 耗时：3029 日志来自：web.servlet.DispatcherServlet            日志类型: INFO  日志内容：FrameworkServlet 'tile': initialization completed in 674 ms 
2018-05-24 22:00:46,676 耗时：0 日志来自：web.context.ContextLoader                日志类型: INFO  日志内容：Root WebApplicationContext: initialization started 
2018-05-24 22:00:46,853 耗时：177 日志来自：context.support.XmlWebApplicationContext 日志类型: INFO  日志内容：Refreshing Root WebApplicationContext: startup date [Thu May 24 22:00:46 CST 2018]; root of context hierarchy 
2018-05-24 22:00:46,911 耗时：235 日志来自：factory.xml.XmlBeanDefinitionReader      日志类型: INFO  日志内容：Loading XML bean definitions from class path resource [spring-servlet.xml] 
2018-05-24 22:00:47,455 耗时：779 日志来自：.config.PreferencesPlaceholderConfigurer 日志类型: INFO  日志内容：Loading properties file from class path resource [jdbc.properties] 
2018-05-24 22:00:47,472 耗时：796 日志来自：ion.AutowiredAnnotationBeanPostProcessor 日志类型: INFO  日志内容：JSR-330 'javax.inject.Inject' annotation found and supported for autowiring 
2018-05-24 22:00:47,595 耗时：919 日志来自：jdbc.datasource.DriverManagerDataSource  日志类型: INFO  日志内容：Loaded JDBC driver: com.mysql.jdbc.Driver 
2018-05-24 22:00:48,346 耗时：1670 日志来自：.annotation.RequestMappingHandlerMapping 日志类型: INFO  日志内容：Mapped "{[/]}" onto public java.lang.String controller.ControllerIndex.index(org.springframework.ui.Model) 
2018-05-24 22:00:48,347 耗时：1671 日志来自：.annotation.RequestMappingHandlerMapping 日志类型: INFO  日志内容：Mapped "{[/joblist]}" onto public java.lang.String controller.ControllerIndex.list(org.springframework.ui.Model) 
2018-05-24 22:00:48,348 耗时：1672 日志来自：.annotation.RequestMappingHandlerMapping 日志类型: INFO  日志内容：Mapped "{[/cooperate]}" onto public java.lang.String controller.ControllerIndex.cooperate(org.springframework.ui.Model) 
2018-05-24 22:00:48,566 耗时：1890 日志来自：.annotation.RequestMappingHandlerAdapter 日志类型: INFO  日志内容：Looking for @ControllerAdvice: Root WebApplicationContext: startup date [Thu May 24 22:00:46 CST 2018]; root of context hierarchy 
2018-05-24 22:00:48,864 耗时：2188 日志来自：.annotation.RequestMappingHandlerAdapter 日志类型: INFO  日志内容：Looking for @ControllerAdvice: Root WebApplicationContext: startup date [Thu May 24 22:00:46 CST 2018]; root of context hierarchy 
2018-05-24 22:00:48,971 耗时：2295 日志来自：servlet.handler.SimpleUrlHandlerMapping  日志类型: INFO  日志内容：Mapped URL path [/**] onto handler 'org.springframework.web.servlet.resource.ResourceHttpRequestHandler#0' 
2018-05-24 22:00:49,049 耗时：2373 日志来自：web.context.ContextLoader                日志类型: INFO  日志内容：Root WebApplicationContext: initialization completed in 2367 ms 
2018-05-24 22:00:49,225 耗时：2549 日志来自：web.servlet.DispatcherServlet            日志类型: INFO  日志内容：FrameworkServlet 'tile': initialization started 
2018-05-24 22:00:49,234 耗时：2558 日志来自：context.support.XmlWebApplicationContext 日志类型: INFO  日志内容：Refreshing WebApplicationContext for namespace 'tile-servlet': startup date [Thu May 24 22:00:49 CST 2018]; parent: Root WebApplicationContext 
2018-05-24 22:00:49,235 耗时：2559 日志来自：factory.xml.XmlBeanDefinitionReader      日志类型: INFO  日志内容：Loading XML bean definitions from class path resource [controller.xml] 
2018-05-24 22:00:49,349 耗时：2673 日志来自：ion.AutowiredAnnotationBeanPostProcessor 日志类型: INFO  日志内容：JSR-330 'javax.inject.Inject' annotation found and supported for autowiring 
2018-05-24 22:00:49,398 耗时：2722 日志来自：.annotation.RequestMappingHandlerMapping 日志类型: INFO  日志内容：Mapped "{[/]}" onto public java.lang.String controller.ControllerIndex.index(org.springframework.ui.Model) 
2018-05-24 22:00:49,398 耗时：2722 日志来自：.annotation.RequestMappingHandlerMapping 日志类型: INFO  日志内容：Mapped "{[/joblist]}" onto public java.lang.String controller.ControllerIndex.list(org.springframework.ui.Model) 
2018-05-24 22:00:49,399 耗时：2723 日志来自：.annotation.RequestMappingHandlerMapping 日志类型: INFO  日志内容：Mapped "{[/cooperate]}" onto public java.lang.String controller.ControllerIndex.cooperate(org.springframework.ui.Model) 
2018-05-24 22:00:49,432 耗时：2756 日志来自：.annotation.RequestMappingHandlerAdapter 日志类型: INFO  日志内容：Looking for @ControllerAdvice: WebApplicationContext for namespace 'tile-servlet': startup date [Thu May 24 22:00:49 CST 2018]; parent: Root WebApplicationContext 
2018-05-24 22:00:49,488 耗时：2812 日志来自：.annotation.RequestMappingHandlerAdapter 日志类型: INFO  日志内容：Looking for @ControllerAdvice: WebApplicationContext for namespace 'tile-servlet': startup date [Thu May 24 22:00:49 CST 2018]; parent: Root WebApplicationContext 
2018-05-24 22:00:49,567 耗时：2891 日志来自：servlet.handler.SimpleUrlHandlerMapping  日志类型: INFO  日志内容：Mapped URL path [/static/**] onto handler 'org.springframework.web.servlet.resource.ResourceHttpRequestHandler#0' 
2018-05-24 22:00:49,574 耗时：2898 日志来自：servlet.handler.SimpleUrlHandlerMapping  日志类型: INFO  日志内容：Mapped URL path [/**] onto handler 'org.springframework.web.servlet.resource.DefaultServletHttpRequestHandler#0' 
2018-05-24 22:00:49,741 耗时：3065 日志来自：tiles.access.TilesAccess                 日志类型: INFO  日志内容：Publishing TilesContext for context: org.springframework.web.servlet.view.tiles3.SpringWildcardServletTilesApplicationContext 
2018-05-24 22:00:49,833 耗时：3157 日志来自：web.servlet.DispatcherServlet            日志类型: INFO  日志内容：FrameworkServlet 'tile': initialization completed in 607 ms 
2018-05-24 22:08:39,364 耗时：0 日志来自：web.context.ContextLoader                日志类型: INFO  日志内容：Root WebApplicationContext: initialization started 
2018-05-24 22:08:39,745 耗时：381 日志来自：context.support.XmlWebApplicationContext 日志类型: INFO  日志内容：Refreshing Root WebApplicationContext: startup date [Thu May 24 22:08:39 CST 2018]; root of context hierarchy 
2018-05-24 22:08:39,843 耗时：479 日志来自：factory.xml.XmlBeanDefinitionReader      日志类型: INFO  日志内容：Loading XML bean definitions from class path resource [spring-servlet.xml] 
2018-05-24 22:08:40,861 耗时：1497 日志来自：.config.PreferencesPlaceholderConfigurer 日志类型: INFO  日志内容：Loading properties file from class path resource [jdbc.properties] 
2018-05-24 22:08:40,878 耗时：1514 日志来自：ion.AutowiredAnnotationBeanPostProcessor 日志类型: INFO  日志内容：JSR-330 'javax.inject.Inject' annotation found and supported for autowiring 
2018-05-24 22:08:41,015 耗时：1651 日志来自：jdbc.datasource.DriverManagerDataSource  日志类型: INFO  日志内容：Loaded JDBC driver: com.mysql.jdbc.Driver 
2018-05-24 22:08:41,597 耗时：2233 日志来自：.annotation.RequestMappingHandlerMapping 日志类型: INFO  日志内容：Mapped "{[/]}" onto public java.lang.String controller.ControllerIndex.index(org.springframework.ui.Model) 
2018-05-24 22:08:41,602 耗时：2238 日志来自：.annotation.RequestMappingHandlerMapping 日志类型: INFO  日志内容：Mapped "{[/joblist]}" onto public java.lang.String controller.ControllerIndex.list(org.springframework.ui.Model) 
2018-05-24 22:08:41,604 耗时：2240 日志来自：.annotation.RequestMappingHandlerMapping 日志类型: INFO  日志内容：Mapped "{[/cooperate]}" onto public java.lang.String controller.ControllerIndex.cooperate(org.springframework.ui.Model) 
2018-05-24 22:08:41,813 耗时：2449 日志来自：.annotation.RequestMappingHandlerAdapter 日志类型: INFO  日志内容：Looking for @ControllerAdvice: Root WebApplicationContext: startup date [Thu May 24 22:08:39 CST 2018]; root of context hierarchy 
2018-05-24 22:08:42,038 耗时：2674 日志来自：.annotation.RequestMappingHandlerAdapter 日志类型: INFO  日志内容：Looking for @ControllerAdvice: Root WebApplicationContext: startup date [Thu May 24 22:08:39 CST 2018]; root of context hierarchy 
2018-05-24 22:08:42,160 耗时：2796 日志来自：servlet.handler.SimpleUrlHandlerMapping  日志类型: INFO  日志内容：Mapped URL path [/**] onto handler 'org.springframework.web.servlet.resource.ResourceHttpRequestHandler#0' 
2018-05-24 22:08:42,260 耗时：2896 日志来自：web.context.ContextLoader                日志类型: INFO  日志内容：Root WebApplicationContext: initialization completed in 2883 ms 
2018-05-24 22:08:42,470 耗时：3106 日志来自：web.servlet.DispatcherServlet            日志类型: INFO  日志内容：FrameworkServlet 'tile': initialization started 
2018-05-24 22:08:42,479 耗时：3115 日志来自：context.support.XmlWebApplicationContext 日志类型: INFO  日志内容：Refreshing WebApplicationContext for namespace 'tile-servlet': startup date [Thu May 24 22:08:42 CST 2018]; parent: Root WebApplicationContext 
2018-05-24 22:08:42,480 耗时：3116 日志来自：factory.xml.XmlBeanDefinitionReader      日志类型: INFO  日志内容：Loading XML bean definitions from class path resource [controller.xml] 
2018-05-24 22:08:42,629 耗时：3265 日志来自：ion.AutowiredAnnotationBeanPostProcessor 日志类型: INFO  日志内容：JSR-330 'javax.inject.Inject' annotation found and supported for autowiring 
2018-05-24 22:08:42,720 耗时：3356 日志来自：.annotation.RequestMappingHandlerMapping 日志类型: INFO  日志内容：Mapped "{[/]}" onto public java.lang.String controller.ControllerIndex.index(org.springframework.ui.Model) 
2018-05-24 22:08:42,721 耗时：3357 日志来自：.annotation.RequestMappingHandlerMapping 日志类型: INFO  日志内容：Mapped "{[/joblist]}" onto public java.lang.String controller.ControllerIndex.list(org.springframework.ui.Model) 
2018-05-24 22:08:42,722 耗时：3358 日志来自：.annotation.RequestMappingHandlerMapping 日志类型: INFO  日志内容：Mapped "{[/cooperate]}" onto public java.lang.String controller.ControllerIndex.cooperate(org.springframework.ui.Model) 
2018-05-24 22:08:42,757 耗时：3393 日志来自：.annotation.RequestMappingHandlerAdapter 日志类型: INFO  日志内容：Looking for @ControllerAdvice: WebApplicationContext for namespace 'tile-servlet': startup date [Thu May 24 22:08:42 CST 2018]; parent: Root WebApplicationContext 
2018-05-24 22:08:42,788 耗时：3424 日志来自：.annotation.RequestMappingHandlerAdapter 日志类型: INFO  日志内容：Looking for @ControllerAdvice: WebApplicationContext for namespace 'tile-servlet': startup date [Thu May 24 22:08:42 CST 2018]; parent: Root WebApplicationContext 
2018-05-24 22:08:42,846 耗时：3482 日志来自：servlet.handler.SimpleUrlHandlerMapping  日志类型: INFO  日志内容：Mapped URL path [/static/**] onto handler 'org.springframework.web.servlet.resource.ResourceHttpRequestHandler#0' 
2018-05-24 22:08:42,856 耗时：3492 日志来自：servlet.handler.SimpleUrlHandlerMapping  日志类型: INFO  日志内容：Mapped URL path [/**] onto handler 'org.springframework.web.servlet.resource.DefaultServletHttpRequestHandler#0' 
2018-05-24 22:08:43,054 耗时：3690 日志来自：tiles.access.TilesAccess                 日志类型: INFO  日志内容：Publishing TilesContext for context: org.springframework.web.servlet.view.tiles3.SpringWildcardServletTilesApplicationContext 
2018-05-24 22:08:43,125 耗时：3761 日志来自：web.servlet.DispatcherServlet            日志类型: INFO  日志内容：FrameworkServlet 'tile': initialization completed in 654 ms 
2018-05-24 22:25:18,572 耗时：0 日志来自：web.context.ContextLoader                日志类型: INFO  日志内容：Root WebApplicationContext: initialization started 
2018-05-24 22:25:18,777 耗时：205 日志来自：context.support.XmlWebApplicationContext 日志类型: INFO  日志内容：Refreshing Root WebApplicationContext: startup date [Thu May 24 22:25:18 CST 2018]; root of context hierarchy 
2018-05-24 22:25:18,851 耗时：279 日志来自：factory.xml.XmlBeanDefinitionReader      日志类型: INFO  日志内容：Loading XML bean definitions from class path resource [spring-servlet.xml] 
2018-05-24 22:25:19,505 耗时：933 日志来自：.config.PreferencesPlaceholderConfigurer 日志类型: INFO  日志内容：Loading properties file from class path resource [jdbc.properties] 
2018-05-24 22:25:19,515 耗时：943 日志来自：ion.AutowiredAnnotationBeanPostProcessor 日志类型: INFO  日志内容：JSR-330 'javax.inject.Inject' annotation found and supported for autowiring 
2018-05-24 22:25:19,663 耗时：1091 日志来自：jdbc.datasource.DriverManagerDataSource  日志类型: INFO  日志内容：Loaded JDBC driver: com.mysql.jdbc.Driver 
2018-05-24 22:25:20,288 耗时：1716 日志来自：.annotation.RequestMappingHandlerMapping 日志类型: INFO  日志内容：Mapped "{[/]}" onto public java.lang.String controller.ControllerIndex.index(org.springframework.ui.Model) 
2018-05-24 22:25:20,290 耗时：1718 日志来自：.annotation.RequestMappingHandlerMapping 日志类型: INFO  日志内容：Mapped "{[/joblist]}" onto public java.lang.String controller.ControllerIndex.list(org.springframework.ui.Model) 
2018-05-24 22:25:20,291 耗时：1719 日志来自：.annotation.RequestMappingHandlerMapping 日志类型: INFO  日志内容：Mapped "{[/cooperate]}" onto public java.lang.String controller.ControllerIndex.cooperate(org.springframework.ui.Model) 
2018-05-24 22:25:20,495 耗时：1923 日志来自：.annotation.RequestMappingHandlerAdapter 日志类型: INFO  日志内容：Looking for @ControllerAdvice: Root WebApplicationContext: startup date [Thu May 24 22:25:18 CST 2018]; root of context hierarchy 
2018-05-24 22:25:20,563 耗时：1991 日志来自：.annotation.RequestMappingHandlerAdapter 日志类型: INFO  日志内容：Looking for @ControllerAdvice: Root WebApplicationContext: startup date [Thu May 24 22:25:18 CST 2018]; root of context hierarchy 
2018-05-24 22:25:20,860 耗时：2288 日志来自：servlet.handler.SimpleUrlHandlerMapping  日志类型: INFO  日志内容：Mapped URL path [/**] onto handler 'org.springframework.web.servlet.resource.ResourceHttpRequestHandler#0' 
2018-05-24 22:25:20,954 耗时：2382 日志来自：web.context.ContextLoader                日志类型: INFO  日志内容：Root WebApplicationContext: initialization completed in 2374 ms 
2018-05-24 22:25:21,117 耗时：2545 日志来自：web.servlet.DispatcherServlet            日志类型: INFO  日志内容：FrameworkServlet 'tile': initialization started 
2018-05-24 22:25:21,125 耗时：2553 日志来自：context.support.XmlWebApplicationContext 日志类型: INFO  日志内容：Refreshing WebApplicationContext for namespace 'tile-servlet': startup date [Thu May 24 22:25:21 CST 2018]; parent: Root WebApplicationContext 
2018-05-24 22:25:21,126 耗时：2554 日志来自：factory.xml.XmlBeanDefinitionReader      日志类型: INFO  日志内容：Loading XML bean definitions from class path resource [controller.xml] 
2018-05-24 22:25:21,222 耗时：2650 日志来自：ion.AutowiredAnnotationBeanPostProcessor 日志类型: INFO  日志内容：JSR-330 'javax.inject.Inject' annotation found and supported for autowiring 
2018-05-24 22:25:21,265 耗时：2693 日志来自：.annotation.RequestMappingHandlerMapping 日志类型: INFO  日志内容：Mapped "{[/]}" onto public java.lang.String controller.ControllerIndex.index(org.springframework.ui.Model) 
2018-05-24 22:25:21,266 耗时：2694 日志来自：.annotation.RequestMappingHandlerMapping 日志类型: INFO  日志内容：Mapped "{[/joblist]}" onto public java.lang.String controller.ControllerIndex.list(org.springframework.ui.Model) 
2018-05-24 22:25:21,268 耗时：2696 日志来自：.annotation.RequestMappingHandlerMapping 日志类型: INFO  日志内容：Mapped "{[/cooperate]}" onto public java.lang.String controller.ControllerIndex.cooperate(org.springframework.ui.Model) 
2018-05-24 22:25:21,300 耗时：2728 日志来自：.annotation.RequestMappingHandlerAdapter 日志类型: INFO  日志内容：Looking for @ControllerAdvice: WebApplicationContext for namespace 'tile-servlet': startup date [Thu May 24 22:25:21 CST 2018]; parent: Root WebApplicationContext 
2018-05-24 22:25:21,337 耗时：2765 日志来自：.annotation.RequestMappingHandlerAdapter 日志类型: INFO  日志内容：Looking for @ControllerAdvice: WebApplicationContext for namespace 'tile-servlet': startup date [Thu May 24 22:25:21 CST 2018]; parent: Root WebApplicationContext 
2018-05-24 22:25:21,424 耗时：2852 日志来自：servlet.handler.SimpleUrlHandlerMapping  日志类型: INFO  日志内容：Mapped URL path [/static/**] onto handler 'org.springframework.web.servlet.resource.ResourceHttpRequestHandler#0' 
2018-05-24 22:25:21,431 耗时：2859 日志来自：servlet.handler.SimpleUrlHandlerMapping  日志类型: INFO  日志内容：Mapped URL path [/**] onto handler 'org.springframework.web.servlet.resource.DefaultServletHttpRequestHandler#0' 
2018-05-24 22:25:21,618 耗时：3046 日志来自：tiles.access.TilesAccess                 日志类型: INFO  日志内容：Publishing TilesContext for context: org.springframework.web.servlet.view.tiles3.SpringWildcardServletTilesApplicationContext 
2018-05-24 22:25:21,685 耗时：3113 日志来自：web.servlet.DispatcherServlet            日志类型: INFO  日志内容：FrameworkServlet 'tile': initialization completed in 568 ms 
2018-05-24 22:26:16,674 耗时：0 日志来自：web.context.ContextLoader                日志类型: INFO  日志内容：Root WebApplicationContext: initialization started 
2018-05-24 22:26:16,915 耗时：241 日志来自：context.support.XmlWebApplicationContext 日志类型: INFO  日志内容：Refreshing Root WebApplicationContext: startup date [Thu May 24 22:26:16 CST 2018]; root of context hierarchy 
2018-05-24 22:26:17,018 耗时：344 日志来自：factory.xml.XmlBeanDefinitionReader      日志类型: INFO  日志内容：Loading XML bean definitions from class path resource [spring-servlet.xml] 
2018-05-24 22:26:17,898 耗时：1224 日志来自：.config.PreferencesPlaceholderConfigurer 日志类型: INFO  日志内容：Loading properties file from class path resource [jdbc.properties] 
2018-05-24 22:26:17,917 耗时：1243 日志来自：ion.AutowiredAnnotationBeanPostProcessor 日志类型: INFO  日志内容：JSR-330 'javax.inject.Inject' annotation found and supported for autowiring 
2018-05-24 22:26:18,076 耗时：1402 日志来自：jdbc.datasource.DriverManagerDataSource  日志类型: INFO  日志内容：Loaded JDBC driver: com.mysql.jdbc.Driver 
2018-05-24 22:26:18,701 耗时：2027 日志来自：.annotation.RequestMappingHandlerMapping 日志类型: INFO  日志内容：Mapped "{[/]}" onto public java.lang.String controller.ControllerIndex.index(org.springframework.ui.Model) 
2018-05-24 22:26:18,703 耗时：2029 日志来自：.annotation.RequestMappingHandlerMapping 日志类型: INFO  日志内容：Mapped "{[/joblist]}" onto public java.lang.String controller.ControllerIndex.list(org.springframework.ui.Model) 
2018-05-24 22:26:18,704 耗时：2030 日志来自：.annotation.RequestMappingHandlerMapping 日志类型: INFO  日志内容：Mapped "{[/cooperate]}" onto public java.lang.String controller.ControllerIndex.cooperate(org.springframework.ui.Model) 
2018-05-24 22:26:18,843 耗时：2169 日志来自：.annotation.RequestMappingHandlerAdapter 日志类型: INFO  日志内容：Looking for @ControllerAdvice: Root WebApplicationContext: startup date [Thu May 24 22:26:16 CST 2018]; root of context hierarchy 
2018-05-24 22:26:19,042 耗时：2368 日志来自：.annotation.RequestMappingHandlerAdapter 日志类型: INFO  日志内容：Looking for @ControllerAdvice: Root WebApplicationContext: startup date [Thu May 24 22:26:16 CST 2018]; root of context hierarchy 
2018-05-24 22:26:19,134 耗时：2460 日志来自：servlet.handler.SimpleUrlHandlerMapping  日志类型: INFO  日志内容：Mapped URL path [/**] onto handler 'org.springframework.web.servlet.resource.ResourceHttpRequestHandler#0' 
2018-05-24 22:26:19,311 耗时：2637 日志来自：web.context.ContextLoader                日志类型: INFO  日志内容：Root WebApplicationContext: initialization completed in 2626 ms 
2018-05-24 22:26:19,550 耗时：2876 日志来自：web.servlet.DispatcherServlet            日志类型: INFO  日志内容：FrameworkServlet 'tile': initialization started 
2018-05-24 22:26:19,557 耗时：2883 日志来自：context.support.XmlWebApplicationContext 日志类型: INFO  日志内容：Refreshing WebApplicationContext for namespace 'tile-servlet': startup date [Thu May 24 22:26:19 CST 2018]; parent: Root WebApplicationContext 
2018-05-24 22:26:19,559 耗时：2885 日志来自：factory.xml.XmlBeanDefinitionReader      日志类型: INFO  日志内容：Loading XML bean definitions from class path resource [controller.xml] 
2018-05-24 22:26:19,650 耗时：2976 日志来自：ion.AutowiredAnnotationBeanPostProcessor 日志类型: INFO  日志内容：JSR-330 'javax.inject.Inject' annotation found and supported for autowiring 
2018-05-24 22:26:19,695 耗时：3021 日志来自：.annotation.RequestMappingHandlerMapping 日志类型: INFO  日志内容：Mapped "{[/]}" onto public java.lang.String controller.ControllerIndex.index(org.springframework.ui.Model) 
2018-05-24 22:26:19,696 耗时：3022 日志来自：.annotation.RequestMappingHandlerMapping 日志类型: INFO  日志内容：Mapped "{[/joblist]}" onto public java.lang.String controller.ControllerIndex.list(org.springframework.ui.Model) 
2018-05-24 22:26:19,696 耗时：3022 日志来自：.annotation.RequestMappingHandlerMapping 日志类型: INFO  日志内容：Mapped "{[/cooperate]}" onto public java.lang.String controller.ControllerIndex.cooperate(org.springframework.ui.Model) 
2018-05-24 22:26:19,734 耗时：3060 日志来自：.annotation.RequestMappingHandlerAdapter 日志类型: INFO  日志内容：Looking for @ControllerAdvice: WebApplicationContext for namespace 'tile-servlet': startup date [Thu May 24 22:26:19 CST 2018]; parent: Root WebApplicationContext 
2018-05-24 22:26:19,813 耗时：3139 日志来自：.annotation.RequestMappingHandlerAdapter 日志类型: INFO  日志内容：Looking for @ControllerAdvice: WebApplicationContext for namespace 'tile-servlet': startup date [Thu May 24 22:26:19 CST 2018]; parent: Root WebApplicationContext 
2018-05-24 22:26:19,927 耗时：3253 日志来自：servlet.handler.SimpleUrlHandlerMapping  日志类型: INFO  日志内容：Mapped URL path [/static/**] onto handler 'org.springframework.web.servlet.resource.ResourceHttpRequestHandler#0' 
2018-05-24 22:26:19,947 耗时：3273 日志来自：servlet.handler.SimpleUrlHandlerMapping  日志类型: INFO  日志内容：Mapped URL path [/**] onto handler 'org.springframework.web.servlet.resource.DefaultServletHttpRequestHandler#0' 
2018-05-24 22:31:30,915 耗时：0 日志来自：web.context.ContextLoader                日志类型: INFO  日志内容：Root WebApplicationContext: initialization started 
2018-05-24 22:31:31,128 耗时：213 日志来自：context.support.XmlWebApplicationContext 日志类型: INFO  日志内容：Refreshing Root WebApplicationContext: startup date [Thu May 24 22:31:31 CST 2018]; root of context hierarchy 
2018-05-24 22:31:31,221 耗时：306 日志来自：factory.xml.XmlBeanDefinitionReader      日志类型: INFO  日志内容：Loading XML bean definitions from class path resource [spring-servlet.xml] 
2018-05-24 22:31:31,864 耗时：949 日志来自：.config.PreferencesPlaceholderConfigurer 日志类型: INFO  日志内容：Loading properties file from class path resource [jdbc.properties] 
2018-05-24 22:31:31,875 耗时：960 日志来自：ion.AutowiredAnnotationBeanPostProcessor 日志类型: INFO  日志内容：JSR-330 'javax.inject.Inject' annotation found and supported for autowiring 
2018-05-24 22:31:32,182 耗时：1267 日志来自：jdbc.datasource.DriverManagerDataSource  日志类型: INFO  日志内容：Loaded JDBC driver: com.mysql.jdbc.Driver 
2018-05-24 22:31:33,103 耗时：2188 日志来自：.annotation.RequestMappingHandlerMapping 日志类型: INFO  日志内容：Mapped "{[/]}" onto public java.lang.String controller.ControllerIndex.index(org.springframework.ui.Model) 
2018-05-24 22:31:33,105 耗时：2190 日志来自：.annotation.RequestMappingHandlerMapping 日志类型: INFO  日志内容：Mapped "{[/joblist]}" onto public java.lang.String controller.ControllerIndex.list(org.springframework.ui.Model) 
2018-05-24 22:31:33,105 耗时：2190 日志来自：.annotation.RequestMappingHandlerMapping 日志类型: INFO  日志内容：Mapped "{[/cooperate]}" onto public java.lang.String controller.ControllerIndex.cooperate(org.springframework.ui.Model) 
2018-05-24 22:31:33,302 耗时：2387 日志来自：.annotation.RequestMappingHandlerAdapter 日志类型: INFO  日志内容：Looking for @ControllerAdvice: Root WebApplicationContext: startup date [Thu May 24 22:31:31 CST 2018]; root of context hierarchy 
2018-05-24 22:31:33,594 耗时：2679 日志来自：.annotation.RequestMappingHandlerAdapter 日志类型: INFO  日志内容：Looking for @ControllerAdvice: Root WebApplicationContext: startup date [Thu May 24 22:31:31 CST 2018]; root of context hierarchy 
2018-05-24 22:31:33,763 耗时：2848 日志来自：servlet.handler.SimpleUrlHandlerMapping  日志类型: INFO  日志内容：Mapped URL path [/**] onto handler 'org.springframework.web.servlet.resource.ResourceHttpRequestHandler#0' 
2018-05-24 22:31:33,855 耗时：2940 日志来自：web.context.ContextLoader                日志类型: INFO  日志内容：Root WebApplicationContext: initialization completed in 2932 ms 
2018-05-24 22:31:34,116 耗时：3201 日志来自：web.servlet.DispatcherServlet            日志类型: INFO  日志内容：FrameworkServlet 'tile': initialization started 
2018-05-24 22:31:34,127 耗时：3212 日志来自：context.support.XmlWebApplicationContext 日志类型: INFO  日志内容：Refreshing WebApplicationContext for namespace 'tile-servlet': startup date [Thu May 24 22:31:34 CST 2018]; parent: Root WebApplicationContext 
2018-05-24 22:31:34,129 耗时：3214 日志来自：factory.xml.XmlBeanDefinitionReader      日志类型: INFO  日志内容：Loading XML bean definitions from class path resource [controller.xml] 
2018-05-24 22:31:34,254 耗时：3339 日志来自：ion.AutowiredAnnotationBeanPostProcessor 日志类型: INFO  日志内容：JSR-330 'javax.inject.Inject' annotation found and supported for autowiring 
2018-05-24 22:31:34,336 耗时：3421 日志来自：.annotation.RequestMappingHandlerMapping 日志类型: INFO  日志内容：Mapped "{[/]}" onto public java.lang.String controller.ControllerIndex.index(org.springframework.ui.Model) 
2018-05-24 22:31:34,337 耗时：3422 日志来自：.annotation.RequestMappingHandlerMapping 日志类型: INFO  日志内容：Mapped "{[/joblist]}" onto public java.lang.String controller.ControllerIndex.list(org.springframework.ui.Model) 
2018-05-24 22:31:34,338 耗时：3423 日志来自：.annotation.RequestMappingHandlerMapping 日志类型: INFO  日志内容：Mapped "{[/cooperate]}" onto public java.lang.String controller.ControllerIndex.cooperate(org.springframework.ui.Model) 
2018-05-24 22:31:34,394 耗时：3479 日志来自：.annotation.RequestMappingHandlerAdapter 日志类型: INFO  日志内容：Looking for @ControllerAdvice: WebApplicationContext for namespace 'tile-servlet': startup date [Thu May 24 22:31:34 CST 2018]; parent: Root WebApplicationContext 
2018-05-24 22:31:34,444 耗时：3529 日志来自：.annotation.RequestMappingHandlerAdapter 日志类型: INFO  日志内容：Looking for @ControllerAdvice: WebApplicationContext for namespace 'tile-servlet': startup date [Thu May 24 22:31:34 CST 2018]; parent: Root WebApplicationContext 
2018-05-24 22:31:34,611 耗时：3696 日志来自：servlet.handler.SimpleUrlHandlerMapping  日志类型: INFO  日志内容：Mapped URL path [/static/**] onto handler 'org.springframework.web.servlet.resource.ResourceHttpRequestHandler#0' 
2018-05-24 22:31:34,631 耗时：3716 日志来自：servlet.handler.SimpleUrlHandlerMapping  日志类型: INFO  日志内容：Mapped URL path [/**] onto handler 'org.springframework.web.servlet.resource.DefaultServletHttpRequestHandler#0' 
2018-05-24 22:31:34,898 耗时：3983 日志来自：tiles.access.TilesAccess                 日志类型: INFO  日志内容：Publishing TilesContext for context: org.springframework.web.servlet.view.tiles3.SpringWildcardServletTilesApplicationContext 
2018-05-24 22:31:34,970 耗时：4055 日志来自：web.servlet.DispatcherServlet            日志类型: INFO  日志内容：FrameworkServlet 'tile': initialization completed in 854 ms 
2018-05-24 22:34:01,904 耗时：0 日志来自：web.context.ContextLoader                日志类型: INFO  日志内容：Root WebApplicationContext: initialization started 
2018-05-24 22:34:02,090 耗时：186 日志来自：context.support.XmlWebApplicationContext 日志类型: INFO  日志内容：Refreshing Root WebApplicationContext: startup date [Thu May 24 22:34:02 CST 2018]; root of context hierarchy 
2018-05-24 22:34:02,156 耗时：252 日志来自：factory.xml.XmlBeanDefinitionReader      日志类型: INFO  日志内容：Loading XML bean definitions from class path resource [spring-servlet.xml] 
2018-05-24 22:34:02,702 耗时：798 日志来自：.config.PreferencesPlaceholderConfigurer 日志类型: INFO  日志内容：Loading properties file from class path resource [jdbc.properties] 
2018-05-24 22:34:02,713 耗时：809 日志来自：ion.AutowiredAnnotationBeanPostProcessor 日志类型: INFO  日志内容：JSR-330 'javax.inject.Inject' annotation found and supported for autowiring 
2018-05-24 22:34:02,978 耗时：1074 日志来自：jdbc.datasource.DriverManagerDataSource  日志类型: INFO  日志内容：Loaded JDBC driver: com.mysql.jdbc.Driver 
2018-05-24 22:34:03,868 耗时：1964 日志来自：.annotation.RequestMappingHandlerMapping 日志类型: INFO  日志内容：Mapped "{[/]}" onto public java.lang.String controller.ControllerIndex.index(org.springframework.ui.Model) 
2018-05-24 22:34:03,869 耗时：1965 日志来自：.annotation.RequestMappingHandlerMapping 日志类型: INFO  日志内容：Mapped "{[/joblist]}" onto public java.lang.String controller.ControllerIndex.list(org.springframework.ui.Model) 
2018-05-24 22:34:03,870 耗时：1966 日志来自：.annotation.RequestMappingHandlerMapping 日志类型: INFO  日志内容：Mapped "{[/cooperate]}" onto public java.lang.String controller.ControllerIndex.cooperate(org.springframework.ui.Model) 
2018-05-24 22:34:04,060 耗时：2156 日志来自：.annotation.RequestMappingHandlerAdapter 日志类型: INFO  日志内容：Looking for @ControllerAdvice: Root WebApplicationContext: startup date [Thu May 24 22:34:02 CST 2018]; root of context hierarchy 
2018-05-24 22:34:04,265 耗时：2361 日志来自：.annotation.RequestMappingHandlerAdapter 日志类型: INFO  日志内容：Looking for @ControllerAdvice: Root WebApplicationContext: startup date [Thu May 24 22:34:02 CST 2018]; root of context hierarchy 
2018-05-24 22:34:04,363 耗时：2459 日志来自：servlet.handler.SimpleUrlHandlerMapping  日志类型: INFO  日志内容：Mapped URL path [/**] onto handler 'org.springframework.web.servlet.resource.ResourceHttpRequestHandler#0' 
2018-05-24 22:34:04,432 耗时：2528 日志来自：web.context.ContextLoader                日志类型: INFO  日志内容：Root WebApplicationContext: initialization completed in 2522 ms 
2018-05-24 22:34:04,612 耗时：2708 日志来自：web.servlet.DispatcherServlet            日志类型: INFO  日志内容：FrameworkServlet 'tile': initialization started 
2018-05-24 22:34:04,621 耗时：2717 日志来自：context.support.XmlWebApplicationContext 日志类型: INFO  日志内容：Refreshing WebApplicationContext for namespace 'tile-servlet': startup date [Thu May 24 22:34:04 CST 2018]; parent: Root WebApplicationContext 
2018-05-24 22:34:04,622 耗时：2718 日志来自：factory.xml.XmlBeanDefinitionReader      日志类型: INFO  日志内容：Loading XML bean definitions from class path resource [controller.xml] 
2018-05-24 22:34:04,734 耗时：2830 日志来自：ion.AutowiredAnnotationBeanPostProcessor 日志类型: INFO  日志内容：JSR-330 'javax.inject.Inject' annotation found and supported for autowiring 
2018-05-24 22:34:04,778 耗时：2874 日志来自：.annotation.RequestMappingHandlerMapping 日志类型: INFO  日志内容：Mapped "{[/]}" onto public java.lang.String controller.ControllerIndex.index(org.springframework.ui.Model) 
2018-05-24 22:34:04,778 耗时：2874 日志来自：.annotation.RequestMappingHandlerMapping 日志类型: INFO  日志内容：Mapped "{[/joblist]}" onto public java.lang.String controller.ControllerIndex.list(org.springframework.ui.Model) 
2018-05-24 22:34:04,779 耗时：2875 日志来自：.annotation.RequestMappingHandlerMapping 日志类型: INFO  日志内容：Mapped "{[/cooperate]}" onto public java.lang.String controller.ControllerIndex.cooperate(org.springframework.ui.Model) 
2018-05-24 22:34:04,808 耗时：2904 日志来自：.annotation.RequestMappingHandlerAdapter 日志类型: INFO  日志内容：Looking for @ControllerAdvice: WebApplicationContext for namespace 'tile-servlet': startup date [Thu May 24 22:34:04 CST 2018]; parent: Root WebApplicationContext 
2018-05-24 22:34:04,838 耗时：2934 日志来自：.annotation.RequestMappingHandlerAdapter 日志类型: INFO  日志内容：Looking for @ControllerAdvice: WebApplicationContext for namespace 'tile-servlet': startup date [Thu May 24 22:34:04 CST 2018]; parent: Root WebApplicationContext 
2018-05-24 22:34:04,910 耗时：3006 日志来自：servlet.handler.SimpleUrlHandlerMapping  日志类型: INFO  日志内容：Mapped URL path [/static/**] onto handler 'org.springframework.web.servlet.resource.ResourceHttpRequestHandler#0' 
2018-05-24 22:34:04,919 耗时：3015 日志来自：servlet.handler.SimpleUrlHandlerMapping  日志类型: INFO  日志内容：Mapped URL path [/**] onto handler 'org.springframework.web.servlet.resource.DefaultServletHttpRequestHandler#0' 
2018-05-24 22:34:05,117 耗时：3213 日志来自：tiles.access.TilesAccess                 日志类型: INFO  日志内容：Publishing TilesContext for context: org.springframework.web.servlet.view.tiles3.SpringWildcardServletTilesApplicationContext 
2018-05-24 22:34:05,202 耗时：3298 日志来自：web.servlet.DispatcherServlet            日志类型: INFO  日志内容：FrameworkServlet 'tile': initialization completed in 589 ms 
2018-05-24 22:37:37,163 耗时：0 日志来自：web.context.ContextLoader                日志类型: INFO  日志内容：Root WebApplicationContext: initialization started 
2018-05-24 22:37:37,306 耗时：143 日志来自：context.support.XmlWebApplicationContext 日志类型: INFO  日志内容：Refreshing Root WebApplicationContext: startup date [Thu May 24 22:37:37 CST 2018]; root of context hierarchy 
2018-05-24 22:37:37,385 耗时：222 日志来自：factory.xml.XmlBeanDefinitionReader      日志类型: INFO  日志内容：Loading XML bean definitions from class path resource [spring-servlet.xml] 
2018-05-24 22:37:37,944 耗时：781 日志来自：.config.PreferencesPlaceholderConfigurer 日志类型: INFO  日志内容：Loading properties file from class path resource [jdbc.properties] 
2018-05-24 22:37:37,956 耗时：793 日志来自：ion.AutowiredAnnotationBeanPostProcessor 日志类型: INFO  日志内容：JSR-330 'javax.inject.Inject' annotation found and supported for autowiring 
2018-05-24 22:37:38,133 耗时：970 日志来自：jdbc.datasource.DriverManagerDataSource  日志类型: INFO  日志内容：Loaded JDBC driver: com.mysql.jdbc.Driver 
2018-05-24 22:37:38,794 耗时：1631 日志来自：.annotation.RequestMappingHandlerMapping 日志类型: INFO  日志内容：Mapped "{[/]}" onto public java.lang.String controller.ControllerIndex.index(org.springframework.ui.Model) 
2018-05-24 22:37:38,796 耗时：1633 日志来自：.annotation.RequestMappingHandlerMapping 日志类型: INFO  日志内容：Mapped "{[/joblist]}" onto public java.lang.String controller.ControllerIndex.list(org.springframework.ui.Model) 
2018-05-24 22:37:38,796 耗时：1633 日志来自：.annotation.RequestMappingHandlerMapping 日志类型: INFO  日志内容：Mapped "{[/cooperate]}" onto public java.lang.String controller.ControllerIndex.cooperate(org.springframework.ui.Model) 
2018-05-24 22:37:38,944 耗时：1781 日志来自：.annotation.RequestMappingHandlerAdapter 日志类型: INFO  日志内容：Looking for @ControllerAdvice: Root WebApplicationContext: startup date [Thu May 24 22:37:37 CST 2018]; root of context hierarchy 
2018-05-24 22:37:39,005 耗时：1842 日志来自：.annotation.RequestMappingHandlerAdapter 日志类型: INFO  日志内容：Looking for @ControllerAdvice: Root WebApplicationContext: startup date [Thu May 24 22:37:37 CST 2018]; root of context hierarchy 
2018-05-24 22:37:39,195 耗时：2032 日志来自：servlet.handler.SimpleUrlHandlerMapping  日志类型: INFO  日志内容：Mapped URL path [/**] onto handler 'org.springframework.web.servlet.resource.ResourceHttpRequestHandler#0' 
2018-05-24 22:37:39,332 耗时：2169 日志来自：web.context.ContextLoader                日志类型: INFO  日志内容：Root WebApplicationContext: initialization completed in 2164 ms 
2018-05-24 22:37:39,511 耗时：2348 日志来自：web.servlet.DispatcherServlet            日志类型: INFO  日志内容：FrameworkServlet 'tile': initialization started 
2018-05-24 22:37:39,520 耗时：2357 日志来自：context.support.XmlWebApplicationContext 日志类型: INFO  日志内容：Refreshing WebApplicationContext for namespace 'tile-servlet': startup date [Thu May 24 22:37:39 CST 2018]; parent: Root WebApplicationContext 
2018-05-24 22:37:39,521 耗时：2358 日志来自：factory.xml.XmlBeanDefinitionReader      日志类型: INFO  日志内容：Loading XML bean definitions from class path resource [controller.xml] 
2018-05-24 22:37:39,649 耗时：2486 日志来自：ion.AutowiredAnnotationBeanPostProcessor 日志类型: INFO  日志内容：JSR-330 'javax.inject.Inject' annotation found and supported for autowiring 
2018-05-24 22:37:39,686 耗时：2523 日志来自：.annotation.RequestMappingHandlerMapping 日志类型: INFO  日志内容：Mapped "{[/]}" onto public java.lang.String controller.ControllerIndex.index(org.springframework.ui.Model) 
2018-05-24 22:37:39,686 耗时：2523 日志来自：.annotation.RequestMappingHandlerMapping 日志类型: INFO  日志内容：Mapped "{[/joblist]}" onto public java.lang.String controller.ControllerIndex.list(org.springframework.ui.Model) 
2018-05-24 22:37:39,686 耗时：2523 日志来自：.annotation.RequestMappingHandlerMapping 日志类型: INFO  日志内容：Mapped "{[/cooperate]}" onto public java.lang.String controller.ControllerIndex.cooperate(org.springframework.ui.Model) 
2018-05-24 22:37:39,740 耗时：2577 日志来自：.annotation.RequestMappingHandlerAdapter 日志类型: INFO  日志内容：Looking for @ControllerAdvice: WebApplicationContext for namespace 'tile-servlet': startup date [Thu May 24 22:37:39 CST 2018]; parent: Root WebApplicationContext 
2018-05-24 22:37:39,790 耗时：2627 日志来自：.annotation.RequestMappingHandlerAdapter 日志类型: INFO  日志内容：Looking for @ControllerAdvice: WebApplicationContext for namespace 'tile-servlet': startup date [Thu May 24 22:37:39 CST 2018]; parent: Root WebApplicationContext 
2018-05-24 22:37:39,908 耗时：2745 日志来自：servlet.handler.SimpleUrlHandlerMapping  日志类型: INFO  日志内容：Mapped URL path [/static/**] onto handler 'org.springframework.web.servlet.resource.ResourceHttpRequestHandler#0' 
2018-05-24 22:37:39,927 耗时：2764 日志来自：servlet.handler.SimpleUrlHandlerMapping  日志类型: INFO  日志内容：Mapped URL path [/**] onto handler 'org.springframework.web.servlet.resource.DefaultServletHttpRequestHandler#0' 
2018-05-24 22:37:40,141 耗时：2978 日志来自：tiles.access.TilesAccess                 日志类型: INFO  日志内容：Publishing TilesContext for context: org.springframework.web.servlet.view.tiles3.SpringWildcardServletTilesApplicationContext 
2018-05-24 22:37:40,327 耗时：3164 日志来自：web.servlet.DispatcherServlet            日志类型: INFO  日志内容：FrameworkServlet 'tile': initialization completed in 816 ms 
2018-05-24 22:38:59,851 耗时：0 日志来自：web.context.ContextLoader                日志类型: INFO  日志内容：Root WebApplicationContext: initialization started 
2018-05-24 22:39:00,075 耗时：224 日志来自：context.support.XmlWebApplicationContext 日志类型: INFO  日志内容：Refreshing Root WebApplicationContext: startup date [Thu May 24 22:39:00 CST 2018]; root of context hierarchy 
2018-05-24 22:39:00,161 耗时：310 日志来自：factory.xml.XmlBeanDefinitionReader      日志类型: INFO  日志内容：Loading XML bean definitions from class path resource [spring-servlet.xml] 
2018-05-24 22:39:00,738 耗时：887 日志来自：.config.PreferencesPlaceholderConfigurer 日志类型: INFO  日志内容：Loading properties file from class path resource [jdbc.properties] 
2018-05-24 22:39:00,749 耗时：898 日志来自：ion.AutowiredAnnotationBeanPostProcessor 日志类型: INFO  日志内容：JSR-330 'javax.inject.Inject' annotation found and supported for autowiring 
2018-05-24 22:39:00,870 耗时：1019 日志来自：jdbc.datasource.DriverManagerDataSource  日志类型: INFO  日志内容：Loaded JDBC driver: com.mysql.jdbc.Driver 
2018-05-24 22:39:01,455 耗时：1604 日志来自：.annotation.RequestMappingHandlerMapping 日志类型: INFO  日志内容：Mapped "{[/]}" onto public java.lang.String controller.ControllerIndex.index(org.springframework.ui.Model) 
2018-05-24 22:39:01,457 耗时：1606 日志来自：.annotation.RequestMappingHandlerMapping 日志类型: INFO  日志内容：Mapped "{[/joblist]}" onto public java.lang.String controller.ControllerIndex.list(org.springframework.ui.Model) 
2018-05-24 22:39:01,458 耗时：1607 日志来自：.annotation.RequestMappingHandlerMapping 日志类型: INFO  日志内容：Mapped "{[/cooperate]}" onto public java.lang.String controller.ControllerIndex.cooperate(org.springframework.ui.Model) 
2018-05-24 22:39:01,645 耗时：1794 日志来自：.annotation.RequestMappingHandlerAdapter 日志类型: INFO  日志内容：Looking for @ControllerAdvice: Root WebApplicationContext: startup date [Thu May 24 22:39:00 CST 2018]; root of context hierarchy 
2018-05-24 22:39:01,877 耗时：2026 日志来自：.annotation.RequestMappingHandlerAdapter 日志类型: INFO  日志内容：Looking for @ControllerAdvice: Root WebApplicationContext: startup date [Thu May 24 22:39:00 CST 2018]; root of context hierarchy 
2018-05-24 22:39:01,968 耗时：2117 日志来自：servlet.handler.SimpleUrlHandlerMapping  日志类型: INFO  日志内容：Mapped URL path [/**] onto handler 'org.springframework.web.servlet.resource.ResourceHttpRequestHandler#0' 
2018-05-24 22:39:02,036 耗时：2185 日志来自：web.context.ContextLoader                日志类型: INFO  日志内容：Root WebApplicationContext: initialization completed in 2174 ms 
2018-05-24 22:39:02,216 耗时：2365 日志来自：web.servlet.DispatcherServlet            日志类型: INFO  日志内容：FrameworkServlet 'tile': initialization started 
2018-05-24 22:39:02,227 耗时：2376 日志来自：context.support.XmlWebApplicationContext 日志类型: INFO  日志内容：Refreshing WebApplicationContext for namespace 'tile-servlet': startup date [Thu May 24 22:39:02 CST 2018]; parent: Root WebApplicationContext 
2018-05-24 22:39:02,229 耗时：2378 日志来自：factory.xml.XmlBeanDefinitionReader      日志类型: INFO  日志内容：Loading XML bean definitions from class path resource [controller.xml] 
2018-05-24 22:39:02,332 耗时：2481 日志来自：ion.AutowiredAnnotationBeanPostProcessor 日志类型: INFO  日志内容：JSR-330 'javax.inject.Inject' annotation found and supported for autowiring 
2018-05-24 22:39:02,373 耗时：2522 日志来自：.annotation.RequestMappingHandlerMapping 日志类型: INFO  日志内容：Mapped "{[/]}" onto public java.lang.String controller.ControllerIndex.index(org.springframework.ui.Model) 
2018-05-24 22:39:02,373 耗时：2522 日志来自：.annotation.RequestMappingHandlerMapping 日志类型: INFO  日志内容：Mapped "{[/joblist]}" onto public java.lang.String controller.ControllerIndex.list(org.springframework.ui.Model) 
2018-05-24 22:39:02,373 耗时：2522 日志来自：.annotation.RequestMappingHandlerMapping 日志类型: INFO  日志内容：Mapped "{[/cooperate]}" onto public java.lang.String controller.ControllerIndex.cooperate(org.springframework.ui.Model) 
2018-05-24 22:39:02,397 耗时：2546 日志来自：.annotation.RequestMappingHandlerAdapter 日志类型: INFO  日志内容：Looking for @ControllerAdvice: WebApplicationContext for namespace 'tile-servlet': startup date [Thu May 24 22:39:02 CST 2018]; parent: Root WebApplicationContext 
2018-05-24 22:39:02,433 耗时：2582 日志来自：.annotation.RequestMappingHandlerAdapter 日志类型: INFO  日志内容：Looking for @ControllerAdvice: WebApplicationContext for namespace 'tile-servlet': startup date [Thu May 24 22:39:02 CST 2018]; parent: Root WebApplicationContext 
2018-05-24 22:39:02,531 耗时：2680 日志来自：servlet.handler.SimpleUrlHandlerMapping  日志类型: INFO  日志内容：Mapped URL path [/static/**] onto handler 'org.springframework.web.servlet.resource.ResourceHttpRequestHandler#0' 
2018-05-24 22:39:02,540 耗时：2689 日志来自：servlet.handler.SimpleUrlHandlerMapping  日志类型: INFO  日志内容：Mapped URL path [/**] onto handler 'org.springframework.web.servlet.resource.DefaultServletHttpRequestHandler#0' 
2018-05-24 22:39:02,741 耗时：2890 日志来自：tiles.access.TilesAccess                 日志类型: INFO  日志内容：Publishing TilesContext for context: org.springframework.web.servlet.view.tiles3.SpringWildcardServletTilesApplicationContext 
2018-05-24 22:39:02,826 耗时：2975 日志来自：web.servlet.DispatcherServlet            日志类型: INFO  日志内容：FrameworkServlet 'tile': initialization completed in 610 ms 
2018-05-24 22:41:07,332 耗时：127481 日志来自：context.support.XmlWebApplicationContext 日志类型: INFO  日志内容：Closing WebApplicationContext for namespace 'tile-servlet': startup date [Thu May 24 22:39:02 CST 2018]; parent: Root WebApplicationContext 
2018-05-24 22:41:07,336 耗时：127485 日志来自：tiles.access.TilesAccess                 日志类型: INFO  日志内容：Removing TilesContext for context: org.springframework.web.servlet.view.tiles3.SpringWildcardServletTilesApplicationContext 
2018-05-24 22:41:07,349 耗时：127498 日志来自：context.support.XmlWebApplicationContext 日志类型: INFO  日志内容：Closing Root WebApplicationContext: startup date [Thu May 24 22:39:00 CST 2018]; root of context hierarchy 
2018-05-24 22:41:26,355 耗时：0 日志来自：web.context.ContextLoader                日志类型: INFO  日志内容：Root WebApplicationContext: initialization started 
2018-05-24 22:41:26,691 耗时：336 日志来自：context.support.XmlWebApplicationContext 日志类型: INFO  日志内容：Refreshing Root WebApplicationContext: startup date [Thu May 24 22:41:26 CST 2018]; root of context hierarchy 
2018-05-24 22:41:26,805 耗时：450 日志来自：factory.xml.XmlBeanDefinitionReader      日志类型: INFO  日志内容：Loading XML bean definitions from class path resource [spring-servlet.xml] 
2018-05-24 22:41:29,016 耗时：2661 日志来自：.config.PreferencesPlaceholderConfigurer 日志类型: INFO  日志内容：Loading properties file from class path resource [jdbc.properties] 
2018-05-24 22:41:29,032 耗时：2677 日志来自：ion.AutowiredAnnotationBeanPostProcessor 日志类型: INFO  日志内容：JSR-330 'javax.inject.Inject' annotation found and supported for autowiring 
2018-05-24 22:41:29,348 耗时：2993 日志来自：jdbc.datasource.DriverManagerDataSource  日志类型: INFO  日志内容：Loaded JDBC driver: com.mysql.jdbc.Driver 
2018-05-24 22:41:30,798 耗时：4443 日志来自：.annotation.RequestMappingHandlerMapping 日志类型: INFO  日志内容：Mapped "{[/]}" onto public java.lang.String controller.ControllerIndex.index(org.springframework.ui.Model) 
2018-05-24 22:41:30,800 耗时：4445 日志来自：.annotation.RequestMappingHandlerMapping 日志类型: INFO  日志内容：Mapped "{[/joblist]}" onto public java.lang.String controller.ControllerIndex.list(org.springframework.ui.Model) 
2018-05-24 22:41:30,800 耗时：4445 日志来自：.annotation.RequestMappingHandlerMapping 日志类型: INFO  日志内容：Mapped "{[/cooperate]}" onto public java.lang.String controller.ControllerIndex.cooperate(org.springframework.ui.Model) 
2018-05-24 22:41:31,442 耗时：5087 日志来自：.annotation.RequestMappingHandlerAdapter 日志类型: INFO  日志内容：Looking for @ControllerAdvice: Root WebApplicationContext: startup date [Thu May 24 22:41:26 CST 2018]; root of context hierarchy 
2018-05-24 22:41:32,240 耗时：5885 日志来自：.annotation.RequestMappingHandlerAdapter 日志类型: INFO  日志内容：Looking for @ControllerAdvice: Root WebApplicationContext: startup date [Thu May 24 22:41:26 CST 2018]; root of context hierarchy 
2018-05-24 22:41:32,495 耗时：6140 日志来自：servlet.handler.SimpleUrlHandlerMapping  日志类型: INFO  日志内容：Mapped URL path [/**] onto handler 'org.springframework.web.servlet.resource.ResourceHttpRequestHandler#0' 
2018-05-24 22:41:32,742 耗时：6387 日志来自：web.context.ContextLoader                日志类型: INFO  日志内容：Root WebApplicationContext: initialization completed in 6382 ms 
2018-05-24 22:41:33,300 耗时：6945 日志来自：web.servlet.DispatcherServlet            日志类型: INFO  日志内容：FrameworkServlet 'tile': initialization started 
2018-05-24 22:41:33,315 耗时：6960 日志来自：context.support.XmlWebApplicationContext 日志类型: INFO  日志内容：Refreshing WebApplicationContext for namespace 'tile-servlet': startup date [Thu May 24 22:41:33 CST 2018]; parent: Root WebApplicationContext 
2018-05-24 22:41:33,317 耗时：6962 日志来自：factory.xml.XmlBeanDefinitionReader      日志类型: INFO  日志内容：Loading XML bean definitions from class path resource [controller.xml] 
2018-05-24 22:41:33,447 耗时：7092 日志来自：ion.AutowiredAnnotationBeanPostProcessor 日志类型: INFO  日志内容：JSR-330 'javax.inject.Inject' annotation found and supported for autowiring 
2018-05-24 22:41:33,564 耗时：7209 日志来自：.annotation.RequestMappingHandlerMapping 日志类型: INFO  日志内容：Mapped "{[/]}" onto public java.lang.String controller.ControllerIndex.index(org.springframework.ui.Model) 
2018-05-24 22:41:33,564 耗时：7209 日志来自：.annotation.RequestMappingHandlerMapping 日志类型: INFO  日志内容：Mapped "{[/joblist]}" onto public java.lang.String controller.ControllerIndex.list(org.springframework.ui.Model) 
2018-05-24 22:41:33,566 耗时：7211 日志来自：.annotation.RequestMappingHandlerMapping 日志类型: INFO  日志内容：Mapped "{[/cooperate]}" onto public java.lang.String controller.ControllerIndex.cooperate(org.springframework.ui.Model) 
2018-05-24 22:41:34,021 耗时：7666 日志来自：.annotation.RequestMappingHandlerAdapter 日志类型: INFO  日志内容：Looking for @ControllerAdvice: WebApplicationContext for namespace 'tile-servlet': startup date [Thu May 24 22:41:33 CST 2018]; parent: Root WebApplicationContext 
2018-05-24 22:41:34,235 耗时：7880 日志来自：.annotation.RequestMappingHandlerAdapter 日志类型: INFO  日志内容：Looking for @ControllerAdvice: WebApplicationContext for namespace 'tile-servlet': startup date [Thu May 24 22:41:33 CST 2018]; parent: Root WebApplicationContext 
2018-05-24 22:41:34,366 耗时：8011 日志来自：servlet.handler.SimpleUrlHandlerMapping  日志类型: INFO  日志内容：Mapped URL path [/static/**] onto handler 'org.springframework.web.servlet.resource.ResourceHttpRequestHandler#0' 
2018-05-24 22:41:34,386 耗时：8031 日志来自：servlet.handler.SimpleUrlHandlerMapping  日志类型: INFO  日志内容：Mapped URL path [/**] onto handler 'org.springframework.web.servlet.resource.DefaultServletHttpRequestHandler#0' 
2018-05-24 22:41:34,602 耗时：8247 日志来自：tiles.access.TilesAccess                 日志类型: INFO  日志内容：Publishing TilesContext for context: org.springframework.web.servlet.view.tiles3.SpringWildcardServletTilesApplicationContext 
2018-05-24 22:41:34,712 耗时：8357 日志来自：web.servlet.DispatcherServlet            日志类型: INFO  日志内容：FrameworkServlet 'tile': initialization completed in 1412 ms 
