2018-11-12 14:42:14 [main:0] - [INFO]  MLog clients using log4j logging.
2018-11-12 14:42:15 [main:409] - [INFO]  Initializing c3p0-0.9.1 [built 16-January-2007 14:46:42; debug? true; trace: 10]
2018-11-12 14:42:15 [main:431] - [DEBUG]  MBean: com.mchange.v2.c3p0:type=PooledDataSource[1hge1fb9z1uhlb91bu5ja2|2fb3536e] registered.
2018-11-12 14:42:16 [main:1403] - [DEBUG]  Logging Provider: org.jboss.logging.Log4jLoggerProvider
2018-11-12 14:42:16 [main:1403] - [INFO]  HV000001: Hibernate Validator 6.0.10.Final
2018-11-12 14:42:16 [main:1416] - [DEBUG]  Cannot find javax.persistence.Persistence on classpath. Assuming non JPA 2 environment. All properties will per default be traversable.
2018-11-12 14:42:16 [main:1912] - [DEBUG]  incremented pending_acquires: 1
2018-11-12 14:42:16 [main:1913] - [DEBUG]  incremented pending_acquires: 2
2018-11-12 14:42:16 [main:1913] - [DEBUG]  incremented pending_acquires: 3
2018-11-12 14:42:16 [main:1913] - [DEBUG]  com.mchange.v2.resourcepool.BasicResourcePool@57eda880 config: [start -> 3; min -> 3; max -> 15; inc -> 3; num_acq_attempts -> 30; acq_attempt_delay -> 1000; check_idle_resources_delay -> 0; mox_resource_age -> 0; max_idle_time -> 0; excess_max_idle_time -> 0; destroy_unreturned_resc_time -> 0; expiration_enforcement_delay -> 0; break_on_acquisition_failure -> false; debug_store_checkout_exceptions -> false]
2018-11-12 14:42:16 [main:1914] - [INFO]  Initializing c3p0 pool... com.mchange.v2.c3p0.ComboPooledDataSource [ acquireIncrement -> 3, acquireRetryAttempts -> 30, acquireRetryDelay -> 1000, autoCommitOnClose -> false, automaticTestTable -> null, breakAfterAcquireFailure -> false, checkoutTimeout -> 0, connectionCustomizerClassName -> null, connectionTesterClassName -> com.mchange.v2.c3p0.impl.DefaultConnectionTester, dataSourceName -> 1hge1fb9z1uhlb91bu5ja2|2fb3536e, debugUnreturnedConnectionStackTraces -> false, description -> null, driverClass -> com.mysql.jdbc.Driver, factoryClassLocation -> null, forceIgnoreUnresolvedTransactions -> false, identityToken -> 1hge1fb9z1uhlb91bu5ja2|2fb3536e, idleConnectionTestPeriod -> 0, initialPoolSize -> 3, jdbcUrl -> jdbc:mysql://localhost:3306/task4?characterEncoding=utf8, lastAcquisitionFailureDefaultUser -> null, maxAdministrativeTaskTime -> 0, maxConnectionAge -> 0, maxIdleTime -> 0, maxIdleTimeExcessConnections -> 0, maxPoolSize -> 15, maxStatements -> 0, maxStatementsPerConnection -> 0, minPoolSize -> 3, numHelperThreads -> 3, numThreadsAwaitingCheckoutDefaultUser -> 0, preferredTestQuery -> null, properties -> {user=******, password=******}, propertyCycle -> 0, testConnectionOnCheckin -> false, testConnectionOnCheckout -> false, unreturnedConnectionTimeout -> 0, usesTraditionalReflectiveProxies -> false ]
2018-11-12 14:42:16 [main:1914] - [DEBUG]  acquire test -- pool size: 0; target_pool_size: 3; desired target? 1
2018-11-12 14:42:16 [main:1914] - [DEBUG]  awaitAvailable(): [unknown]
2018-11-12 14:42:16 [main:1914] - [DEBUG]  trace com.mchange.v2.resourcepool.BasicResourcePool@57eda880 [managed: 0, unused: 0, excluded: 0]
2018-11-12 14:42:17 [com.mchange.v2.async.ThreadPoolAsynchronousRunner$PoolThread-#1:2519] - [DEBUG]  com.mchange.v2.c3p0.impl.C3P0PooledConnectionPool$1PooledConnectionResourcePoolManager@1c533d6d.acquireResource() returning. 
2018-11-12 14:42:17 [com.mchange.v2.async.ThreadPoolAsynchronousRunner$PoolThread-#1:2520] - [DEBUG]  trace com.mchange.v2.resourcepool.BasicResourcePool@57eda880 [managed: 1, unused: 1, excluded: 0]
2018-11-12 14:42:17 [com.mchange.v2.async.ThreadPoolAsynchronousRunner$PoolThread-#1:2521] - [DEBUG]  decremented pending_acquires: 2
2018-11-12 14:42:17 [com.mchange.v2.async.ThreadPoolAsynchronousRunner$PoolThread-#2:2536] - [DEBUG]  com.mchange.v2.c3p0.impl.C3P0PooledConnectionPool$1PooledConnectionResourcePoolManager@1c533d6d.acquireResource() returning. 
2018-11-12 14:42:17 [com.mchange.v2.async.ThreadPoolAsynchronousRunner$PoolThread-#2:2536] - [DEBUG]  trace com.mchange.v2.resourcepool.BasicResourcePool@57eda880 [managed: 2, unused: 2, excluded: 0] (e.g. com.mchange.v2.c3p0.impl.NewPooledConnection@5842e890)
2018-11-12 14:42:17 [com.mchange.v2.async.ThreadPoolAsynchronousRunner$PoolThread-#2:2537] - [DEBUG]  decremented pending_acquires: 1
2018-11-12 14:42:17 [main:2539] - [DEBUG]  trace com.mchange.v2.resourcepool.BasicResourcePool@57eda880 [managed: 2, unused: 1, excluded: 0] (e.g. com.mchange.v2.c3p0.impl.NewPooledConnection@5842e890)
2018-11-12 14:42:17 [main:2561] - [DEBUG]  com.mchange.v2.c3p0.impl.NewPooledConnection@7091b7e1 handling a throwable.
com.mysql.jdbc.exceptions.jdbc4.MySQLSyntaxErrorException: Unknown column 'posId' in 'where clause'
	at sun.reflect.NativeConstructorAccessorImpl.newInstance0(Native Method)
	at sun.reflect.NativeConstructorAccessorImpl.newInstance(NativeConstructorAccessorImpl.java:62)
	at sun.reflect.DelegatingConstructorAccessorImpl.newInstance(DelegatingConstructorAccessorImpl.java:45)
	at java.lang.reflect.Constructor.newInstance(Constructor.java:423)
	at com.mysql.jdbc.Util.handleNewInstance(Util.java:411)
	at com.mysql.jdbc.Util.getInstance(Util.java:386)
	at com.mysql.jdbc.SQLError.createSQLException(SQLError.java:1054)
	at com.mysql.jdbc.MysqlIO.checkErrorPacket(MysqlIO.java:4187)
	at com.mysql.jdbc.MysqlIO.checkErrorPacket(MysqlIO.java:4119)
	at com.mysql.jdbc.MysqlIO.sendCommand(MysqlIO.java:2570)
	at com.mysql.jdbc.MysqlIO.sqlQueryDirect(MysqlIO.java:2731)
	at com.mysql.jdbc.ConnectionImpl.execSQL(ConnectionImpl.java:2815)
	at com.mysql.jdbc.PreparedStatement.executeInternal(PreparedStatement.java:2155)
	at com.mysql.jdbc.PreparedStatement.execute(PreparedStatement.java:1379)
	at com.mchange.v2.c3p0.impl.NewProxyPreparedStatement.execute(NewProxyPreparedStatement.java:989)
	at org.apache.ibatis.executor.statement.PreparedStatementHandler.query(PreparedStatementHandler.java:62)
	at org.apache.ibatis.executor.statement.RoutingStatementHandler.query(RoutingStatementHandler.java:78)
	at org.apache.ibatis.executor.SimpleExecutor.doQuery(SimpleExecutor.java:62)
	at org.apache.ibatis.executor.BaseExecutor.queryFromDatabase(BaseExecutor.java:303)
	at org.apache.ibatis.executor.BaseExecutor.query(BaseExecutor.java:154)
	at org.apache.ibatis.executor.CachingExecutor.query(CachingExecutor.java:102)
	at org.apache.ibatis.executor.CachingExecutor.query(CachingExecutor.java:82)
	at org.apache.ibatis.session.defaults.DefaultSqlSession.selectList(DefaultSqlSession.java:120)
	at org.apache.ibatis.session.defaults.DefaultSqlSession.selectList(DefaultSqlSession.java:113)
	at org.apache.ibatis.session.defaults.DefaultSqlSession.selectOne(DefaultSqlSession.java:73)
	at sun.reflect.NativeMethodAccessorImpl.invoke0(Native Method)
	at sun.reflect.NativeMethodAccessorImpl.invoke(NativeMethodAccessorImpl.java:62)
	at sun.reflect.DelegatingMethodAccessorImpl.invoke(DelegatingMethodAccessorImpl.java:43)
	at java.lang.reflect.Method.invoke(Method.java:498)
	at org.mybatis.spring.SqlSessionTemplate$SqlSessionInterceptor.invoke(SqlSessionTemplate.java:433)
	at com.sun.proxy.$Proxy21.selectOne(Unknown Source)
	at org.mybatis.spring.SqlSessionTemplate.selectOne(SqlSessionTemplate.java:166)
	at org.apache.ibatis.binding.MapperMethod.execute(MapperMethod.java:69)
	at org.apache.ibatis.binding.MapperProxy.invoke(MapperProxy.java:53)
	at com.sun.proxy.$Proxy22.queryPosition(Unknown Source)
	at task6.dao.PositionStuDaoTest.queryPosition(PositionStuDaoTest.java:20)
	at sun.reflect.NativeMethodAccessorImpl.invoke0(Native Method)
	at sun.reflect.NativeMethodAccessorImpl.invoke(NativeMethodAccessorImpl.java:62)
	at sun.reflect.DelegatingMethodAccessorImpl.invoke(DelegatingMethodAccessorImpl.java:43)
	at java.lang.reflect.Method.invoke(Method.java:498)
	at org.junit.runners.model.FrameworkMethod$1.runReflectiveCall(FrameworkMethod.java:50)
	at org.junit.internal.runners.model.ReflectiveCallable.run(ReflectiveCallable.java:12)
	at org.junit.runners.model.FrameworkMethod.invokeExplosively(FrameworkMethod.java:47)
	at org.junit.internal.runners.statements.InvokeMethod.evaluate(InvokeMethod.java:17)
	at org.springframework.test.context.junit4.statements.RunBeforeTestExecutionCallbacks.evaluate(RunBeforeTestExecutionCallbacks.java:73)
	at org.springframework.test.context.junit4.statements.RunAfterTestExecutionCallbacks.evaluate(RunAfterTestExecutionCallbacks.java:83)
	at org.springframework.test.context.junit4.statements.RunBeforeTestMethodCallbacks.evaluate(RunBeforeTestMethodCallbacks.java:75)
	at org.springframework.test.context.junit4.statements.RunAfterTestMethodCallbacks.evaluate(RunAfterTestMethodCallbacks.java:86)
	at org.springframework.test.context.junit4.statements.SpringRepeat.evaluate(SpringRepeat.java:84)
	at org.junit.runners.ParentRunner.runLeaf(ParentRunner.java:325)
	at org.springframework.test.context.junit4.SpringJUnit4ClassRunner.runChild(SpringJUnit4ClassRunner.java:251)
	at org.springframework.test.context.junit4.SpringJUnit4ClassRunner.runChild(SpringJUnit4ClassRunner.java:97)
	at org.junit.runners.ParentRunner$3.run(ParentRunner.java:290)
	at org.junit.runners.ParentRunner$1.schedule(ParentRunner.java:71)
	at org.junit.runners.ParentRunner.runChildren(ParentRunner.java:288)
	at org.junit.runners.ParentRunner.access$000(ParentRunner.java:58)
	at org.junit.runners.ParentRunner$2.evaluate(ParentRunner.java:268)
	at org.springframework.test.context.junit4.statements.RunBeforeTestClassCallbacks.evaluate(RunBeforeTestClassCallbacks.java:61)
	at org.springframework.test.context.junit4.statements.RunAfterTestClassCallbacks.evaluate(RunAfterTestClassCallbacks.java:70)
	at org.junit.runners.ParentRunner.run(ParentRunner.java:363)
	at org.springframework.test.context.junit4.SpringJUnit4ClassRunner.run(SpringJUnit4ClassRunner.java:190)
	at org.junit.runner.JUnitCore.run(JUnitCore.java:137)
	at com.intellij.junit4.JUnit4IdeaTestRunner.startRunnerWithArgs(JUnit4IdeaTestRunner.java:68)
	at com.intellij.rt.execution.junit.IdeaTestRunner$Repeater.startRunnerWithArgs(IdeaTestRunner.java:47)
	at com.intellij.rt.execution.junit.JUnitStarter.prepareStreamsAndStart(JUnitStarter.java:242)
	at com.intellij.rt.execution.junit.JUnitStarter.main(JUnitStarter.java:70)
2018-11-12 14:42:17 [main:2578] - [DEBUG]  Attempted to convert SQLException to SQLException. Leaving it alone. [SQLState: 42S22; errorCode: 1054]
com.mysql.jdbc.exceptions.jdbc4.MySQLSyntaxErrorException: Unknown column 'posId' in 'where clause'
	at sun.reflect.NativeConstructorAccessorImpl.newInstance0(Native Method)
	at sun.reflect.NativeConstructorAccessorImpl.newInstance(NativeConstructorAccessorImpl.java:62)
	at sun.reflect.DelegatingConstructorAccessorImpl.newInstance(DelegatingConstructorAccessorImpl.java:45)
	at java.lang.reflect.Constructor.newInstance(Constructor.java:423)
	at com.mysql.jdbc.Util.handleNewInstance(Util.java:411)
	at com.mysql.jdbc.Util.getInstance(Util.java:386)
	at com.mysql.jdbc.SQLError.createSQLException(SQLError.java:1054)
	at com.mysql.jdbc.MysqlIO.checkErrorPacket(MysqlIO.java:4187)
	at com.mysql.jdbc.MysqlIO.checkErrorPacket(MysqlIO.java:4119)
	at com.mysql.jdbc.MysqlIO.sendCommand(MysqlIO.java:2570)
	at com.mysql.jdbc.MysqlIO.sqlQueryDirect(MysqlIO.java:2731)
	at com.mysql.jdbc.ConnectionImpl.execSQL(ConnectionImpl.java:2815)
	at com.mysql.jdbc.PreparedStatement.executeInternal(PreparedStatement.java:2155)
	at com.mysql.jdbc.PreparedStatement.execute(PreparedStatement.java:1379)
	at com.mchange.v2.c3p0.impl.NewProxyPreparedStatement.execute(NewProxyPreparedStatement.java:989)
	at org.apache.ibatis.executor.statement.PreparedStatementHandler.query(PreparedStatementHandler.java:62)
	at org.apache.ibatis.executor.statement.RoutingStatementHandler.query(RoutingStatementHandler.java:78)
	at org.apache.ibatis.executor.SimpleExecutor.doQuery(SimpleExecutor.java:62)
	at org.apache.ibatis.executor.BaseExecutor.queryFromDatabase(BaseExecutor.java:303)
	at org.apache.ibatis.executor.BaseExecutor.query(BaseExecutor.java:154)
	at org.apache.ibatis.executor.CachingExecutor.query(CachingExecutor.java:102)
	at org.apache.ibatis.executor.CachingExecutor.query(CachingExecutor.java:82)
	at org.apache.ibatis.session.defaults.DefaultSqlSession.selectList(DefaultSqlSession.java:120)
	at org.apache.ibatis.session.defaults.DefaultSqlSession.selectList(DefaultSqlSession.java:113)
	at org.apache.ibatis.session.defaults.DefaultSqlSession.selectOne(DefaultSqlSession.java:73)
	at sun.reflect.NativeMethodAccessorImpl.invoke0(Native Method)
	at sun.reflect.NativeMethodAccessorImpl.invoke(NativeMethodAccessorImpl.java:62)
	at sun.reflect.DelegatingMethodAccessorImpl.invoke(DelegatingMethodAccessorImpl.java:43)
	at java.lang.reflect.Method.invoke(Method.java:498)
	at org.mybatis.spring.SqlSessionTemplate$SqlSessionInterceptor.invoke(SqlSessionTemplate.java:433)
	at com.sun.proxy.$Proxy21.selectOne(Unknown Source)
	at org.mybatis.spring.SqlSessionTemplate.selectOne(SqlSessionTemplate.java:166)
	at org.apache.ibatis.binding.MapperMethod.execute(MapperMethod.java:69)
	at org.apache.ibatis.binding.MapperProxy.invoke(MapperProxy.java:53)
	at com.sun.proxy.$Proxy22.queryPosition(Unknown Source)
	at task6.dao.PositionStuDaoTest.queryPosition(PositionStuDaoTest.java:20)
	at sun.reflect.NativeMethodAccessorImpl.invoke0(Native Method)
	at sun.reflect.NativeMethodAccessorImpl.invoke(NativeMethodAccessorImpl.java:62)
	at sun.reflect.DelegatingMethodAccessorImpl.invoke(DelegatingMethodAccessorImpl.java:43)
	at java.lang.reflect.Method.invoke(Method.java:498)
	at org.junit.runners.model.FrameworkMethod$1.runReflectiveCall(FrameworkMethod.java:50)
	at org.junit.internal.runners.model.ReflectiveCallable.run(ReflectiveCallable.java:12)
	at org.junit.runners.model.FrameworkMethod.invokeExplosively(FrameworkMethod.java:47)
	at org.junit.internal.runners.statements.InvokeMethod.evaluate(InvokeMethod.java:17)
	at org.springframework.test.context.junit4.statements.RunBeforeTestExecutionCallbacks.evaluate(RunBeforeTestExecutionCallbacks.java:73)
	at org.springframework.test.context.junit4.statements.RunAfterTestExecutionCallbacks.evaluate(RunAfterTestExecutionCallbacks.java:83)
	at org.springframework.test.context.junit4.statements.RunBeforeTestMethodCallbacks.evaluate(RunBeforeTestMethodCallbacks.java:75)
	at org.springframework.test.context.junit4.statements.RunAfterTestMethodCallbacks.evaluate(RunAfterTestMethodCallbacks.java:86)
	at org.springframework.test.context.junit4.statements.SpringRepeat.evaluate(SpringRepeat.java:84)
	at org.junit.runners.ParentRunner.runLeaf(ParentRunner.java:325)
	at org.springframework.test.context.junit4.SpringJUnit4ClassRunner.runChild(SpringJUnit4ClassRunner.java:251)
	at org.springframework.test.context.junit4.SpringJUnit4ClassRunner.runChild(SpringJUnit4ClassRunner.java:97)
	at org.junit.runners.ParentRunner$3.run(ParentRunner.java:290)
	at org.junit.runners.ParentRunner$1.schedule(ParentRunner.java:71)
	at org.junit.runners.ParentRunner.runChildren(ParentRunner.java:288)
	at org.junit.runners.ParentRunner.access$000(ParentRunner.java:58)
	at org.junit.runners.ParentRunner$2.evaluate(ParentRunner.java:268)
	at org.springframework.test.context.junit4.statements.RunBeforeTestClassCallbacks.evaluate(RunBeforeTestClassCallbacks.java:61)
	at org.springframework.test.context.junit4.statements.RunAfterTestClassCallbacks.evaluate(RunAfterTestClassCallbacks.java:70)
	at org.junit.runners.ParentRunner.run(ParentRunner.java:363)
	at org.springframework.test.context.junit4.SpringJUnit4ClassRunner.run(SpringJUnit4ClassRunner.java:190)
	at org.junit.runner.JUnitCore.run(JUnitCore.java:137)
	at com.intellij.junit4.JUnit4IdeaTestRunner.startRunnerWithArgs(JUnit4IdeaTestRunner.java:68)
	at com.intellij.rt.execution.junit.IdeaTestRunner$Repeater.startRunnerWithArgs(IdeaTestRunner.java:47)
	at com.intellij.rt.execution.junit.JUnitStarter.prepareStreamsAndStart(JUnitStarter.java:242)
	at com.intellij.rt.execution.junit.JUnitStarter.main(JUnitStarter.java:70)
2018-11-12 14:42:17 [main:2583] - [DEBUG]  Testing a Connection in response to an Exception:
com.mysql.jdbc.exceptions.jdbc4.MySQLSyntaxErrorException: Unknown column 'posId' in 'where clause'
	at sun.reflect.NativeConstructorAccessorImpl.newInstance0(Native Method)
	at sun.reflect.NativeConstructorAccessorImpl.newInstance(NativeConstructorAccessorImpl.java:62)
	at sun.reflect.DelegatingConstructorAccessorImpl.newInstance(DelegatingConstructorAccessorImpl.java:45)
	at java.lang.reflect.Constructor.newInstance(Constructor.java:423)
	at com.mysql.jdbc.Util.handleNewInstance(Util.java:411)
	at com.mysql.jdbc.Util.getInstance(Util.java:386)
	at com.mysql.jdbc.SQLError.createSQLException(SQLError.java:1054)
	at com.mysql.jdbc.MysqlIO.checkErrorPacket(MysqlIO.java:4187)
	at com.mysql.jdbc.MysqlIO.checkErrorPacket(MysqlIO.java:4119)
	at com.mysql.jdbc.MysqlIO.sendCommand(MysqlIO.java:2570)
	at com.mysql.jdbc.MysqlIO.sqlQueryDirect(MysqlIO.java:2731)
	at com.mysql.jdbc.ConnectionImpl.execSQL(ConnectionImpl.java:2815)
	at com.mysql.jdbc.PreparedStatement.executeInternal(PreparedStatement.java:2155)
	at com.mysql.jdbc.PreparedStatement.execute(PreparedStatement.java:1379)
	at com.mchange.v2.c3p0.impl.NewProxyPreparedStatement.execute(NewProxyPreparedStatement.java:989)
	at org.apache.ibatis.executor.statement.PreparedStatementHandler.query(PreparedStatementHandler.java:62)
	at org.apache.ibatis.executor.statement.RoutingStatementHandler.query(RoutingStatementHandler.java:78)
	at org.apache.ibatis.executor.SimpleExecutor.doQuery(SimpleExecutor.java:62)
	at org.apache.ibatis.executor.BaseExecutor.queryFromDatabase(BaseExecutor.java:303)
	at org.apache.ibatis.executor.BaseExecutor.query(BaseExecutor.java:154)
	at org.apache.ibatis.executor.CachingExecutor.query(CachingExecutor.java:102)
	at org.apache.ibatis.executor.CachingExecutor.query(CachingExecutor.java:82)
	at org.apache.ibatis.session.defaults.DefaultSqlSession.selectList(DefaultSqlSession.java:120)
	at org.apache.ibatis.session.defaults.DefaultSqlSession.selectList(DefaultSqlSession.java:113)
	at org.apache.ibatis.session.defaults.DefaultSqlSession.selectOne(DefaultSqlSession.java:73)
	at sun.reflect.NativeMethodAccessorImpl.invoke0(Native Method)
	at sun.reflect.NativeMethodAccessorImpl.invoke(NativeMethodAccessorImpl.java:62)
	at sun.reflect.DelegatingMethodAccessorImpl.invoke(DelegatingMethodAccessorImpl.java:43)
	at java.lang.reflect.Method.invoke(Method.java:498)
	at org.mybatis.spring.SqlSessionTemplate$SqlSessionInterceptor.invoke(SqlSessionTemplate.java:433)
	at com.sun.proxy.$Proxy21.selectOne(Unknown Source)
	at org.mybatis.spring.SqlSessionTemplate.selectOne(SqlSessionTemplate.java:166)
	at org.apache.ibatis.binding.MapperMethod.execute(MapperMethod.java:69)
	at org.apache.ibatis.binding.MapperProxy.invoke(MapperProxy.java:53)
	at com.sun.proxy.$Proxy22.queryPosition(Unknown Source)
	at task6.dao.PositionStuDaoTest.queryPosition(PositionStuDaoTest.java:20)
	at sun.reflect.NativeMethodAccessorImpl.invoke0(Native Method)
	at sun.reflect.NativeMethodAccessorImpl.invoke(NativeMethodAccessorImpl.java:62)
	at sun.reflect.DelegatingMethodAccessorImpl.invoke(DelegatingMethodAccessorImpl.java:43)
	at java.lang.reflect.Method.invoke(Method.java:498)
	at org.junit.runners.model.FrameworkMethod$1.runReflectiveCall(FrameworkMethod.java:50)
	at org.junit.internal.runners.model.ReflectiveCallable.run(ReflectiveCallable.java:12)
	at org.junit.runners.model.FrameworkMethod.invokeExplosively(FrameworkMethod.java:47)
	at org.junit.internal.runners.statements.InvokeMethod.evaluate(InvokeMethod.java:17)
	at org.springframework.test.context.junit4.statements.RunBeforeTestExecutionCallbacks.evaluate(RunBeforeTestExecutionCallbacks.java:73)
	at org.springframework.test.context.junit4.statements.RunAfterTestExecutionCallbacks.evaluate(RunAfterTestExecutionCallbacks.java:83)
	at org.springframework.test.context.junit4.statements.RunBeforeTestMethodCallbacks.evaluate(RunBeforeTestMethodCallbacks.java:75)
	at org.springframework.test.context.junit4.statements.RunAfterTestMethodCallbacks.evaluate(RunAfterTestMethodCallbacks.java:86)
	at org.springframework.test.context.junit4.statements.SpringRepeat.evaluate(SpringRepeat.java:84)
	at org.junit.runners.ParentRunner.runLeaf(ParentRunner.java:325)
	at org.springframework.test.context.junit4.SpringJUnit4ClassRunner.runChild(SpringJUnit4ClassRunner.java:251)
	at org.springframework.test.context.junit4.SpringJUnit4ClassRunner.runChild(SpringJUnit4ClassRunner.java:97)
	at org.junit.runners.ParentRunner$3.run(ParentRunner.java:290)
	at org.junit.runners.ParentRunner$1.schedule(ParentRunner.java:71)
	at org.junit.runners.ParentRunner.runChildren(ParentRunner.java:288)
	at org.junit.runners.ParentRunner.access$000(ParentRunner.java:58)
	at org.junit.runners.ParentRunner$2.evaluate(ParentRunner.java:268)
	at org.springframework.test.context.junit4.statements.RunBeforeTestClassCallbacks.evaluate(RunBeforeTestClassCallbacks.java:61)
	at org.springframework.test.context.junit4.statements.RunAfterTestClassCallbacks.evaluate(RunAfterTestClassCallbacks.java:70)
	at org.junit.runners.ParentRunner.run(ParentRunner.java:363)
	at org.springframework.test.context.junit4.SpringJUnit4ClassRunner.run(SpringJUnit4ClassRunner.java:190)
	at org.junit.runner.JUnitCore.run(JUnitCore.java:137)
	at com.intellij.junit4.JUnit4IdeaTestRunner.startRunnerWithArgs(JUnit4IdeaTestRunner.java:68)
	at com.intellij.rt.execution.junit.IdeaTestRunner$Repeater.startRunnerWithArgs(IdeaTestRunner.java:47)
	at com.intellij.rt.execution.junit.JUnitStarter.prepareStreamsAndStart(JUnitStarter.java:242)
	at com.intellij.rt.execution.junit.JUnitStarter.main(JUnitStarter.java:70)
2018-11-12 14:42:17 [main:2609] - [DEBUG]  trace com.mchange.v2.resourcepool.BasicResourcePool@57eda880 [managed: 2, unused: 1, excluded: 0] (e.g. com.mchange.v2.c3p0.impl.NewPooledConnection@5842e890)
2018-11-12 14:42:17 [com.mchange.v2.async.ThreadPoolAsynchronousRunner$PoolThread-#0:2565] - [DEBUG]  com.mchange.v2.c3p0.impl.C3P0PooledConnectionPool$1PooledConnectionResourcePoolManager@1c533d6d.acquireResource() returning. 
2018-11-12 14:42:17 [com.mchange.v2.async.ThreadPoolAsynchronousRunner$PoolThread-#0:2615] - [DEBUG]  trace com.mchange.v2.resourcepool.BasicResourcePool@57eda880 [managed: 3, unused: 2, excluded: 0] (e.g. com.mchange.v2.c3p0.impl.NewPooledConnection@5842e890)
2018-11-12 14:42:17 [com.mchange.v2.async.ThreadPoolAsynchronousRunner$PoolThread-#0:2615] - [DEBUG]  decremented pending_acquires: 0
2018-11-12 14:42:17 [main:2923] - [DEBUG]  trace com.mchange.v2.resourcepool.BasicResourcePool@57eda880 [managed: 3, unused: 2, excluded: 0] (e.g. com.mchange.v2.c3p0.impl.NewPooledConnection@5842e890)
2018-11-12 14:42:17 [main:2930] - [DEBUG]  trace com.mchange.v2.resourcepool.BasicResourcePool@57eda880 [managed: 3, unused: 2, excluded: 0] (e.g. com.mchange.v2.c3p0.impl.NewPooledConnection@5842e890)
2018-11-12 14:42:48 [main:0] - [INFO]  MLog clients using log4j logging.
2018-11-12 14:42:48 [main:490] - [INFO]  Initializing c3p0-0.9.1 [built 16-January-2007 14:46:42; debug? true; trace: 10]
2018-11-12 14:42:48 [main:515] - [DEBUG]  MBean: com.mchange.v2.c3p0:type=PooledDataSource[1hge1fb9z1uibda1j9pkjh|2fb3536e] registered.
2018-11-12 14:42:49 [main:1139] - [DEBUG]  Logging Provider: org.jboss.logging.Log4jLoggerProvider
2018-11-12 14:42:49 [main:1139] - [INFO]  HV000001: Hibernate Validator 6.0.10.Final
2018-11-12 14:42:49 [main:1148] - [DEBUG]  Cannot find javax.persistence.Persistence on classpath. Assuming non JPA 2 environment. All properties will per default be traversable.
2018-11-12 14:42:49 [main:1462] - [DEBUG]  incremented pending_acquires: 1
2018-11-12 14:42:49 [main:1462] - [DEBUG]  incremented pending_acquires: 2
2018-11-12 14:42:49 [main:1462] - [DEBUG]  incremented pending_acquires: 3
2018-11-12 14:42:49 [main:1462] - [DEBUG]  com.mchange.v2.resourcepool.BasicResourcePool@57eda880 config: [start -> 3; min -> 3; max -> 15; inc -> 3; num_acq_attempts -> 30; acq_attempt_delay -> 1000; check_idle_resources_delay -> 0; mox_resource_age -> 0; max_idle_time -> 0; excess_max_idle_time -> 0; destroy_unreturned_resc_time -> 0; expiration_enforcement_delay -> 0; break_on_acquisition_failure -> false; debug_store_checkout_exceptions -> false]
2018-11-12 14:42:49 [main:1463] - [INFO]  Initializing c3p0 pool... com.mchange.v2.c3p0.ComboPooledDataSource [ acquireIncrement -> 3, acquireRetryAttempts -> 30, acquireRetryDelay -> 1000, autoCommitOnClose -> false, automaticTestTable -> null, breakAfterAcquireFailure -> false, checkoutTimeout -> 0, connectionCustomizerClassName -> null, connectionTesterClassName -> com.mchange.v2.c3p0.impl.DefaultConnectionTester, dataSourceName -> 1hge1fb9z1uibda1j9pkjh|2fb3536e, debugUnreturnedConnectionStackTraces -> false, description -> null, driverClass -> com.mysql.jdbc.Driver, factoryClassLocation -> null, forceIgnoreUnresolvedTransactions -> false, identityToken -> 1hge1fb9z1uibda1j9pkjh|2fb3536e, idleConnectionTestPeriod -> 0, initialPoolSize -> 3, jdbcUrl -> jdbc:mysql://localhost:3306/task4?characterEncoding=utf8, lastAcquisitionFailureDefaultUser -> null, maxAdministrativeTaskTime -> 0, maxConnectionAge -> 0, maxIdleTime -> 0, maxIdleTimeExcessConnections -> 0, maxPoolSize -> 15, maxStatements -> 0, maxStatementsPerConnection -> 0, minPoolSize -> 3, numHelperThreads -> 3, numThreadsAwaitingCheckoutDefaultUser -> 0, preferredTestQuery -> null, properties -> {user=******, password=******}, propertyCycle -> 0, testConnectionOnCheckin -> false, testConnectionOnCheckout -> false, unreturnedConnectionTimeout -> 0, usesTraditionalReflectiveProxies -> false ]
2018-11-12 14:42:49 [main:1463] - [DEBUG]  acquire test -- pool size: 0; target_pool_size: 3; desired target? 1
2018-11-12 14:42:49 [main:1463] - [DEBUG]  awaitAvailable(): [unknown]
2018-11-12 14:42:49 [main:1463] - [DEBUG]  trace com.mchange.v2.resourcepool.BasicResourcePool@57eda880 [managed: 0, unused: 0, excluded: 0]
2018-11-12 14:42:50 [com.mchange.v2.async.ThreadPoolAsynchronousRunner$PoolThread-#1:1715] - [DEBUG]  com.mchange.v2.c3p0.impl.C3P0PooledConnectionPool$1PooledConnectionResourcePoolManager@51a997a3.acquireResource() returning. 
2018-11-12 14:42:50 [com.mchange.v2.async.ThreadPoolAsynchronousRunner$PoolThread-#0:1716] - [DEBUG]  com.mchange.v2.c3p0.impl.C3P0PooledConnectionPool$1PooledConnectionResourcePoolManager@51a997a3.acquireResource() returning. 
2018-11-12 14:42:50 [com.mchange.v2.async.ThreadPoolAsynchronousRunner$PoolThread-#1:1716] - [DEBUG]  trace com.mchange.v2.resourcepool.BasicResourcePool@57eda880 [managed: 1, unused: 1, excluded: 0]
2018-11-12 14:42:50 [com.mchange.v2.async.ThreadPoolAsynchronousRunner$PoolThread-#1:1719] - [DEBUG]  decremented pending_acquires: 2
2018-11-12 14:42:50 [com.mchange.v2.async.ThreadPoolAsynchronousRunner$PoolThread-#0:1720] - [DEBUG]  trace com.mchange.v2.resourcepool.BasicResourcePool@57eda880 [managed: 2, unused: 2, excluded: 0] (e.g. com.mchange.v2.c3p0.impl.NewPooledConnection@c6ad00b)
2018-11-12 14:42:50 [com.mchange.v2.async.ThreadPoolAsynchronousRunner$PoolThread-#0:1720] - [DEBUG]  decremented pending_acquires: 1
2018-11-12 14:42:50 [main:1720] - [DEBUG]  trace com.mchange.v2.resourcepool.BasicResourcePool@57eda880 [managed: 2, unused: 1, excluded: 0] (e.g. com.mchange.v2.c3p0.impl.NewPooledConnection@c6ad00b)
2018-11-12 14:42:50 [com.mchange.v2.async.ThreadPoolAsynchronousRunner$PoolThread-#2:1720] - [DEBUG]  com.mchange.v2.c3p0.impl.C3P0PooledConnectionPool$1PooledConnectionResourcePoolManager@51a997a3.acquireResource() returning. 
2018-11-12 14:42:50 [com.mchange.v2.async.ThreadPoolAsynchronousRunner$PoolThread-#2:1720] - [DEBUG]  trace com.mchange.v2.resourcepool.BasicResourcePool@57eda880 [managed: 3, unused: 2, excluded: 0] (e.g. com.mchange.v2.c3p0.impl.NewPooledConnection@c6ad00b)
2018-11-12 14:42:50 [com.mchange.v2.async.ThreadPoolAsynchronousRunner$PoolThread-#2:1720] - [DEBUG]  decremented pending_acquires: 0
2018-11-12 14:42:50 [main:1754] - [DEBUG]  trace com.mchange.v2.resourcepool.BasicResourcePool@57eda880 [managed: 3, unused: 2, excluded: 0] (e.g. com.mchange.v2.c3p0.impl.NewPooledConnection@c6ad00b)
