2018-04-14 20:53:36 LogFactory.java DEBUG Logging initialized using 'class org.apache.ibatis.logging.log4j.Log4jImpl' adapter.
2018-04-14 20:53:36 PooledDataSource.java DEBUG PooledDataSource forcefully closed/removed all connections.
2018-04-14 20:53:36 PooledDataSource.java DEBUG PooledDataSource forcefully closed/removed all connections.
2018-04-14 20:53:36 PooledDataSource.java DEBUG PooledDataSource forcefully closed/removed all connections.
2018-04-14 20:53:36 PooledDataSource.java DEBUG PooledDataSource forcefully closed/removed all connections.
2018-04-14 20:53:36 JdbcTransaction.java DEBUG Opening JDBC Connection
2018-04-14 20:53:37 PooledDataSource.java DEBUG Created connection 1414147750.
2018-04-14 20:53:37 JdbcTransaction.java DEBUG Setting autocommit to false on JDBC Connection [com.mysql.jdbc.JDBC4Connection@544a2ea6]
2018-04-14 20:53:37 BaseJdbcLogger.java DEBUG ==>  Preparing: SELECT * FROM student WHERE s_id=? 
2018-04-14 20:53:37 BaseJdbcLogger.java DEBUG ==> Parameters: 19(Long)
2018-04-14 20:53:37 BaseJdbcLogger.java DEBUG <==      Total: 1
2018-04-14 20:53:37 JdbcTransaction.java DEBUG Resetting autocommit to true on JDBC Connection [com.mysql.jdbc.JDBC4Connection@544a2ea6]
2018-04-14 20:53:37 JdbcTransaction.java DEBUG Closing JDBC Connection [com.mysql.jdbc.JDBC4Connection@544a2ea6]
2018-04-14 20:53:37 PooledDataSource.java DEBUG Returned connection 1414147750 to pool.
2018-04-14 20:54:58 LogFactory.java DEBUG Logging initialized using 'class org.apache.ibatis.logging.log4j.Log4jImpl' adapter.
2018-04-14 20:54:59 PooledDataSource.java DEBUG PooledDataSource forcefully closed/removed all connections.
2018-04-14 20:54:59 PooledDataSource.java DEBUG PooledDataSource forcefully closed/removed all connections.
2018-04-14 20:54:59 PooledDataSource.java DEBUG PooledDataSource forcefully closed/removed all connections.
2018-04-14 20:54:59 PooledDataSource.java DEBUG PooledDataSource forcefully closed/removed all connections.
2018-04-14 20:54:59 JdbcTransaction.java DEBUG Opening JDBC Connection
2018-04-14 20:54:59 PooledDataSource.java DEBUG Created connection 1414147750.
2018-04-14 20:54:59 JdbcTransaction.java DEBUG Setting autocommit to false on JDBC Connection [com.mysql.jdbc.JDBC4Connection@544a2ea6]
2018-04-14 20:54:59 BaseJdbcLogger.java DEBUG ==>  Preparing: SELECT * FROM student WHERE s_id=? 
2018-04-14 20:54:59 BaseJdbcLogger.java DEBUG ==> Parameters: 19(Long)
2018-04-14 20:54:59 BaseJdbcLogger.java DEBUG <==      Total: 1
2018-04-14 20:54:59 JdbcTransaction.java DEBUG Resetting autocommit to true on JDBC Connection [com.mysql.jdbc.JDBC4Connection@544a2ea6]
2018-04-14 20:54:59 JdbcTransaction.java DEBUG Closing JDBC Connection [com.mysql.jdbc.JDBC4Connection@544a2ea6]
2018-04-14 20:54:59 PooledDataSource.java DEBUG Returned connection 1414147750 to pool.
2018-04-14 20:58:22 LogFactory.java DEBUG Logging initialized using 'class org.apache.ibatis.logging.log4j.Log4jImpl' adapter.
2018-04-14 20:58:22 PooledDataSource.java DEBUG PooledDataSource forcefully closed/removed all connections.
2018-04-14 20:58:22 PooledDataSource.java DEBUG PooledDataSource forcefully closed/removed all connections.
2018-04-14 20:58:22 PooledDataSource.java DEBUG PooledDataSource forcefully closed/removed all connections.
2018-04-14 20:58:22 PooledDataSource.java DEBUG PooledDataSource forcefully closed/removed all connections.
2018-04-14 20:58:22 JdbcTransaction.java DEBUG Opening JDBC Connection
2018-04-14 20:58:23 PooledDataSource.java DEBUG Created connection 1337344609.
2018-04-14 20:58:23 JdbcTransaction.java DEBUG Setting autocommit to false on JDBC Connection [com.mysql.jdbc.JDBC4Connection@4fb64261]
2018-04-14 20:58:23 BaseJdbcLogger.java DEBUG ==>  Preparing: DELETE FROM student WHERE s_id=? 
2018-04-14 20:58:23 BaseJdbcLogger.java DEBUG ==> Parameters: 20(Long)
2018-04-14 20:58:23 BaseJdbcLogger.java DEBUG <==    Updates: 0
2018-04-14 20:58:23 JdbcTransaction.java DEBUG Committing JDBC Connection [com.mysql.jdbc.JDBC4Connection@4fb64261]
2018-04-14 20:58:23 JdbcTransaction.java DEBUG Resetting autocommit to true on JDBC Connection [com.mysql.jdbc.JDBC4Connection@4fb64261]
2018-04-14 20:58:23 JdbcTransaction.java DEBUG Closing JDBC Connection [com.mysql.jdbc.JDBC4Connection@4fb64261]
2018-04-14 20:58:23 PooledDataSource.java DEBUG Returned connection 1337344609 to pool.
2018-04-14 21:01:08 LogFactory.java DEBUG Logging initialized using 'class org.apache.ibatis.logging.log4j.Log4jImpl' adapter.
2018-04-14 21:01:08 PooledDataSource.java DEBUG PooledDataSource forcefully closed/removed all connections.
2018-04-14 21:01:08 PooledDataSource.java DEBUG PooledDataSource forcefully closed/removed all connections.
2018-04-14 21:01:08 PooledDataSource.java DEBUG PooledDataSource forcefully closed/removed all connections.
2018-04-14 21:01:08 PooledDataSource.java DEBUG PooledDataSource forcefully closed/removed all connections.
2018-04-14 21:01:08 JdbcTransaction.java DEBUG Opening JDBC Connection
2018-04-14 21:01:09 PooledDataSource.java DEBUG Created connection 1337344609.
2018-04-14 21:01:09 JdbcTransaction.java DEBUG Setting autocommit to false on JDBC Connection [com.mysql.jdbc.JDBC4Connection@4fb64261]
2018-04-14 21:01:09 BaseJdbcLogger.java DEBUG ==>  Preparing: DELETE FROM student WHERE s_id=? 
2018-04-14 21:01:09 BaseJdbcLogger.java DEBUG ==> Parameters: 20(Long)
2018-04-14 21:01:09 BaseJdbcLogger.java DEBUG <==    Updates: 0
2018-04-14 21:01:09 JdbcTransaction.java DEBUG Committing JDBC Connection [com.mysql.jdbc.JDBC4Connection@4fb64261]
2018-04-14 21:01:09 JdbcTransaction.java DEBUG Resetting autocommit to true on JDBC Connection [com.mysql.jdbc.JDBC4Connection@4fb64261]
2018-04-14 21:01:09 JdbcTransaction.java DEBUG Closing JDBC Connection [com.mysql.jdbc.JDBC4Connection@4fb64261]
2018-04-14 21:01:09 PooledDataSource.java DEBUG Returned connection 1337344609 to pool.
2018-04-14 21:01:29 LogFactory.java DEBUG Logging initialized using 'class org.apache.ibatis.logging.log4j.Log4jImpl' adapter.
2018-04-14 21:01:29 PooledDataSource.java DEBUG PooledDataSource forcefully closed/removed all connections.
2018-04-14 21:01:29 PooledDataSource.java DEBUG PooledDataSource forcefully closed/removed all connections.
2018-04-14 21:01:29 PooledDataSource.java DEBUG PooledDataSource forcefully closed/removed all connections.
2018-04-14 21:01:29 PooledDataSource.java DEBUG PooledDataSource forcefully closed/removed all connections.
2018-04-14 21:01:29 JdbcTransaction.java DEBUG Opening JDBC Connection
2018-04-14 21:01:30 PooledDataSource.java DEBUG Created connection 1337344609.
2018-04-14 21:01:30 JdbcTransaction.java DEBUG Setting autocommit to false on JDBC Connection [com.mysql.jdbc.JDBC4Connection@4fb64261]
2018-04-14 21:01:30 BaseJdbcLogger.java DEBUG ==>  Preparing: DELETE FROM student WHERE s_id=? 
2018-04-14 21:01:30 BaseJdbcLogger.java DEBUG ==> Parameters: 20(Long)
2018-04-14 21:01:30 BaseJdbcLogger.java DEBUG <==    Updates: 0
2018-04-14 21:01:30 JdbcTransaction.java DEBUG Committing JDBC Connection [com.mysql.jdbc.JDBC4Connection@4fb64261]
2018-04-14 21:01:30 JdbcTransaction.java DEBUG Resetting autocommit to true on JDBC Connection [com.mysql.jdbc.JDBC4Connection@4fb64261]
2018-04-14 21:01:30 JdbcTransaction.java DEBUG Closing JDBC Connection [com.mysql.jdbc.JDBC4Connection@4fb64261]
2018-04-14 21:01:30 PooledDataSource.java DEBUG Returned connection 1337344609 to pool.
2018-04-14 21:01:51 LogFactory.java DEBUG Logging initialized using 'class org.apache.ibatis.logging.log4j.Log4jImpl' adapter.
2018-04-14 21:01:51 PooledDataSource.java DEBUG PooledDataSource forcefully closed/removed all connections.
2018-04-14 21:01:51 PooledDataSource.java DEBUG PooledDataSource forcefully closed/removed all connections.
2018-04-14 21:01:51 PooledDataSource.java DEBUG PooledDataSource forcefully closed/removed all connections.
2018-04-14 21:01:51 PooledDataSource.java DEBUG PooledDataSource forcefully closed/removed all connections.
2018-04-14 21:01:52 JdbcTransaction.java DEBUG Opening JDBC Connection
2018-04-14 21:01:52 PooledDataSource.java DEBUG Created connection 1337344609.
2018-04-14 21:01:52 JdbcTransaction.java DEBUG Setting autocommit to false on JDBC Connection [com.mysql.jdbc.JDBC4Connection@4fb64261]
2018-04-14 21:01:52 BaseJdbcLogger.java DEBUG ==>  Preparing: INSERT INTO student(s_name,s_qq,s_type,s_num,create_at,update_at) VALUES (?,?,?,?,?,?) 
2018-04-14 21:01:52 BaseJdbcLogger.java DEBUG ==> Parameters: 李龙(String), 26262637(Integer), OP(String), 587(Integer), 1523710912088(Long), 1523710912088(Long)
2018-04-14 21:01:52 BaseJdbcLogger.java DEBUG <==    Updates: 1
2018-04-14 21:01:52 BaseJdbcLogger.java DEBUG ==>  Preparing: SELECT LAST_INSERT_ID() 
2018-04-14 21:01:52 BaseJdbcLogger.java DEBUG ==> Parameters: 
2018-04-14 21:01:52 BaseJdbcLogger.java DEBUG <==      Total: 1
2018-04-14 21:01:52 JdbcTransaction.java DEBUG Committing JDBC Connection [com.mysql.jdbc.JDBC4Connection@4fb64261]
2018-04-14 21:01:52 JdbcTransaction.java DEBUG Resetting autocommit to true on JDBC Connection [com.mysql.jdbc.JDBC4Connection@4fb64261]
2018-04-14 21:01:52 JdbcTransaction.java DEBUG Closing JDBC Connection [com.mysql.jdbc.JDBC4Connection@4fb64261]
2018-04-14 21:01:52 PooledDataSource.java DEBUG Returned connection 1337344609 to pool.
2018-04-14 21:02:05 LogFactory.java DEBUG Logging initialized using 'class org.apache.ibatis.logging.log4j.Log4jImpl' adapter.
2018-04-14 21:02:05 PooledDataSource.java DEBUG PooledDataSource forcefully closed/removed all connections.
2018-04-14 21:02:05 PooledDataSource.java DEBUG PooledDataSource forcefully closed/removed all connections.
2018-04-14 21:02:05 PooledDataSource.java DEBUG PooledDataSource forcefully closed/removed all connections.
2018-04-14 21:02:05 PooledDataSource.java DEBUG PooledDataSource forcefully closed/removed all connections.
2018-04-14 21:02:05 JdbcTransaction.java DEBUG Opening JDBC Connection
2018-04-14 21:02:06 PooledDataSource.java DEBUG Created connection 1337344609.
2018-04-14 21:02:06 JdbcTransaction.java DEBUG Setting autocommit to false on JDBC Connection [com.mysql.jdbc.JDBC4Connection@4fb64261]
2018-04-14 21:02:06 BaseJdbcLogger.java DEBUG ==>  Preparing: DELETE FROM student WHERE s_id=? 
2018-04-14 21:02:06 BaseJdbcLogger.java DEBUG ==> Parameters: 26(Long)
2018-04-14 21:02:06 BaseJdbcLogger.java DEBUG <==    Updates: 1
2018-04-14 21:02:06 JdbcTransaction.java DEBUG Committing JDBC Connection [com.mysql.jdbc.JDBC4Connection@4fb64261]
2018-04-14 21:02:06 JdbcTransaction.java DEBUG Resetting autocommit to true on JDBC Connection [com.mysql.jdbc.JDBC4Connection@4fb64261]
2018-04-14 21:02:06 JdbcTransaction.java DEBUG Closing JDBC Connection [com.mysql.jdbc.JDBC4Connection@4fb64261]
2018-04-14 21:02:06 PooledDataSource.java DEBUG Returned connection 1337344609 to pool.
2018-04-14 21:03:41 LogFactory.java DEBUG Logging initialized using 'class org.apache.ibatis.logging.log4j.Log4jImpl' adapter.
2018-04-14 21:03:41 PooledDataSource.java DEBUG PooledDataSource forcefully closed/removed all connections.
2018-04-14 21:03:41 PooledDataSource.java DEBUG PooledDataSource forcefully closed/removed all connections.
2018-04-14 21:03:41 PooledDataSource.java DEBUG PooledDataSource forcefully closed/removed all connections.
2018-04-14 21:03:41 PooledDataSource.java DEBUG PooledDataSource forcefully closed/removed all connections.
2018-04-14 21:03:42 JdbcTransaction.java DEBUG Opening JDBC Connection
2018-04-14 21:03:42 PooledDataSource.java DEBUG Created connection 1337344609.
2018-04-14 21:03:42 JdbcTransaction.java DEBUG Setting autocommit to false on JDBC Connection [com.mysql.jdbc.JDBC4Connection@4fb64261]
2018-04-14 21:03:42 BaseJdbcLogger.java DEBUG ==>  Preparing: UPDATE student SET s_name=?,s_qq=?,s_type=?, s_num=?,update_at=? WHERE s_id=? 
2018-04-14 21:03:42 BaseJdbcLogger.java DEBUG ==> Parameters: 王梅梅(String), 87342978(Integer), UI(String), 161(Integer), 1523711022118(Long), 19(Long)
2018-04-14 21:03:42 BaseJdbcLogger.java DEBUG <==    Updates: 1
2018-04-14 21:03:42 JdbcTransaction.java DEBUG Committing JDBC Connection [com.mysql.jdbc.JDBC4Connection@4fb64261]
2018-04-14 21:03:42 JdbcTransaction.java DEBUG Resetting autocommit to true on JDBC Connection [com.mysql.jdbc.JDBC4Connection@4fb64261]
2018-04-14 21:03:42 JdbcTransaction.java DEBUG Closing JDBC Connection [com.mysql.jdbc.JDBC4Connection@4fb64261]
2018-04-14 21:03:42 PooledDataSource.java DEBUG Returned connection 1337344609 to pool.
2018-04-14 21:11:36 LogFactory.java DEBUG Logging initialized using 'class org.apache.ibatis.logging.log4j.Log4jImpl' adapter.
2018-04-14 21:11:37 PooledDataSource.java DEBUG PooledDataSource forcefully closed/removed all connections.
2018-04-14 21:11:37 PooledDataSource.java DEBUG PooledDataSource forcefully closed/removed all connections.
2018-04-14 21:11:37 PooledDataSource.java DEBUG PooledDataSource forcefully closed/removed all connections.
2018-04-14 21:11:37 PooledDataSource.java DEBUG PooledDataSource forcefully closed/removed all connections.
2018-04-14 21:11:37 JdbcTransaction.java DEBUG Opening JDBC Connection
2018-04-14 21:11:37 PooledDataSource.java DEBUG Created connection 1414147750.
2018-04-14 21:11:37 JdbcTransaction.java DEBUG Setting autocommit to false on JDBC Connection [com.mysql.jdbc.JDBC4Connection@544a2ea6]
2018-04-14 21:11:37 BaseJdbcLogger.java DEBUG ==>  Preparing: SELECT * FROM studnet WHERE s_name=? AND s_num=? 
2018-04-14 21:11:37 BaseJdbcLogger.java DEBUG ==> Parameters: 李龙(String), 587(Integer)
2018-04-14 21:17:40 LogFactory.java DEBUG Logging initialized using 'class org.apache.ibatis.logging.log4j.Log4jImpl' adapter.
2018-04-14 21:17:40 PooledDataSource.java DEBUG PooledDataSource forcefully closed/removed all connections.
2018-04-14 21:17:40 PooledDataSource.java DEBUG PooledDataSource forcefully closed/removed all connections.
2018-04-14 21:17:40 PooledDataSource.java DEBUG PooledDataSource forcefully closed/removed all connections.
2018-04-14 21:17:40 PooledDataSource.java DEBUG PooledDataSource forcefully closed/removed all connections.
2018-04-14 21:27:43 LogFactory.java DEBUG Logging initialized using 'class org.apache.ibatis.logging.log4j.Log4jImpl' adapter.
2018-04-14 21:27:44 PooledDataSource.java DEBUG PooledDataSource forcefully closed/removed all connections.
2018-04-14 21:27:44 PooledDataSource.java DEBUG PooledDataSource forcefully closed/removed all connections.
2018-04-14 21:27:44 PooledDataSource.java DEBUG PooledDataSource forcefully closed/removed all connections.
2018-04-14 21:27:44 PooledDataSource.java DEBUG PooledDataSource forcefully closed/removed all connections.
2018-04-15 10:24:31 LogFactory.java DEBUG Logging initialized using 'class org.apache.ibatis.logging.log4j.Log4jImpl' adapter.
2018-04-15 10:24:32 PooledDataSource.java DEBUG PooledDataSource forcefully closed/removed all connections.
2018-04-15 10:24:32 PooledDataSource.java DEBUG PooledDataSource forcefully closed/removed all connections.
2018-04-15 10:24:32 PooledDataSource.java DEBUG PooledDataSource forcefully closed/removed all connections.
2018-04-15 10:24:32 PooledDataSource.java DEBUG PooledDataSource forcefully closed/removed all connections.
2018-04-15 10:25:07 LogFactory.java DEBUG Logging initialized using 'class org.apache.ibatis.logging.log4j.Log4jImpl' adapter.
2018-04-15 10:25:07 PooledDataSource.java DEBUG PooledDataSource forcefully closed/removed all connections.
2018-04-15 10:25:07 PooledDataSource.java DEBUG PooledDataSource forcefully closed/removed all connections.
2018-04-15 10:25:07 PooledDataSource.java DEBUG PooledDataSource forcefully closed/removed all connections.
2018-04-15 10:25:07 PooledDataSource.java DEBUG PooledDataSource forcefully closed/removed all connections.
2018-04-15 10:26:15 LogFactory.java DEBUG Logging initialized using 'class org.apache.ibatis.logging.log4j.Log4jImpl' adapter.
2018-04-15 10:26:15 PooledDataSource.java DEBUG PooledDataSource forcefully closed/removed all connections.
2018-04-15 10:26:15 PooledDataSource.java DEBUG PooledDataSource forcefully closed/removed all connections.
2018-04-15 10:26:15 PooledDataSource.java DEBUG PooledDataSource forcefully closed/removed all connections.
2018-04-15 10:26:15 PooledDataSource.java DEBUG PooledDataSource forcefully closed/removed all connections.
2018-04-15 10:26:15 JdbcTransaction.java DEBUG Opening JDBC Connection
2018-04-15 10:26:16 PooledDataSource.java DEBUG Created connection 1337344609.
2018-04-15 10:26:16 JdbcTransaction.java DEBUG Setting autocommit to false on JDBC Connection [com.mysql.jdbc.JDBC4Connection@4fb64261]
2018-04-15 10:26:16 BaseJdbcLogger.java DEBUG ==>  Preparing: DELETE FROM student WHERE s_id=? 
2018-04-15 10:26:16 BaseJdbcLogger.java DEBUG ==> Parameters: 26(Long)
2018-04-15 10:26:16 BaseJdbcLogger.java DEBUG <==    Updates: 0
2018-04-15 10:26:16 JdbcTransaction.java DEBUG Committing JDBC Connection [com.mysql.jdbc.JDBC4Connection@4fb64261]
2018-04-15 10:26:16 JdbcTransaction.java DEBUG Resetting autocommit to true on JDBC Connection [com.mysql.jdbc.JDBC4Connection@4fb64261]
2018-04-15 10:26:16 JdbcTransaction.java DEBUG Closing JDBC Connection [com.mysql.jdbc.JDBC4Connection@4fb64261]
2018-04-15 10:26:16 PooledDataSource.java DEBUG Returned connection 1337344609 to pool.
2018-04-15 10:30:25 LogFactory.java DEBUG Logging initialized using 'class org.apache.ibatis.logging.log4j.Log4jImpl' adapter.
2018-04-15 10:30:25 PooledDataSource.java DEBUG PooledDataSource forcefully closed/removed all connections.
2018-04-15 10:30:25 PooledDataSource.java DEBUG PooledDataSource forcefully closed/removed all connections.
2018-04-15 10:30:25 PooledDataSource.java DEBUG PooledDataSource forcefully closed/removed all connections.
2018-04-15 10:30:25 PooledDataSource.java DEBUG PooledDataSource forcefully closed/removed all connections.
2018-04-15 10:30:25 JdbcTransaction.java DEBUG Opening JDBC Connection
2018-04-15 10:30:26 PooledDataSource.java DEBUG Created connection 1337344609.
2018-04-15 10:30:26 JdbcTransaction.java DEBUG Setting autocommit to false on JDBC Connection [com.mysql.jdbc.JDBC4Connection@4fb64261]
2018-04-15 10:30:26 BaseJdbcLogger.java DEBUG ==>  Preparing: DELETE FROM student WHERE s_id=? 
2018-04-15 10:30:26 BaseJdbcLogger.java DEBUG ==> Parameters: 26(Long)
2018-04-15 10:30:26 BaseJdbcLogger.java DEBUG <==    Updates: 0
2018-04-15 10:30:26 JdbcTransaction.java DEBUG Committing JDBC Connection [com.mysql.jdbc.JDBC4Connection@4fb64261]
2018-04-15 10:30:26 StudentMapperTest.java INFO false
2018-04-15 10:30:26 JdbcTransaction.java DEBUG Resetting autocommit to true on JDBC Connection [com.mysql.jdbc.JDBC4Connection@4fb64261]
2018-04-15 10:30:26 JdbcTransaction.java DEBUG Closing JDBC Connection [com.mysql.jdbc.JDBC4Connection@4fb64261]
2018-04-15 10:30:26 PooledDataSource.java DEBUG Returned connection 1337344609 to pool.
2018-04-15 10:30:49 LogFactory.java DEBUG Logging initialized using 'class org.apache.ibatis.logging.log4j.Log4jImpl' adapter.
2018-04-15 10:30:49 PooledDataSource.java DEBUG PooledDataSource forcefully closed/removed all connections.
2018-04-15 10:30:49 PooledDataSource.java DEBUG PooledDataSource forcefully closed/removed all connections.
2018-04-15 10:30:49 PooledDataSource.java DEBUG PooledDataSource forcefully closed/removed all connections.
2018-04-15 10:30:49 PooledDataSource.java DEBUG PooledDataSource forcefully closed/removed all connections.
2018-04-15 10:30:49 JdbcTransaction.java DEBUG Opening JDBC Connection
2018-04-15 10:30:50 PooledDataSource.java DEBUG Created connection 1337344609.
2018-04-15 10:30:50 JdbcTransaction.java DEBUG Setting autocommit to false on JDBC Connection [com.mysql.jdbc.JDBC4Connection@4fb64261]
2018-04-15 10:30:50 BaseJdbcLogger.java DEBUG ==>  Preparing: DELETE FROM student WHERE s_id=? 
2018-04-15 10:30:50 BaseJdbcLogger.java DEBUG ==> Parameters: 26(Long)
2018-04-15 10:30:50 BaseJdbcLogger.java DEBUG <==    Updates: 0
2018-04-15 10:30:50 JdbcTransaction.java DEBUG Committing JDBC Connection [com.mysql.jdbc.JDBC4Connection@4fb64261]
2018-04-15 10:30:50 StudentMapperTest.java INFO false
2018-04-15 10:30:50 JdbcTransaction.java DEBUG Resetting autocommit to true on JDBC Connection [com.mysql.jdbc.JDBC4Connection@4fb64261]
2018-04-15 10:30:50 JdbcTransaction.java DEBUG Closing JDBC Connection [com.mysql.jdbc.JDBC4Connection@4fb64261]
2018-04-15 10:30:50 PooledDataSource.java DEBUG Returned connection 1337344609 to pool.
2018-04-15 10:31:12 LogFactory.java DEBUG Logging initialized using 'class org.apache.ibatis.logging.log4j.Log4jImpl' adapter.
2018-04-15 10:31:12 PooledDataSource.java DEBUG PooledDataSource forcefully closed/removed all connections.
2018-04-15 10:31:12 PooledDataSource.java DEBUG PooledDataSource forcefully closed/removed all connections.
2018-04-15 10:31:12 PooledDataSource.java DEBUG PooledDataSource forcefully closed/removed all connections.
2018-04-15 10:31:12 PooledDataSource.java DEBUG PooledDataSource forcefully closed/removed all connections.
2018-04-15 10:31:12 JdbcTransaction.java DEBUG Opening JDBC Connection
2018-04-15 10:31:13 PooledDataSource.java DEBUG Created connection 1337344609.
2018-04-15 10:31:13 JdbcTransaction.java DEBUG Setting autocommit to false on JDBC Connection [com.mysql.jdbc.JDBC4Connection@4fb64261]
2018-04-15 10:31:13 BaseJdbcLogger.java DEBUG ==>  Preparing: DELETE FROM student WHERE s_id=? 
2018-04-15 10:31:13 BaseJdbcLogger.java DEBUG ==> Parameters: 26(Long)
2018-04-15 10:31:13 BaseJdbcLogger.java DEBUG <==    Updates: 0
2018-04-15 10:31:13 JdbcTransaction.java DEBUG Committing JDBC Connection [com.mysql.jdbc.JDBC4Connection@4fb64261]
2018-04-15 10:31:13 JdbcTransaction.java DEBUG Resetting autocommit to true on JDBC Connection [com.mysql.jdbc.JDBC4Connection@4fb64261]
2018-04-15 10:31:13 JdbcTransaction.java DEBUG Closing JDBC Connection [com.mysql.jdbc.JDBC4Connection@4fb64261]
2018-04-15 10:31:13 PooledDataSource.java DEBUG Returned connection 1337344609 to pool.
2018-04-15 10:31:36 LogFactory.java DEBUG Logging initialized using 'class org.apache.ibatis.logging.log4j.Log4jImpl' adapter.
2018-04-15 10:31:36 PooledDataSource.java DEBUG PooledDataSource forcefully closed/removed all connections.
2018-04-15 10:31:36 PooledDataSource.java DEBUG PooledDataSource forcefully closed/removed all connections.
2018-04-15 10:31:36 PooledDataSource.java DEBUG PooledDataSource forcefully closed/removed all connections.
2018-04-15 10:31:36 PooledDataSource.java DEBUG PooledDataSource forcefully closed/removed all connections.
2018-04-15 10:31:36 JdbcTransaction.java DEBUG Opening JDBC Connection
2018-04-15 10:31:37 PooledDataSource.java DEBUG Created connection 1337344609.
2018-04-15 10:31:37 JdbcTransaction.java DEBUG Setting autocommit to false on JDBC Connection [com.mysql.jdbc.JDBC4Connection@4fb64261]
2018-04-15 10:31:37 BaseJdbcLogger.java DEBUG ==>  Preparing: DELETE FROM student WHERE s_id=? 
2018-04-15 10:31:37 BaseJdbcLogger.java DEBUG ==> Parameters: 26(Long)
2018-04-15 10:31:37 BaseJdbcLogger.java DEBUG <==    Updates: 0
2018-04-15 10:31:37 JdbcTransaction.java DEBUG Committing JDBC Connection [com.mysql.jdbc.JDBC4Connection@4fb64261]
2018-04-15 10:31:37 JdbcTransaction.java DEBUG Resetting autocommit to true on JDBC Connection [com.mysql.jdbc.JDBC4Connection@4fb64261]
2018-04-15 10:31:37 JdbcTransaction.java DEBUG Closing JDBC Connection [com.mysql.jdbc.JDBC4Connection@4fb64261]
2018-04-15 10:31:37 PooledDataSource.java DEBUG Returned connection 1337344609 to pool.
2018-04-15 10:33:08 LogFactory.java DEBUG Logging initialized using 'class org.apache.ibatis.logging.log4j.Log4jImpl' adapter.
2018-04-15 10:33:08 PooledDataSource.java DEBUG PooledDataSource forcefully closed/removed all connections.
2018-04-15 10:33:08 PooledDataSource.java DEBUG PooledDataSource forcefully closed/removed all connections.
2018-04-15 10:33:08 PooledDataSource.java DEBUG PooledDataSource forcefully closed/removed all connections.
2018-04-15 10:33:08 PooledDataSource.java DEBUG PooledDataSource forcefully closed/removed all connections.
2018-04-15 10:33:08 JdbcTransaction.java DEBUG Opening JDBC Connection
2018-04-15 10:33:09 PooledDataSource.java DEBUG Created connection 1337344609.
2018-04-15 10:33:09 JdbcTransaction.java DEBUG Setting autocommit to false on JDBC Connection [com.mysql.jdbc.JDBC4Connection@4fb64261]
2018-04-15 10:33:09 BaseJdbcLogger.java DEBUG ==>  Preparing: DELETE FROM student WHERE s_id=? 
2018-04-15 10:33:09 BaseJdbcLogger.java DEBUG ==> Parameters: 26(Long)
2018-04-15 10:33:09 BaseJdbcLogger.java DEBUG <==    Updates: 0
2018-04-15 10:33:09 JdbcTransaction.java DEBUG Committing JDBC Connection [com.mysql.jdbc.JDBC4Connection@4fb64261]
2018-04-15 10:33:09 StudentMapperTest.java INFO false
2018-04-15 10:33:09 JdbcTransaction.java DEBUG Resetting autocommit to true on JDBC Connection [com.mysql.jdbc.JDBC4Connection@4fb64261]
2018-04-15 10:33:09 JdbcTransaction.java DEBUG Closing JDBC Connection [com.mysql.jdbc.JDBC4Connection@4fb64261]
2018-04-15 10:33:09 PooledDataSource.java DEBUG Returned connection 1337344609 to pool.
2018-04-15 10:33:18 LogFactory.java DEBUG Logging initialized using 'class org.apache.ibatis.logging.log4j.Log4jImpl' adapter.
2018-04-15 10:33:19 PooledDataSource.java DEBUG PooledDataSource forcefully closed/removed all connections.
2018-04-15 10:33:19 PooledDataSource.java DEBUG PooledDataSource forcefully closed/removed all connections.
2018-04-15 10:33:19 PooledDataSource.java DEBUG PooledDataSource forcefully closed/removed all connections.
2018-04-15 10:33:19 PooledDataSource.java DEBUG PooledDataSource forcefully closed/removed all connections.
2018-04-15 10:33:19 JdbcTransaction.java DEBUG Opening JDBC Connection
2018-04-15 10:33:19 PooledDataSource.java DEBUG Created connection 1337344609.
2018-04-15 10:33:19 JdbcTransaction.java DEBUG Setting autocommit to false on JDBC Connection [com.mysql.jdbc.JDBC4Connection@4fb64261]
2018-04-15 10:33:19 BaseJdbcLogger.java DEBUG ==>  Preparing: DELETE FROM student WHERE s_id=? 
2018-04-15 10:33:19 BaseJdbcLogger.java DEBUG ==> Parameters: 26(Long)
2018-04-15 10:33:19 BaseJdbcLogger.java DEBUG <==    Updates: 0
2018-04-15 10:33:19 JdbcTransaction.java DEBUG Committing JDBC Connection [com.mysql.jdbc.JDBC4Connection@4fb64261]
2018-04-15 10:33:19 StudentMapperTest.java INFO false
2018-04-15 10:33:19 JdbcTransaction.java DEBUG Resetting autocommit to true on JDBC Connection [com.mysql.jdbc.JDBC4Connection@4fb64261]
2018-04-15 10:33:19 JdbcTransaction.java DEBUG Closing JDBC Connection [com.mysql.jdbc.JDBC4Connection@4fb64261]
2018-04-15 10:33:19 PooledDataSource.java DEBUG Returned connection 1337344609 to pool.
2018-04-15 10:33:30 LogFactory.java DEBUG Logging initialized using 'class org.apache.ibatis.logging.log4j.Log4jImpl' adapter.
2018-04-15 10:33:30 PooledDataSource.java DEBUG PooledDataSource forcefully closed/removed all connections.
2018-04-15 10:33:30 PooledDataSource.java DEBUG PooledDataSource forcefully closed/removed all connections.
2018-04-15 10:33:30 PooledDataSource.java DEBUG PooledDataSource forcefully closed/removed all connections.
2018-04-15 10:33:30 PooledDataSource.java DEBUG PooledDataSource forcefully closed/removed all connections.
2018-04-15 10:33:31 JdbcTransaction.java DEBUG Opening JDBC Connection
2018-04-15 10:33:31 PooledDataSource.java DEBUG Created connection 1337344609.
2018-04-15 10:33:31 JdbcTransaction.java DEBUG Setting autocommit to false on JDBC Connection [com.mysql.jdbc.JDBC4Connection@4fb64261]
2018-04-15 10:33:31 BaseJdbcLogger.java DEBUG ==>  Preparing: DELETE FROM student WHERE s_id=? 
2018-04-15 10:33:31 BaseJdbcLogger.java DEBUG ==> Parameters: 26(Long)
2018-04-15 10:33:31 BaseJdbcLogger.java DEBUG <==    Updates: 0
2018-04-15 10:33:31 JdbcTransaction.java DEBUG Committing JDBC Connection [com.mysql.jdbc.JDBC4Connection@4fb64261]
2018-04-15 10:33:31 StudentMapperTest.java INFO false
2018-04-15 10:33:31 JdbcTransaction.java DEBUG Resetting autocommit to true on JDBC Connection [com.mysql.jdbc.JDBC4Connection@4fb64261]
2018-04-15 10:33:31 JdbcTransaction.java DEBUG Closing JDBC Connection [com.mysql.jdbc.JDBC4Connection@4fb64261]
2018-04-15 10:33:31 PooledDataSource.java DEBUG Returned connection 1337344609 to pool.
2018-04-15 10:33:40 LogFactory.java DEBUG Logging initialized using 'class org.apache.ibatis.logging.log4j.Log4jImpl' adapter.
2018-04-15 10:33:41 PooledDataSource.java DEBUG PooledDataSource forcefully closed/removed all connections.
2018-04-15 10:33:41 PooledDataSource.java DEBUG PooledDataSource forcefully closed/removed all connections.
2018-04-15 10:33:41 PooledDataSource.java DEBUG PooledDataSource forcefully closed/removed all connections.
2018-04-15 10:33:41 PooledDataSource.java DEBUG PooledDataSource forcefully closed/removed all connections.
2018-04-15 10:33:41 JdbcTransaction.java DEBUG Opening JDBC Connection
2018-04-15 10:33:41 PooledDataSource.java DEBUG Created connection 1337344609.
2018-04-15 10:33:41 JdbcTransaction.java DEBUG Setting autocommit to false on JDBC Connection [com.mysql.jdbc.JDBC4Connection@4fb64261]
2018-04-15 10:33:41 BaseJdbcLogger.java DEBUG ==>  Preparing: DELETE FROM student WHERE s_id=? 
2018-04-15 10:33:41 BaseJdbcLogger.java DEBUG ==> Parameters: 26(Long)
2018-04-15 10:33:41 BaseJdbcLogger.java DEBUG <==    Updates: 0
2018-04-15 10:33:41 JdbcTransaction.java DEBUG Committing JDBC Connection [com.mysql.jdbc.JDBC4Connection@4fb64261]
2018-04-15 10:33:41 JdbcTransaction.java DEBUG Resetting autocommit to true on JDBC Connection [com.mysql.jdbc.JDBC4Connection@4fb64261]
2018-04-15 10:33:41 JdbcTransaction.java DEBUG Closing JDBC Connection [com.mysql.jdbc.JDBC4Connection@4fb64261]
2018-04-15 10:33:41 PooledDataSource.java DEBUG Returned connection 1337344609 to pool.
2018-04-15 10:34:41 LogFactory.java DEBUG Logging initialized using 'class org.apache.ibatis.logging.log4j.Log4jImpl' adapter.
2018-04-15 10:34:41 PooledDataSource.java DEBUG PooledDataSource forcefully closed/removed all connections.
2018-04-15 10:34:41 PooledDataSource.java DEBUG PooledDataSource forcefully closed/removed all connections.
2018-04-15 10:34:41 PooledDataSource.java DEBUG PooledDataSource forcefully closed/removed all connections.
2018-04-15 10:34:41 PooledDataSource.java DEBUG PooledDataSource forcefully closed/removed all connections.
2018-04-15 10:34:42 JdbcTransaction.java DEBUG Opening JDBC Connection
2018-04-15 10:34:42 PooledDataSource.java DEBUG Created connection 1337344609.
2018-04-15 10:34:42 JdbcTransaction.java DEBUG Setting autocommit to false on JDBC Connection [com.mysql.jdbc.JDBC4Connection@4fb64261]
2018-04-15 10:34:42 BaseJdbcLogger.java DEBUG ==>  Preparing: UPDATE student SET s_name=?,s_qq=?,s_type=?, s_num=?,update_at=? WHERE s_id=? 
2018-04-15 10:34:42 BaseJdbcLogger.java DEBUG ==> Parameters: 王梅梅(String), 87342978(Integer), UI(String), 161(Integer), 1523759682090(Long), 19(Long)
2018-04-15 10:34:42 BaseJdbcLogger.java DEBUG <==    Updates: 1
2018-04-15 10:34:42 JdbcTransaction.java DEBUG Committing JDBC Connection [com.mysql.jdbc.JDBC4Connection@4fb64261]
2018-04-15 10:34:42 JdbcTransaction.java DEBUG Resetting autocommit to true on JDBC Connection [com.mysql.jdbc.JDBC4Connection@4fb64261]
2018-04-15 10:34:42 JdbcTransaction.java DEBUG Closing JDBC Connection [com.mysql.jdbc.JDBC4Connection@4fb64261]
2018-04-15 10:34:42 PooledDataSource.java DEBUG Returned connection 1337344609 to pool.
2018-04-15 11:22:19 LogFactory.java DEBUG Logging initialized using 'class org.apache.ibatis.logging.log4j.Log4jImpl' adapter.
2018-04-15 11:22:20 PooledDataSource.java DEBUG PooledDataSource forcefully closed/removed all connections.
2018-04-15 11:22:20 PooledDataSource.java DEBUG PooledDataSource forcefully closed/removed all connections.
2018-04-15 11:22:20 PooledDataSource.java DEBUG PooledDataSource forcefully closed/removed all connections.
2018-04-15 11:22:20 PooledDataSource.java DEBUG PooledDataSource forcefully closed/removed all connections.
2018-04-15 11:22:20 JdbcTransaction.java DEBUG Opening JDBC Connection
2018-04-15 11:22:20 PooledDataSource.java DEBUG Created connection 1337344609.
2018-04-15 11:22:20 JdbcTransaction.java DEBUG Setting autocommit to false on JDBC Connection [com.mysql.jdbc.JDBC4Connection@4fb64261]
2018-04-15 11:22:20 BaseJdbcLogger.java DEBUG ==>  Preparing: INSERT INTO student(s_name,s_qq,s_type,s_num,create_at,update_at) VALUES (?,?,?,?,?,?) 
2018-04-15 11:22:20 BaseJdbcLogger.java DEBUG ==> Parameters: 李龙(String), 26262637(Integer), OP(String), 587(Integer), 1523762540187(Long), 1523762540187(Long)
2018-04-15 11:22:20 BaseJdbcLogger.java DEBUG <==    Updates: 1
2018-04-15 11:22:20 BaseJdbcLogger.java DEBUG ==>  Preparing: SELECT LAST_INSERT_ID() 
2018-04-15 11:22:20 BaseJdbcLogger.java DEBUG ==> Parameters: 
2018-04-15 11:22:20 BaseJdbcLogger.java DEBUG <==      Total: 1
2018-04-15 11:22:20 JdbcTransaction.java DEBUG Committing JDBC Connection [com.mysql.jdbc.JDBC4Connection@4fb64261]
2018-04-15 11:22:20 JdbcTransaction.java DEBUG Resetting autocommit to true on JDBC Connection [com.mysql.jdbc.JDBC4Connection@4fb64261]
2018-04-15 11:22:20 JdbcTransaction.java DEBUG Closing JDBC Connection [com.mysql.jdbc.JDBC4Connection@4fb64261]
2018-04-15 11:22:20 PooledDataSource.java DEBUG Returned connection 1337344609 to pool.
2018-04-16 18:00:57 LogFactory.java DEBUG Logging initialized using 'class org.apache.ibatis.logging.log4j.Log4jImpl' adapter.
2018-04-16 18:00:57 PooledDataSource.java DEBUG PooledDataSource forcefully closed/removed all connections.
2018-04-16 18:00:57 PooledDataSource.java DEBUG PooledDataSource forcefully closed/removed all connections.
2018-04-16 18:00:57 PooledDataSource.java DEBUG PooledDataSource forcefully closed/removed all connections.
2018-04-16 18:00:57 PooledDataSource.java DEBUG PooledDataSource forcefully closed/removed all connections.
2018-04-16 18:00:57 JdbcTransaction.java DEBUG Opening JDBC Connection
2018-04-16 18:00:58 PooledDataSource.java DEBUG Created connection 22069592.
2018-04-16 18:00:58 JdbcTransaction.java DEBUG Setting autocommit to false on JDBC Connection [com.mysql.jdbc.JDBC4Connection@150c158]
2018-04-16 18:00:58 BaseJdbcLogger.java DEBUG ==>  Preparing: SELECT * FROM studnet WHERE s_name=? AND s_num=? 
2018-04-16 18:00:58 BaseJdbcLogger.java DEBUG ==> Parameters: 李龙(String), 587(Integer)
2018-04-16 18:01:54 LogFactory.java DEBUG Logging initialized using 'class org.apache.ibatis.logging.log4j.Log4jImpl' adapter.
2018-04-16 18:01:54 PooledDataSource.java DEBUG PooledDataSource forcefully closed/removed all connections.
2018-04-16 18:01:54 PooledDataSource.java DEBUG PooledDataSource forcefully closed/removed all connections.
2018-04-16 18:01:54 PooledDataSource.java DEBUG PooledDataSource forcefully closed/removed all connections.
2018-04-16 18:01:54 PooledDataSource.java DEBUG PooledDataSource forcefully closed/removed all connections.
2018-04-16 18:01:54 JdbcTransaction.java DEBUG Opening JDBC Connection
2018-04-16 18:01:54 PooledDataSource.java DEBUG Created connection 22069592.
2018-04-16 18:01:54 JdbcTransaction.java DEBUG Setting autocommit to false on JDBC Connection [com.mysql.jdbc.JDBC4Connection@150c158]
2018-04-16 18:01:54 BaseJdbcLogger.java DEBUG ==>  Preparing: SELECT * FROM student WHERE s_name=? AND s_num=? 
2018-04-16 18:01:54 BaseJdbcLogger.java DEBUG ==> Parameters: 李龙(String), 587(Integer)
2018-04-16 18:01:54 BaseJdbcLogger.java DEBUG <==      Total: 4
2018-04-16 18:01:54 JdbcTransaction.java DEBUG Resetting autocommit to true on JDBC Connection [com.mysql.jdbc.JDBC4Connection@150c158]
2018-04-16 18:01:54 JdbcTransaction.java DEBUG Closing JDBC Connection [com.mysql.jdbc.JDBC4Connection@150c158]
2018-04-16 18:01:54 PooledDataSource.java DEBUG Returned connection 22069592 to pool.
2018-04-16 18:02:43 LogFactory.java DEBUG Logging initialized using 'class org.apache.ibatis.logging.log4j.Log4jImpl' adapter.
2018-04-16 18:02:44 PooledDataSource.java DEBUG PooledDataSource forcefully closed/removed all connections.
2018-04-16 18:02:44 PooledDataSource.java DEBUG PooledDataSource forcefully closed/removed all connections.
2018-04-16 18:02:44 PooledDataSource.java DEBUG PooledDataSource forcefully closed/removed all connections.
2018-04-16 18:02:44 PooledDataSource.java DEBUG PooledDataSource forcefully closed/removed all connections.
2018-04-16 18:02:44 JdbcTransaction.java DEBUG Opening JDBC Connection
2018-04-16 18:02:44 PooledDataSource.java DEBUG Created connection 22069592.
2018-04-16 18:02:44 JdbcTransaction.java DEBUG Setting autocommit to false on JDBC Connection [com.mysql.jdbc.JDBC4Connection@150c158]
2018-04-16 18:02:44 BaseJdbcLogger.java DEBUG ==>  Preparing: SELECT * FROM student WHERE s_name=? AND s_num=? 
2018-04-16 18:02:44 BaseJdbcLogger.java DEBUG ==> Parameters: 李龙(String), 587(Integer)
2018-04-16 18:02:44 BaseJdbcLogger.java DEBUG <==      Total: 4
2018-04-16 18:02:44 StudentMapperTest.java INFO Student[ id = 23, name = 李龙, qq = 26262637, type = OP, num = 587, create_at = 1523705033237, update_at = 1523705033237]

2018-04-16 18:02:44 StudentMapperTest.java INFO Student[ id = 24, name = 李龙, qq = 26262637, type = OP, num = 587, create_at = 1523708866916, update_at = 1523708866916]

2018-04-16 18:02:44 StudentMapperTest.java INFO Student[ id = 25, name = 李龙, qq = 26262637, type = OP, num = 587, create_at = 1523709649255, update_at = 1523709649255]

2018-04-16 18:02:44 StudentMapperTest.java INFO Student[ id = 27, name = 李龙, qq = 26262637, type = OP, num = 587, create_at = 1523762540187, update_at = 1523762540187]

2018-04-16 18:02:44 JdbcTransaction.java DEBUG Resetting autocommit to true on JDBC Connection [com.mysql.jdbc.JDBC4Connection@150c158]
2018-04-16 18:02:44 JdbcTransaction.java DEBUG Closing JDBC Connection [com.mysql.jdbc.JDBC4Connection@150c158]
2018-04-16 18:02:44 PooledDataSource.java DEBUG Returned connection 22069592 to pool.
2018-04-16 18:05:51 LogFactory.java DEBUG Logging initialized using 'class org.apache.ibatis.logging.log4j.Log4jImpl' adapter.
2018-04-16 18:05:51 PooledDataSource.java DEBUG PooledDataSource forcefully closed/removed all connections.
2018-04-16 18:05:51 PooledDataSource.java DEBUG PooledDataSource forcefully closed/removed all connections.
2018-04-16 18:05:51 PooledDataSource.java DEBUG PooledDataSource forcefully closed/removed all connections.
2018-04-16 18:05:51 PooledDataSource.java DEBUG PooledDataSource forcefully closed/removed all connections.
2018-04-16 18:05:51 JdbcTransaction.java DEBUG Opening JDBC Connection
2018-04-16 18:05:52 PooledDataSource.java DEBUG Created connection 22069592.
2018-04-16 18:05:52 JdbcTransaction.java DEBUG Setting autocommit to false on JDBC Connection [com.mysql.jdbc.JDBC4Connection@150c158]
2018-04-16 18:05:52 BaseJdbcLogger.java DEBUG ==>  Preparing: SELECT * FROM student WHERE s_name=? AND s_num=? 
2018-04-16 18:05:52 BaseJdbcLogger.java DEBUG ==> Parameters: 李龙(String), 587(Integer)
2018-04-16 18:05:52 BaseJdbcLogger.java DEBUG <==      Total: 4
2018-04-16 18:08:48 LogFactory.java DEBUG Logging initialized using 'class org.apache.ibatis.logging.log4j.Log4jImpl' adapter.
2018-04-16 18:08:48 PooledDataSource.java DEBUG PooledDataSource forcefully closed/removed all connections.
2018-04-16 18:08:48 PooledDataSource.java DEBUG PooledDataSource forcefully closed/removed all connections.
2018-04-16 18:08:48 PooledDataSource.java DEBUG PooledDataSource forcefully closed/removed all connections.
2018-04-16 18:08:48 PooledDataSource.java DEBUG PooledDataSource forcefully closed/removed all connections.
2018-04-16 18:08:48 JdbcTransaction.java DEBUG Opening JDBC Connection
2018-04-16 18:08:49 PooledDataSource.java DEBUG Created connection 22069592.
2018-04-16 18:08:49 JdbcTransaction.java DEBUG Setting autocommit to false on JDBC Connection [com.mysql.jdbc.JDBC4Connection@150c158]
2018-04-16 18:08:49 BaseJdbcLogger.java DEBUG ==>  Preparing: SELECT * FROM student WHERE s_name=? AND s_num=? 
2018-04-16 18:08:49 BaseJdbcLogger.java DEBUG ==> Parameters: 李龙(String), 587(Integer)
2018-04-16 18:08:49 BaseJdbcLogger.java DEBUG <==      Total: 4
2018-04-16 18:11:48 LogFactory.java DEBUG Logging initialized using 'class org.apache.ibatis.logging.log4j.Log4jImpl' adapter.
2018-04-16 18:11:48 PooledDataSource.java DEBUG PooledDataSource forcefully closed/removed all connections.
2018-04-16 18:11:48 PooledDataSource.java DEBUG PooledDataSource forcefully closed/removed all connections.
2018-04-16 18:11:48 PooledDataSource.java DEBUG PooledDataSource forcefully closed/removed all connections.
2018-04-16 18:11:48 PooledDataSource.java DEBUG PooledDataSource forcefully closed/removed all connections.
2018-04-16 18:11:48 JdbcTransaction.java DEBUG Opening JDBC Connection
2018-04-16 18:11:49 PooledDataSource.java DEBUG Created connection 22069592.
2018-04-16 18:11:49 JdbcTransaction.java DEBUG Setting autocommit to false on JDBC Connection [com.mysql.jdbc.JDBC4Connection@150c158]
2018-04-16 18:11:49 BaseJdbcLogger.java DEBUG ==>  Preparing: SELECT * FROM student WHERE s_name=? AND s_num=? 
2018-04-16 18:11:49 BaseJdbcLogger.java DEBUG ==> Parameters: 李龙(String), 587(Integer)
2018-04-16 18:11:49 BaseJdbcLogger.java DEBUG <==      Total: 4
2018-04-16 18:11:49 StudentMapperTest.java INFO Student[ id = 23, name = 李龙, qq = 26262637, type = OP, num = 587, create_at = 1523705033237, update_at = 1523705033237]

2018-04-16 18:11:49 StudentMapperTest.java INFO Student[ id = 24, name = 李龙, qq = 26262637, type = OP, num = 587, create_at = 1523708866916, update_at = 1523708866916]

2018-04-16 18:11:49 StudentMapperTest.java INFO Student[ id = 25, name = 李龙, qq = 26262637, type = OP, num = 587, create_at = 1523709649255, update_at = 1523709649255]

2018-04-16 18:11:49 StudentMapperTest.java INFO Student[ id = 27, name = 李龙, qq = 26262637, type = OP, num = 587, create_at = 1523762540187, update_at = 1523762540187]

2018-04-16 18:11:49 JdbcTransaction.java DEBUG Resetting autocommit to true on JDBC Connection [com.mysql.jdbc.JDBC4Connection@150c158]
2018-04-16 18:11:49 JdbcTransaction.java DEBUG Closing JDBC Connection [com.mysql.jdbc.JDBC4Connection@150c158]
2018-04-16 18:11:49 PooledDataSource.java DEBUG Returned connection 22069592 to pool.
2018-04-17 12:12:34 LogFactory.java DEBUG Logging initialized using 'class org.apache.ibatis.logging.log4j.Log4jImpl' adapter.
2018-04-17 12:12:34 PooledDataSource.java DEBUG PooledDataSource forcefully closed/removed all connections.
2018-04-17 12:12:34 PooledDataSource.java DEBUG PooledDataSource forcefully closed/removed all connections.
2018-04-17 12:12:34 PooledDataSource.java DEBUG PooledDataSource forcefully closed/removed all connections.
2018-04-17 12:12:34 PooledDataSource.java DEBUG PooledDataSource forcefully closed/removed all connections.
2018-04-17 12:12:34 StudentMapperTest.java INFO 测试更新=====================
2018-04-17 12:12:34 JdbcTransaction.java DEBUG Opening JDBC Connection
2018-04-17 12:12:35 PooledDataSource.java DEBUG Created connection 315138752.
2018-04-17 12:12:35 JdbcTransaction.java DEBUG Setting autocommit to false on JDBC Connection [com.mysql.jdbc.JDBC4Connection@12c8a2c0]
2018-04-17 12:12:35 BaseJdbcLogger.java DEBUG ==>  Preparing: UPDATE student SET s_name=?,s_qq=?,s_type=?, s_num=?,update_at=? WHERE s_id=? 
2018-04-17 12:12:35 BaseJdbcLogger.java DEBUG ==> Parameters: 王梅梅(String), 87342978(Integer), UI(String), 161(Integer), 1523938354907(Long), 19(Long)
2018-04-17 12:12:35 BaseJdbcLogger.java DEBUG <==    Updates: 1
2018-04-17 12:12:35 JdbcTransaction.java DEBUG Committing JDBC Connection [com.mysql.jdbc.JDBC4Connection@12c8a2c0]
2018-04-17 12:12:35 StudentMapperTest.java INFO true
2018-04-17 12:12:35 JdbcTransaction.java DEBUG Resetting autocommit to true on JDBC Connection [com.mysql.jdbc.JDBC4Connection@12c8a2c0]
2018-04-17 12:12:35 JdbcTransaction.java DEBUG Closing JDBC Connection [com.mysql.jdbc.JDBC4Connection@12c8a2c0]
2018-04-17 12:12:35 PooledDataSource.java DEBUG Returned connection 315138752 to pool.
2018-04-17 12:12:35 PooledDataSource.java DEBUG PooledDataSource forcefully closed/removed all connections.
2018-04-17 12:12:35 PooledDataSource.java DEBUG PooledDataSource forcefully closed/removed all connections.
2018-04-17 12:12:35 PooledDataSource.java DEBUG PooledDataSource forcefully closed/removed all connections.
2018-04-17 12:12:35 PooledDataSource.java DEBUG PooledDataSource forcefully closed/removed all connections.
2018-04-17 12:12:35 PooledDataSource.java DEBUG PooledDataSource forcefully closed/removed all connections.
2018-04-17 12:12:35 StudentMapperTest.java INFO 测试添加=====================
2018-04-17 12:12:35 JdbcTransaction.java DEBUG Opening JDBC Connection
2018-04-17 12:12:35 PooledDataSource.java DEBUG Created connection 789219251.
2018-04-17 12:12:35 JdbcTransaction.java DEBUG Setting autocommit to false on JDBC Connection [com.mysql.jdbc.JDBC4Connection@2f0a87b3]
2018-04-17 12:12:35 BaseJdbcLogger.java DEBUG ==>  Preparing: /*返回自增id*/ INSERT INTO student(s_name,s_qq,s_type,s_num,create_at,update_at) VALUES (?,?,?,?,?,?) 
2018-04-17 12:12:35 BaseJdbcLogger.java DEBUG ==> Parameters: 李龙(String), 26262637(Integer), OP(String), 587(Integer), 1523938355487(Long), 1523938355487(Long)
2018-04-17 12:12:35 BaseJdbcLogger.java DEBUG <==    Updates: 1
2018-04-17 12:12:35 BaseJdbcLogger.java DEBUG ==>  Preparing: SELECT LAST_INSERT_ID() 
2018-04-17 12:12:35 BaseJdbcLogger.java DEBUG ==> Parameters: 
2018-04-17 12:12:35 BaseJdbcLogger.java DEBUG <==      Total: 1
2018-04-17 12:12:35 JdbcTransaction.java DEBUG Committing JDBC Connection [com.mysql.jdbc.JDBC4Connection@2f0a87b3]
2018-04-17 12:12:35 StudentMapperTest.java INFO 44
2018-04-17 12:12:35 JdbcTransaction.java DEBUG Resetting autocommit to true on JDBC Connection [com.mysql.jdbc.JDBC4Connection@2f0a87b3]
2018-04-17 12:12:35 JdbcTransaction.java DEBUG Closing JDBC Connection [com.mysql.jdbc.JDBC4Connection@2f0a87b3]
2018-04-17 12:12:35 PooledDataSource.java DEBUG Returned connection 789219251 to pool.
2018-04-17 12:12:35 PooledDataSource.java DEBUG PooledDataSource forcefully closed/removed all connections.
2018-04-17 12:12:35 PooledDataSource.java DEBUG PooledDataSource forcefully closed/removed all connections.
2018-04-17 12:12:35 PooledDataSource.java DEBUG PooledDataSource forcefully closed/removed all connections.
2018-04-17 12:12:35 PooledDataSource.java DEBUG PooledDataSource forcefully closed/removed all connections.
2018-04-17 12:12:35 JdbcTransaction.java DEBUG Opening JDBC Connection
2018-04-17 12:12:35 PooledDataSource.java DEBUG Created connection 369241501.
2018-04-17 12:12:35 JdbcTransaction.java DEBUG Setting autocommit to false on JDBC Connection [com.mysql.jdbc.JDBC4Connection@16022d9d]
2018-04-17 12:12:35 BaseJdbcLogger.java DEBUG ==>  Preparing: SELECT * FROM student 
2018-04-17 12:12:35 BaseJdbcLogger.java DEBUG ==> Parameters: 
2018-04-17 12:12:35 BaseJdbcLogger.java DEBUG <==      Total: 39
2018-04-17 12:12:35 StudentMapperTest.java INFO Student[ id = 1, name = 月下无限连, qq = 267389401, type = Web, num = 234, create_at = 1523632117788, update_at = 1523632117788]

2018-04-17 12:12:35 StudentMapperTest.java INFO Student[ id = 2, name = 月下无限连, qq = 267389401, type = Web, num = 234, create_at = 1523632397996, update_at = 1523632397996]

2018-04-17 12:12:35 StudentMapperTest.java INFO Student[ id = 3, name = 月下无限连, qq = 267389401, type = Web, num = 234, create_at = 1523632403536, update_at = 1523632403536]

2018-04-17 12:12:35 StudentMapperTest.java INFO Student[ id = 4, name = 月下无限连, qq = 267389401, type = Web, num = 234, create_at = 1523670800309, update_at = 1523670800309]

2018-04-17 12:12:35 StudentMapperTest.java INFO Student[ id = 5, name = 月下无限连, qq = 267389401, type = Web, num = 234, create_at = 1523670984903, update_at = 1523670984903]

2018-04-17 12:12:35 StudentMapperTest.java INFO Student[ id = 6, name = 月下无限连, qq = 267389401, type = Web, num = 234, create_at = 1523671213245, update_at = 1523671213245]

2018-04-17 12:12:35 StudentMapperTest.java INFO Student[ id = 7, name = 月下无限连, qq = 267389401, type = Web, num = 234, create_at = 1523671222129, update_at = 1523671222129]

2018-04-17 12:12:35 StudentMapperTest.java INFO Student[ id = 8, name = 月下无限连, qq = 267389401, type = Web, num = 234, create_at = 1523671343536, update_at = 1523671343536]

2018-04-17 12:12:35 StudentMapperTest.java INFO Student[ id = 9, name = 月下无限连, qq = 267389401, type = Web, num = 234, create_at = 1523671374590, update_at = 1523671374590]

2018-04-17 12:12:35 StudentMapperTest.java INFO Student[ id = 11, name = 跳跃三连击, qq = 66666666, type = OP, num = 432, create_at = 1523671745101, update_at = 1523935183263]

2018-04-17 12:12:35 StudentMapperTest.java INFO Student[ id = 12, name = 月下无限连, qq = 267389401, type = Web, num = 234, create_at = 1523671908601, update_at = 1523671908601]

2018-04-17 12:12:35 StudentMapperTest.java INFO Student[ id = 13, name = 月下无限连, qq = 267389401, type = Web, num = 234, create_at = 1523694612769, update_at = 1523694612769]

2018-04-17 12:12:35 StudentMapperTest.java INFO Student[ id = 14, name = 月下无限连, qq = 267389401, type = Web, num = 234, create_at = 1523695720569, update_at = 1523695720569]

2018-04-17 12:12:35 StudentMapperTest.java INFO Student[ id = 15, name = 月下无限连, qq = 267389401, type = Web, num = 234, create_at = 1523695747831, update_at = 1523695747831]

2018-04-17 12:12:35 StudentMapperTest.java INFO Student[ id = 16, name = 月下无限连, qq = 267389401, type = Web, num = 234, create_at = 1523696299301, update_at = 1523696299301]

2018-04-17 12:12:35 StudentMapperTest.java INFO Student[ id = 17, name = 月下无限连, qq = 267389401, type = Web, num = 234, create_at = 1523696426586, update_at = 1523696426586]

2018-04-17 12:12:35 StudentMapperTest.java INFO Student[ id = 18, name = 月下无限连, qq = 267389401, type = Web, num = 234, create_at = 1523696500838, update_at = 1523696500838]

2018-04-17 12:12:35 StudentMapperTest.java INFO Student[ id = 19, name = 王梅梅, qq = 87342978, type = UI, num = 161, create_at = 1523696532075, update_at = 1523938354907]

2018-04-17 12:12:35 StudentMapperTest.java INFO Student[ id = 21, name = 月下无限连, qq = 267389401, type = Web, num = 234, create_at = 1523697174160, update_at = 1523697174160]

2018-04-17 12:12:35 StudentMapperTest.java INFO Student[ id = 23, name = 李龙, qq = 26262637, type = OP, num = 587, create_at = 1523705033237, update_at = 1523705033237]

2018-04-17 12:12:35 StudentMapperTest.java INFO Student[ id = 24, name = 李龙, qq = 26262637, type = OP, num = 587, create_at = 1523708866916, update_at = 1523708866916]

2018-04-17 12:12:35 StudentMapperTest.java INFO Student[ id = 25, name = 李龙, qq = 26262637, type = OP, num = 587, create_at = 1523709649255, update_at = 1523709649255]

2018-04-17 12:12:35 StudentMapperTest.java INFO Student[ id = 27, name = 李龙, qq = 26262637, type = OP, num = 587, create_at = 1523762540187, update_at = 1523762540187]

2018-04-17 12:12:35 StudentMapperTest.java INFO Student[ id = 28, name = 李斯明, qq = 871237657, type = OP, num = 166, create_at = 1523783922914, update_at = 1523786917058]

2018-04-17 12:12:35 StudentMapperTest.java INFO Student[ id = 29, name = 王梅梅, qq = 871237864, type = UI, num = 188, create_at = 1523784000429, update_at = 1523784000429]

2018-04-17 12:12:35 StudentMapperTest.java INFO Student[ id = 30, name = 王梅梅, qq = 871237864, type = UI, num = 188, create_at = 1523786229082, update_at = 1523786229082]

2018-04-17 12:12:35 StudentMapperTest.java INFO Student[ id = 31, name = 王梅梅, qq = 871237864, type = UI, num = 188, create_at = 1523794335786, update_at = 1523794335786]

2018-04-17 12:12:35 StudentMapperTest.java INFO Student[ id = 32, name = 曹嘉懿, qq = 847368124, type = PM, num = 666, create_at = 1523859811090, update_at = 1523859811090]

2018-04-17 12:12:35 StudentMapperTest.java INFO Student[ id = 33, name = 刘亦菲, qq = 343454676, type = QA, num = 999, create_at = 1523859886268, update_at = 1523870471565]

2018-04-17 12:12:35 StudentMapperTest.java INFO Student[ id = 34, name = 曹嘉懿, qq = 847368124, type = PM, num = 666, create_at = 1523860156978, update_at = 1523860156978]

2018-04-17 12:12:35 StudentMapperTest.java INFO Student[ id = 36, name = 曹嘉懿, qq = 847368124, type = PM, num = 666, create_at = 1523866498842, update_at = 1523866498842]

2018-04-17 12:12:35 StudentMapperTest.java INFO Student[ id = 37, name = 曹嘉懿, qq = 847368124, type = PM, num = 666, create_at = 1523866733982, update_at = 1523866733982]

2018-04-17 12:12:35 StudentMapperTest.java INFO Student[ id = 38, name = 曹嘉懿, qq = 847368124, type = PM, num = 666, create_at = 1523867394538, update_at = 1523867394538]

2018-04-17 12:12:35 StudentMapperTest.java INFO Student[ id = 39, name = 曹嘉懿, qq = 847368124, type = PM, num = 666, create_at = 1523868805204, update_at = 1523868805204]

2018-04-17 12:12:35 StudentMapperTest.java INFO Student[ id = 40, name = 曹嘉懿, qq = 847368124, type = PM, num = 666, create_at = 1523868953418, update_at = 1523868953418]

2018-04-17 12:12:35 StudentMapperTest.java INFO Student[ id = 41, name = 曹嘉懿, qq = 847368124, type = PM, num = 666, create_at = 1523934772935, update_at = 1523934772935]

2018-04-17 12:12:35 StudentMapperTest.java INFO Student[ id = 42, name = 曹嘉懿, qq = 847368124, type = PM, num = 666, create_at = 1523934935731, update_at = 1523934935731]

2018-04-17 12:12:35 StudentMapperTest.java INFO Student[ id = 43, name = 月下无限连, qq = 267389401, type = Web, num = 234, create_at = 1523935183153, update_at = 1523935183153]

2018-04-17 12:12:35 StudentMapperTest.java INFO Student[ id = 44, name = 李龙, qq = 26262637, type = OP, num = 587, create_at = 1523938355487, update_at = 1523938355487]

2018-04-17 12:12:35 JdbcTransaction.java DEBUG Resetting autocommit to true on JDBC Connection [com.mysql.jdbc.JDBC4Connection@16022d9d]
2018-04-17 12:12:35 JdbcTransaction.java DEBUG Closing JDBC Connection [com.mysql.jdbc.JDBC4Connection@16022d9d]
2018-04-17 12:12:35 PooledDataSource.java DEBUG Returned connection 369241501 to pool.
2018-04-17 12:12:35 PooledDataSource.java DEBUG PooledDataSource forcefully closed/removed all connections.
2018-04-17 12:12:35 PooledDataSource.java DEBUG PooledDataSource forcefully closed/removed all connections.
2018-04-17 12:12:35 PooledDataSource.java DEBUG PooledDataSource forcefully closed/removed all connections.
2018-04-17 12:12:35 PooledDataSource.java DEBUG PooledDataSource forcefully closed/removed all connections.
2018-04-17 12:12:35 StudentMapperTest.java INFO 测试删除=====================
2018-04-17 12:12:35 JdbcTransaction.java DEBUG Opening JDBC Connection
2018-04-17 12:12:35 PooledDataSource.java DEBUG Created connection 1024429571.
2018-04-17 12:12:35 JdbcTransaction.java DEBUG Setting autocommit to false on JDBC Connection [com.mysql.jdbc.JDBC4Connection@3d0f8e03]
2018-04-17 12:12:35 BaseJdbcLogger.java DEBUG ==>  Preparing: DELETE FROM student WHERE s_id=? 
2018-04-17 12:12:35 BaseJdbcLogger.java DEBUG ==> Parameters: 26(Long)
2018-04-17 12:12:35 BaseJdbcLogger.java DEBUG <==    Updates: 0
2018-04-17 12:12:35 JdbcTransaction.java DEBUG Committing JDBC Connection [com.mysql.jdbc.JDBC4Connection@3d0f8e03]
2018-04-17 12:12:35 StudentMapperTest.java INFO false
2018-04-17 12:12:35 JdbcTransaction.java DEBUG Resetting autocommit to true on JDBC Connection [com.mysql.jdbc.JDBC4Connection@3d0f8e03]
2018-04-17 12:12:35 JdbcTransaction.java DEBUG Closing JDBC Connection [com.mysql.jdbc.JDBC4Connection@3d0f8e03]
2018-04-17 12:12:35 PooledDataSource.java DEBUG Returned connection 1024429571 to pool.
2018-04-17 12:12:35 PooledDataSource.java DEBUG PooledDataSource forcefully closed/removed all connections.
2018-04-17 12:12:35 PooledDataSource.java DEBUG PooledDataSource forcefully closed/removed all connections.
2018-04-17 12:12:35 PooledDataSource.java DEBUG PooledDataSource forcefully closed/removed all connections.
2018-04-17 12:12:35 PooledDataSource.java DEBUG PooledDataSource forcefully closed/removed all connections.
2018-04-17 12:12:35 JdbcTransaction.java DEBUG Opening JDBC Connection
2018-04-17 12:12:35 PooledDataSource.java DEBUG Created connection 1330754528.
2018-04-17 12:12:35 JdbcTransaction.java DEBUG Setting autocommit to false on JDBC Connection [com.mysql.jdbc.JDBC4Connection@4f51b3e0]
2018-04-17 12:12:35 BaseJdbcLogger.java DEBUG ==>  Preparing: SELECT * FROM student WHERE s_name=? AND s_num=? 
2018-04-17 12:12:35 BaseJdbcLogger.java DEBUG ==> Parameters: 李龙(String), 587(Integer)
2018-04-17 12:12:35 BaseJdbcLogger.java DEBUG <==      Total: 5
2018-04-17 12:12:35 StudentMapperTest.java INFO Student[ id = 23, name = 李龙, qq = 26262637, type = OP, num = 587, create_at = 1523705033237, update_at = 1523705033237]

2018-04-17 12:12:35 StudentMapperTest.java INFO Student[ id = 24, name = 李龙, qq = 26262637, type = OP, num = 587, create_at = 1523708866916, update_at = 1523708866916]

2018-04-17 12:12:35 StudentMapperTest.java INFO Student[ id = 25, name = 李龙, qq = 26262637, type = OP, num = 587, create_at = 1523709649255, update_at = 1523709649255]

2018-04-17 12:12:35 StudentMapperTest.java INFO Student[ id = 27, name = 李龙, qq = 26262637, type = OP, num = 587, create_at = 1523762540187, update_at = 1523762540187]

2018-04-17 12:12:35 StudentMapperTest.java INFO Student[ id = 44, name = 李龙, qq = 26262637, type = OP, num = 587, create_at = 1523938355487, update_at = 1523938355487]

2018-04-17 12:12:35 JdbcTransaction.java DEBUG Resetting autocommit to true on JDBC Connection [com.mysql.jdbc.JDBC4Connection@4f51b3e0]
2018-04-17 12:12:35 JdbcTransaction.java DEBUG Closing JDBC Connection [com.mysql.jdbc.JDBC4Connection@4f51b3e0]
2018-04-17 12:12:35 PooledDataSource.java DEBUG Returned connection 1330754528 to pool.
2018-04-17 12:12:35 PooledDataSource.java DEBUG PooledDataSource forcefully closed/removed all connections.
2018-04-17 12:12:35 PooledDataSource.java DEBUG PooledDataSource forcefully closed/removed all connections.
2018-04-17 12:12:35 PooledDataSource.java DEBUG PooledDataSource forcefully closed/removed all connections.
2018-04-17 12:12:35 PooledDataSource.java DEBUG PooledDataSource forcefully closed/removed all connections.
2018-04-17 12:12:35 StudentMapperTest.java INFO 测试查询id=====================
2018-04-17 12:12:35 JdbcTransaction.java DEBUG Opening JDBC Connection
2018-04-17 12:12:35 PooledDataSource.java DEBUG Created connection 230528013.
2018-04-17 12:12:35 JdbcTransaction.java DEBUG Setting autocommit to false on JDBC Connection [com.mysql.jdbc.JDBC4Connection@dbd940d]
2018-04-17 12:12:35 BaseJdbcLogger.java DEBUG ==>  Preparing: SELECT * FROM student WHERE s_id=? 
2018-04-17 12:12:35 BaseJdbcLogger.java DEBUG ==> Parameters: 19(Long)
2018-04-17 12:12:35 BaseJdbcLogger.java DEBUG <==      Total: 1
2018-04-17 12:12:35 StudentMapperTest.java INFO Student[ id = 19, name = 王梅梅, qq = 87342978, type = UI, num = 161, create_at = 1523696532075, update_at = 1523938354907]

2018-04-17 12:12:35 JdbcTransaction.java DEBUG Resetting autocommit to true on JDBC Connection [com.mysql.jdbc.JDBC4Connection@dbd940d]
2018-04-17 12:12:35 JdbcTransaction.java DEBUG Closing JDBC Connection [com.mysql.jdbc.JDBC4Connection@dbd940d]
2018-04-17 12:12:35 PooledDataSource.java DEBUG Returned connection 230528013 to pool.
