20-Jun-2018 13:25:22.247 信息 [main] org.apache.catalina.startup.VersionLoggerListener.log Server version:        Apache Tomcat/8.5.31
20-Jun-2018 13:25:22.257 信息 [main] org.apache.catalina.startup.VersionLoggerListener.log Server built:          Apr 27 2018 20:24:25 UTC
20-Jun-2018 13:25:22.257 信息 [main] org.apache.catalina.startup.VersionLoggerListener.log Server number:         8.5.31.0
20-Jun-2018 13:25:22.257 信息 [main] org.apache.catalina.startup.VersionLoggerListener.log OS Name:               Mac OS X
20-Jun-2018 13:25:22.258 信息 [main] org.apache.catalina.startup.VersionLoggerListener.log OS Version:            10.13.5
20-Jun-2018 13:25:22.258 信息 [main] org.apache.catalina.startup.VersionLoggerListener.log Architecture:          x86_64
20-Jun-2018 13:25:22.258 信息 [main] org.apache.catalina.startup.VersionLoggerListener.log Java Home:             /Library/Java/JavaVirtualMachines/jdk1.8.0_161.jdk/Contents/Home/jre
20-Jun-2018 13:25:22.259 信息 [main] org.apache.catalina.startup.VersionLoggerListener.log JVM Version:           1.8.0_161-b12
20-Jun-2018 13:25:22.259 信息 [main] org.apache.catalina.startup.VersionLoggerListener.log JVM Vendor:            Oracle Corporation
20-Jun-2018 13:25:22.259 信息 [main] org.apache.catalina.startup.VersionLoggerListener.log CATALINA_BASE:         /Users/liujunpeng/Library/Caches/IntelliJIdea2017.3/tomcat/Unnamed_demo_2
20-Jun-2018 13:25:22.259 信息 [main] org.apache.catalina.startup.VersionLoggerListener.log CATALINA_HOME:         /Library/tomcat
20-Jun-2018 13:25:22.261 信息 [main] org.apache.catalina.startup.VersionLoggerListener.log Command line argument: -Djava.util.logging.config.file=/Users/liujunpeng/Library/Caches/IntelliJIdea2017.3/tomcat/Unnamed_demo_2/conf/logging.properties
20-Jun-2018 13:25:22.262 信息 [main] org.apache.catalina.startup.VersionLoggerListener.log Command line argument: -Djava.util.logging.manager=org.apache.juli.ClassLoaderLogManager
20-Jun-2018 13:25:22.263 信息 [main] org.apache.catalina.startup.VersionLoggerListener.log Command line argument: -Dcom.sun.management.jmxremote=
20-Jun-2018 13:25:22.263 信息 [main] org.apache.catalina.startup.VersionLoggerListener.log Command line argument: -Dcom.sun.management.jmxremote.port=9999
20-Jun-2018 13:25:22.263 信息 [main] org.apache.catalina.startup.VersionLoggerListener.log Command line argument: -Dcom.sun.management.jmxremote.ssl=false
20-Jun-2018 13:25:22.263 信息 [main] org.apache.catalina.startup.VersionLoggerListener.log Command line argument: -Dcom.sun.management.jmxremote.authenticate=false
20-Jun-2018 13:25:22.263 信息 [main] org.apache.catalina.startup.VersionLoggerListener.log Command line argument: -Djava.rmi.server.hostname=127.0.0.1
20-Jun-2018 13:25:22.263 信息 [main] org.apache.catalina.startup.VersionLoggerListener.log Command line argument: -Djdk.tls.ephemeralDHKeySize=2048
20-Jun-2018 13:25:22.264 信息 [main] org.apache.catalina.startup.VersionLoggerListener.log Command line argument: -Djava.protocol.handler.pkgs=org.apache.catalina.webresources
20-Jun-2018 13:25:22.264 信息 [main] org.apache.catalina.startup.VersionLoggerListener.log Command line argument: -Dorg.apache.catalina.security.SecurityListener.UMASK=0027
20-Jun-2018 13:25:22.264 信息 [main] org.apache.catalina.startup.VersionLoggerListener.log Command line argument: -Dignore.endorsed.dirs=
20-Jun-2018 13:25:22.264 信息 [main] org.apache.catalina.startup.VersionLoggerListener.log Command line argument: -Dcatalina.base=/Users/liujunpeng/Library/Caches/IntelliJIdea2017.3/tomcat/Unnamed_demo_2
20-Jun-2018 13:25:22.264 信息 [main] org.apache.catalina.startup.VersionLoggerListener.log Command line argument: -Dcatalina.home=/Library/tomcat
20-Jun-2018 13:25:22.265 信息 [main] org.apache.catalina.startup.VersionLoggerListener.log Command line argument: -Djava.io.tmpdir=/Library/tomcat/temp
20-Jun-2018 13:25:22.265 信息 [main] org.apache.catalina.core.AprLifecycleListener.lifecycleEvent The APR based Apache Tomcat Native library which allows optimal performance in production environments was not found on the java.library.path: [/Users/liujunpeng/Library/Java/Extensions:/Library/Java/Extensions:/Network/Library/Java/Extensions:/System/Library/Java/Extensions:/usr/lib/java:.]
20-Jun-2018 13:25:22.754 信息 [main] org.apache.coyote.AbstractProtocol.init Initializing ProtocolHandler ["http-nio-8066"]
20-Jun-2018 13:25:22.838 信息 [main] org.apache.tomcat.util.net.NioSelectorPool.getSharedSelector Using a shared selector for servlet write/read
20-Jun-2018 13:25:22.870 信息 [main] org.apache.coyote.AbstractProtocol.init Initializing ProtocolHandler ["ajp-nio-54412"]
20-Jun-2018 13:25:22.872 信息 [main] org.apache.tomcat.util.net.NioSelectorPool.getSharedSelector Using a shared selector for servlet write/read
20-Jun-2018 13:25:22.875 信息 [main] org.apache.catalina.startup.Catalina.load Initialization processed in 2168 ms
20-Jun-2018 13:25:22.970 信息 [main] org.apache.catalina.core.StandardService.startInternal Starting service [Catalina]
20-Jun-2018 13:25:22.972 信息 [main] org.apache.catalina.core.StandardEngine.startInternal Starting Servlet Engine: Apache Tomcat/8.5.31
20-Jun-2018 13:25:22.995 信息 [main] org.apache.coyote.AbstractProtocol.start Starting ProtocolHandler ["http-nio-8066"]
20-Jun-2018 13:25:23.073 信息 [main] org.apache.coyote.AbstractProtocol.start Starting ProtocolHandler ["ajp-nio-54412"]
20-Jun-2018 13:25:23.083 信息 [main] org.apache.catalina.startup.Catalina.start Server startup in 207 ms
Connected to server
六月 20, 2018 1:25:26 下午 org.apache.jasper.servlet.TldScanner scanJspConfig
警告: Failed to process TLD with path [/WEB-INF/WEB-INF/tld/datetag.tld] and URI [/tags]. The specified path does not exist.
六月 20, 2018 1:25:26 下午 org.apache.jasper.servlet.TldScanner scanJars
信息: At least one JAR was scanned for TLDs yet contained no TLDs. Enable debug logging for this logger for a complete list of JARs that were scanned but no TLDs were found in them. Skipping unneeded JARs during scanning can improve startup time and JSP compilation time.
六月 20, 2018 1:25:26 下午 org.apache.catalina.core.ApplicationContext log
信息: No Spring WebApplicationInitializer types detected on classpath
六月 20, 2018 1:25:27 下午 org.apache.catalina.core.ApplicationContext log
信息: Initializing Spring FrameworkServlet 'goodluck'
[org.springframework.web.servlet.DispatcherServlet] - FrameworkServlet 'goodluck': initialization started
[org.springframework.web.context.support.XmlWebApplicationContext] - Refreshing WebApplicationContext for namespace 'goodluck-servlet': startup date [Wed Jun 20 13:25:27 CST 2018]; root of context hierarchy
[org.springframework.beans.factory.xml.XmlBeanDefinitionReader] - Loading XML bean definitions from class path resource [springmybatis.xml]
[org.springframework.beans.factory.xml.XmlBeanDefinitionReader] - Loading XML bean definitions from class path resource [springMVC.xml]
[org.springframework.beans.factory.support.DefaultListableBeanFactory] - Overriding bean definition for bean 'mvcContentNegotiationManager': replacing [Root bean: class [org.springframework.web.accept.ContentNegotiationManagerFactoryBean]; scope=; abstract=false; lazyInit=false; autowireMode=0; dependencyCheck=0; autowireCandidate=true; primary=false; factoryBeanName=null; factoryMethodName=null; initMethodName=null; destroyMethodName=null] with [Root bean: class [org.springframework.web.accept.ContentNegotiationManagerFactoryBean]; scope=; abstract=false; lazyInit=false; autowireMode=0; dependencyCheck=0; autowireCandidate=true; primary=false; factoryBeanName=null; factoryMethodName=null; initMethodName=null; destroyMethodName=null]
[org.springframework.beans.factory.support.DefaultListableBeanFactory] - Overriding bean definition for bean 'mvcUriComponentsContributor': replacing [Root bean: class [org.springframework.web.servlet.config.AnnotationDrivenBeanDefinitionParser$CompositeUriComponentsContributorFactoryBean]; scope=; abstract=false; lazyInit=false; autowireMode=0; dependencyCheck=0; autowireCandidate=true; primary=false; factoryBeanName=null; factoryMethodName=null; initMethodName=null; destroyMethodName=null] with [Root bean: class [org.springframework.web.servlet.config.AnnotationDrivenBeanDefinitionParser$CompositeUriComponentsContributorFactoryBean]; scope=; abstract=false; lazyInit=false; autowireMode=0; dependencyCheck=0; autowireCandidate=true; primary=false; factoryBeanName=null; factoryMethodName=null; initMethodName=null; destroyMethodName=null]
[org.springframework.context.support.PropertySourcesPlaceholderConfigurer] - Loading properties file from class path resource [db.properties]
[com.mchange.v2.log.MLog] - MLog clients using slf4j logging.
[com.mchange.v2.c3p0.C3P0Registry] - Initializing c3p0-0.9.5.2 [built 08-December-2015 22:06:04 -0800; debug? true; trace: 10]
[org.springframework.beans.factory.config.PropertiesFactoryBean] - Loading properties file from class path resource [PageSize.properties]
[org.springframework.web.servlet.mvc.method.annotation.RequestMappingHandlerMapping] - Mapped "{[/demo/tofindUser],methods=[],params=[],headers=[],consumes=[],produces=[],custom=[]}" onto public java.lang.String com.oto.controller.UserController.findUser()
[org.springframework.web.servlet.mvc.method.annotation.RequestMappingHandlerMapping] - Mapped "{[/demo/getUser],methods=[GET],params=[],headers=[],consumes=[],produces=[],custom=[]}" onto public java.lang.String com.oto.controller.UserController.getUser(java.lang.String,javax.servlet.http.HttpServletRequest,org.springframework.ui.Model)
[org.springframework.web.servlet.mvc.method.annotation.RequestMappingHandlerMapping] - Mapped "{[/demo/getAllUser],methods=[],params=[],headers=[],consumes=[],produces=[],custom=[]}" onto public org.springframework.web.servlet.ModelAndView com.oto.controller.UserController.queryAll(java.lang.String,org.springframework.ui.Model)
[org.springframework.web.servlet.mvc.method.annotation.RequestMappingHandlerMapping] - Mapped "{[/demo/toAddUser],methods=[],params=[],headers=[],consumes=[],produces=[],custom=[]}" onto public java.lang.String com.oto.controller.UserController.toAddUser()
[org.springframework.web.servlet.mvc.method.annotation.RequestMappingHandlerMapping] - Mapped "{[/demo/addUser],methods=[POST],params=[],headers=[],consumes=[],produces=[],custom=[]}" onto public java.lang.String com.oto.controller.UserController.addUser(com.oto.pojo.User)
[org.springframework.web.servlet.mvc.method.annotation.RequestMappingHandlerMapping] - Mapped "{[/demo/updateUser],methods=[PUT],params=[],headers=[],consumes=[],produces=[],custom=[]}" onto public java.lang.String com.oto.controller.UserController.UpdateUser(com.oto.pojo.User,javax.servlet.http.HttpServletRequest,org.springframework.ui.Model)
[org.springframework.web.servlet.mvc.method.annotation.RequestMappingHandlerMapping] - Mapped "{[/demo/delUser/{id}],methods=[DELETE],params=[],headers=[],consumes=[],produces=[],custom=[]}" onto public java.lang.String com.oto.controller.UserController.deleteUser(java.lang.String)
[org.springframework.web.servlet.mvc.method.annotation.RequestMappingHandlerAdapter] - Looking for @ControllerAdvice: WebApplicationContext for namespace 'goodluck-servlet': startup date [Wed Jun 20 13:25:27 CST 2018]; root of context hierarchy
[org.springframework.web.servlet.mvc.method.annotation.RequestMappingHandlerAdapter] - Looking for @ControllerAdvice: WebApplicationContext for namespace 'goodluck-servlet': startup date [Wed Jun 20 13:25:27 CST 2018]; root of context hierarchy
[org.springframework.web.servlet.mvc.method.annotation.RequestMappingHandlerMapping] - Mapped "{[/demo/tofindUser],methods=[],params=[],headers=[],consumes=[],produces=[],custom=[]}" onto public java.lang.String com.oto.controller.UserController.findUser()
[org.springframework.web.servlet.mvc.method.annotation.RequestMappingHandlerMapping] - Mapped "{[/demo/getUser],methods=[GET],params=[],headers=[],consumes=[],produces=[],custom=[]}" onto public java.lang.String com.oto.controller.UserController.getUser(java.lang.String,javax.servlet.http.HttpServletRequest,org.springframework.ui.Model)
[org.springframework.web.servlet.mvc.method.annotation.RequestMappingHandlerMapping] - Mapped "{[/demo/getAllUser],methods=[],params=[],headers=[],consumes=[],produces=[],custom=[]}" onto public org.springframework.web.servlet.ModelAndView com.oto.controller.UserController.queryAll(java.lang.String,org.springframework.ui.Model)
[org.springframework.web.servlet.mvc.method.annotation.RequestMappingHandlerMapping] - Mapped "{[/demo/toAddUser],methods=[],params=[],headers=[],consumes=[],produces=[],custom=[]}" onto public java.lang.String com.oto.controller.UserController.toAddUser()
[org.springframework.web.servlet.mvc.method.annotation.RequestMappingHandlerMapping] - Mapped "{[/demo/addUser],methods=[POST],params=[],headers=[],consumes=[],produces=[],custom=[]}" onto public java.lang.String com.oto.controller.UserController.addUser(com.oto.pojo.User)
[org.springframework.web.servlet.mvc.method.annotation.RequestMappingHandlerMapping] - Mapped "{[/demo/updateUser],methods=[PUT],params=[],headers=[],consumes=[],produces=[],custom=[]}" onto public java.lang.String com.oto.controller.UserController.UpdateUser(com.oto.pojo.User,javax.servlet.http.HttpServletRequest,org.springframework.ui.Model)
[org.springframework.web.servlet.mvc.method.annotation.RequestMappingHandlerMapping] - Mapped "{[/demo/delUser/{id}],methods=[DELETE],params=[],headers=[],consumes=[],produces=[],custom=[]}" onto public java.lang.String com.oto.controller.UserController.deleteUser(java.lang.String)
[org.springframework.web.servlet.mvc.method.annotation.RequestMappingHandlerAdapter] - Looking for @ControllerAdvice: WebApplicationContext for namespace 'goodluck-servlet': startup date [Wed Jun 20 13:25:27 CST 2018]; root of context hierarchy
[org.springframework.web.servlet.DispatcherServlet] - FrameworkServlet 'goodluck': initialization completed in 4516 ms
20-Jun-2018 13:25:32.997 信息 [localhost-startStop-1] org.apache.catalina.startup.HostConfig.deployDirectory Deploying web application directory [/Library/tomcat/webapps/manager]
20-Jun-2018 13:25:33.047 信息 [localhost-startStop-1] org.apache.catalina.startup.HostConfig.deployDirectory Deployment of web application directory [/Library/tomcat/webapps/manager] has finished in [49] ms
[org.springframework.web.servlet.PageNotFound] - No mapping found for HTTP request with URI [/favicon.ico] in DispatcherServlet with name 'goodluck'
[com.oto.controller.UserController] - Wed Jun 20 13:25:46 CST 2018开始调用方法
[com.mchange.v2.c3p0.impl.AbstractPoolBackedDataSource] - Initializing c3p0 pool... com.mchange.v2.c3p0.ComboPooledDataSource [ acquireIncrement -> 3, acquireRetryAttempts -> 30, acquireRetryDelay -> 1000, autoCommitOnClose -> false, automaticTestTable -> null, breakAfterAcquireFailure -> false, checkoutTimeout -> 0, connectionCustomizerClassName -> null, connectionTesterClassName -> com.mchange.v2.c3p0.impl.DefaultConnectionTester, contextClassLoaderSource -> caller, dataSourceName -> 1hge77a9w7o8j9q1o768r|43ada697, debugUnreturnedConnectionStackTraces -> false, description -> null, driverClass -> com.mysql.jdbc.Driver, extensions -> {}, factoryClassLocation -> null, forceIgnoreUnresolvedTransactions -> false, forceSynchronousCheckins -> false, forceUseNamedDriverClass -> false, identityToken -> 1hge77a9w7o8j9q1o768r|43ada697, idleConnectionTestPeriod -> 0, initialPoolSize -> 3, jdbcUrl -> jdbc:mysql://47.98.188.70:3306/springdb?characterEncoding=utf-8, maxAdministrativeTaskTime -> 0, maxConnectionAge -> 0, maxIdleTime -> 0, maxIdleTimeExcessConnections -> 0, maxPoolSize -> 15, maxStatements -> 0, maxStatementsPerConnection -> 0, minPoolSize -> 3, numHelperThreads -> 3, preferredTestQuery -> null, privilegeSpawnedThreads -> false, properties -> {user=******, password=******}, propertyCycle -> 0, statementCacheNumDeferredCloseThreads -> 0, testConnectionOnCheckin -> false, testConnectionOnCheckout -> false, unreturnedConnectionTimeout -> 0, userOverrides -> {}, usesTraditionalReflectiveProxies -> false ]
[com.oto.controller.UserController] - Wed Jun 20 13:25:47 CST 2018结束
[com.oto.controller.UserController] - 执行用时1.252秒
[org.springframework.web.servlet.PageNotFound] - No mapping found for HTTP request with URI [/js/jquery-1.7.1.js] in DispatcherServlet with name 'goodluck'
20-Jun-2018 15:17:52.550 信息 [main] org.apache.catalina.core.StandardServer.await A valid shutdown command was received via the shutdown port. Stopping the Server instance.
20-Jun-2018 15:17:52.551 信息 [main] org.apache.coyote.AbstractProtocol.pause Pausing ProtocolHandler ["http-nio-8066"]
20-Jun-2018 15:17:52.609 信息 [main] org.apache.coyote.AbstractProtocol.pause Pausing ProtocolHandler ["ajp-nio-54412"]
20-Jun-2018 15:17:52.663 信息 [main] org.apache.catalina.core.StandardService.stopInternal Stopping service [Catalina]
[org.springframework.web.context.support.XmlWebApplicationContext] - Closing WebApplicationContext for namespace 'goodluck-servlet': startup date [Wed Jun 20 13:25:27 CST 2018]; root of context hierarchy
六月 20, 2018 3:17:52 下午 org.apache.catalina.core.ApplicationContext log
信息: Destroying Spring FrameworkServlet 'goodluck'
20-Jun-2018 15:17:52.707 警告 [localhost-startStop-2] org.apache.catalina.loader.WebappClassLoaderBase.clearReferencesJdbc The web application [ROOT] registered the JDBC driver [com.mysql.jdbc.Driver] but failed to unregister it when the web application was stopped. To prevent a memory leak, the JDBC Driver has been forcibly unregistered.
20-Jun-2018 15:17:52.708 警告 [localhost-startStop-2] org.apache.catalina.loader.WebappClassLoaderBase.clearReferencesThreads The web application [ROOT] appears to have started a thread named [Abandoned connection cleanup thread] but has failed to stop it. This is very likely to create a memory leak. Stack trace of thread:
 java.lang.Object.wait(Native Method)
 java.lang.ref.ReferenceQueue.remove(ReferenceQueue.java:143)
 com.mysql.jdbc.AbandonedConnectionCleanupThread.run(AbandonedConnectionCleanupThread.java:43)
20-Jun-2018 15:17:52.725 信息 [main] org.apache.coyote.AbstractProtocol.stop Stopping ProtocolHandler ["http-nio-8066"]
20-Jun-2018 15:17:52.730 信息 [main] org.apache.coyote.AbstractProtocol.stop Stopping ProtocolHandler ["ajp-nio-54412"]
20-Jun-2018 15:17:52.733 信息 [main] org.apache.coyote.AbstractProtocol.destroy Destroying ProtocolHandler ["http-nio-8066"]
20-Jun-2018 15:17:52.734 信息 [main] org.apache.coyote.AbstractProtocol.destroy Destroying ProtocolHandler ["ajp-nio-54412"]
Disconnected from server
