2018-01-23 02:04:32,262 INFO[org.springframework.context.support.ClassPathXmlApplicationContext:583] - Refreshing org.springframework.context.support.ClassPathXmlApplicationContext@515f550a: startup date [Tue Jan 23 02:04:32 CST 2018]; root of context hierarchy
2018-01-23 02:04:32,327 INFO[org.springframework.beans.factory.xml.XmlBeanDefinitionReader:317] - Loading XML bean definitions from class path resource [applicationContext.xml]
2018-01-23 02:04:32,517 INFO[org.springframework.jdbc.datasource.DriverManagerDataSource:133] - Loaded JDBC driver: org.gjt.mm.mysql.Driver
2018-01-23 02:04:32,997 INFO[org.springframework.beans.factory.xml.XmlBeanDefinitionReader:317] - Loading XML bean definitions from class path resource [org/springframework/jdbc/support/sql-error-codes.xml]
2018-01-23 02:04:33,034 INFO[org.springframework.jdbc.support.SQLErrorCodesFactory:127] - SQLErrorCodes loaded: [DB2, Derby, H2, HSQL, Informix, MS-SQL, MySQL, Oracle, PostgreSQL, Sybase, Hana]
2018-01-23 02:06:52,725 INFO[org.springframework.context.support.ClassPathXmlApplicationContext:583] - Refreshing org.springframework.context.support.ClassPathXmlApplicationContext@515f550a: startup date [Tue Jan 23 02:06:52 CST 2018]; root of context hierarchy
2018-01-23 02:06:52,796 INFO[org.springframework.beans.factory.xml.XmlBeanDefinitionReader:317] - Loading XML bean definitions from class path resource [applicationContext.xml]
2018-01-23 02:06:52,987 INFO[org.springframework.jdbc.datasource.DriverManagerDataSource:133] - Loaded JDBC driver: org.gjt.mm.mysql.Driver
2018-01-23 02:06:53,508 INFO[org.springframework.beans.factory.xml.XmlBeanDefinitionReader:317] - Loading XML bean definitions from class path resource [org/springframework/jdbc/support/sql-error-codes.xml]
2018-01-23 02:06:53,555 INFO[org.springframework.jdbc.support.SQLErrorCodesFactory:127] - SQLErrorCodes loaded: [DB2, Derby, H2, HSQL, Informix, MS-SQL, MySQL, Oracle, PostgreSQL, Sybase, Hana]
2018-01-23 02:07:14,541 INFO[org.springframework.context.support.ClassPathXmlApplicationContext:583] - Refreshing org.springframework.context.support.ClassPathXmlApplicationContext@515f550a: startup date [Tue Jan 23 02:07:14 CST 2018]; root of context hierarchy
2018-01-23 02:07:14,624 INFO[org.springframework.beans.factory.xml.XmlBeanDefinitionReader:317] - Loading XML bean definitions from class path resource [applicationContext.xml]
2018-01-23 02:07:14,829 INFO[org.springframework.jdbc.datasource.DriverManagerDataSource:133] - Loaded JDBC driver: org.gjt.mm.mysql.Driver
2018-01-23 02:08:16,811 INFO[org.springframework.context.support.ClassPathXmlApplicationContext:583] - Refreshing org.springframework.context.support.ClassPathXmlApplicationContext@515f550a: startup date [Tue Jan 23 02:08:16 CST 2018]; root of context hierarchy
2018-01-23 02:08:16,877 INFO[org.springframework.beans.factory.xml.XmlBeanDefinitionReader:317] - Loading XML bean definitions from class path resource [applicationContext.xml]
2018-01-23 02:08:17,064 INFO[org.springframework.jdbc.datasource.DriverManagerDataSource:133] - Loaded JDBC driver: org.gjt.mm.mysql.Driver
2018-01-23 02:08:17,541 INFO[org.springframework.beans.factory.xml.XmlBeanDefinitionReader:317] - Loading XML bean definitions from class path resource [org/springframework/jdbc/support/sql-error-codes.xml]
2018-01-23 02:08:17,582 INFO[org.springframework.jdbc.support.SQLErrorCodesFactory:127] - SQLErrorCodes loaded: [DB2, Derby, H2, HSQL, Informix, MS-SQL, MySQL, Oracle, PostgreSQL, Sybase, Hana]
2018-01-23 02:08:41,420 INFO[org.springframework.context.support.ClassPathXmlApplicationContext:583] - Refreshing org.springframework.context.support.ClassPathXmlApplicationContext@515f550a: startup date [Tue Jan 23 02:08:41 CST 2018]; root of context hierarchy
2018-01-23 02:08:41,487 INFO[org.springframework.beans.factory.xml.XmlBeanDefinitionReader:317] - Loading XML bean definitions from class path resource [applicationContext.xml]
2018-01-23 02:08:41,677 INFO[org.springframework.jdbc.datasource.DriverManagerDataSource:133] - Loaded JDBC driver: org.gjt.mm.mysql.Driver
2018-01-23 02:11:17,011 INFO[org.springframework.context.support.ClassPathXmlApplicationContext:583] - Refreshing org.springframework.context.support.ClassPathXmlApplicationContext@515f550a: startup date [Tue Jan 23 02:11:17 CST 2018]; root of context hierarchy
2018-01-23 02:11:17,076 INFO[org.springframework.beans.factory.xml.XmlBeanDefinitionReader:317] - Loading XML bean definitions from class path resource [applicationContext.xml]
2018-01-23 02:11:17,255 INFO[org.springframework.jdbc.datasource.DriverManagerDataSource:133] - Loaded JDBC driver: org.gjt.mm.mysql.Driver
2018-01-23 02:11:17,697 INFO[org.springframework.beans.factory.xml.XmlBeanDefinitionReader:317] - Loading XML bean definitions from class path resource [org/springframework/jdbc/support/sql-error-codes.xml]
2018-01-23 02:11:17,747 INFO[org.springframework.jdbc.support.SQLErrorCodesFactory:127] - SQLErrorCodes loaded: [DB2, Derby, H2, HSQL, Informix, MS-SQL, MySQL, Oracle, PostgreSQL, Sybase, Hana]
2018-01-23 02:12:19,879 INFO[org.springframework.context.support.ClassPathXmlApplicationContext:583] - Refreshing org.springframework.context.support.ClassPathXmlApplicationContext@515f550a: startup date [Tue Jan 23 02:12:19 CST 2018]; root of context hierarchy
2018-01-23 02:12:19,940 INFO[org.springframework.beans.factory.xml.XmlBeanDefinitionReader:317] - Loading XML bean definitions from class path resource [applicationContext.xml]
2018-01-23 02:12:20,122 INFO[org.springframework.jdbc.datasource.DriverManagerDataSource:133] - Loaded JDBC driver: org.gjt.mm.mysql.Driver
