2018-07-24 15:26:24  [ main:0 ] - [ INFO ]  Loaded default TestExecutionListener class names from location [META-INF/spring.factories]: [org.springframework.test.context.web.ServletTestExecutionListener, org.springframework.test.context.support.DirtiesContextBeforeModesTestExecutionListener, org.springframework.test.context.support.DependencyInjectionTestExecutionListener, org.springframework.test.context.support.DirtiesContextTestExecutionListener, org.springframework.test.context.transaction.TransactionalTestExecutionListener, org.springframework.test.context.jdbc.SqlScriptsTestExecutionListener]
2018-07-24 15:26:24  [ main:226 ] - [ INFO ]  Using TestExecutionListeners: [org.springframework.test.context.web.ServletTestExecutionListener@709393, org.springframework.test.context.support.DirtiesContextBeforeModesTestExecutionListener@199d22e, org.springframework.test.context.support.DependencyInjectionTestExecutionListener@1fc609f, org.springframework.test.context.support.DirtiesContextTestExecutionListener@d2dae5, org.springframework.test.context.transaction.TransactionalTestExecutionListener@883ce7, org.springframework.test.context.jdbc.SqlScriptsTestExecutionListener@173813a]
2018-07-24 15:26:24  [ main:503 ] - [ INFO ]  Loading XML bean definitions from class path resource [spring-mybatis.xml]
2018-07-24 15:26:25  [ main:887 ] - [ INFO ]  Refreshing org.springframework.context.support.GenericApplicationContext@187f14: startup date [Tue Jul 24 15:26:25 CST 2018]; root of context hierarchy
2018-07-24 15:26:26  [ main:1948 ] - [ INFO ]  -----------com.jnshu.czm.service.UserService.findUserById处理耗时 247 ms
2018-07-24 15:26:26  [ main:1953 ] - [ INFO ]  -----------com.jnshu.czm.service.UserService.findUserById处理耗时 253 ms
2018-07-24 15:26:26  [ main:1953 ] - [ INFO ]  -----------com.jnshu.czm.service.UserService.findUserById访问耗时 254 ms
2018-07-24 15:26:26  [ main:1961 ] - [ INFO ]  -----------com.jnshu.czm.service.UserService.findAll处理耗时 4 ms
2018-07-24 15:26:26  [ main:1961 ] - [ INFO ]  -----------com.jnshu.czm.service.UserService.findAll处理耗时 4 ms
2018-07-24 15:26:26  [ main:1962 ] - [ INFO ]  -----------com.jnshu.czm.service.UserService.findAll访问耗时 5 ms
2018-07-24 15:26:26  [ main:1966 ] - [ INFO ]  -----------com.jnshu.czm.service.UserService.selectCount处理耗时 3 ms
2018-07-24 15:26:26  [ main:1967 ] - [ INFO ]  -----------com.jnshu.czm.service.UserService.selectCount处理耗时 4 ms
2018-07-24 15:26:26  [ main:1967 ] - [ INFO ]  -----------com.jnshu.czm.service.UserService.selectCount访问耗时 5 ms
2018-07-24 15:26:26  [ Thread-1:2023 ] - [ INFO ]  Closing org.springframework.context.support.GenericApplicationContext@187f14: startup date [Tue Jul 24 15:26:25 CST 2018]; root of context hierarchy
2018-07-24 16:11:40  [ main:0 ] - [ INFO ]  Loaded default TestExecutionListener class names from location [META-INF/spring.factories]: [org.springframework.test.context.web.ServletTestExecutionListener, org.springframework.test.context.support.DirtiesContextBeforeModesTestExecutionListener, org.springframework.test.context.support.DependencyInjectionTestExecutionListener, org.springframework.test.context.support.DirtiesContextTestExecutionListener, org.springframework.test.context.transaction.TransactionalTestExecutionListener, org.springframework.test.context.jdbc.SqlScriptsTestExecutionListener]
2018-07-24 16:11:40  [ main:23 ] - [ INFO ]  Using TestExecutionListeners: [org.springframework.test.context.web.ServletTestExecutionListener@709393, org.springframework.test.context.support.DirtiesContextBeforeModesTestExecutionListener@199d22e, org.springframework.test.context.support.DependencyInjectionTestExecutionListener@1fc609f, org.springframework.test.context.support.DirtiesContextTestExecutionListener@d2dae5, org.springframework.test.context.transaction.TransactionalTestExecutionListener@883ce7, org.springframework.test.context.jdbc.SqlScriptsTestExecutionListener@173813a]
2018-07-24 16:11:40  [ main:109 ] - [ INFO ]  Loading XML bean definitions from class path resource [spring-mybatis.xml]
2018-07-24 16:11:41  [ main:361 ] - [ INFO ]  Refreshing org.springframework.context.support.GenericApplicationContext@187f14: startup date [Tue Jul 24 16:11:41 CST 2018]; root of context hierarchy
2018-07-24 16:11:42  [ main:1379 ] - [ INFO ]  -----------com.jnshu.czm.service.UserService.findUserById处理耗时 278 ms
2018-07-24 16:11:42  [ main:1382 ] - [ INFO ]  -----------com.jnshu.czm.service.UserService.findUserById处理耗时 282 ms
2018-07-24 16:11:42  [ main:1383 ] - [ INFO ]  -----------com.jnshu.czm.service.UserService.findUserById访问耗时 284 ms
2018-07-24 16:11:42  [ main:1389 ] - [ INFO ]  -----------com.jnshu.czm.service.UserService.findAll处理耗时 3 ms
2018-07-24 16:11:42  [ main:1389 ] - [ INFO ]  -----------com.jnshu.czm.service.UserService.findAll处理耗时 3 ms
2018-07-24 16:11:42  [ main:1390 ] - [ INFO ]  -----------com.jnshu.czm.service.UserService.findAll访问耗时 4 ms
2018-07-24 16:11:42  [ main:1394 ] - [ INFO ]  -----------com.jnshu.czm.service.UserService.selectCount处理耗时 3 ms
2018-07-24 16:11:42  [ main:1395 ] - [ INFO ]  -----------com.jnshu.czm.service.UserService.selectCount处理耗时 4 ms
2018-07-24 16:11:42  [ main:1395 ] - [ INFO ]  -----------com.jnshu.czm.service.UserService.selectCount访问耗时 4 ms
2018-07-24 16:11:42  [ Thread-1:1426 ] - [ INFO ]  Closing org.springframework.context.support.GenericApplicationContext@187f14: startup date [Tue Jul 24 16:11:41 CST 2018]; root of context hierarchy
