 INFO [main] - Refreshing org.springframework.context.support.ClassPathXmlApplicationContext@4141d797: startup date [Thu Jun 07 21:12:44 CST 2018]; root of context hierarchy
 INFO [main] - Loading XML bean definitions from class path resource [server.xml]
 WARN [main] - No MyBatis mapper was found in '[com.mappers]' package. Please check your configuration.
 INFO [main] - Loading properties file from class path resource [db.properties]
 WARN [main] - Exception encountered during context initialization - cancelling refresh attempt: org.springframework.beans.factory.BeanCreationException: Error creating bean with name 'otherPageServiceImpl': Injection of resource dependencies failed; nested exception is org.springframework.beans.factory.NoSuchBeanDefinitionException: No qualifying bean of type [mapper.OtherPageMapper] found for dependency: expected at least 1 bean which qualifies as autowire candidate for this dependency. Dependency annotations: {@javax.annotation.Resource(shareable=true, lookup=, name=, description=, authenticationType=CONTAINER, type=class java.lang.Object, mappedName=)}
 INFO [main] - Refreshing org.springframework.context.support.ClassPathXmlApplicationContext@4141d797: startup date [Thu Jun 07 21:13:51 CST 2018]; root of context hierarchy
 INFO [main] - Loading XML bean definitions from class path resource [server.xml]
 INFO [main] - Loading properties file from class path resource [db.properties]
 INFO [main] - Looking for RMI registry at port '8082'
 INFO [main] - Could not detect RMI registry - creating new one
 INFO [main] - Binding service 'otherPageServiceImpl' to RMI registry: RegistryImpl[UnicastServerRef [liveRef: [endpoint:[192.168.31.192:8082](local),objID:[0:0:0, 0]]]]
 INFO [main] - Looking for RMI registry at port '8082'
 INFO [main] - Binding service 'ProfessionServiceImpl' to RMI registry: RegistryImpl_Stub[UnicastRef [liveRef: [endpoint:[192.168.31.192:8082](remote),objID:[0:0:0, 0]]]]
 INFO [main] - Refreshing org.springframework.context.support.ClassPathXmlApplicationContext@4141d797: startup date [Thu Jun 07 21:29:31 CST 2018]; root of context hierarchy
 INFO [main] - Loading XML bean definitions from class path resource [server.xml]
 INFO [main] - Loading properties file from class path resource [db.properties]
 INFO [main] - Looking for RMI registry at port '8082'
 INFO [main] - Could not detect RMI registry - creating new one
 INFO [main] - Binding service 'otherPageServiceImpl' to RMI registry: RegistryImpl[UnicastServerRef [liveRef: [endpoint:[192.168.31.192:8082](local),objID:[0:0:0, 0]]]]
 INFO [main] - Looking for RMI registry at port '8082'
 INFO [main] - Binding service 'ProfessionServiceImpl' to RMI registry: RegistryImpl_Stub[UnicastRef [liveRef: [endpoint:[192.168.31.192:8082](remote),objID:[0:0:0, 0]]]]
