2018-06-13 22:12:21,162 耗时：172 日志来自：web.context.ContextLoader                日志类型: ERROR 日志内容：Context initialization failed 
org.springframework.beans.factory.BeanDefinitionStoreException: IOException parsing XML document from class path resource [applicationContext.xml]; nested exception is java.io.FileNotFoundException: class path resource [applicationContext.xml] cannot be opened because it does not exist
	at org.springframework.beans.factory.xml.XmlBeanDefinitionReader.loadBeanDefinitions(XmlBeanDefinitionReader.java:344)
	at org.springframework.beans.factory.xml.XmlBeanDefinitionReader.loadBeanDefinitions(XmlBeanDefinitionReader.java:304)
	at org.springframework.beans.factory.support.AbstractBeanDefinitionReader.loadBeanDefinitions(AbstractBeanDefinitionReader.java:181)
	at org.springframework.beans.factory.support.AbstractBeanDefinitionReader.loadBeanDefinitions(AbstractBeanDefinitionReader.java:217)
	at org.springframework.beans.factory.support.AbstractBeanDefinitionReader.loadBeanDefinitions(AbstractBeanDefinitionReader.java:188)
	at org.springframework.web.context.support.XmlWebApplicationContext.loadBeanDefinitions(XmlWebApplicationContext.java:125)
	at org.springframework.web.context.support.XmlWebApplicationContext.loadBeanDefinitions(XmlWebApplicationContext.java:94)
	at org.springframework.context.support.AbstractRefreshableApplicationContext.refreshBeanFactory(AbstractRefreshableApplicationContext.java:129)
	at org.springframework.context.support.AbstractApplicationContext.obtainFreshBeanFactory(AbstractApplicationContext.java:609)
	at org.springframework.context.support.AbstractApplicationContext.refresh(AbstractApplicationContext.java:510)
	at org.springframework.web.context.ContextLoader.configureAndRefreshWebApplicationContext(ContextLoader.java:444)
	at org.springframework.web.context.ContextLoader.initWebApplicationContext(ContextLoader.java:326)
	at org.springframework.web.context.ContextLoaderListener.contextInitialized(ContextLoaderListener.java:107)
	at org.eclipse.jetty.server.handler.ContextHandler.callContextInitialized(ContextHandler.java:890)
	at org.eclipse.jetty.servlet.ServletContextHandler.callContextInitialized(ServletContextHandler.java:558)
	at org.eclipse.jetty.server.handler.ContextHandler.startContext(ContextHandler.java:853)
	at org.eclipse.jetty.servlet.ServletContextHandler.startContext(ServletContextHandler.java:370)
	at org.eclipse.jetty.webapp.WebAppContext.startWebapp(WebAppContext.java:1497)
	at org.eclipse.jetty.maven.plugin.JettyWebAppContext.startWebapp(JettyWebAppContext.java:360)
	at org.eclipse.jetty.webapp.WebAppContext.startContext(WebAppContext.java:1459)
	at org.eclipse.jetty.server.handler.ContextHandler.doStart(ContextHandler.java:785)
	at org.eclipse.jetty.servlet.ServletContextHandler.doStart(ServletContextHandler.java:287)
	at org.eclipse.jetty.webapp.WebAppContext.doStart(WebAppContext.java:545)
	at org.eclipse.jetty.maven.plugin.JettyWebAppContext.doStart(JettyWebAppContext.java:428)
	at org.eclipse.jetty.util.component.AbstractLifeCycle.start(AbstractLifeCycle.java:68)
	at org.eclipse.jetty.maven.plugin.JettyRunMojo.restartWebApp(JettyRunMojo.java:553)
	at org.eclipse.jetty.maven.plugin.JettyRunMojo$1.onPathWatchEvents(JettyRunMojo.java:405)
	at org.eclipse.jetty.util.PathWatcher.notifyEvents(PathWatcher.java:1366)
	at org.eclipse.jetty.util.PathWatcher.run(PathWatcher.java:1190)
	at java.base/java.lang.Thread.run(Thread.java:844)
Caused by: java.io.FileNotFoundException: class path resource [applicationContext.xml] cannot be opened because it does not exist
	at org.springframework.core.io.ClassPathResource.getInputStream(ClassPathResource.java:172)
	at org.springframework.beans.factory.xml.XmlBeanDefinitionReader.loadBeanDefinitions(XmlBeanDefinitionReader.java:330)
	... 29 more
2018-06-13 23:41:50,915 耗时：143 日志来自：web.context.ContextLoader                日志类型: ERROR 日志内容：Context initialization failed 
org.springframework.beans.factory.BeanDefinitionStoreException: IOException parsing XML document from class path resource [applicationContext.xml]; nested exception is java.io.FileNotFoundException: class path resource [applicationContext.xml] cannot be opened because it does not exist
	at org.springframework.beans.factory.xml.XmlBeanDefinitionReader.loadBeanDefinitions(XmlBeanDefinitionReader.java:344)
	at org.springframework.beans.factory.xml.XmlBeanDefinitionReader.loadBeanDefinitions(XmlBeanDefinitionReader.java:304)
	at org.springframework.beans.factory.support.AbstractBeanDefinitionReader.loadBeanDefinitions(AbstractBeanDefinitionReader.java:181)
	at org.springframework.beans.factory.support.AbstractBeanDefinitionReader.loadBeanDefinitions(AbstractBeanDefinitionReader.java:217)
	at org.springframework.beans.factory.support.AbstractBeanDefinitionReader.loadBeanDefinitions(AbstractBeanDefinitionReader.java:188)
	at org.springframework.web.context.support.XmlWebApplicationContext.loadBeanDefinitions(XmlWebApplicationContext.java:125)
	at org.springframework.web.context.support.XmlWebApplicationContext.loadBeanDefinitions(XmlWebApplicationContext.java:94)
	at org.springframework.context.support.AbstractRefreshableApplicationContext.refreshBeanFactory(AbstractRefreshableApplicationContext.java:129)
	at org.springframework.context.support.AbstractApplicationContext.obtainFreshBeanFactory(AbstractApplicationContext.java:609)
	at org.springframework.context.support.AbstractApplicationContext.refresh(AbstractApplicationContext.java:510)
	at org.springframework.web.context.ContextLoader.configureAndRefreshWebApplicationContext(ContextLoader.java:444)
	at org.springframework.web.context.ContextLoader.initWebApplicationContext(ContextLoader.java:326)
	at org.springframework.web.context.ContextLoaderListener.contextInitialized(ContextLoaderListener.java:107)
	at org.eclipse.jetty.server.handler.ContextHandler.callContextInitialized(ContextHandler.java:890)
	at org.eclipse.jetty.servlet.ServletContextHandler.callContextInitialized(ServletContextHandler.java:558)
	at org.eclipse.jetty.server.handler.ContextHandler.startContext(ContextHandler.java:853)
	at org.eclipse.jetty.servlet.ServletContextHandler.startContext(ServletContextHandler.java:370)
	at org.eclipse.jetty.webapp.WebAppContext.startWebapp(WebAppContext.java:1497)
	at org.eclipse.jetty.maven.plugin.JettyWebAppContext.startWebapp(JettyWebAppContext.java:360)
	at org.eclipse.jetty.webapp.WebAppContext.startContext(WebAppContext.java:1459)
	at org.eclipse.jetty.server.handler.ContextHandler.doStart(ContextHandler.java:785)
	at org.eclipse.jetty.servlet.ServletContextHandler.doStart(ServletContextHandler.java:287)
	at org.eclipse.jetty.webapp.WebAppContext.doStart(WebAppContext.java:545)
	at org.eclipse.jetty.maven.plugin.JettyWebAppContext.doStart(JettyWebAppContext.java:428)
	at org.eclipse.jetty.util.component.AbstractLifeCycle.start(AbstractLifeCycle.java:68)
	at org.eclipse.jetty.maven.plugin.JettyRunMojo.restartWebApp(JettyRunMojo.java:553)
	at org.eclipse.jetty.maven.plugin.JettyRunMojo$1.onPathWatchEvents(JettyRunMojo.java:405)
	at org.eclipse.jetty.util.PathWatcher.notifyEvents(PathWatcher.java:1366)
	at org.eclipse.jetty.util.PathWatcher.run(PathWatcher.java:1190)
	at java.base/java.lang.Thread.run(Thread.java:844)
Caused by: java.io.FileNotFoundException: class path resource [applicationContext.xml] cannot be opened because it does not exist
	at org.springframework.core.io.ClassPathResource.getInputStream(ClassPathResource.java:172)
	at org.springframework.beans.factory.xml.XmlBeanDefinitionReader.loadBeanDefinitions(XmlBeanDefinitionReader.java:330)
	... 29 more
2018-06-13 23:47:46,843 耗时：575 日志来自：web.context.ContextLoader                日志类型: ERROR 日志内容：Context initialization failed 
org.springframework.beans.factory.parsing.BeanDefinitionParsingException: Configuration problem: Bean name 'sqlSessionFactory' is already used in this <beans> element
Offending resource: class path resource [applicationContext.xml]

	at org.springframework.beans.factory.parsing.FailFastProblemReporter.error(FailFastProblemReporter.java:70)
	at org.springframework.beans.factory.parsing.ReaderContext.error(ReaderContext.java:85)
	at org.springframework.beans.factory.parsing.ReaderContext.error(ReaderContext.java:80)
	at org.springframework.beans.factory.xml.BeanDefinitionParserDelegate.error(BeanDefinitionParserDelegate.java:301)
	at org.springframework.beans.factory.xml.BeanDefinitionParserDelegate.checkNameUniqueness(BeanDefinitionParserDelegate.java:511)
	at org.springframework.beans.factory.xml.BeanDefinitionParserDelegate.parseBeanDefinitionElement(BeanDefinitionParserDelegate.java:457)
	at org.springframework.beans.factory.xml.BeanDefinitionParserDelegate.parseBeanDefinitionElement(BeanDefinitionParserDelegate.java:429)
	at org.springframework.beans.factory.xml.DefaultBeanDefinitionDocumentReader.processBeanDefinition(DefaultBeanDefinitionDocumentReader.java:295)
	at org.springframework.beans.factory.xml.DefaultBeanDefinitionDocumentReader.parseDefaultElement(DefaultBeanDefinitionDocumentReader.java:186)
	at org.springframework.beans.factory.xml.DefaultBeanDefinitionDocumentReader.parseBeanDefinitions(DefaultBeanDefinitionDocumentReader.java:165)
	at org.springframework.beans.factory.xml.DefaultBeanDefinitionDocumentReader.doRegisterBeanDefinitions(DefaultBeanDefinitionDocumentReader.java:138)
	at org.springframework.beans.factory.xml.DefaultBeanDefinitionDocumentReader.registerBeanDefinitions(DefaultBeanDefinitionDocumentReader.java:94)
	at org.springframework.beans.factory.xml.XmlBeanDefinitionReader.registerBeanDefinitions(XmlBeanDefinitionReader.java:508)
	at org.springframework.beans.factory.xml.XmlBeanDefinitionReader.doLoadBeanDefinitions(XmlBeanDefinitionReader.java:392)
	at org.springframework.beans.factory.xml.XmlBeanDefinitionReader.loadBeanDefinitions(XmlBeanDefinitionReader.java:336)
	at org.springframework.beans.factory.xml.XmlBeanDefinitionReader.loadBeanDefinitions(XmlBeanDefinitionReader.java:304)
	at org.springframework.beans.factory.support.AbstractBeanDefinitionReader.loadBeanDefinitions(AbstractBeanDefinitionReader.java:181)
	at org.springframework.beans.factory.support.AbstractBeanDefinitionReader.loadBeanDefinitions(AbstractBeanDefinitionReader.java:217)
	at org.springframework.beans.factory.support.AbstractBeanDefinitionReader.loadBeanDefinitions(AbstractBeanDefinitionReader.java:188)
	at org.springframework.web.context.support.XmlWebApplicationContext.loadBeanDefinitions(XmlWebApplicationContext.java:125)
	at org.springframework.web.context.support.XmlWebApplicationContext.loadBeanDefinitions(XmlWebApplicationContext.java:94)
	at org.springframework.context.support.AbstractRefreshableApplicationContext.refreshBeanFactory(AbstractRefreshableApplicationContext.java:129)
	at org.springframework.context.support.AbstractApplicationContext.obtainFreshBeanFactory(AbstractApplicationContext.java:609)
	at org.springframework.context.support.AbstractApplicationContext.refresh(AbstractApplicationContext.java:510)
	at org.springframework.web.context.ContextLoader.configureAndRefreshWebApplicationContext(ContextLoader.java:444)
	at org.springframework.web.context.ContextLoader.initWebApplicationContext(ContextLoader.java:326)
	at org.springframework.web.context.ContextLoaderListener.contextInitialized(ContextLoaderListener.java:107)
	at org.eclipse.jetty.server.handler.ContextHandler.callContextInitialized(ContextHandler.java:890)
	at org.eclipse.jetty.servlet.ServletContextHandler.callContextInitialized(ServletContextHandler.java:558)
	at org.eclipse.jetty.server.handler.ContextHandler.startContext(ContextHandler.java:853)
	at org.eclipse.jetty.servlet.ServletContextHandler.startContext(ServletContextHandler.java:370)
	at org.eclipse.jetty.webapp.WebAppContext.startWebapp(WebAppContext.java:1497)
	at org.eclipse.jetty.maven.plugin.JettyWebAppContext.startWebapp(JettyWebAppContext.java:360)
	at org.eclipse.jetty.webapp.WebAppContext.startContext(WebAppContext.java:1459)
	at org.eclipse.jetty.server.handler.ContextHandler.doStart(ContextHandler.java:785)
	at org.eclipse.jetty.servlet.ServletContextHandler.doStart(ServletContextHandler.java:287)
	at org.eclipse.jetty.webapp.WebAppContext.doStart(WebAppContext.java:545)
	at org.eclipse.jetty.maven.plugin.JettyWebAppContext.doStart(JettyWebAppContext.java:428)
	at org.eclipse.jetty.util.component.AbstractLifeCycle.start(AbstractLifeCycle.java:68)
	at org.eclipse.jetty.util.component.ContainerLifeCycle.start(ContainerLifeCycle.java:138)
	at org.eclipse.jetty.util.component.ContainerLifeCycle.doStart(ContainerLifeCycle.java:117)
	at org.eclipse.jetty.server.handler.AbstractHandler.doStart(AbstractHandler.java:113)
	at org.eclipse.jetty.server.handler.ContextHandlerCollection.doStart(ContextHandlerCollection.java:167)
	at org.eclipse.jetty.util.component.AbstractLifeCycle.start(AbstractLifeCycle.java:68)
	at org.eclipse.jetty.util.component.ContainerLifeCycle.start(ContainerLifeCycle.java:138)
	at org.eclipse.jetty.util.component.ContainerLifeCycle.doStart(ContainerLifeCycle.java:117)
	at org.eclipse.jetty.server.handler.AbstractHandler.doStart(AbstractHandler.java:113)
	at org.eclipse.jetty.util.component.AbstractLifeCycle.start(AbstractLifeCycle.java:68)
	at org.eclipse.jetty.util.component.ContainerLifeCycle.start(ContainerLifeCycle.java:138)
	at org.eclipse.jetty.server.Server.start(Server.java:419)
	at org.eclipse.jetty.util.component.ContainerLifeCycle.doStart(ContainerLifeCycle.java:108)
	at org.eclipse.jetty.server.handler.AbstractHandler.doStart(AbstractHandler.java:113)
	at org.eclipse.jetty.server.Server.doStart(Server.java:386)
	at org.eclipse.jetty.util.component.AbstractLifeCycle.start(AbstractLifeCycle.java:68)
	at org.eclipse.jetty.maven.plugin.AbstractJettyMojo.startJetty(AbstractJettyMojo.java:467)
	at org.eclipse.jetty.maven.plugin.AbstractJettyMojo.execute(AbstractJettyMojo.java:329)
	at org.eclipse.jetty.maven.plugin.JettyRunMojo.execute(JettyRunMojo.java:179)
	at org.apache.maven.plugin.DefaultBuildPluginManager.executeMojo(DefaultBuildPluginManager.java:134)
	at org.apache.maven.lifecycle.internal.MojoExecutor.execute(MojoExecutor.java:207)
	at org.apache.maven.lifecycle.internal.MojoExecutor.execute(MojoExecutor.java:153)
	at org.apache.maven.lifecycle.internal.MojoExecutor.execute(MojoExecutor.java:145)
	at org.apache.maven.lifecycle.internal.LifecycleModuleBuilder.buildProject(LifecycleModuleBuilder.java:116)
	at org.apache.maven.lifecycle.internal.LifecycleModuleBuilder.buildProject(LifecycleModuleBuilder.java:80)
	at org.apache.maven.lifecycle.internal.builder.singlethreaded.SingleThreadedBuilder.build(SingleThreadedBuilder.java:51)
	at org.apache.maven.lifecycle.internal.LifecycleStarter.execute(LifecycleStarter.java:128)
	at org.apache.maven.DefaultMaven.doExecute(DefaultMaven.java:307)
	at org.apache.maven.DefaultMaven.doExecute(DefaultMaven.java:193)
	at org.apache.maven.DefaultMaven.execute(DefaultMaven.java:106)
	at org.apache.maven.cli.MavenCli.execute(MavenCli.java:863)
	at org.apache.maven.cli.MavenCli.doMain(MavenCli.java:288)
	at org.apache.maven.cli.MavenCli.main(MavenCli.java:199)
	at java.base/jdk.internal.reflect.NativeMethodAccessorImpl.invoke0(Native Method)
	at java.base/jdk.internal.reflect.NativeMethodAccessorImpl.invoke(NativeMethodAccessorImpl.java:62)
	at java.base/jdk.internal.reflect.DelegatingMethodAccessorImpl.invoke(DelegatingMethodAccessorImpl.java:43)
	at java.base/java.lang.reflect.Method.invoke(Method.java:564)
	at org.codehaus.plexus.classworlds.launcher.Launcher.launchEnhanced(Launcher.java:289)
	at org.codehaus.plexus.classworlds.launcher.Launcher.launch(Launcher.java:229)
	at org.codehaus.plexus.classworlds.launcher.Launcher.mainWithExitCode(Launcher.java:415)
	at org.codehaus.plexus.classworlds.launcher.Launcher.main(Launcher.java:356)
	at org.codehaus.classworlds.Launcher.main(Launcher.java:47)
2018-06-13 23:47:52,266 耗时：447 日志来自：web.context.ContextLoader                日志类型: ERROR 日志内容：Context initialization failed 
org.springframework.beans.factory.parsing.BeanDefinitionParsingException: Configuration problem: Bean name 'sqlSessionFactory' is already used in this <beans> element
Offending resource: class path resource [applicationContext.xml]

	at org.springframework.beans.factory.parsing.FailFastProblemReporter.error(FailFastProblemReporter.java:70)
	at org.springframework.beans.factory.parsing.ReaderContext.error(ReaderContext.java:85)
	at org.springframework.beans.factory.parsing.ReaderContext.error(ReaderContext.java:80)
	at org.springframework.beans.factory.xml.BeanDefinitionParserDelegate.error(BeanDefinitionParserDelegate.java:301)
	at org.springframework.beans.factory.xml.BeanDefinitionParserDelegate.checkNameUniqueness(BeanDefinitionParserDelegate.java:511)
	at org.springframework.beans.factory.xml.BeanDefinitionParserDelegate.parseBeanDefinitionElement(BeanDefinitionParserDelegate.java:457)
	at org.springframework.beans.factory.xml.BeanDefinitionParserDelegate.parseBeanDefinitionElement(BeanDefinitionParserDelegate.java:429)
	at org.springframework.beans.factory.xml.DefaultBeanDefinitionDocumentReader.processBeanDefinition(DefaultBeanDefinitionDocumentReader.java:295)
	at org.springframework.beans.factory.xml.DefaultBeanDefinitionDocumentReader.parseDefaultElement(DefaultBeanDefinitionDocumentReader.java:186)
	at org.springframework.beans.factory.xml.DefaultBeanDefinitionDocumentReader.parseBeanDefinitions(DefaultBeanDefinitionDocumentReader.java:165)
	at org.springframework.beans.factory.xml.DefaultBeanDefinitionDocumentReader.doRegisterBeanDefinitions(DefaultBeanDefinitionDocumentReader.java:138)
	at org.springframework.beans.factory.xml.DefaultBeanDefinitionDocumentReader.registerBeanDefinitions(DefaultBeanDefinitionDocumentReader.java:94)
	at org.springframework.beans.factory.xml.XmlBeanDefinitionReader.registerBeanDefinitions(XmlBeanDefinitionReader.java:508)
	at org.springframework.beans.factory.xml.XmlBeanDefinitionReader.doLoadBeanDefinitions(XmlBeanDefinitionReader.java:392)
	at org.springframework.beans.factory.xml.XmlBeanDefinitionReader.loadBeanDefinitions(XmlBeanDefinitionReader.java:336)
	at org.springframework.beans.factory.xml.XmlBeanDefinitionReader.loadBeanDefinitions(XmlBeanDefinitionReader.java:304)
	at org.springframework.beans.factory.support.AbstractBeanDefinitionReader.loadBeanDefinitions(AbstractBeanDefinitionReader.java:181)
	at org.springframework.beans.factory.support.AbstractBeanDefinitionReader.loadBeanDefinitions(AbstractBeanDefinitionReader.java:217)
	at org.springframework.beans.factory.support.AbstractBeanDefinitionReader.loadBeanDefinitions(AbstractBeanDefinitionReader.java:188)
	at org.springframework.web.context.support.XmlWebApplicationContext.loadBeanDefinitions(XmlWebApplicationContext.java:125)
	at org.springframework.web.context.support.XmlWebApplicationContext.loadBeanDefinitions(XmlWebApplicationContext.java:94)
	at org.springframework.context.support.AbstractRefreshableApplicationContext.refreshBeanFactory(AbstractRefreshableApplicationContext.java:129)
	at org.springframework.context.support.AbstractApplicationContext.obtainFreshBeanFactory(AbstractApplicationContext.java:609)
	at org.springframework.context.support.AbstractApplicationContext.refresh(AbstractApplicationContext.java:510)
	at org.springframework.web.context.ContextLoader.configureAndRefreshWebApplicationContext(ContextLoader.java:444)
	at org.springframework.web.context.ContextLoader.initWebApplicationContext(ContextLoader.java:326)
	at org.springframework.web.context.ContextLoaderListener.contextInitialized(ContextLoaderListener.java:107)
	at org.eclipse.jetty.server.handler.ContextHandler.callContextInitialized(ContextHandler.java:890)
	at org.eclipse.jetty.servlet.ServletContextHandler.callContextInitialized(ServletContextHandler.java:558)
	at org.eclipse.jetty.server.handler.ContextHandler.startContext(ContextHandler.java:853)
	at org.eclipse.jetty.servlet.ServletContextHandler.startContext(ServletContextHandler.java:370)
	at org.eclipse.jetty.webapp.WebAppContext.startWebapp(WebAppContext.java:1497)
	at org.eclipse.jetty.maven.plugin.JettyWebAppContext.startWebapp(JettyWebAppContext.java:360)
	at org.eclipse.jetty.webapp.WebAppContext.startContext(WebAppContext.java:1459)
	at org.eclipse.jetty.server.handler.ContextHandler.doStart(ContextHandler.java:785)
	at org.eclipse.jetty.servlet.ServletContextHandler.doStart(ServletContextHandler.java:287)
	at org.eclipse.jetty.webapp.WebAppContext.doStart(WebAppContext.java:545)
	at org.eclipse.jetty.maven.plugin.JettyWebAppContext.doStart(JettyWebAppContext.java:428)
	at org.eclipse.jetty.util.component.AbstractLifeCycle.start(AbstractLifeCycle.java:68)
	at org.eclipse.jetty.maven.plugin.JettyRunMojo.restartWebApp(JettyRunMojo.java:553)
	at org.eclipse.jetty.maven.plugin.JettyRunMojo$1.onPathWatchEvents(JettyRunMojo.java:405)
	at org.eclipse.jetty.util.PathWatcher.notifyEvents(PathWatcher.java:1366)
	at org.eclipse.jetty.util.PathWatcher.run(PathWatcher.java:1190)
	at java.base/java.lang.Thread.run(Thread.java:844)
2018-06-13 23:59:52,383 耗时：997 日志来自：web.context.ContextLoader                日志类型: ERROR 日志内容：Context initialization failed 
org.springframework.beans.factory.BeanCreationException: Error creating bean with name 'sqlSessionFactory' defined in class path resource [applicationContext.xml]: Invocation of init method failed; nested exception is org.springframework.core.NestedIOException: Failed to parse mapping resource: 'class path resource [StudentDao.xml]'; nested exception is org.apache.ibatis.builder.BuilderException: Error parsing Mapper XML. Cause: org.apache.ibatis.builder.BuilderException: Error resolving class. Cause: org.apache.ibatis.type.TypeException: Could not resolve type alias 'user'.  Cause: java.lang.ClassNotFoundException: Cannot find class: user
	at org.springframework.beans.factory.support.AbstractAutowireCapableBeanFactory.initializeBean(AbstractAutowireCapableBeanFactory.java:1578)
	at org.springframework.beans.factory.support.AbstractAutowireCapableBeanFactory.doCreateBean(AbstractAutowireCapableBeanFactory.java:545)
	at org.springframework.beans.factory.support.AbstractAutowireCapableBeanFactory.createBean(AbstractAutowireCapableBeanFactory.java:482)
	at org.springframework.beans.factory.support.AbstractBeanFactory$1.getObject(AbstractBeanFactory.java:306)
	at org.springframework.beans.factory.support.DefaultSingletonBeanRegistry.getSingleton(DefaultSingletonBeanRegistry.java:230)
	at org.springframework.beans.factory.support.AbstractBeanFactory.doGetBean(AbstractBeanFactory.java:302)
	at org.springframework.beans.factory.support.AbstractBeanFactory.getBean(AbstractBeanFactory.java:197)
	at org.springframework.beans.factory.support.DefaultListableBeanFactory.preInstantiateSingletons(DefaultListableBeanFactory.java:753)
	at org.springframework.context.support.AbstractApplicationContext.finishBeanFactoryInitialization(AbstractApplicationContext.java:839)
	at org.springframework.context.support.AbstractApplicationContext.refresh(AbstractApplicationContext.java:538)
	at org.springframework.web.context.ContextLoader.configureAndRefreshWebApplicationContext(ContextLoader.java:444)
	at org.springframework.web.context.ContextLoader.initWebApplicationContext(ContextLoader.java:326)
	at org.springframework.web.context.ContextLoaderListener.contextInitialized(ContextLoaderListener.java:107)
	at org.eclipse.jetty.server.handler.ContextHandler.callContextInitialized(ContextHandler.java:890)
	at org.eclipse.jetty.servlet.ServletContextHandler.callContextInitialized(ServletContextHandler.java:558)
	at org.eclipse.jetty.server.handler.ContextHandler.startContext(ContextHandler.java:853)
	at org.eclipse.jetty.servlet.ServletContextHandler.startContext(ServletContextHandler.java:370)
	at org.eclipse.jetty.webapp.WebAppContext.startWebapp(WebAppContext.java:1497)
	at org.eclipse.jetty.maven.plugin.JettyWebAppContext.startWebapp(JettyWebAppContext.java:360)
	at org.eclipse.jetty.webapp.WebAppContext.startContext(WebAppContext.java:1459)
	at org.eclipse.jetty.server.handler.ContextHandler.doStart(ContextHandler.java:785)
	at org.eclipse.jetty.servlet.ServletContextHandler.doStart(ServletContextHandler.java:287)
	at org.eclipse.jetty.webapp.WebAppContext.doStart(WebAppContext.java:545)
	at org.eclipse.jetty.maven.plugin.JettyWebAppContext.doStart(JettyWebAppContext.java:428)
	at org.eclipse.jetty.util.component.AbstractLifeCycle.start(AbstractLifeCycle.java:68)
	at org.eclipse.jetty.util.component.ContainerLifeCycle.start(ContainerLifeCycle.java:138)
	at org.eclipse.jetty.util.component.ContainerLifeCycle.doStart(ContainerLifeCycle.java:117)
	at org.eclipse.jetty.server.handler.AbstractHandler.doStart(AbstractHandler.java:113)
	at org.eclipse.jetty.server.handler.ContextHandlerCollection.doStart(ContextHandlerCollection.java:167)
	at org.eclipse.jetty.util.component.AbstractLifeCycle.start(AbstractLifeCycle.java:68)
	at org.eclipse.jetty.util.component.ContainerLifeCycle.start(ContainerLifeCycle.java:138)
	at org.eclipse.jetty.util.component.ContainerLifeCycle.doStart(ContainerLifeCycle.java:117)
	at org.eclipse.jetty.server.handler.AbstractHandler.doStart(AbstractHandler.java:113)
	at org.eclipse.jetty.util.component.AbstractLifeCycle.start(AbstractLifeCycle.java:68)
	at org.eclipse.jetty.util.component.ContainerLifeCycle.start(ContainerLifeCycle.java:138)
	at org.eclipse.jetty.server.Server.start(Server.java:419)
	at org.eclipse.jetty.util.component.ContainerLifeCycle.doStart(ContainerLifeCycle.java:108)
	at org.eclipse.jetty.server.handler.AbstractHandler.doStart(AbstractHandler.java:113)
	at org.eclipse.jetty.server.Server.doStart(Server.java:386)
	at org.eclipse.jetty.util.component.AbstractLifeCycle.start(AbstractLifeCycle.java:68)
	at org.eclipse.jetty.maven.plugin.AbstractJettyMojo.startJetty(AbstractJettyMojo.java:467)
	at org.eclipse.jetty.maven.plugin.AbstractJettyMojo.execute(AbstractJettyMojo.java:329)
	at org.eclipse.jetty.maven.plugin.JettyRunMojo.execute(JettyRunMojo.java:179)
	at org.apache.maven.plugin.DefaultBuildPluginManager.executeMojo(DefaultBuildPluginManager.java:134)
	at org.apache.maven.lifecycle.internal.MojoExecutor.execute(MojoExecutor.java:207)
	at org.apache.maven.lifecycle.internal.MojoExecutor.execute(MojoExecutor.java:153)
	at org.apache.maven.lifecycle.internal.MojoExecutor.execute(MojoExecutor.java:145)
	at org.apache.maven.lifecycle.internal.LifecycleModuleBuilder.buildProject(LifecycleModuleBuilder.java:116)
	at org.apache.maven.lifecycle.internal.LifecycleModuleBuilder.buildProject(LifecycleModuleBuilder.java:80)
	at org.apache.maven.lifecycle.internal.builder.singlethreaded.SingleThreadedBuilder.build(SingleThreadedBuilder.java:51)
	at org.apache.maven.lifecycle.internal.LifecycleStarter.execute(LifecycleStarter.java:128)
	at org.apache.maven.DefaultMaven.doExecute(DefaultMaven.java:307)
	at org.apache.maven.DefaultMaven.doExecute(DefaultMaven.java:193)
	at org.apache.maven.DefaultMaven.execute(DefaultMaven.java:106)
	at org.apache.maven.cli.MavenCli.execute(MavenCli.java:863)
	at org.apache.maven.cli.MavenCli.doMain(MavenCli.java:288)
	at org.apache.maven.cli.MavenCli.main(MavenCli.java:199)
	at java.base/jdk.internal.reflect.NativeMethodAccessorImpl.invoke0(Native Method)
	at java.base/jdk.internal.reflect.NativeMethodAccessorImpl.invoke(NativeMethodAccessorImpl.java:62)
	at java.base/jdk.internal.reflect.DelegatingMethodAccessorImpl.invoke(DelegatingMethodAccessorImpl.java:43)
	at java.base/java.lang.reflect.Method.invoke(Method.java:564)
	at org.codehaus.plexus.classworlds.launcher.Launcher.launchEnhanced(Launcher.java:289)
	at org.codehaus.plexus.classworlds.launcher.Launcher.launch(Launcher.java:229)
	at org.codehaus.plexus.classworlds.launcher.Launcher.mainWithExitCode(Launcher.java:415)
	at org.codehaus.plexus.classworlds.launcher.Launcher.main(Launcher.java:356)
	at org.codehaus.classworlds.Launcher.main(Launcher.java:47)
Caused by: org.springframework.core.NestedIOException: Failed to parse mapping resource: 'class path resource [StudentDao.xml]'; nested exception is org.apache.ibatis.builder.BuilderException: Error parsing Mapper XML. Cause: org.apache.ibatis.builder.BuilderException: Error resolving class. Cause: org.apache.ibatis.type.TypeException: Could not resolve type alias 'user'.  Cause: java.lang.ClassNotFoundException: Cannot find class: user
	at org.mybatis.spring.SqlSessionFactoryBean.buildSqlSessionFactory(SqlSessionFactoryBean.java:523)
	at org.mybatis.spring.SqlSessionFactoryBean.afterPropertiesSet(SqlSessionFactoryBean.java:380)
	at org.springframework.beans.factory.support.AbstractAutowireCapableBeanFactory.invokeInitMethods(AbstractAutowireCapableBeanFactory.java:1637)
	at org.springframework.beans.factory.support.AbstractAutowireCapableBeanFactory.initializeBean(AbstractAutowireCapableBeanFactory.java:1574)
	... 65 more
Caused by: org.apache.ibatis.builder.BuilderException: Error parsing Mapper XML. Cause: org.apache.ibatis.builder.BuilderException: Error resolving class. Cause: org.apache.ibatis.type.TypeException: Could not resolve type alias 'user'.  Cause: java.lang.ClassNotFoundException: Cannot find class: user
	at org.apache.ibatis.builder.xml.XMLMapperBuilder.configurationElement(XMLMapperBuilder.java:120)
	at org.apache.ibatis.builder.xml.XMLMapperBuilder.parse(XMLMapperBuilder.java:92)
	at org.mybatis.spring.SqlSessionFactoryBean.buildSqlSessionFactory(SqlSessionFactoryBean.java:521)
	... 68 more
Caused by: org.apache.ibatis.builder.BuilderException: Error resolving class. Cause: org.apache.ibatis.type.TypeException: Could not resolve type alias 'user'.  Cause: java.lang.ClassNotFoundException: Cannot find class: user
	at org.apache.ibatis.builder.BaseBuilder.resolveClass(BaseBuilder.java:118)
	at org.apache.ibatis.builder.xml.XMLStatementBuilder.parseStatementNode(XMLStatementBuilder.java:68)
	at org.apache.ibatis.builder.xml.XMLMapperBuilder.buildStatementFromContext(XMLMapperBuilder.java:135)
	at org.apache.ibatis.builder.xml.XMLMapperBuilder.buildStatementFromContext(XMLMapperBuilder.java:128)
	at org.apache.ibatis.builder.xml.XMLMapperBuilder.configurationElement(XMLMapperBuilder.java:118)
	... 70 more
Caused by: org.apache.ibatis.type.TypeException: Could not resolve type alias 'user'.  Cause: java.lang.ClassNotFoundException: Cannot find class: user
	at org.apache.ibatis.type.TypeAliasRegistry.resolveAlias(TypeAliasRegistry.java:120)
	at org.apache.ibatis.builder.BaseBuilder.resolveAlias(BaseBuilder.java:149)
	at org.apache.ibatis.builder.BaseBuilder.resolveClass(BaseBuilder.java:116)
	... 74 more
Caused by: java.lang.ClassNotFoundException: Cannot find class: user
	at org.apache.ibatis.io.ClassLoaderWrapper.classForName(ClassLoaderWrapper.java:200)
	at org.apache.ibatis.io.ClassLoaderWrapper.classForName(ClassLoaderWrapper.java:89)
	at org.apache.ibatis.io.Resources.classForName(Resources.java:261)
	at org.apache.ibatis.type.TypeAliasRegistry.resolveAlias(TypeAliasRegistry.java:116)
	... 76 more
